-------------------------------------------------------------------------------
Test set: alda.t9.redblack.RedBlackTreeTest
-------------------------------------------------------------------------------
Tests run: 11, Failures: 0, Errors: 11, Skipped: 0, Time elapsed: 0.231 s <<< FAILURE! -- in alda.t9.redblack.RedBlackTreeTest
alda.t9.redblack.RedBlackTreeTest.test(int)[1] -- Time elapsed: 0.018 s <<< ERROR!
java.lang.StackOverflowError
	at alda.t9.redblack.RedBlackTree.revDir(RedBlackTree.java:375)
	at alda.t9.redblack.RedBlackTree.revDir(RedBlackTree.java:375)
	at alda.t9.redblack.RedBlackTree.revDir(RedBlackTree.java:375)
	at alda.t9.redblack.RedBlackTree.revDir(RedBlackTree.java:375)
	at alda.t9.redblack.RedBlackTree.revDir(RedBlackTree.java:375)
	at alda.t9.redblack.RedBlackTree.revDir(RedBlackTree.java:375)
	at alda.t9.redblack.RedBlackTree.revDir(RedBlackTree.java:375)
	at alda.t9.redblack.RedBlackTree.revDir(RedBlackTree.java:375)
	at alda.t9.redblack.RedBlackTree.revDir(RedBlackTree.java:375)
	at alda.t9.redblack.RedBlackTree.revDir(RedBlackTree.java:375)
	at alda.t9.redblack.RedBlackTree.revDir(RedBlackTree.java:375)
	at alda.t9.redblack.RedBlackTree.revDir(RedBlackTree.java:375)
	at alda.t9.redblack.RedBlackTree.revDir(RedBlackTree.java:375)
	at alda.t9.redblack.RedBlackTree.revDir(RedBlackTree.java:375)
	at alda.t9.redblack.RedBlackTree.revDir(RedBlackTree.java:375)
	at alda.t9.redblack.RedBlackTree.revDir(RedBlackTree.java:375)
	at alda.t9.redblack.RedBlackTree.revDir(RedBlackTree.java:375)
	at alda.t9.redblack.RedBlackTree.revDir(RedBlackTree.java:375)
	at alda.t9.redblack.RedBlackTree.revDir(RedBlackTree.java:375)
	at alda.t9.redblack.RedBlackTree.revDir(RedBlackTree.java:375)
	at alda.t9.redblack.RedBlackTree.revDir(RedBlackTree.java:375)
	at alda.t9.redblack.RedBlackTree.revDir(RedBlackTree.java:375)
	at alda.t9.redblack.RedBlackTree.revDir(RedBlackTree.java:375)
	at alda.t9.redblack.RedBlackTree.revDir(RedBlackTree.java:375)
	at alda.t9.redblack.RedBlackTree.revDir(RedBlackTree.java:375)
	at alda.t9.redblack.RedBlackTree.revDir(RedBlackTree.java:375)
	at alda.t9.redblack.RedBlackTree.revDir(RedBlackTree.java:375)
	at alda.t9.redblack.RedBlackTree.revDir(RedBlackTree.java:375)
	at alda.t9.redblack.RedBlackTree.revDir(RedBlackTree.java:375)
	at alda.t9.redblack.RedBlackTree.revDir(RedBlackTree.java:375)
	at alda.t9.redblack.RedBlackTree.revDir(RedBlackTree.java:375)
	at alda.t9.redblack.RedBlackTree.revDir(RedBlackTree.java:375)
	at alda.t9.redblack.RedBlackTree.revDir(RedBlackTree.java:375)
	at alda.t9.redblack.RedBlackTree.revDir(RedBlackTree.java:375)
	at alda.t9.redblack.RedBlackTree.revDir(RedBlackTree.java:375)
	at alda.t9.redblack.RedBlackTree.revDir(RedBlackTree.java:375)
	at alda.t9.redblack.RedBlackTree.revDir(RedBlackTree.java:375)
	at alda.t9.redblack.RedBlackTree.revDir(RedBlackTree.java:375)
	at alda.t9.redblack.RedBlackTree.revDir(RedBlackTree.java:375)
	at alda.t9.redblack.RedBlackTree.revDir(RedBlackTree.java:375)
	at alda.t9.redblack.RedBlackTree.revDir(RedBlackTree.java:375)
	at alda.t9.redblack.RedBlackTree.revDir(RedBlackTree.java:375)
	at alda.t9.redblack.RedBlackTree.revDir(RedBlackTree.java:375)
	at alda.t9.redblack.RedBlackTree.revDir(RedBlackTree.java:375)
	at alda.t9.redblack.RedBlackTree.revDir(RedBlackTree.java:375)
	at alda.t9.redblack.RedBlackTree.revDir(RedBlackTree.java:375)
	at alda.t9.redblack.RedBlackTree.revDir(RedBlackTree.java:375)
	at alda.t9.redblack.RedBlackTree.revDir(RedBlackTree.java:375)
	at alda.t9.redblack.RedBlackTree.revDir(RedBlackTree.java:375)
	at alda.t9.redblack.RedBlackTree.revDir(RedBlackTree.java:375)
	at alda.t9.redblack.RedBlackTree.revDir(RedBlackTree.java:375)
	at alda.t9.redblack.RedBlackTree.revDir(RedBlackTree.java:375)
	at alda.t9.redblack.RedBlackTree.revDir(RedBlackTree.java:375)
	at alda.t9.redblack.RedBlackTree.revDir(RedBlackTree.java:375)
	at alda.t9.redblack.RedBlackTree.revDir(RedBlackTree.java:375)
	at alda.t9.redblack.RedBlackTree.revDir(RedBlackTree.java:375)
	at alda.t9.redblack.RedBlackTree.revDir(RedBlackTree.java:375)
	at alda.t9.redblack.RedBlackTree.revDir(RedBlackTree.java:375)
	at alda.t9.redblack.RedBlackTree.revDir(RedBlackTree.java:375)
	at alda.t9.redblack.RedBlackTree.revDir(RedBlackTree.java:375)
	at alda.t9.redblack.RedBlackTree.revDir(RedBlackTree.java:375)
	at alda.t9.redblack.RedBlackTree.revDir(RedBlackTree.java:375)
	at alda.t9.redblack.RedBlackTree.revDir(RedBlackTree.java:375)
	at alda.t9.redblack.RedBlackTree.revDir(RedBlackTree.java:375)
	at alda.t9.redblack.RedBlackTree.revDir(RedBlackTree.java:375)
	at alda.t9.redblack.RedBlackTree.revDir(RedBlackTree.java:375)
	at alda.t9.redblack.RedBlackTree.revDir(RedBlackTree.java:375)
	at alda.t9.redblack.RedBlackTree.revDir(RedBlackTree.java:375)
	at alda.t9.redblack.RedBlackTree.revDir(RedBlackTree.java:375)
	at alda.t9.redblack.RedBlackTree.revDir(RedBlackTree.java:375)
	at alda.t9.redblack.RedBlackTree.revDir(RedBlackTree.java:375)
	at alda.t9.redblack.RedBlackTree.revDir(RedBlackTree.java:375)
	at alda.t9.redblack.RedBlackTree.revDir(RedBlackTree.java:375)
	at alda.t9.redblack.RedBlackTree.revDir(RedBlackTree.java:375)
	at alda.t9.redblack.RedBlackTree.revDir(RedBlackTree.java:375)
	at alda.t9.redblack.RedBlackTree.revDir(RedBlackTree.java:375)
	at alda.t9.redblack.RedBlackTree.revDir(RedBlackTree.java:375)
	at alda.t9.redblack.RedBlackTree.revDir(RedBlackTree.java:375)
	at alda.t9.redblack.RedBlackTree.revDir(RedBlackTree.java:375)
	at alda.t9.redblack.RedBlackTree.revDir(RedBlackTree.java:375)
	at alda.t9.redblack.RedBlackTree.revDir(RedBlackTree.java:375)
	at alda.t9.redblack.RedBlackTree.revDir(RedBlackTree.java:375)
	at alda.t9.redblack.RedBlackTree.revDir(RedBlackTree.java:375)
	at alda.t9.redblack.RedBlackTree.revDir(RedBlackTree.java:375)
	at alda.t9.redblack.RedBlackTree.revDir(RedBlackTree.java:375)
	at alda.t9.redblack.RedBlackTree.revDir(RedBlackTree.java:375)
	at alda.t9.redblack.RedBlackTree.revDir(RedBlackTree.java:375)
	at alda.t9.redblack.RedBlackTree.revDir(RedBlackTree.java:375)
	at alda.t9.redblack.RedBlackTree.revDir(RedBlackTree.java:375)
	at alda.t9.redblack.RedBlackTree.revDir(RedBlackTree.java:375)
	at alda.t9.redblack.RedBlackTree.revDir(RedBlackTree.java:375)
	at alda.t9.redblack.RedBlackTree.revDir(RedBlackTree.java:375)
	at alda.t9.redblack.RedBlackTree.revDir(RedBlackTree.java:375)
	at alda.t9.redblack.RedBlackTree.revDir(RedBlackTree.java:375)
	at alda.t9.redblack.RedBlackTree.revDir(RedBlackTree.java:375)
	at alda.t9.redblack.RedBlackTree.revDir(RedBlackTree.java:375)
	at alda.t9.redblack.RedBlackTree.revDir(RedBlackTree.java:375)
	at alda.t9.redblack.RedBlackTree.revDir(RedBlackTree.java:375)
	at alda.t9.redblack.RedBlackTree.revDir(RedBlackTree.java:375)
	at alda.t9.redblack.RedBlackTree.revDir(RedBlackTree.java:375)
	at alda.t9.redblack.RedBlackTree.revDir(RedBlackTree.java:375)
	at alda.t9.redblack.RedBlackTree.revDir(RedBlackTree.java:375)
	at alda.t9.redblack.RedBlackTree.revDir(RedBlackTree.java:375)
	at alda.t9.redblack.RedBlackTree.revDir(RedBlackTree.java:375)
	at alda.t9.redblack.RedBlackTree.revDir(RedBlackTree.java:375)
	at alda.t9.redblack.RedBlackTree.revDir(RedBlackTree.java:375)
	at alda.t9.redblack.RedBlackTree.revDir(RedBlackTree.java:375)
	at alda.t9.redblack.RedBlackTree.revDir(RedBlackTree.java:375)
	at alda.t9.redblack.RedBlackTree.revDir(RedBlackTree.java:375)
	at alda.t9.redblack.RedBlackTree.revDir(RedBlackTree.java:375)
	at alda.t9.redblack.RedBlackTree.revDir(RedBlackTree.java:375)
	at alda.t9.redblack.RedBlackTree.revDir(RedBlackTree.java:375)
	at alda.t9.redblack.RedBlackTree.revDir(RedBlackTree.java:375)
	at alda.t9.redblack.RedBlackTree.revDir(RedBlackTree.java:375)
	at alda.t9.redblack.RedBlackTree.revDir(RedBlackTree.java:375)
	at alda.t9.redblack.RedBlackTree.revDir(RedBlackTree.java:375)
	at alda.t9.redblack.RedBlackTree.revDir(RedBlackTree.java:375)
	at alda.t9.redblack.RedBlackTree.revDir(RedBlackTree.java:375)
	at alda.t9.redblack.RedBlackTree.revDir(RedBlackTree.java:375)
	at alda.t9.redblack.RedBlackTree.revDir(RedBlackTree.java:375)
	at alda.t9.redblack.RedBlackTree.revDir(RedBlackTree.java:375)
	at alda.t9.redblack.RedBlackTree.revDir(RedBlackTree.java:375)
	at alda.t9.redblack.RedBlackTree.revDir(RedBlackTree.java:375)
	at alda.t9.redblack.RedBlackTree.revDir(RedBlackTree.java:375)
	at alda.t9.redblack.RedBlackTree.revDir(RedBlackTree.java:375)
	at alda.t9.redblack.RedBlackTree.revDir(RedBlackTree.java:375)
	at alda.t9.redblack.RedBlackTree.revDir(RedBlackTree.java:375)
	at alda.t9.redblack.RedBlackTree.revDir(RedBlackTree.java:375)
	at alda.t9.redblack.RedBlackTree.revDir(RedBlackTree.java:375)
	at alda.t9.redblack.RedBlackTree.revDir(RedBlackTree.java:375)
	at alda.t9.redblack.RedBlackTree.revDir(RedBlackTree.java:375)
	at alda.t9.redblack.RedBlackTree.revDir(RedBlackTree.java:375)
	at alda.t9.redblack.RedBlackTree.revDir(RedBlackTree.java:375)
	at alda.t9.redblack.RedBlackTree.revDir(RedBlackTree.java:375)
	at alda.t9.redblack.RedBlackTree.revDir(RedBlackTree.java:375)
	at alda.t9.redblack.RedBlackTree.revDir(RedBlackTree.java:375)
	at alda.t9.redblack.RedBlackTree.revDir(RedBlackTree.java:375)
	at alda.t9.redblack.RedBlackTree.revDir(RedBlackTree.java:375)
	at alda.t9.redblack.RedBlackTree.revDir(RedBlackTree.java:375)
	at alda.t9.redblack.RedBlackTree.revDir(RedBlackTree.java:375)
	at alda.t9.redblack.RedBlackTree.revDir(RedBlackTree.java:375)
	at alda.t9.redblack.RedBlackTree.revDir(RedBlackTree.java:375)
	at alda.t9.redblack.RedBlackTree.revDir(RedBlackTree.java:375)
	at alda.t9.redblack.RedBlackTree.revDir(RedBlackTree.java:375)
	at alda.t9.redblack.RedBlackTree.revDir(RedBlackTree.java:375)
	at alda.t9.redblack.RedBlackTree.revDir(RedBlackTree.java:375)
	at alda.t9.redblack.RedBlackTree.revDir(RedBlackTree.java:375)
	at alda.t9.redblack.RedBlackTree.revDir(RedBlackTree.java:375)
	at alda.t9.redblack.RedBlackTree.revDir(RedBlackTree.java:375)
	at alda.t9.redblack.RedBlackTree.revDir(RedBlackTree.java:375)
	at alda.t9.redblack.RedBlackTree.revDir(RedBlackTree.java:375)
	at alda.t9.redblack.RedBlackTree.revDir(RedBlackTree.java:375)
	at alda.t9.redblack.RedBlackTree.revDir(RedBlackTree.java:375)
	at alda.t9.redblack.RedBlackTree.revDir(RedBlackTree.java:375)
	at alda.t9.redblack.RedBlackTree.revDir(RedBlackTree.java:375)
	at alda.t9.redblack.RedBlackTree.revDir(RedBlackTree.java:375)
	at alda.t9.redblack.RedBlackTree.revDir(RedBlackTree.java:375)
	at alda.t9.redblack.RedBlackTree.revDir(RedBlackTree.java:375)
	at alda.t9.redblack.RedBlackTree.revDir(RedBlackTree.java:375)
	at alda.t9.redblack.RedBlackTree.revDir(RedBlackTree.java:375)
	at alda.t9.redblack.RedBlackTree.revDir(RedBlackTree.java:375)
	at alda.t9.redblack.RedBlackTree.revDir(RedBlackTree.java:375)
	at alda.t9.redblack.RedBlackTree.revDir(RedBlackTree.java:375)
	at alda.t9.redblack.RedBlackTree.revDir(RedBlackTree.java:375)
	at alda.t9.redblack.RedBlackTree.revDir(RedBlackTree.java:375)
	at alda.t9.redblack.RedBlackTree.revDir(RedBlackTree.java:375)
	at alda.t9.redblack.RedBlackTree.revDir(RedBlackTree.java:375)
	at alda.t9.redblack.RedBlackTree.revDir(RedBlackTree.java:375)
	at alda.t9.redblack.RedBlackTree.revDir(RedBlackTree.java:375)
	at alda.t9.redblack.RedBlackTree.revDir(RedBlackTree.java:375)
	at alda.t9.redblack.RedBlackTree.revDir(RedBlackTree.java:375)
	at alda.t9.redblack.RedBlackTree.revDir(RedBlackTree.java:375)
	at alda.t9.redblack.RedBlackTree.revDir(RedBlackTree.java:375)
	at alda.t9.redblack.RedBlackTree.revDir(RedBlackTree.java:375)
	at alda.t9.redblack.RedBlackTree.revDir(RedBlackTree.java:375)
	at alda.t9.redblack.RedBlackTree.revDir(RedBlackTree.java:375)
	at alda.t9.redblack.RedBlackTree.revDir(RedBlackTree.java:375)
	at alda.t9.redblack.RedBlackTree.revDir(RedBlackTree.java:375)
	at alda.t9.redblack.RedBlackTree.revDir(RedBlackTree.java:375)
	at alda.t9.redblack.RedBlackTree.revDir(RedBlackTree.java:375)
	at alda.t9.redblack.RedBlackTree.revDir(RedBlackTree.java:375)
	at alda.t9.redblack.RedBlackTree.revDir(RedBlackTree.java:375)
	at alda.t9.redblack.RedBlackTree.revDir(RedBlackTree.java:375)
	at alda.t9.redblack.RedBlackTree.revDir(RedBlackTree.java:375)
	at alda.t9.redblack.RedBlackTree.revDir(RedBlackTree.java:375)
	at alda.t9.redblack.RedBlackTree.revDir(RedBlackTree.java:375)
	at alda.t9.redblack.RedBlackTree.revDir(RedBlackTree.java:375)
	at alda.t9.redblack.RedBlackTree.revDir(RedBlackTree.java:375)
	at alda.t9.redblack.RedBlackTree.revDir(RedBlackTree.java:375)
	at alda.t9.redblack.RedBlackTree.revDir(RedBlackTree.java:375)
	at alda.t9.redblack.RedBlackTree.revDir(RedBlackTree.java:375)
	at alda.t9.redblack.RedBlackTree.revDir(RedBlackTree.java:375)
	at alda.t9.redblack.RedBlackTree.revDir(RedBlackTree.java:375)
	at alda.t9.redblack.RedBlackTree.revDir(RedBlackTree.java:375)
	at alda.t9.redblack.RedBlackTree.revDir(RedBlackTree.java:375)
	at alda.t9.redblack.RedBlackTree.revDir(RedBlackTree.java:375)
	at alda.t9.redblack.RedBlackTree.revDir(RedBlackTree.java:375)
	at alda.t9.redblack.RedBlackTree.revDir(RedBlackTree.java:375)
	at alda.t9.redblack.RedBlackTree.revDir(RedBlackTree.java:375)
	at alda.t9.redblack.RedBlackTree.revDir(RedBlackTree.java:375)
	at alda.t9.redblack.RedBlackTree.revDir(RedBlackTree.java:375)
	at alda.t9.redblack.RedBlackTree.revDir(RedBlackTree.java:375)
	at alda.t9.redblack.RedBlackTree.revDir(RedBlackTree.java:375)
	at alda.t9.redblack.RedBlackTree.revDir(RedBlackTree.java:375)
	at alda.t9.redblack.RedBlackTree.revDir(RedBlackTree.java:375)
	at alda.t9.redblack.RedBlackTree.revDir(RedBlackTree.java:375)
	at alda.t9.redblack.RedBlackTree.revDir(RedBlackTree.java:375)
	at alda.t9.redblack.RedBlackTree.revDir(RedBlackTree.java:375)
	at alda.t9.redblack.RedBlackTree.revDir(RedBlackTree.java:375)
	at alda.t9.redblack.RedBlackTree.revDir(RedBlackTree.java:375)
	at alda.t9.redblack.RedBlackTree.revDir(RedBlackTree.java:375)
	at alda.t9.redblack.RedBlackTree.revDir(RedBlackTree.java:375)
	at alda.t9.redblack.RedBlackTree.revDir(RedBlackTree.java:375)
	at alda.t9.redblack.RedBlackTree.revDir(RedBlackTree.java:375)
	at alda.t9.redblack.RedBlackTree.revDir(RedBlackTree.java:375)
	at alda.t9.redblack.RedBlackTree.revDir(RedBlackTree.java:375)
	at alda.t9.redblack.RedBlackTree.revDir(RedBlackTree.java:375)
	at alda.t9.redblack.RedBlackTree.revDir(RedBlackTree.java:375)
	at alda.t9.redblack.RedBlackTree.revDir(RedBlackTree.java:375)
	at alda.t9.redblack.RedBlackTree.revDir(RedBlackTree.java:375)
	at alda.t9.redblack.RedBlackTree.revDir(RedBlackTree.java:375)
	at alda.t9.redblack.RedBlackTree.revDir(RedBlackTree.java:375)
	at alda.t9.redblack.RedBlackTree.revDir(RedBlackTree.java:375)
	at alda.t9.redblack.RedBlackTree.revDir(RedBlackTree.java:375)
	at alda.t9.redblack.RedBlackTree.revDir(RedBlackTree.java:375)
	at alda.t9.redblack.RedBlackTree.revDir(RedBlackTree.java:375)
	at alda.t9.redblack.RedBlackTree.revDir(RedBlackTree.java:375)
	at alda.t9.redblack.RedBlackTree.revDir(RedBlackTree.java:375)
	at alda.t9.redblack.RedBlackTree.revDir(RedBlackTree.java:375)
	at alda.t9.redblack.RedBlackTree.revDir(RedBlackTree.java:375)
	at alda.t9.redblack.RedBlackTree.revDir(RedBlackTree.java:375)
	at alda.t9.redblack.RedBlackTree.revDir(RedBlackTree.java:375)
	at alda.t9.redblack.RedBlackTree.revDir(RedBlackTree.java:375)
	at alda.t9.redblack.RedBlackTree.revDir(RedBlackTree.java:375)
	at alda.t9.redblack.RedBlackTree.revDir(RedBlackTree.java:375)
	at alda.t9.redblack.RedBlackTree.revDir(RedBlackTree.java:375)
	at alda.t9.redblack.RedBlackTree.revDir(RedBlackTree.java:375)
	at alda.t9.redblack.RedBlackTree.revDir(RedBlackTree.java:375)
	at alda.t9.redblack.RedBlackTree.revDir(RedBlackTree.java:375)
	at alda.t9.redblack.RedBlackTree.revDir(RedBlackTree.java:375)
	at alda.t9.redblack.RedBlackTree.revDir(RedBlackTree.java:375)
	at alda.t9.redblack.RedBlackTree.revDir(RedBlackTree.java:375)
	at alda.t9.redblack.RedBlackTree.revDir(RedBlackTree.java:375)
	at alda.t9.redblack.RedBlackTree.revDir(RedBlackTree.java:375)
	at alda.t9.redblack.RedBlackTree.revDir(RedBlackTree.java:375)
	at alda.t9.redblack.RedBlackTree.revDir(RedBlackTree.java:375)
	at alda.t9.redblack.RedBlackTree.revDir(RedBlackTree.java:375)
	at alda.t9.redblack.RedBlackTree.revDir(RedBlackTree.java:375)
	at alda.t9.redblack.RedBlackTree.revDir(RedBlackTree.java:375)
	at alda.t9.redblack.RedBlackTree.revDir(RedBlackTree.java:375)
	at alda.t9.redblack.RedBlackTree.revDir(RedBlackTree.java:375)
	at alda.t9.redblack.RedBlackTree.revDir(RedBlackTree.java:375)
	at alda.t9.redblack.RedBlackTree.revDir(RedBlackTree.java:375)
	at alda.t9.redblack.RedBlackTree.revDir(RedBlackTree.java:375)
	at alda.t9.redblack.RedBlackTree.revDir(RedBlackTree.java:375)
	at alda.t9.redblack.RedBlackTree.revDir(RedBlackTree.java:375)
	at alda.t9.redblack.RedBlackTree.revDir(RedBlackTree.java:375)
	at alda.t9.redblack.RedBlackTree.revDir(RedBlackTree.java:375)
	at alda.t9.redblack.RedBlackTree.revDir(RedBlackTree.java:375)
	at alda.t9.redblack.RedBlackTree.revDir(RedBlackTree.java:375)
	at alda.t9.redblack.RedBlackTree.revDir(RedBlackTree.java:375)
	at alda.t9.redblack.RedBlackTree.revDir(RedBlackTree.java:375)
	at alda.t9.redblack.RedBlackTree.revDir(RedBlackTree.java:375)
	at alda.t9.redblack.RedBlackTree.revDir(RedBlackTree.java:375)
	at alda.t9.redblack.RedBlackTree.revDir(RedBlackTree.java:375)
	at alda.t9.redblack.RedBlackTree.revDir(RedBlackTree.java:375)
	at alda.t9.redblack.RedBlackTree.revDir(RedBlackTree.java:375)
	at alda.t9.redblack.RedBlackTree.revDir(RedBlackTree.java:375)
	at alda.t9.redblack.RedBlackTree.revDir(RedBlackTree.java:375)
	at alda.t9.redblack.RedBlackTree.revDir(RedBlackTree.java:375)
	at alda.t9.redblack.RedBlackTree.revDir(RedBlackTree.java:375)
	at alda.t9.redblack.RedBlackTree.revDir(RedBlackTree.java:375)
	at alda.t9.redblack.RedBlackTree.revDir(RedBlackTree.java:375)
	at alda.t9.redblack.RedBlackTree.revDir(RedBlackTree.java:375)
	at alda.t9.redblack.RedBlackTree.revDir(RedBlackTree.java:375)
	at alda.t9.redblack.RedBlackTree.revDir(RedBlackTree.java:375)
	at alda.t9.redblack.RedBlackTree.revDir(RedBlackTree.java:375)
	at alda.t9.redblack.RedBlackTree.revDir(RedBlackTree.java:375)
	at alda.t9.redblack.RedBlackTree.revDir(RedBlackTree.java:375)
	at alda.t9.redblack.RedBlackTree.revDir(RedBlackTree.java:375)
	at alda.t9.redblack.RedBlackTree.revDir(RedBlackTree.java:375)
	at alda.t9.redblack.RedBlackTree.revDir(RedBlackTree.java:375)
	at alda.t9.redblack.RedBlackTree.revDir(RedBlackTree.java:375)
	at alda.t9.redblack.RedBlackTree.revDir(RedBlackTree.java:375)
	at alda.t9.redblack.RedBlackTree.revDir(RedBlackTree.java:375)
	at alda.t9.redblack.RedBlackTree.revDir(RedBlackTree.java:375)
	at alda.t9.redblack.RedBlackTree.revDir(RedBlackTree.java:375)
	at alda.t9.redblack.RedBlackTree.revDir(RedBlackTree.java:375)
	at alda.t9.redblack.RedBlackTree.revDir(RedBlackTree.java:375)
	at alda.t9.redblack.RedBlackTree.revDir(RedBlackTree.java:375)
	at alda.t9.redblack.RedBlackTree.revDir(RedBlackTree.java:375)
	at alda.t9.redblack.RedBlackTree.revDir(RedBlackTree.java:375)
	at alda.t9.redblack.RedBlackTree.revDir(RedBlackTree.java:375)
	at alda.t9.redblack.RedBlackTree.revDir(RedBlackTree.java:375)
	at alda.t9.redblack.RedBlackTree.revDir(RedBlackTree.java:375)
	at alda.t9.redblack.RedBlackTree.revDir(RedBlackTree.java:375)
	at alda.t9.redblack.RedBlackTree.revDir(RedBlackTree.java:375)
	at alda.t9.redblack.RedBlackTree.revDir(RedBlackTree.java:375)
	at alda.t9.redblack.RedBlackTree.revDir(RedBlackTree.java:375)
	at alda.t9.redblack.RedBlackTree.revDir(RedBlackTree.java:375)
	at alda.t9.redblack.RedBlackTree.revDir(RedBlackTree.java:375)
	at alda.t9.redblack.RedBlackTree.revDir(RedBlackTree.java:375)
	at alda.t9.redblack.RedBlackTree.revDir(RedBlackTree.java:375)
	at alda.t9.redblack.RedBlackTree.revDir(RedBlackTree.java:375)
	at alda.t9.redblack.RedBlackTree.revDir(RedBlackTree.java:375)
	at alda.t9.redblack.RedBlackTree.revDir(RedBlackTree.java:375)
	at alda.t9.redblack.RedBlackTree.revDir(RedBlackTree.java:375)
	at alda.t9.redblack.RedBlackTree.revDir(RedBlackTree.java:375)
	at alda.t9.redblack.RedBlackTree.revDir(RedBlackTree.java:375)
	at alda.t9.redblack.RedBlackTree.revDir(RedBlackTree.java:375)
	at alda.t9.redblack.RedBlackTree.revDir(RedBlackTree.java:375)
	at alda.t9.redblack.RedBlackTree.revDir(RedBlackTree.java:375)
	at alda.t9.redblack.RedBlackTree.revDir(RedBlackTree.java:375)
	at alda.t9.redblack.RedBlackTree.revDir(RedBlackTree.java:375)
	at alda.t9.redblack.RedBlackTree.revDir(RedBlackTree.java:375)
	at alda.t9.redblack.RedBlackTree.revDir(RedBlackTree.java:375)
	at alda.t9.redblack.RedBlackTree.revDir(RedBlackTree.java:375)
	at alda.t9.redblack.RedBlackTree.revDir(RedBlackTree.java:375)
	at alda.t9.redblack.RedBlackTree.revDir(RedBlackTree.java:375)
	at alda.t9.redblack.RedBlackTree.revDir(RedBlackTree.java:375)
	at alda.t9.redblack.RedBlackTree.revDir(RedBlackTree.java:375)
	at alda.t9.redblack.RedBlackTree.revDir(RedBlackTree.java:375)
	at alda.t9.redblack.RedBlackTree.revDir(RedBlackTree.java:375)
	at alda.t9.redblack.RedBlackTree.revDir(RedBlackTree.java:375)
	at alda.t9.redblack.RedBlackTree.revDir(RedBlackTree.java:375)
	at alda.t9.redblack.RedBlackTree.revDir(RedBlackTree.java:375)
	at alda.t9.redblack.RedBlackTree.revDir(RedBlackTree.java:375)
	at alda.t9.redblack.RedBlackTree.revDir(RedBlackTree.java:375)
	at alda.t9.redblack.RedBlackTree.revDir(RedBlackTree.java:375)
	at alda.t9.redblack.RedBlackTree.revDir(RedBlackTree.java:375)
	at alda.t9.redblack.RedBlackTree.revDir(RedBlackTree.java:375)
	at alda.t9.redblack.RedBlackTree.revDir(RedBlackTree.java:375)
	at alda.t9.redblack.RedBlackTree.revDir(RedBlackTree.java:375)
	at alda.t9.redblack.RedBlackTree.revDir(RedBlackTree.java:375)
	at alda.t9.redblack.RedBlackTree.revDir(RedBlackTree.java:375)
	at alda.t9.redblack.RedBlackTree.revDir(RedBlackTree.java:375)
	at alda.t9.redblack.RedBlackTree.revDir(RedBlackTree.java:375)
	at alda.t9.redblack.RedBlackTree.revDir(RedBlackTree.java:375)
	at alda.t9.redblack.RedBlackTree.revDir(RedBlackTree.java:375)
	at alda.t9.redblack.RedBlackTree.revDir(RedBlackTree.java:375)
	at alda.t9.redblack.RedBlackTree.revDir(RedBlackTree.java:375)
	at alda.t9.redblack.RedBlackTree.revDir(RedBlackTree.java:375)
	at alda.t9.redblack.RedBlackTree.revDir(RedBlackTree.java:375)
	at alda.t9.redblack.RedBlackTree.revDir(RedBlackTree.java:375)
	at alda.t9.redblack.RedBlackTree.revDir(RedBlackTree.java:375)
	at alda.t9.redblack.RedBlackTree.revDir(RedBlackTree.java:375)
	at alda.t9.redblack.RedBlackTree.revDir(RedBlackTree.java:375)
	at alda.t9.redblack.RedBlackTree.revDir(RedBlackTree.java:375)
	at alda.t9.redblack.RedBlackTree.revDir(RedBlackTree.java:375)
	at alda.t9.redblack.RedBlackTree.revDir(RedBlackTree.java:375)
	at alda.t9.redblack.RedBlackTree.revDir(RedBlackTree.java:375)
	at alda.t9.redblack.RedBlackTree.revDir(RedBlackTree.java:375)
	at alda.t9.redblack.RedBlackTree.revDir(RedBlackTree.java:375)
	at alda.t9.redblack.RedBlackTree.revDir(RedBlackTree.java:375)
	at alda.t9.redblack.RedBlackTree.revDir(RedBlackTree.java:375)
	at alda.t9.redblack.RedBlackTree.revDir(RedBlackTree.java:375)
	at alda.t9.redblack.RedBlackTree.revDir(RedBlackTree.java:375)
	at alda.t9.redblack.RedBlackTree.revDir(RedBlackTree.java:375)
	at alda.t9.redblack.RedBlackTree.revDir(RedBlackTree.java:375)
	at alda.t9.redblack.RedBlackTree.revDir(RedBlackTree.java:375)
	at alda.t9.redblack.RedBlackTree.revDir(RedBlackTree.java:375)
	at alda.t9.redblack.RedBlackTree.revDir(RedBlackTree.java:375)
	at alda.t9.redblack.RedBlackTree.revDir(RedBlackTree.java:375)
	at alda.t9.redblack.RedBlackTree.revDir(RedBlackTree.java:375)
	at alda.t9.redblack.RedBlackTree.revDir(RedBlackTree.java:375)
	at alda.t9.redblack.RedBlackTree.revDir(RedBlackTree.java:375)
	at alda.t9.redblack.RedBlackTree.revDir(RedBlackTree.java:375)
	at alda.t9.redblack.RedBlackTree.revDir(RedBlackTree.java:375)
	at alda.t9.redblack.RedBlackTree.revDir(RedBlackTree.java:375)
	at alda.t9.redblack.RedBlackTree.revDir(RedBlackTree.java:375)
	at alda.t9.redblack.RedBlackTree.revDir(RedBlackTree.java:375)
	at alda.t9.redblack.RedBlackTree.revDir(RedBlackTree.java:375)
	at alda.t9.redblack.RedBlackTree.revDir(RedBlackTree.java:375)
	at alda.t9.redblack.RedBlackTree.revDir(RedBlackTree.java:375)
	at alda.t9.redblack.RedBlackTree.revDir(RedBlackTree.java:375)
	at alda.t9.redblack.RedBlackTree.revDir(RedBlackTree.java:375)
	at alda.t9.redblack.RedBlackTree.revDir(RedBlackTree.java:375)
	at alda.t9.redblack.RedBlackTree.revDir(RedBlackTree.java:375)
	at alda.t9.redblack.RedBlackTree.revDir(RedBlackTree.java:375)
	at alda.t9.redblack.RedBlackTree.revDir(RedBlackTree.java:375)
	at alda.t9.redblack.RedBlackTree.revDir(RedBlackTree.java:375)
	at alda.t9.redblack.RedBlackTree.revDir(RedBlackTree.java:375)
	at alda.t9.redblack.RedBlackTree.revDir(RedBlackTree.java:375)
	at alda.t9.redblack.RedBlackTree.revDir(RedBlackTree.java:375)
	at alda.t9.redblack.RedBlackTree.revDir(RedBlackTree.java:375)
	at alda.t9.redblack.RedBlackTree.revDir(RedBlackTree.java:375)
	at alda.t9.redblack.RedBlackTree.revDir(RedBlackTree.java:375)
	at alda.t9.redblack.RedBlackTree.revDir(RedBlackTree.java:375)
	at alda.t9.redblack.RedBlackTree.revDir(RedBlackTree.java:375)
	at alda.t9.redblack.RedBlackTree.revDir(RedBlackTree.java:375)
	at alda.t9.redblack.RedBlackTree.revDir(RedBlackTree.java:375)
	at alda.t9.redblack.RedBlackTree.revDir(RedBlackTree.java:375)
	at alda.t9.redblack.RedBlackTree.revDir(RedBlackTree.java:375)
	at alda.t9.redblack.RedBlackTree.revDir(RedBlackTree.java:375)
	at alda.t9.redblack.RedBlackTree.revDir(RedBlackTree.java:375)
	at alda.t9.redblack.RedBlackTree.revDir(RedBlackTree.java:375)
	at alda.t9.redblack.RedBlackTree.revDir(RedBlackTree.java:375)
	at alda.t9.redblack.RedBlackTree.revDir(RedBlackTree.java:375)
	at alda.t9.redblack.RedBlackTree.revDir(RedBlackTree.java:375)
	at alda.t9.redblack.RedBlackTree.revDir(RedBlackTree.java:375)
	at alda.t9.redblack.RedBlackTree.revDir(RedBlackTree.java:375)
	at alda.t9.redblack.RedBlackTree.revDir(RedBlackTree.java:375)
	at alda.t9.redblack.RedBlackTree.revDir(RedBlackTree.java:375)
	at alda.t9.redblack.RedBlackTree.revDir(RedBlackTree.java:375)
	at alda.t9.redblack.RedBlackTree.revDir(RedBlackTree.java:375)
	at alda.t9.redblack.RedBlackTree.revDir(RedBlackTree.java:375)
	at alda.t9.redblack.RedBlackTree.revDir(RedBlackTree.java:375)
	at alda.t9.redblack.RedBlackTree.revDir(RedBlackTree.java:375)
	at alda.t9.redblack.RedBlackTree.revDir(RedBlackTree.java:375)
	at alda.t9.redblack.RedBlackTree.revDir(RedBlackTree.java:375)
	at alda.t9.redblack.RedBlackTree.revDir(RedBlackTree.java:375)
	at alda.t9.redblack.RedBlackTree.revDir(RedBlackTree.java:375)
	at alda.t9.redblack.RedBlackTree.revDir(RedBlackTree.java:375)
	at alda.t9.redblack.RedBlackTree.revDir(RedBlackTree.java:375)
	at alda.t9.redblack.RedBlackTree.revDir(RedBlackTree.java:375)
	at alda.t9.redblack.RedBlackTree.revDir(RedBlackTree.java:375)
	at alda.t9.redblack.RedBlackTree.revDir(RedBlackTree.java:375)
	at alda.t9.redblack.RedBlackTree.revDir(RedBlackTree.java:375)
	at alda.t9.redblack.RedBlackTree.revDir(RedBlackTree.java:375)
	at alda.t9.redblack.RedBlackTree.revDir(RedBlackTree.java:375)
	at alda.t9.redblack.RedBlackTree.revDir(RedBlackTree.java:375)
	at alda.t9.redblack.RedBlackTree.revDir(RedBlackTree.java:375)
	at alda.t9.redblack.RedBlackTree.revDir(RedBlackTree.java:375)
	at alda.t9.redblack.RedBlackTree.revDir(RedBlackTree.java:375)
	at alda.t9.redblack.RedBlackTree.revDir(RedBlackTree.java:375)
	at alda.t9.redblack.RedBlackTree.revDir(RedBlackTree.java:375)
	at alda.t9.redblack.RedBlackTree.revDir(RedBlackTree.java:375)
	at alda.t9.redblack.RedBlackTree.revDir(RedBlackTree.java:375)
	at alda.t9.redblack.RedBlackTree.revDir(RedBlackTree.java:375)
	at alda.t9.redblack.RedBlackTree.revDir(RedBlackTree.java:375)
	at alda.t9.redblack.RedBlackTree.revDir(RedBlackTree.java:375)
	at alda.t9.redblack.RedBlackTree.revDir(RedBlackTree.java:375)
	at alda.t9.redblack.RedBlackTree.revDir(RedBlackTree.java:375)
	at alda.t9.redblack.RedBlackTree.revDir(RedBlackTree.java:375)
	at alda.t9.redblack.RedBlackTree.revDir(RedBlackTree.java:375)
	at alda.t9.redblack.RedBlackTree.revDir(RedBlackTree.java:375)
	at alda.t9.redblack.RedBlackTree.revDir(RedBlackTree.java:375)
	at alda.t9.redblack.RedBlackTree.revDir(RedBlackTree.java:375)
	at alda.t9.redblack.RedBlackTree.revDir(RedBlackTree.java:375)
	at alda.t9.redblack.RedBlackTree.revDir(RedBlackTree.java:375)
	at alda.t9.redblack.RedBlackTree.revDir(RedBlackTree.java:375)
	at alda.t9.redblack.RedBlackTree.revDir(RedBlackTree.java:375)
	at alda.t9.redblack.RedBlackTree.revDir(RedBlackTree.java:375)
	at alda.t9.redblack.RedBlackTree.revDir(RedBlackTree.java:375)
	at alda.t9.redblack.RedBlackTree.revDir(RedBlackTree.java:375)
	at alda.t9.redblack.RedBlackTree.revDir(RedBlackTree.java:375)
	at alda.t9.redblack.RedBlackTree.revDir(RedBlackTree.java:375)
	at alda.t9.redblack.RedBlackTree.revDir(RedBlackTree.java:375)
	at alda.t9.redblack.RedBlackTree.revDir(RedBlackTree.java:375)
	at alda.t9.redblack.RedBlackTree.revDir(RedBlackTree.java:375)
	at alda.t9.redblack.RedBlackTree.revDir(RedBlackTree.java:375)
	at alda.t9.redblack.RedBlackTree.revDir(RedBlackTree.java:375)
	at alda.t9.redblack.RedBlackTree.revDir(RedBlackTree.java:375)
	at alda.t9.redblack.RedBlackTree.revDir(RedBlackTree.java:375)
	at alda.t9.redblack.RedBlackTree.revDir(RedBlackTree.java:375)
	at alda.t9.redblack.RedBlackTree.revDir(RedBlackTree.java:375)
	at alda.t9.redblack.RedBlackTree.revDir(RedBlackTree.java:375)
	at alda.t9.redblack.RedBlackTree.revDir(RedBlackTree.java:375)
	at alda.t9.redblack.RedBlackTree.revDir(RedBlackTree.java:375)
	at alda.t9.redblack.RedBlackTree.revDir(RedBlackTree.java:375)
	at alda.t9.redblack.RedBlackTree.revDir(RedBlackTree.java:375)
	at alda.t9.redblack.RedBlackTree.revDir(RedBlackTree.java:375)
	at alda.t9.redblack.RedBlackTree.revDir(RedBlackTree.java:375)
	at alda.t9.redblack.RedBlackTree.revDir(RedBlackTree.java:375)
	at alda.t9.redblack.RedBlackTree.revDir(RedBlackTree.java:375)
	at alda.t9.redblack.RedBlackTree.revDir(RedBlackTree.java:375)
	at alda.t9.redblack.RedBlackTree.revDir(RedBlackTree.java:375)
	at alda.t9.redblack.RedBlackTree.revDir(RedBlackTree.java:375)
	at alda.t9.redblack.RedBlackTree.revDir(RedBlackTree.java:375)
	at alda.t9.redblack.RedBlackTree.revDir(RedBlackTree.java:375)
	at alda.t9.redblack.RedBlackTree.revDir(RedBlackTree.java:375)
	at alda.t9.redblack.RedBlackTree.revDir(RedBlackTree.java:375)
	at alda.t9.redblack.RedBlackTree.revDir(RedBlackTree.java:375)
	at alda.t9.redblack.RedBlackTree.revDir(RedBlackTree.java:375)
	at alda.t9.redblack.RedBlackTree.revDir(RedBlackTree.java:375)
	at alda.t9.redblack.RedBlackTree.revDir(RedBlackTree.java:375)
	at alda.t9.redblack.RedBlackTree.revDir(RedBlackTree.java:375)
	at alda.t9.redblack.RedBlackTree.revDir(RedBlackTree.java:375)
	at alda.t9.redblack.RedBlackTree.revDir(RedBlackTree.java:375)
	at alda.t9.redblack.RedBlackTree.revDir(RedBlackTree.java:375)
	at alda.t9.redblack.RedBlackTree.revDir(RedBlackTree.java:375)
	at alda.t9.redblack.RedBlackTree.revDir(RedBlackTree.java:375)
	at alda.t9.redblack.RedBlackTree.revDir(RedBlackTree.java:375)
	at alda.t9.redblack.RedBlackTree.revDir(RedBlackTree.java:375)
	at alda.t9.redblack.RedBlackTree.revDir(RedBlackTree.java:375)
	at alda.t9.redblack.RedBlackTree.revDir(RedBlackTree.java:375)
	at alda.t9.redblack.RedBlackTree.revDir(RedBlackTree.java:375)
	at alda.t9.redblack.RedBlackTree.revDir(RedBlackTree.java:375)
	at alda.t9.redblack.RedBlackTree.revDir(RedBlackTree.java:375)
	at alda.t9.redblack.RedBlackTree.revDir(RedBlackTree.java:375)
	at alda.t9.redblack.RedBlackTree.revDir(RedBlackTree.java:375)
	at alda.t9.redblack.RedBlackTree.revDir(RedBlackTree.java:375)
	at alda.t9.redblack.RedBlackTree.revDir(RedBlackTree.java:375)
	at alda.t9.redblack.RedBlackTree.revDir(RedBlackTree.java:375)
	at alda.t9.redblack.RedBlackTree.revDir(RedBlackTree.java:375)
	at alda.t9.redblack.RedBlackTree.revDir(RedBlackTree.java:375)
	at alda.t9.redblack.RedBlackTree.revDir(RedBlackTree.java:375)
	at alda.t9.redblack.RedBlackTree.revDir(RedBlackTree.java:375)
	at alda.t9.redblack.RedBlackTree.revDir(RedBlackTree.java:375)
	at alda.t9.redblack.RedBlackTree.revDir(RedBlackTree.java:375)
	at alda.t9.redblack.RedBlackTree.revDir(RedBlackTree.java:375)
	at alda.t9.redblack.RedBlackTree.revDir(RedBlackTree.java:375)
	at alda.t9.redblack.RedBlackTree.revDir(RedBlackTree.java:375)
	at alda.t9.redblack.RedBlackTree.revDir(RedBlackTree.java:375)
	at alda.t9.redblack.RedBlackTree.revDir(RedBlackTree.java:375)
	at alda.t9.redblack.RedBlackTree.revDir(RedBlackTree.java:375)
	at alda.t9.redblack.RedBlackTree.revDir(RedBlackTree.java:375)
	at alda.t9.redblack.RedBlackTree.revDir(RedBlackTree.java:375)
	at alda.t9.redblack.RedBlackTree.revDir(RedBlackTree.java:375)
	at alda.t9.redblack.RedBlackTree.revDir(RedBlackTree.java:375)
	at alda.t9.redblack.RedBlackTree.revDir(RedBlackTree.java:375)
	at alda.t9.redblack.RedBlackTree.revDir(RedBlackTree.java:375)
	at alda.t9.redblack.RedBlackTree.revDir(RedBlackTree.java:375)
	at alda.t9.redblack.RedBlackTree.revDir(RedBlackTree.java:375)
	at alda.t9.redblack.RedBlackTree.revDir(RedBlackTree.java:375)
	at alda.t9.redblack.RedBlackTree.revDir(RedBlackTree.java:375)
	at alda.t9.redblack.RedBlackTree.revDir(RedBlackTree.java:375)
	at alda.t9.redblack.RedBlackTree.revDir(RedBlackTree.java:375)
	at alda.t9.redblack.RedBlackTree.revDir(RedBlackTree.java:375)
	at alda.t9.redblack.RedBlackTree.revDir(RedBlackTree.java:375)
	at alda.t9.redblack.RedBlackTree.revDir(RedBlackTree.java:375)
	at alda.t9.redblack.RedBlackTree.revDir(RedBlackTree.java:375)
	at alda.t9.redblack.RedBlackTree.revDir(RedBlackTree.java:375)
	at alda.t9.redblack.RedBlackTree.revDir(RedBlackTree.java:375)
	at alda.t9.redblack.RedBlackTree.revDir(RedBlackTree.java:375)
	at alda.t9.redblack.RedBlackTree.revDir(RedBlackTree.java:375)
	at alda.t9.redblack.RedBlackTree.revDir(RedBlackTree.java:375)
	at alda.t9.redblack.RedBlackTree.revDir(RedBlackTree.java:375)
	at alda.t9.redblack.RedBlackTree.revDir(RedBlackTree.java:375)
	at alda.t9.redblack.RedBlackTree.revDir(RedBlackTree.java:375)
	at alda.t9.redblack.RedBlackTree.revDir(RedBlackTree.java:375)
	at alda.t9.redblack.RedBlackTree.revDir(RedBlackTree.java:375)
	at alda.t9.redblack.RedBlackTree.revDir(RedBlackTree.java:375)
	at alda.t9.redblack.RedBlackTree.revDir(RedBlackTree.java:375)
	at alda.t9.redblack.RedBlackTree.revDir(RedBlackTree.java:375)
	at alda.t9.redblack.RedBlackTree.revDir(RedBlackTree.java:375)
	at alda.t9.redblack.RedBlackTree.revDir(RedBlackTree.java:375)
	at alda.t9.redblack.RedBlackTree.revDir(RedBlackTree.java:375)
	at alda.t9.redblack.RedBlackTree.revDir(RedBlackTree.java:375)
	at alda.t9.redblack.RedBlackTree.revDir(RedBlackTree.java:375)
	at alda.t9.redblack.RedBlackTree.revDir(RedBlackTree.java:375)
	at alda.t9.redblack.RedBlackTree.revDir(RedBlackTree.java:375)
	at alda.t9.redblack.RedBlackTree.revDir(RedBlackTree.java:375)
	at alda.t9.redblack.RedBlackTree.revDir(RedBlackTree.java:375)
	at alda.t9.redblack.RedBlackTree.revDir(RedBlackTree.java:375)
	at alda.t9.redblack.RedBlackTree.revDir(RedBlackTree.java:375)
	at alda.t9.redblack.RedBlackTree.revDir(RedBlackTree.java:375)
	at alda.t9.redblack.RedBlackTree.revDir(RedBlackTree.java:375)
	at alda.t9.redblack.RedBlackTree.revDir(RedBlackTree.java:375)
	at alda.t9.redblack.RedBlackTree.revDir(RedBlackTree.java:375)
	at alda.t9.redblack.RedBlackTree.revDir(RedBlackTree.java:375)
	at alda.t9.redblack.RedBlackTree.revDir(RedBlackTree.java:375)
	at alda.t9.redblack.RedBlackTree.revDir(RedBlackTree.java:375)
	at alda.t9.redblack.RedBlackTree.revDir(RedBlackTree.java:375)
	at alda.t9.redblack.RedBlackTree.revDir(RedBlackTree.java:375)
	at alda.t9.redblack.RedBlackTree.revDir(RedBlackTree.java:375)
	at alda.t9.redblack.RedBlackTree.revDir(RedBlackTree.java:375)
	at alda.t9.redblack.RedBlackTree.revDir(RedBlackTree.java:375)
	at alda.t9.redblack.RedBlackTree.revDir(RedBlackTree.java:375)
	at alda.t9.redblack.RedBlackTree.revDir(RedBlackTree.java:375)
	at alda.t9.redblack.RedBlackTree.revDir(RedBlackTree.java:375)
	at alda.t9.redblack.RedBlackTree.revDir(RedBlackTree.java:375)
	at alda.t9.redblack.RedBlackTree.revDir(RedBlackTree.java:375)
	at alda.t9.redblack.RedBlackTree.revDir(RedBlackTree.java:375)
	at alda.t9.redblack.RedBlackTree.revDir(RedBlackTree.java:375)
	at alda.t9.redblack.RedBlackTree.revDir(RedBlackTree.java:375)
	at alda.t9.redblack.RedBlackTree.revDir(RedBlackTree.java:375)
	at alda.t9.redblack.RedBlackTree.revDir(RedBlackTree.java:375)
	at alda.t9.redblack.RedBlackTree.revDir(RedBlackTree.java:375)
	at alda.t9.redblack.RedBlackTree.revDir(RedBlackTree.java:375)
	at alda.t9.redblack.RedBlackTree.revDir(RedBlackTree.java:375)
	at alda.t9.redblack.RedBlackTree.revDir(RedBlackTree.java:375)
	at alda.t9.redblack.RedBlackTree.revDir(RedBlackTree.java:375)
	at alda.t9.redblack.RedBlackTree.revDir(RedBlackTree.java:375)
	at alda.t9.redblack.RedBlackTree.revDir(RedBlackTree.java:375)
	at alda.t9.redblack.RedBlackTree.revDir(RedBlackTree.java:375)
	at alda.t9.redblack.RedBlackTree.revDir(RedBlackTree.java:375)
	at alda.t9.redblack.RedBlackTree.revDir(RedBlackTree.java:375)
	at alda.t9.redblack.RedBlackTree.revDir(RedBlackTree.java:375)
	at alda.t9.redblack.RedBlackTree.revDir(RedBlackTree.java:375)
	at alda.t9.redblack.RedBlackTree.revDir(RedBlackTree.java:375)
	at alda.t9.redblack.RedBlackTree.revDir(RedBlackTree.java:375)
	at alda.t9.redblack.RedBlackTree.revDir(RedBlackTree.java:375)
	at alda.t9.redblack.RedBlackTree.revDir(RedBlackTree.java:375)
	at alda.t9.redblack.RedBlackTree.revDir(RedBlackTree.java:375)
	at alda.t9.redblack.RedBlackTree.revDir(RedBlackTree.java:375)
	at alda.t9.redblack.RedBlackTree.revDir(RedBlackTree.java:375)
	at alda.t9.redblack.RedBlackTree.revDir(RedBlackTree.java:375)
	at alda.t9.redblack.RedBlackTree.revDir(RedBlackTree.java:375)
	at alda.t9.redblack.RedBlackTree.revDir(RedBlackTree.java:375)
	at alda.t9.redblack.RedBlackTree.revDir(RedBlackTree.java:375)
	at alda.t9.redblack.RedBlackTree.revDir(RedBlackTree.java:375)
	at alda.t9.redblack.RedBlackTree.revDir(RedBlackTree.java:375)
	at alda.t9.redblack.RedBlackTree.revDir(RedBlackTree.java:375)
	at alda.t9.redblack.RedBlackTree.revDir(RedBlackTree.java:375)
	at alda.t9.redblack.RedBlackTree.revDir(RedBlackTree.java:375)
	at alda.t9.redblack.RedBlackTree.revDir(RedBlackTree.java:375)
	at alda.t9.redblack.RedBlackTree.revDir(RedBlackTree.java:375)
	at alda.t9.redblack.RedBlackTree.revDir(RedBlackTree.java:375)
	at alda.t9.redblack.RedBlackTree.revDir(RedBlackTree.java:375)
	at alda.t9.redblack.RedBlackTree.revDir(RedBlackTree.java:375)
	at alda.t9.redblack.RedBlackTree.revDir(RedBlackTree.java:375)
	at alda.t9.redblack.RedBlackTree.revDir(RedBlackTree.java:375)
	at alda.t9.redblack.RedBlackTree.revDir(RedBlackTree.java:375)
	at alda.t9.redblack.RedBlackTree.revDir(RedBlackTree.java:375)
	at alda.t9.redblack.RedBlackTree.revDir(RedBlackTree.java:375)
	at alda.t9.redblack.RedBlackTree.revDir(RedBlackTree.java:375)
	at alda.t9.redblack.RedBlackTree.revDir(RedBlackTree.java:375)
	at alda.t9.redblack.RedBlackTree.revDir(RedBlackTree.java:375)
	at alda.t9.redblack.RedBlackTree.revDir(RedBlackTree.java:375)
	at alda.t9.redblack.RedBlackTree.revDir(RedBlackTree.java:375)
	at alda.t9.redblack.RedBlackTree.revDir(RedBlackTree.java:375)
	at alda.t9.redblack.RedBlackTree.revDir(RedBlackTree.java:375)
	at alda.t9.redblack.RedBlackTree.revDir(RedBlackTree.java:375)
	at alda.t9.redblack.RedBlackTree.revDir(RedBlackTree.java:375)
	at alda.t9.redblack.RedBlackTree.revDir(RedBlackTree.java:375)
	at alda.t9.redblack.RedBlackTree.revDir(RedBlackTree.java:375)
	at alda.t9.redblack.RedBlackTree.revDir(RedBlackTree.java:375)
	at alda.t9.redblack.RedBlackTree.revDir(RedBlackTree.java:375)
	at alda.t9.redblack.RedBlackTree.revDir(RedBlackTree.java:375)
	at alda.t9.redblack.RedBlackTree.revDir(RedBlackTree.java:375)
	at alda.t9.redblack.RedBlackTree.revDir(RedBlackTree.java:375)
	at alda.t9.redblack.RedBlackTree.revDir(RedBlackTree.java:375)
	at alda.t9.redblack.RedBlackTree.revDir(RedBlackTree.java:375)
	at alda.t9.redblack.RedBlackTree.revDir(RedBlackTree.java:375)
	at alda.t9.redblack.RedBlackTree.revDir(RedBlackTree.java:375)
	at alda.t9.redblack.RedBlackTree.revDir(RedBlackTree.java:375)
	at alda.t9.redblack.RedBlackTree.revDir(RedBlackTree.java:375)
	at alda.t9.redblack.RedBlackTree.revDir(RedBlackTree.java:375)
	at alda.t9.redblack.RedBlackTree.revDir(RedBlackTree.java:375)
	at alda.t9.redblack.RedBlackTree.revDir(RedBlackTree.java:375)
	at alda.t9.redblack.RedBlackTree.revDir(RedBlackTree.java:375)
	at alda.t9.redblack.RedBlackTree.revDir(RedBlackTree.java:375)
	at alda.t9.redblack.RedBlackTree.revDir(RedBlackTree.java:375)
	at alda.t9.redblack.RedBlackTree.revDir(RedBlackTree.java:375)
	at alda.t9.redblack.RedBlackTree.revDir(RedBlackTree.java:375)
	at alda.t9.redblack.RedBlackTree.revDir(RedBlackTree.java:375)
	at alda.t9.redblack.RedBlackTree.revDir(RedBlackTree.java:375)
	at alda.t9.redblack.RedBlackTree.revDir(RedBlackTree.java:375)
	at alda.t9.redblack.RedBlackTree.revDir(RedBlackTree.java:375)
	at alda.t9.redblack.RedBlackTree.revDir(RedBlackTree.java:375)
	at alda.t9.redblack.RedBlackTree.revDir(RedBlackTree.java:375)
	at alda.t9.redblack.RedBlackTree.revDir(RedBlackTree.java:375)
	at alda.t9.redblack.RedBlackTree.revDir(RedBlackTree.java:375)
	at alda.t9.redblack.RedBlackTree.revDir(RedBlackTree.java:375)
	at alda.t9.redblack.RedBlackTree.revDir(RedBlackTree.java:375)
	at alda.t9.redblack.RedBlackTree.revDir(RedBlackTree.java:375)
	at alda.t9.redblack.RedBlackTree.revDir(RedBlackTree.java:375)
	at alda.t9.redblack.RedBlackTree.revDir(RedBlackTree.java:375)
	at alda.t9.redblack.RedBlackTree.revDir(RedBlackTree.java:375)
	at alda.t9.redblack.RedBlackTree.revDir(RedBlackTree.java:375)
	at alda.t9.redblack.RedBlackTree.revDir(RedBlackTree.java:375)
	at alda.t9.redblack.RedBlackTree.revDir(RedBlackTree.java:375)
	at alda.t9.redblack.RedBlackTree.revDir(RedBlackTree.java:375)
	at alda.t9.redblack.RedBlackTree.revDir(RedBlackTree.java:375)
	at alda.t9.redblack.RedBlackTree.revDir(RedBlackTree.java:375)
	at alda.t9.redblack.RedBlackTree.revDir(RedBlackTree.java:375)
	at alda.t9.redblack.RedBlackTree.revDir(RedBlackTree.java:375)
	at alda.t9.redblack.RedBlackTree.revDir(RedBlackTree.java:375)
	at alda.t9.redblack.RedBlackTree.revDir(RedBlackTree.java:375)
	at alda.t9.redblack.RedBlackTree.revDir(RedBlackTree.java:375)
	at alda.t9.redblack.RedBlackTree.revDir(RedBlackTree.java:375)
	at alda.t9.redblack.RedBlackTree.revDir(RedBlackTree.java:375)
	at alda.t9.redblack.RedBlackTree.revDir(RedBlackTree.java:375)
	at alda.t9.redblack.RedBlackTree.revDir(RedBlackTree.java:375)
	at alda.t9.redblack.RedBlackTree.revDir(RedBlackTree.java:375)
	at alda.t9.redblack.RedBlackTree.revDir(RedBlackTree.java:375)
	at alda.t9.redblack.RedBlackTree.revDir(RedBlackTree.java:375)
	at alda.t9.redblack.RedBlackTree.revDir(RedBlackTree.java:375)
	at alda.t9.redblack.RedBlackTree.revDir(RedBlackTree.java:375)
	at alda.t9.redblack.RedBlackTree.revDir(RedBlackTree.java:375)
	at alda.t9.redblack.RedBlackTree.revDir(RedBlackTree.java:375)
	at alda.t9.redblack.RedBlackTree.revDir(RedBlackTree.java:375)
	at alda.t9.redblack.RedBlackTree.revDir(RedBlackTree.java:375)
	at alda.t9.redblack.RedBlackTree.revDir(RedBlackTree.java:375)
	at alda.t9.redblack.RedBlackTree.revDir(RedBlackTree.java:375)
	at alda.t9.redblack.RedBlackTree.revDir(RedBlackTree.java:375)
	at alda.t9.redblack.RedBlackTree.revDir(RedBlackTree.java:375)
	at alda.t9.redblack.RedBlackTree.revDir(RedBlackTree.java:375)
	at alda.t9.redblack.RedBlackTree.revDir(RedBlackTree.java:375)
	at alda.t9.redblack.RedBlackTree.revDir(RedBlackTree.java:375)
	at alda.t9.redblack.RedBlackTree.revDir(RedBlackTree.java:375)
	at alda.t9.redblack.RedBlackTree.revDir(RedBlackTree.java:375)
	at alda.t9.redblack.RedBlackTree.revDir(RedBlackTree.java:375)
	at alda.t9.redblack.RedBlackTree.revDir(RedBlackTree.java:375)
	at alda.t9.redblack.RedBlackTree.revDir(RedBlackTree.java:375)
	at alda.t9.redblack.RedBlackTree.revDir(RedBlackTree.java:375)
	at alda.t9.redblack.RedBlackTree.revDir(RedBlackTree.java:375)
	at alda.t9.redblack.RedBlackTree.revDir(RedBlackTree.java:375)
	at alda.t9.redblack.RedBlackTree.revDir(RedBlackTree.java:375)
	at alda.t9.redblack.RedBlackTree.revDir(RedBlackTree.java:375)
	at alda.t9.redblack.RedBlackTree.revDir(RedBlackTree.java:375)
	at alda.t9.redblack.RedBlackTree.revDir(RedBlackTree.java:375)
	at alda.t9.redblack.RedBlackTree.revDir(RedBlackTree.java:375)
	at alda.t9.redblack.RedBlackTree.revDir(RedBlackTree.java:375)
	at alda.t9.redblack.RedBlackTree.revDir(RedBlackTree.java:375)
	at alda.t9.redblack.RedBlackTree.revDir(RedBlackTree.java:375)
	at alda.t9.redblack.RedBlackTree.revDir(RedBlackTree.java:375)
	at alda.t9.redblack.RedBlackTree.revDir(RedBlackTree.java:375)
	at alda.t9.redblack.RedBlackTree.revDir(RedBlackTree.java:375)
	at alda.t9.redblack.RedBlackTree.revDir(RedBlackTree.java:375)
	at alda.t9.redblack.RedBlackTree.revDir(RedBlackTree.java:375)
	at alda.t9.redblack.RedBlackTree.revDir(RedBlackTree.java:375)
	at alda.t9.redblack.RedBlackTree.revDir(RedBlackTree.java:375)
	at alda.t9.redblack.RedBlackTree.revDir(RedBlackTree.java:375)
	at alda.t9.redblack.RedBlackTree.revDir(RedBlackTree.java:375)
	at alda.t9.redblack.RedBlackTree.revDir(RedBlackTree.java:375)
	at alda.t9.redblack.RedBlackTree.revDir(RedBlackTree.java:375)
	at alda.t9.redblack.RedBlackTree.revDir(RedBlackTree.java:375)
	at alda.t9.redblack.RedBlackTree.revDir(RedBlackTree.java:375)
	at alda.t9.redblack.RedBlackTree.revDir(RedBlackTree.java:375)
	at alda.t9.redblack.RedBlackTree.revDir(RedBlackTree.java:375)
	at alda.t9.redblack.RedBlackTree.revDir(RedBlackTree.java:375)
	at alda.t9.redblack.RedBlackTree.revDir(RedBlackTree.java:375)
	at alda.t9.redblack.RedBlackTree.revDir(RedBlackTree.java:375)
	at alda.t9.redblack.RedBlackTree.revDir(RedBlackTree.java:375)
	at alda.t9.redblack.RedBlackTree.revDir(RedBlackTree.java:375)
	at alda.t9.redblack.RedBlackTree.revDir(RedBlackTree.java:375)
	at alda.t9.redblack.RedBlackTree.revDir(RedBlackTree.java:375)
	at alda.t9.redblack.RedBlackTree.revDir(RedBlackTree.java:375)
	at alda.t9.redblack.RedBlackTree.revDir(RedBlackTree.java:375)
	at alda.t9.redblack.RedBlackTree.revDir(RedBlackTree.java:375)
	at alda.t9.redblack.RedBlackTree.revDir(RedBlackTree.java:375)
	at alda.t9.redblack.RedBlackTree.revDir(RedBlackTree.java:375)
	at alda.t9.redblack.RedBlackTree.revDir(RedBlackTree.java:375)
	at alda.t9.redblack.RedBlackTree.revDir(RedBlackTree.java:375)
	at alda.t9.redblack.RedBlackTree.revDir(RedBlackTree.java:375)
	at alda.t9.redblack.RedBlackTree.revDir(RedBlackTree.java:375)
	at alda.t9.redblack.RedBlackTree.revDir(RedBlackTree.java:375)
	at alda.t9.redblack.RedBlackTree.revDir(RedBlackTree.java:375)
	at alda.t9.redblack.RedBlackTree.revDir(RedBlackTree.java:375)
	at alda.t9.redblack.RedBlackTree.revDir(RedBlackTree.java:375)
	at alda.t9.redblack.RedBlackTree.revDir(RedBlackTree.java:375)
	at alda.t9.redblack.RedBlackTree.revDir(RedBlackTree.java:375)
	at alda.t9.redblack.RedBlackTree.revDir(RedBlackTree.java:375)
	at alda.t9.redblack.RedBlackTree.revDir(RedBlackTree.java:375)
	at alda.t9.redblack.RedBlackTree.revDir(RedBlackTree.java:375)
	at alda.t9.redblack.RedBlackTree.revDir(RedBlackTree.java:375)
	at alda.t9.redblack.RedBlackTree.revDir(RedBlackTree.java:375)
	at alda.t9.redblack.RedBlackTree.revDir(RedBlackTree.java:375)
	at alda.t9.redblack.RedBlackTree.revDir(RedBlackTree.java:375)
	at alda.t9.redblack.RedBlackTree.revDir(RedBlackTree.java:375)
	at alda.t9.redblack.RedBlackTree.revDir(RedBlackTree.java:375)
	at alda.t9.redblack.RedBlackTree.revDir(RedBlackTree.java:375)
	at alda.t9.redblack.RedBlackTree.revDir(RedBlackTree.java:375)
	at alda.t9.redblack.RedBlackTree.revDir(RedBlackTree.java:375)
	at alda.t9.redblack.RedBlackTree.revDir(RedBlackTree.java:375)
	at alda.t9.redblack.RedBlackTree.revDir(RedBlackTree.java:375)
	at alda.t9.redblack.RedBlackTree.revDir(RedBlackTree.java:375)
	at alda.t9.redblack.RedBlackTree.revDir(RedBlackTree.java:375)
	at alda.t9.redblack.RedBlackTree.revDir(RedBlackTree.java:375)
	at alda.t9.redblack.RedBlackTree.revDir(RedBlackTree.java:375)
	at alda.t9.redblack.RedBlackTree.revDir(RedBlackTree.java:375)
	at alda.t9.redblack.RedBlackTree.revDir(RedBlackTree.java:375)
	at alda.t9.redblack.RedBlackTree.revDir(RedBlackTree.java:375)
	at alda.t9.redblack.RedBlackTree.revDir(RedBlackTree.java:375)
	at alda.t9.redblack.RedBlackTree.revDir(RedBlackTree.java:375)
	at alda.t9.redblack.RedBlackTree.revDir(RedBlackTree.java:375)
	at alda.t9.redblack.RedBlackTree.revDir(RedBlackTree.java:375)
	at alda.t9.redblack.RedBlackTree.revDir(RedBlackTree.java:375)
	at alda.t9.redblack.RedBlackTree.revDir(RedBlackTree.java:375)
	at alda.t9.redblack.RedBlackTree.revDir(RedBlackTree.java:375)
	at alda.t9.redblack.RedBlackTree.revDir(RedBlackTree.java:375)
	at alda.t9.redblack.RedBlackTree.revDir(RedBlackTree.java:375)
	at alda.t9.redblack.RedBlackTree.revDir(RedBlackTree.java:375)
	at alda.t9.redblack.RedBlackTree.revDir(RedBlackTree.java:375)
	at alda.t9.redblack.RedBlackTree.revDir(RedBlackTree.java:375)
	at alda.t9.redblack.RedBlackTree.revDir(RedBlackTree.java:375)
	at alda.t9.redblack.RedBlackTree.revDir(RedBlackTree.java:375)
	at alda.t9.redblack.RedBlackTree.revDir(RedBlackTree.java:375)
	at alda.t9.redblack.RedBlackTree.revDir(RedBlackTree.java:375)
	at alda.t9.redblack.RedBlackTree.revDir(RedBlackTree.java:375)
	at alda.t9.redblack.RedBlackTree.revDir(RedBlackTree.java:375)
	at alda.t9.redblack.RedBlackTree.revDir(RedBlackTree.java:375)
	at alda.t9.redblack.RedBlackTree.revDir(RedBlackTree.java:375)
	at alda.t9.redblack.RedBlackTree.revDir(RedBlackTree.java:375)
	at alda.t9.redblack.RedBlackTree.revDir(RedBlackTree.java:375)
	at alda.t9.redblack.RedBlackTree.revDir(RedBlackTree.java:375)
	at alda.t9.redblack.RedBlackTree.revDir(RedBlackTree.java:375)
	at alda.t9.redblack.RedBlackTree.revDir(RedBlackTree.java:375)
	at alda.t9.redblack.RedBlackTree.revDir(RedBlackTree.java:375)
	at alda.t9.redblack.RedBlackTree.revDir(RedBlackTree.java:375)
	at alda.t9.redblack.RedBlackTree.revDir(RedBlackTree.java:375)
	at alda.t9.redblack.RedBlackTree.revDir(RedBlackTree.java:375)
	at alda.t9.redblack.RedBlackTree.revDir(RedBlackTree.java:375)
	at alda.t9.redblack.RedBlackTree.revDir(RedBlackTree.java:375)
	at alda.t9.redblack.RedBlackTree.revDir(RedBlackTree.java:375)
	at alda.t9.redblack.RedBlackTree.revDir(RedBlackTree.java:375)
	at alda.t9.redblack.RedBlackTree.revDir(RedBlackTree.java:375)
	at alda.t9.redblack.RedBlackTree.revDir(RedBlackTree.java:375)
	at alda.t9.redblack.RedBlackTree.revDir(RedBlackTree.java:375)
	at alda.t9.redblack.RedBlackTree.revDir(RedBlackTree.java:375)
	at alda.t9.redblack.RedBlackTree.revDir(RedBlackTree.java:375)
	at alda.t9.redblack.RedBlackTree.revDir(RedBlackTree.java:375)
	at alda.t9.redblack.RedBlackTree.revDir(RedBlackTree.java:375)
	at alda.t9.redblack.RedBlackTree.revDir(RedBlackTree.java:375)
	at alda.t9.redblack.RedBlackTree.revDir(RedBlackTree.java:375)
	at alda.t9.redblack.RedBlackTree.revDir(RedBlackTree.java:375)
	at alda.t9.redblack.RedBlackTree.revDir(RedBlackTree.java:375)
	at alda.t9.redblack.RedBlackTree.revDir(RedBlackTree.java:375)
	at alda.t9.redblack.RedBlackTree.revDir(RedBlackTree.java:375)
	at alda.t9.redblack.RedBlackTree.revDir(RedBlackTree.java:375)
	at alda.t9.redblack.RedBlackTree.revDir(RedBlackTree.java:375)
	at alda.t9.redblack.RedBlackTree.revDir(RedBlackTree.java:375)
	at alda.t9.redblack.RedBlackTree.revDir(RedBlackTree.java:375)
	at alda.t9.redblack.RedBlackTree.revDir(RedBlackTree.java:375)
	at alda.t9.redblack.RedBlackTree.revDir(RedBlackTree.java:375)
	at alda.t9.redblack.RedBlackTree.revDir(RedBlackTree.java:375)
	at alda.t9.redblack.RedBlackTree.revDir(RedBlackTree.java:375)
	at alda.t9.redblack.RedBlackTree.revDir(RedBlackTree.java:375)
	at alda.t9.redblack.RedBlackTree.revDir(RedBlackTree.java:375)
	at alda.t9.redblack.RedBlackTree.revDir(RedBlackTree.java:375)
	at alda.t9.redblack.RedBlackTree.revDir(RedBlackTree.java:375)
	at alda.t9.redblack.RedBlackTree.revDir(RedBlackTree.java:375)
	at alda.t9.redblack.RedBlackTree.revDir(RedBlackTree.java:375)
	at alda.t9.redblack.RedBlackTree.revDir(RedBlackTree.java:375)
	at alda.t9.redblack.RedBlackTree.revDir(RedBlackTree.java:375)
	at alda.t9.redblack.RedBlackTree.revDir(RedBlackTree.java:375)
	at alda.t9.redblack.RedBlackTree.revDir(RedBlackTree.java:375)
	at alda.t9.redblack.RedBlackTree.revDir(RedBlackTree.java:375)
	at alda.t9.redblack.RedBlackTree.revDir(RedBlackTree.java:375)
	at alda.t9.redblack.RedBlackTree.revDir(RedBlackTree.java:375)
	at alda.t9.redblack.RedBlackTree.revDir(RedBlackTree.java:375)
	at alda.t9.redblack.RedBlackTree.revDir(RedBlackTree.java:375)
	at alda.t9.redblack.RedBlackTree.revDir(RedBlackTree.java:375)
	at alda.t9.redblack.RedBlackTree.revDir(RedBlackTree.java:375)
	at alda.t9.redblack.RedBlackTree.revDir(RedBlackTree.java:375)
	at alda.t9.redblack.RedBlackTree.revDir(RedBlackTree.java:375)
	at alda.t9.redblack.RedBlackTree.revDir(RedBlackTree.java:375)
	at alda.t9.redblack.RedBlackTree.revDir(RedBlackTree.java:375)
	at alda.t9.redblack.RedBlackTree.revDir(RedBlackTree.java:375)
	at alda.t9.redblack.RedBlackTree.revDir(RedBlackTree.java:375)
	at alda.t9.redblack.RedBlackTree.revDir(RedBlackTree.java:375)
	at alda.t9.redblack.RedBlackTree.revDir(RedBlackTree.java:375)
	at alda.t9.redblack.RedBlackTree.revDir(RedBlackTree.java:375)
	at alda.t9.redblack.RedBlackTree.revDir(RedBlackTree.java:375)
	at alda.t9.redblack.RedBlackTree.revDir(RedBlackTree.java:375)
	at alda.t9.redblack.RedBlackTree.revDir(RedBlackTree.java:375)
	at alda.t9.redblack.RedBlackTree.revDir(RedBlackTree.java:375)
	at alda.t9.redblack.RedBlackTree.revDir(RedBlackTree.java:375)
	at alda.t9.redblack.RedBlackTree.revDir(RedBlackTree.java:375)
	at alda.t9.redblack.RedBlackTree.revDir(RedBlackTree.java:375)
	at alda.t9.redblack.RedBlackTree.revDir(RedBlackTree.java:375)
	at alda.t9.redblack.RedBlackTree.revDir(RedBlackTree.java:375)
	at alda.t9.redblack.RedBlackTree.revDir(RedBlackTree.java:375)
	at alda.t9.redblack.RedBlackTree.revDir(RedBlackTree.java:375)
	at alda.t9.redblack.RedBlackTree.revDir(RedBlackTree.java:375)
	at alda.t9.redblack.RedBlackTree.revDir(RedBlackTree.java:375)
	at alda.t9.redblack.RedBlackTree.revDir(RedBlackTree.java:375)
	at alda.t9.redblack.RedBlackTree.revDir(RedBlackTree.java:375)
	at alda.t9.redblack.RedBlackTree.revDir(RedBlackTree.java:375)
	at alda.t9.redblack.RedBlackTree.revDir(RedBlackTree.java:375)
	at alda.t9.redblack.RedBlackTree.revDir(RedBlackTree.java:375)
	at alda.t9.redblack.RedBlackTree.revDir(RedBlackTree.java:375)
	at alda.t9.redblack.RedBlackTree.revDir(RedBlackTree.java:375)
	at alda.t9.redblack.RedBlackTree.revDir(RedBlackTree.java:375)
	at alda.t9.redblack.RedBlackTree.revDir(RedBlackTree.java:375)
	at alda.t9.redblack.RedBlackTree.revDir(RedBlackTree.java:375)
	at alda.t9.redblack.RedBlackTree.revDir(RedBlackTree.java:375)
	at alda.t9.redblack.RedBlackTree.revDir(RedBlackTree.java:375)
	at alda.t9.redblack.RedBlackTree.revDir(RedBlackTree.java:375)
	at alda.t9.redblack.RedBlackTree.revDir(RedBlackTree.java:375)
	at alda.t9.redblack.RedBlackTree.revDir(RedBlackTree.java:375)
	at alda.t9.redblack.RedBlackTree.revDir(RedBlackTree.java:375)
	at alda.t9.redblack.RedBlackTree.revDir(RedBlackTree.java:375)
	at alda.t9.redblack.RedBlackTree.revDir(RedBlackTree.java:375)
	at alda.t9.redblack.RedBlackTree.revDir(RedBlackTree.java:375)
	at alda.t9.redblack.RedBlackTree.revDir(RedBlackTree.java:375)
	at alda.t9.redblack.RedBlackTree.revDir(RedBlackTree.java:375)
	at alda.t9.redblack.RedBlackTree.revDir(RedBlackTree.java:375)
	at alda.t9.redblack.RedBlackTree.revDir(RedBlackTree.java:375)
	at alda.t9.redblack.RedBlackTree.revDir(RedBlackTree.java:375)
	at alda.t9.redblack.RedBlackTree.revDir(RedBlackTree.java:375)
	at alda.t9.redblack.RedBlackTree.revDir(RedBlackTree.java:375)
	at alda.t9.redblack.RedBlackTree.revDir(RedBlackTree.java:375)
	at alda.t9.redblack.RedBlackTree.revDir(RedBlackTree.java:375)
	at alda.t9.redblack.RedBlackTree.revDir(RedBlackTree.java:375)
	at alda.t9.redblack.RedBlackTree.revDir(RedBlackTree.java:375)
	at alda.t9.redblack.RedBlackTree.revDir(RedBlackTree.java:375)
	at alda.t9.redblack.RedBlackTree.revDir(RedBlackTree.java:375)
	at alda.t9.redblack.RedBlackTree.revDir(RedBlackTree.java:375)
	at alda.t9.redblack.RedBlackTree.revDir(RedBlackTree.java:375)
	at alda.t9.redblack.RedBlackTree.revDir(RedBlackTree.java:375)
	at alda.t9.redblack.RedBlackTree.revDir(RedBlackTree.java:375)
	at alda.t9.redblack.RedBlackTree.revDir(RedBlackTree.java:375)
	at alda.t9.redblack.RedBlackTree.revDir(RedBlackTree.java:375)
	at alda.t9.redblack.RedBlackTree.revDir(RedBlackTree.java:375)
	at alda.t9.redblack.RedBlackTree.revDir(RedBlackTree.java:375)
	at alda.t9.redblack.RedBlackTree.revDir(RedBlackTree.java:375)
	at alda.t9.redblack.RedBlackTree.revDir(RedBlackTree.java:375)
	at alda.t9.redblack.RedBlackTree.revDir(RedBlackTree.java:375)
	at alda.t9.redblack.RedBlackTree.revDir(RedBlackTree.java:375)
	at alda.t9.redblack.RedBlackTree.revDir(RedBlackTree.java:375)
	at alda.t9.redblack.RedBlackTree.revDir(RedBlackTree.java:375)
	at alda.t9.redblack.RedBlackTree.revDir(RedBlackTree.java:375)
	at alda.t9.redblack.RedBlackTree.revDir(RedBlackTree.java:375)
	at alda.t9.redblack.RedBlackTree.revDir(RedBlackTree.java:375)
	at alda.t9.redblack.RedBlackTree.revDir(RedBlackTree.java:375)
	at alda.t9.redblack.RedBlackTree.revDir(RedBlackTree.java:375)
	at alda.t9.redblack.RedBlackTree.revDir(RedBlackTree.java:375)
	at alda.t9.redblack.RedBlackTree.revDir(RedBlackTree.java:375)
	at alda.t9.redblack.RedBlackTree.revDir(RedBlackTree.java:375)
	at alda.t9.redblack.RedBlackTree.revDir(RedBlackTree.java:375)
	at alda.t9.redblack.RedBlackTree.revDir(RedBlackTree.java:375)
	at alda.t9.redblack.RedBlackTree.revDir(RedBlackTree.java:375)
	at alda.t9.redblack.RedBlackTree.revDir(RedBlackTree.java:375)
	at alda.t9.redblack.RedBlackTree.revDir(RedBlackTree.java:375)
	at alda.t9.redblack.RedBlackTree.revDir(RedBlackTree.java:375)
	at alda.t9.redblack.RedBlackTree.revDir(RedBlackTree.java:375)
	at alda.t9.redblack.RedBlackTree.revDir(RedBlackTree.java:375)
	at alda.t9.redblack.RedBlackTree.revDir(RedBlackTree.java:375)
	at alda.t9.redblack.RedBlackTree.revDir(RedBlackTree.java:375)
	at alda.t9.redblack.RedBlackTree.revDir(RedBlackTree.java:375)
	at alda.t9.redblack.RedBlackTree.revDir(RedBlackTree.java:375)
	at alda.t9.redblack.RedBlackTree.revDir(RedBlackTree.java:375)
	at alda.t9.redblack.RedBlackTree.revDir(RedBlackTree.java:375)
	at alda.t9.redblack.RedBlackTree.revDir(RedBlackTree.java:375)
	at alda.t9.redblack.RedBlackTree.revDir(RedBlackTree.java:375)
	at alda.t9.redblack.RedBlackTree.revDir(RedBlackTree.java:375)
	at alda.t9.redblack.RedBlackTree.revDir(RedBlackTree.java:375)
	at alda.t9.redblack.RedBlackTree.revDir(RedBlackTree.java:375)
	at alda.t9.redblack.RedBlackTree.revDir(RedBlackTree.java:375)
	at alda.t9.redblack.RedBlackTree.revDir(RedBlackTree.java:375)
	at alda.t9.redblack.RedBlackTree.revDir(RedBlackTree.java:375)
	at alda.t9.redblack.RedBlackTree.revDir(RedBlackTree.java:375)
	at alda.t9.redblack.RedBlackTree.revDir(RedBlackTree.java:375)
	at alda.t9.redblack.RedBlackTree.revDir(RedBlackTree.java:375)
	at alda.t9.redblack.RedBlackTree.revDir(RedBlackTree.java:375)
	at alda.t9.redblack.RedBlackTree.revDir(RedBlackTree.java:375)
	at alda.t9.redblack.RedBlackTree.revDir(RedBlackTree.java:375)
	at alda.t9.redblack.RedBlackTree.revDir(RedBlackTree.java:375)
	at alda.t9.redblack.RedBlackTree.revDir(RedBlackTree.java:375)
	at alda.t9.redblack.RedBlackTree.revDir(RedBlackTree.java:375)
	at alda.t9.redblack.RedBlackTree.revDir(RedBlackTree.java:375)
	at alda.t9.redblack.RedBlackTree.revDir(RedBlackTree.java:375)
	at alda.t9.redblack.RedBlackTree.revDir(RedBlackTree.java:375)
	at alda.t9.redblack.RedBlackTree.revDir(RedBlackTree.java:375)
	at alda.t9.redblack.RedBlackTree.revDir(RedBlackTree.java:375)
	at alda.t9.redblack.RedBlackTree.revDir(RedBlackTree.java:375)
	at alda.t9.redblack.RedBlackTree.revDir(RedBlackTree.java:375)
	at alda.t9.redblack.RedBlackTree.revDir(RedBlackTree.java:375)
	at alda.t9.redblack.RedBlackTree.revDir(RedBlackTree.java:375)
	at alda.t9.redblack.RedBlackTree.revDir(RedBlackTree.java:375)
	at alda.t9.redblack.RedBlackTree.revDir(RedBlackTree.java:375)
	at alda.t9.redblack.RedBlackTree.revDir(RedBlackTree.java:375)
	at alda.t9.redblack.RedBlackTree.revDir(RedBlackTree.java:375)
	at alda.t9.redblack.RedBlackTree.revDir(RedBlackTree.java:375)
	at alda.t9.redblack.RedBlackTree.revDir(RedBlackTree.java:375)
	at alda.t9.redblack.RedBlackTree.revDir(RedBlackTree.java:375)
	at alda.t9.redblack.RedBlackTree.revDir(RedBlackTree.java:375)
	at alda.t9.redblack.RedBlackTree.revDir(RedBlackTree.java:375)
	at alda.t9.redblack.RedBlackTree.revDir(RedBlackTree.java:375)
	at alda.t9.redblack.RedBlackTree.revDir(RedBlackTree.java:375)
	at alda.t9.redblack.RedBlackTree.revDir(RedBlackTree.java:375)
	at alda.t9.redblack.RedBlackTree.revDir(RedBlackTree.java:375)
	at alda.t9.redblack.RedBlackTree.revDir(RedBlackTree.java:375)
	at alda.t9.redblack.RedBlackTree.revDir(RedBlackTree.java:375)
	at alda.t9.redblack.RedBlackTree.revDir(RedBlackTree.java:375)
	at alda.t9.redblack.RedBlackTree.revDir(RedBlackTree.java:375)
	at alda.t9.redblack.RedBlackTree.revDir(RedBlackTree.java:375)
	at alda.t9.redblack.RedBlackTree.revDir(RedBlackTree.java:375)
	at alda.t9.redblack.RedBlackTree.revDir(RedBlackTree.java:375)
	at alda.t9.redblack.RedBlackTree.revDir(RedBlackTree.java:375)
	at alda.t9.redblack.RedBlackTree.revDir(RedBlackTree.java:375)
	at alda.t9.redblack.RedBlackTree.revDir(RedBlackTree.java:375)
	at alda.t9.redblack.RedBlackTree.revDir(RedBlackTree.java:375)
	at alda.t9.redblack.RedBlackTree.revDir(RedBlackTree.java:375)
	at alda.t9.redblack.RedBlackTree.revDir(RedBlackTree.java:375)
	at alda.t9.redblack.RedBlackTree.revDir(RedBlackTree.java:375)
	at alda.t9.redblack.RedBlackTree.revDir(RedBlackTree.java:375)
	at alda.t9.redblack.RedBlackTree.revDir(RedBlackTree.java:375)
	at alda.t9.redblack.RedBlackTree.revDir(RedBlackTree.java:375)
	at alda.t9.redblack.RedBlackTree.revDir(RedBlackTree.java:375)
	at alda.t9.redblack.RedBlackTree.revDir(RedBlackTree.java:375)
	at alda.t9.redblack.RedBlackTree.revDir(RedBlackTree.java:375)
	at alda.t9.redblack.RedBlackTree.revDir(RedBlackTree.java:375)
	at alda.t9.redblack.RedBlackTree.revDir(RedBlackTree.java:375)
	at alda.t9.redblack.RedBlackTree.revDir(RedBlackTree.java:375)
	at alda.t9.redblack.RedBlackTree.revDir(RedBlackTree.java:375)
	at alda.t9.redblack.RedBlackTree.revDir(RedBlackTree.java:375)
	at alda.t9.redblack.RedBlackTree.revDir(RedBlackTree.java:375)
	at alda.t9.redblack.RedBlackTree.revDir(RedBlackTree.java:375)
	at alda.t9.redblack.RedBlackTree.revDir(RedBlackTree.java:375)
	at alda.t9.redblack.RedBlackTree.revDir(RedBlackTree.java:375)
	at alda.t9.redblack.RedBlackTree.revDir(RedBlackTree.java:375)
	at alda.t9.redblack.RedBlackTree.revDir(RedBlackTree.java:375)
	at alda.t9.redblack.RedBlackTree.revDir(RedBlackTree.java:375)
	at alda.t9.redblack.RedBlackTree.revDir(RedBlackTree.java:375)
	at alda.t9.redblack.RedBlackTree.revDir(RedBlackTree.java:375)
	at alda.t9.redblack.RedBlackTree.revDir(RedBlackTree.java:375)
	at alda.t9.redblack.RedBlackTree.revDir(RedBlackTree.java:375)
	at alda.t9.redblack.RedBlackTree.revDir(RedBlackTree.java:375)
	at alda.t9.redblack.RedBlackTree.revDir(RedBlackTree.java:375)
	at alda.t9.redblack.RedBlackTree.revDir(RedBlackTree.java:375)
	at alda.t9.redblack.RedBlackTree.revDir(RedBlackTree.java:375)
	at alda.t9.redblack.RedBlackTree.revDir(RedBlackTree.java:375)
	at alda.t9.redblack.RedBlackTree.revDir(RedBlackTree.java:375)
	at alda.t9.redblack.RedBlackTree.revDir(RedBlackTree.java:375)
	at alda.t9.redblack.RedBlackTree.revDir(RedBlackTree.java:375)
	at alda.t9.redblack.RedBlackTree.revDir(RedBlackTree.java:375)
	at alda.t9.redblack.RedBlackTree.revDir(RedBlackTree.java:375)
	at alda.t9.redblack.RedBlackTree.revDir(RedBlackTree.java:375)
	at alda.t9.redblack.RedBlackTree.revDir(RedBlackTree.java:375)
	at alda.t9.redblack.RedBlackTree.revDir(RedBlackTree.java:375)
	at alda.t9.redblack.RedBlackTree.revDir(RedBlackTree.java:375)
	at alda.t9.redblack.RedBlackTree.revDir(RedBlackTree.java:375)
	at alda.t9.redblack.RedBlackTree.revDir(RedBlackTree.java:375)
	at alda.t9.redblack.RedBlackTree.revDir(RedBlackTree.java:375)
	at alda.t9.redblack.RedBlackTree.revDir(RedBlackTree.java:375)
	at alda.t9.redblack.RedBlackTree.revDir(RedBlackTree.java:375)
	at alda.t9.redblack.RedBlackTree.revDir(RedBlackTree.java:375)
	at alda.t9.redblack.RedBlackTree.revDir(RedBlackTree.java:375)
	at alda.t9.redblack.RedBlackTree.revDir(RedBlackTree.java:375)
	at alda.t9.redblack.RedBlackTree.revDir(RedBlackTree.java:375)
	at alda.t9.redblack.RedBlackTree.revDir(RedBlackTree.java:375)
	at alda.t9.redblack.RedBlackTree.revDir(RedBlackTree.java:375)
	at alda.t9.redblack.RedBlackTree.revDir(RedBlackTree.java:375)
	at alda.t9.redblack.RedBlackTree.revDir(RedBlackTree.java:375)
	at alda.t9.redblack.RedBlackTree.revDir(RedBlackTree.java:375)
	at alda.t9.redblack.RedBlackTree.revDir(RedBlackTree.java:375)
	at alda.t9.redblack.RedBlackTree.revDir(RedBlackTree.java:375)
	at alda.t9.redblack.RedBlackTree.revDir(RedBlackTree.java:375)
	at alda.t9.redblack.RedBlackTree.revDir(RedBlackTree.java:375)
	at alda.t9.redblack.RedBlackTree.revDir(RedBlackTree.java:375)

alda.t9.redblack.RedBlackTreeTest.test(int)[2] -- Time elapsed: 0.005 s <<< ERROR!
java.lang.StackOverflowError
	at alda.t9.redblack.RedBlackTree.revDir(RedBlackTree.java:375)
	at alda.t9.redblack.RedBlackTree.revDir(RedBlackTree.java:375)
	at alda.t9.redblack.RedBlackTree.revDir(RedBlackTree.java:375)
	at alda.t9.redblack.RedBlackTree.revDir(RedBlackTree.java:375)
	at alda.t9.redblack.RedBlackTree.revDir(RedBlackTree.java:375)
	at alda.t9.redblack.RedBlackTree.revDir(RedBlackTree.java:375)
	at alda.t9.redblack.RedBlackTree.revDir(RedBlackTree.java:375)
	at alda.t9.redblack.RedBlackTree.revDir(RedBlackTree.java:375)
	at alda.t9.redblack.RedBlackTree.revDir(RedBlackTree.java:375)
	at alda.t9.redblack.RedBlackTree.revDir(RedBlackTree.java:375)
	at alda.t9.redblack.RedBlackTree.revDir(RedBlackTree.java:375)
	at alda.t9.redblack.RedBlackTree.revDir(RedBlackTree.java:375)
	at alda.t9.redblack.RedBlackTree.revDir(RedBlackTree.java:375)
	at alda.t9.redblack.RedBlackTree.revDir(RedBlackTree.java:375)
	at alda.t9.redblack.RedBlackTree.revDir(RedBlackTree.java:375)
	at alda.t9.redblack.RedBlackTree.revDir(RedBlackTree.java:375)
	at alda.t9.redblack.RedBlackTree.revDir(RedBlackTree.java:375)
	at alda.t9.redblack.RedBlackTree.revDir(RedBlackTree.java:375)
	at alda.t9.redblack.RedBlackTree.revDir(RedBlackTree.java:375)
	at alda.t9.redblack.RedBlackTree.revDir(RedBlackTree.java:375)
	at alda.t9.redblack.RedBlackTree.revDir(RedBlackTree.java:375)
	at alda.t9.redblack.RedBlackTree.revDir(RedBlackTree.java:375)
	at alda.t9.redblack.RedBlackTree.revDir(RedBlackTree.java:375)
	at alda.t9.redblack.RedBlackTree.revDir(RedBlackTree.java:375)
	at alda.t9.redblack.RedBlackTree.revDir(RedBlackTree.java:375)
	at alda.t9.redblack.RedBlackTree.revDir(RedBlackTree.java:375)
	at alda.t9.redblack.RedBlackTree.revDir(RedBlackTree.java:375)
	at alda.t9.redblack.RedBlackTree.revDir(RedBlackTree.java:375)
	at alda.t9.redblack.RedBlackTree.revDir(RedBlackTree.java:375)
	at alda.t9.redblack.RedBlackTree.revDir(RedBlackTree.java:375)
	at alda.t9.redblack.RedBlackTree.revDir(RedBlackTree.java:375)
	at alda.t9.redblack.RedBlackTree.revDir(RedBlackTree.java:375)
	at alda.t9.redblack.RedBlackTree.revDir(RedBlackTree.java:375)
	at alda.t9.redblack.RedBlackTree.revDir(RedBlackTree.java:375)
	at alda.t9.redblack.RedBlackTree.revDir(RedBlackTree.java:375)
	at alda.t9.redblack.RedBlackTree.revDir(RedBlackTree.java:375)
	at alda.t9.redblack.RedBlackTree.revDir(RedBlackTree.java:375)
	at alda.t9.redblack.RedBlackTree.revDir(RedBlackTree.java:375)
	at alda.t9.redblack.RedBlackTree.revDir(RedBlackTree.java:375)
	at alda.t9.redblack.RedBlackTree.revDir(RedBlackTree.java:375)
	at alda.t9.redblack.RedBlackTree.revDir(RedBlackTree.java:375)
	at alda.t9.redblack.RedBlackTree.revDir(RedBlackTree.java:375)
	at alda.t9.redblack.RedBlackTree.revDir(RedBlackTree.java:375)
	at alda.t9.redblack.RedBlackTree.revDir(RedBlackTree.java:375)
	at alda.t9.redblack.RedBlackTree.revDir(RedBlackTree.java:375)
	at alda.t9.redblack.RedBlackTree.revDir(RedBlackTree.java:375)
	at alda.t9.redblack.RedBlackTree.revDir(RedBlackTree.java:375)
	at alda.t9.redblack.RedBlackTree.revDir(RedBlackTree.java:375)
	at alda.t9.redblack.RedBlackTree.revDir(RedBlackTree.java:375)
	at alda.t9.redblack.RedBlackTree.revDir(RedBlackTree.java:375)
	at alda.t9.redblack.RedBlackTree.revDir(RedBlackTree.java:375)
	at alda.t9.redblack.RedBlackTree.revDir(RedBlackTree.java:375)
	at alda.t9.redblack.RedBlackTree.revDir(RedBlackTree.java:375)
	at alda.t9.redblack.RedBlackTree.revDir(RedBlackTree.java:375)
	at alda.t9.redblack.RedBlackTree.revDir(RedBlackTree.java:375)
	at alda.t9.redblack.RedBlackTree.revDir(RedBlackTree.java:375)
	at alda.t9.redblack.RedBlackTree.revDir(RedBlackTree.java:375)
	at alda.t9.redblack.RedBlackTree.revDir(RedBlackTree.java:375)
	at alda.t9.redblack.RedBlackTree.revDir(RedBlackTree.java:375)
	at alda.t9.redblack.RedBlackTree.revDir(RedBlackTree.java:375)
	at alda.t9.redblack.RedBlackTree.revDir(RedBlackTree.java:375)
	at alda.t9.redblack.RedBlackTree.revDir(RedBlackTree.java:375)
	at alda.t9.redblack.RedBlackTree.revDir(RedBlackTree.java:375)
	at alda.t9.redblack.RedBlackTree.revDir(RedBlackTree.java:375)
	at alda.t9.redblack.RedBlackTree.revDir(RedBlackTree.java:375)
	at alda.t9.redblack.RedBlackTree.revDir(RedBlackTree.java:375)
	at alda.t9.redblack.RedBlackTree.revDir(RedBlackTree.java:375)
	at alda.t9.redblack.RedBlackTree.revDir(RedBlackTree.java:375)
	at alda.t9.redblack.RedBlackTree.revDir(RedBlackTree.java:375)
	at alda.t9.redblack.RedBlackTree.revDir(RedBlackTree.java:375)
	at alda.t9.redblack.RedBlackTree.revDir(RedBlackTree.java:375)
	at alda.t9.redblack.RedBlackTree.revDir(RedBlackTree.java:375)
	at alda.t9.redblack.RedBlackTree.revDir(RedBlackTree.java:375)
	at alda.t9.redblack.RedBlackTree.revDir(RedBlackTree.java:375)
	at alda.t9.redblack.RedBlackTree.revDir(RedBlackTree.java:375)
	at alda.t9.redblack.RedBlackTree.revDir(RedBlackTree.java:375)
	at alda.t9.redblack.RedBlackTree.revDir(RedBlackTree.java:375)
	at alda.t9.redblack.RedBlackTree.revDir(RedBlackTree.java:375)
	at alda.t9.redblack.RedBlackTree.revDir(RedBlackTree.java:375)
	at alda.t9.redblack.RedBlackTree.revDir(RedBlackTree.java:375)
	at alda.t9.redblack.RedBlackTree.revDir(RedBlackTree.java:375)
	at alda.t9.redblack.RedBlackTree.revDir(RedBlackTree.java:375)
	at alda.t9.redblack.RedBlackTree.revDir(RedBlackTree.java:375)
	at alda.t9.redblack.RedBlackTree.revDir(RedBlackTree.java:375)
	at alda.t9.redblack.RedBlackTree.revDir(RedBlackTree.java:375)
	at alda.t9.redblack.RedBlackTree.revDir(RedBlackTree.java:375)
	at alda.t9.redblack.RedBlackTree.revDir(RedBlackTree.java:375)
	at alda.t9.redblack.RedBlackTree.revDir(RedBlackTree.java:375)
	at alda.t9.redblack.RedBlackTree.revDir(RedBlackTree.java:375)
	at alda.t9.redblack.RedBlackTree.revDir(RedBlackTree.java:375)
	at alda.t9.redblack.RedBlackTree.revDir(RedBlackTree.java:375)
	at alda.t9.redblack.RedBlackTree.revDir(RedBlackTree.java:375)
	at alda.t9.redblack.RedBlackTree.revDir(RedBlackTree.java:375)
	at alda.t9.redblack.RedBlackTree.revDir(RedBlackTree.java:375)
	at alda.t9.redblack.RedBlackTree.revDir(RedBlackTree.java:375)
	at alda.t9.redblack.RedBlackTree.revDir(RedBlackTree.java:375)
	at alda.t9.redblack.RedBlackTree.revDir(RedBlackTree.java:375)
	at alda.t9.redblack.RedBlackTree.revDir(RedBlackTree.java:375)
	at alda.t9.redblack.RedBlackTree.revDir(RedBlackTree.java:375)
	at alda.t9.redblack.RedBlackTree.revDir(RedBlackTree.java:375)
	at alda.t9.redblack.RedBlackTree.revDir(RedBlackTree.java:375)
	at alda.t9.redblack.RedBlackTree.revDir(RedBlackTree.java:375)
	at alda.t9.redblack.RedBlackTree.revDir(RedBlackTree.java:375)
	at alda.t9.redblack.RedBlackTree.revDir(RedBlackTree.java:375)
	at alda.t9.redblack.RedBlackTree.revDir(RedBlackTree.java:375)
	at alda.t9.redblack.RedBlackTree.revDir(RedBlackTree.java:375)
	at alda.t9.redblack.RedBlackTree.revDir(RedBlackTree.java:375)
	at alda.t9.redblack.RedBlackTree.revDir(RedBlackTree.java:375)
	at alda.t9.redblack.RedBlackTree.revDir(RedBlackTree.java:375)
	at alda.t9.redblack.RedBlackTree.revDir(RedBlackTree.java:375)
	at alda.t9.redblack.RedBlackTree.revDir(RedBlackTree.java:375)
	at alda.t9.redblack.RedBlackTree.revDir(RedBlackTree.java:375)
	at alda.t9.redblack.RedBlackTree.revDir(RedBlackTree.java:375)
	at alda.t9.redblack.RedBlackTree.revDir(RedBlackTree.java:375)
	at alda.t9.redblack.RedBlackTree.revDir(RedBlackTree.java:375)
	at alda.t9.redblack.RedBlackTree.revDir(RedBlackTree.java:375)
	at alda.t9.redblack.RedBlackTree.revDir(RedBlackTree.java:375)
	at alda.t9.redblack.RedBlackTree.revDir(RedBlackTree.java:375)
	at alda.t9.redblack.RedBlackTree.revDir(RedBlackTree.java:375)
	at alda.t9.redblack.RedBlackTree.revDir(RedBlackTree.java:375)
	at alda.t9.redblack.RedBlackTree.revDir(RedBlackTree.java:375)
	at alda.t9.redblack.RedBlackTree.revDir(RedBlackTree.java:375)
	at alda.t9.redblack.RedBlackTree.revDir(RedBlackTree.java:375)
	at alda.t9.redblack.RedBlackTree.revDir(RedBlackTree.java:375)
	at alda.t9.redblack.RedBlackTree.revDir(RedBlackTree.java:375)
	at alda.t9.redblack.RedBlackTree.revDir(RedBlackTree.java:375)
	at alda.t9.redblack.RedBlackTree.revDir(RedBlackTree.java:375)
	at alda.t9.redblack.RedBlackTree.revDir(RedBlackTree.java:375)
	at alda.t9.redblack.RedBlackTree.revDir(RedBlackTree.java:375)
	at alda.t9.redblack.RedBlackTree.revDir(RedBlackTree.java:375)
	at alda.t9.redblack.RedBlackTree.revDir(RedBlackTree.java:375)
	at alda.t9.redblack.RedBlackTree.revDir(RedBlackTree.java:375)
	at alda.t9.redblack.RedBlackTree.revDir(RedBlackTree.java:375)
	at alda.t9.redblack.RedBlackTree.revDir(RedBlackTree.java:375)
	at alda.t9.redblack.RedBlackTree.revDir(RedBlackTree.java:375)
	at alda.t9.redblack.RedBlackTree.revDir(RedBlackTree.java:375)
	at alda.t9.redblack.RedBlackTree.revDir(RedBlackTree.java:375)
	at alda.t9.redblack.RedBlackTree.revDir(RedBlackTree.java:375)
	at alda.t9.redblack.RedBlackTree.revDir(RedBlackTree.java:375)
	at alda.t9.redblack.RedBlackTree.revDir(RedBlackTree.java:375)
	at alda.t9.redblack.RedBlackTree.revDir(RedBlackTree.java:375)
	at alda.t9.redblack.RedBlackTree.revDir(RedBlackTree.java:375)
	at alda.t9.redblack.RedBlackTree.revDir(RedBlackTree.java:375)
	at alda.t9.redblack.RedBlackTree.revDir(RedBlackTree.java:375)
	at alda.t9.redblack.RedBlackTree.revDir(RedBlackTree.java:375)
	at alda.t9.redblack.RedBlackTree.revDir(RedBlackTree.java:375)
	at alda.t9.redblack.RedBlackTree.revDir(RedBlackTree.java:375)
	at alda.t9.redblack.RedBlackTree.revDir(RedBlackTree.java:375)
	at alda.t9.redblack.RedBlackTree.revDir(RedBlackTree.java:375)
	at alda.t9.redblack.RedBlackTree.revDir(RedBlackTree.java:375)
	at alda.t9.redblack.RedBlackTree.revDir(RedBlackTree.java:375)
	at alda.t9.redblack.RedBlackTree.revDir(RedBlackTree.java:375)
	at alda.t9.redblack.RedBlackTree.revDir(RedBlackTree.java:375)
	at alda.t9.redblack.RedBlackTree.revDir(RedBlackTree.java:375)
	at alda.t9.redblack.RedBlackTree.revDir(RedBlackTree.java:375)
	at alda.t9.redblack.RedBlackTree.revDir(RedBlackTree.java:375)
	at alda.t9.redblack.RedBlackTree.revDir(RedBlackTree.java:375)
	at alda.t9.redblack.RedBlackTree.revDir(RedBlackTree.java:375)
	at alda.t9.redblack.RedBlackTree.revDir(RedBlackTree.java:375)
	at alda.t9.redblack.RedBlackTree.revDir(RedBlackTree.java:375)
	at alda.t9.redblack.RedBlackTree.revDir(RedBlackTree.java:375)
	at alda.t9.redblack.RedBlackTree.revDir(RedBlackTree.java:375)
	at alda.t9.redblack.RedBlackTree.revDir(RedBlackTree.java:375)
	at alda.t9.redblack.RedBlackTree.revDir(RedBlackTree.java:375)
	at alda.t9.redblack.RedBlackTree.revDir(RedBlackTree.java:375)
	at alda.t9.redblack.RedBlackTree.revDir(RedBlackTree.java:375)
	at alda.t9.redblack.RedBlackTree.revDir(RedBlackTree.java:375)
	at alda.t9.redblack.RedBlackTree.revDir(RedBlackTree.java:375)
	at alda.t9.redblack.RedBlackTree.revDir(RedBlackTree.java:375)
	at alda.t9.redblack.RedBlackTree.revDir(RedBlackTree.java:375)
	at alda.t9.redblack.RedBlackTree.revDir(RedBlackTree.java:375)
	at alda.t9.redblack.RedBlackTree.revDir(RedBlackTree.java:375)
	at alda.t9.redblack.RedBlackTree.revDir(RedBlackTree.java:375)
	at alda.t9.redblack.RedBlackTree.revDir(RedBlackTree.java:375)
	at alda.t9.redblack.RedBlackTree.revDir(RedBlackTree.java:375)
	at alda.t9.redblack.RedBlackTree.revDir(RedBlackTree.java:375)
	at alda.t9.redblack.RedBlackTree.revDir(RedBlackTree.java:375)
	at alda.t9.redblack.RedBlackTree.revDir(RedBlackTree.java:375)
	at alda.t9.redblack.RedBlackTree.revDir(RedBlackTree.java:375)
	at alda.t9.redblack.RedBlackTree.revDir(RedBlackTree.java:375)
	at alda.t9.redblack.RedBlackTree.revDir(RedBlackTree.java:375)
	at alda.t9.redblack.RedBlackTree.revDir(RedBlackTree.java:375)
	at alda.t9.redblack.RedBlackTree.revDir(RedBlackTree.java:375)
	at alda.t9.redblack.RedBlackTree.revDir(RedBlackTree.java:375)
	at alda.t9.redblack.RedBlackTree.revDir(RedBlackTree.java:375)
	at alda.t9.redblack.RedBlackTree.revDir(RedBlackTree.java:375)
	at alda.t9.redblack.RedBlackTree.revDir(RedBlackTree.java:375)
	at alda.t9.redblack.RedBlackTree.revDir(RedBlackTree.java:375)
	at alda.t9.redblack.RedBlackTree.revDir(RedBlackTree.java:375)
	at alda.t9.redblack.RedBlackTree.revDir(RedBlackTree.java:375)
	at alda.t9.redblack.RedBlackTree.revDir(RedBlackTree.java:375)
	at alda.t9.redblack.RedBlackTree.revDir(RedBlackTree.java:375)
	at alda.t9.redblack.RedBlackTree.revDir(RedBlackTree.java:375)
	at alda.t9.redblack.RedBlackTree.revDir(RedBlackTree.java:375)
	at alda.t9.redblack.RedBlackTree.revDir(RedBlackTree.java:375)
	at alda.t9.redblack.RedBlackTree.revDir(RedBlackTree.java:375)
	at alda.t9.redblack.RedBlackTree.revDir(RedBlackTree.java:375)
	at alda.t9.redblack.RedBlackTree.revDir(RedBlackTree.java:375)
	at alda.t9.redblack.RedBlackTree.revDir(RedBlackTree.java:375)
	at alda.t9.redblack.RedBlackTree.revDir(RedBlackTree.java:375)
	at alda.t9.redblack.RedBlackTree.revDir(RedBlackTree.java:375)
	at alda.t9.redblack.RedBlackTree.revDir(RedBlackTree.java:375)
	at alda.t9.redblack.RedBlackTree.revDir(RedBlackTree.java:375)
	at alda.t9.redblack.RedBlackTree.revDir(RedBlackTree.java:375)
	at alda.t9.redblack.RedBlackTree.revDir(RedBlackTree.java:375)
	at alda.t9.redblack.RedBlackTree.revDir(RedBlackTree.java:375)
	at alda.t9.redblack.RedBlackTree.revDir(RedBlackTree.java:375)
	at alda.t9.redblack.RedBlackTree.revDir(RedBlackTree.java:375)
	at alda.t9.redblack.RedBlackTree.revDir(RedBlackTree.java:375)
	at alda.t9.redblack.RedBlackTree.revDir(RedBlackTree.java:375)
	at alda.t9.redblack.RedBlackTree.revDir(RedBlackTree.java:375)
	at alda.t9.redblack.RedBlackTree.revDir(RedBlackTree.java:375)
	at alda.t9.redblack.RedBlackTree.revDir(RedBlackTree.java:375)
	at alda.t9.redblack.RedBlackTree.revDir(RedBlackTree.java:375)
	at alda.t9.redblack.RedBlackTree.revDir(RedBlackTree.java:375)
	at alda.t9.redblack.RedBlackTree.revDir(RedBlackTree.java:375)
	at alda.t9.redblack.RedBlackTree.revDir(RedBlackTree.java:375)
[...]
	at alda.t9.redblack.RedBlackTree.revDir(RedBlackTree.java:375)
	at alda.t9.redblack.RedBlackTree.revDir(RedBlackTree.java:375)
	at alda.t9.redblack.RedBlackTree.revDir(RedBlackTree.java:375)
	at alda.t9.redblack.RedBlackTree.revDir(RedBlackTree.java:375)
	at alda.t9.redblack.RedBlackTree.revDir(RedBlackTree.java:375)
	at alda.t9.redblack.RedBlackTree.revDir(RedBlackTree.java:375)
	at alda.t9.redblack.RedBlackTree.revDir(RedBlackTree.java:375)
	at alda.t9.redblack.RedBlackTree.revDir(RedBlackTree.java:375)
	at alda.t9.redblack.RedBlackTree.revDir(RedBlackTree.java:375)
	at alda.t9.redblack.RedBlackTree.revDir(RedBlackTree.java:375)
	at alda.t9.redblack.RedBlackTree.revDir(RedBlackTree.java:375)
	at alda.t9.redblack.RedBlackTree.revDir(RedBlackTree.java:375)
	at alda.t9.redblack.RedBlackTree.revDir(RedBlackTree.java:375)
	at alda.t9.redblack.RedBlackTree.revDir(RedBlackTree.java:375)
	at alda.t9.redblack.RedBlackTree.revDir(RedBlackTree.java:375)
	at alda.t9.redblack.RedBlackTree.revDir(RedBlackTree.java:375)
	at alda.t9.redblack.RedBlackTree.revDir(RedBlackTree.java:375)
	at alda.t9.redblack.RedBlackTree.revDir(RedBlackTree.java:375)
	at alda.t9.redblack.RedBlackTree.revDir(RedBlackTree.java:375)
	at alda.t9.redblack.RedBlackTree.revDir(RedBlackTree.java:375)
	at alda.t9.redblack.RedBlackTree.revDir(RedBlackTree.java:375)
	at alda.t9.redblack.RedBlackTree.revDir(RedBlackTree.java:375)
	at alda.t9.redblack.RedBlackTree.revDir(RedBlackTree.java:375)
	at alda.t9.redblack.RedBlackTree.revDir(RedBlackTree.java:375)
	at alda.t9.redblack.RedBlackTree.revDir(RedBlackTree.java:375)
	at alda.t9.redblack.RedBlackTree.revDir(RedBlackTree.java:375)
	at alda.t9.redblack.RedBlackTree.revDir(RedBlackTree.java:375)
	at alda.t9.redblack.RedBlackTree.revDir(RedBlackTree.java:375)
	at alda.t9.redblack.RedBlackTree.revDir(RedBlackTree.java:375)
	at alda.t9.redblack.RedBlackTree.revDir(RedBlackTree.java:375)
	at alda.t9.redblack.RedBlackTree.revDir(RedBlackTree.java:375)
	at alda.t9.redblack.RedBlackTree.revDir(RedBlackTree.java:375)
	at alda.t9.redblack.RedBlackTree.revDir(RedBlackTree.java:375)
	at alda.t9.redblack.RedBlackTree.revDir(RedBlackTree.java:375)
	at alda.t9.redblack.RedBlackTree.revDir(RedBlackTree.java:375)
	at alda.t9.redblack.RedBlackTree.revDir(RedBlackTree.java:375)
	at alda.t9.redblack.RedBlackTree.revDir(RedBlackTree.java:375)
	at alda.t9.redblack.RedBlackTree.revDir(RedBlackTree.java:375)
	at alda.t9.redblack.RedBlackTree.revDir(RedBlackTree.java:375)
	at alda.t9.redblack.RedBlackTree.revDir(RedBlackTree.java:375)
	at alda.t9.redblack.RedBlackTree.revDir(RedBlackTree.java:375)
	at alda.t9.redblack.RedBlackTree.revDir(RedBlackTree.java:375)
	at alda.t9.redblack.RedBlackTree.revDir(RedBlackTree.java:375)
	at alda.t9.redblack.RedBlackTree.revDir(RedBlackTree.java:375)
	at alda.t9.redblack.RedBlackTree.revDir(RedBlackTree.java:375)
	at alda.t9.redblack.RedBlackTree.revDir(RedBlackTree.java:375)
	at alda.t9.redblack.RedBlackTree.revDir(RedBlackTree.java:375)
	at alda.t9.redblack.RedBlackTree.revDir(RedBlackTree.java:375)
	at alda.t9.redblack.RedBlackTree.revDir(RedBlackTree.java:375)
	at alda.t9.redblack.RedBlackTree.revDir(RedBlackTree.java:375)
	at alda.t9.redblack.RedBlackTree.revDir(RedBlackTree.java:375)
	at alda.t9.redblack.RedBlackTree.revDir(RedBlackTree.java:375)
	at alda.t9.redblack.RedBlackTree.revDir(RedBlackTree.java:375)
	at alda.t9.redblack.RedBlackTree.revDir(RedBlackTree.java:375)
	at alda.t9.redblack.RedBlackTree.revDir(RedBlackTree.java:375)
	at alda.t9.redblack.RedBlackTree.revDir(RedBlackTree.java:375)
	at alda.t9.redblack.RedBlackTree.revDir(RedBlackTree.java:375)
	at alda.t9.redblack.RedBlackTree.revDir(RedBlackTree.java:375)
	at alda.t9.redblack.RedBlackTree.revDir(RedBlackTree.java:375)
	at alda.t9.redblack.RedBlackTree.revDir(RedBlackTree.java:375)
	at alda.t9.redblack.RedBlackTree.revDir(RedBlackTree.java:375)
	at alda.t9.redblack.RedBlackTree.revDir(RedBlackTree.java:375)
	at alda.t9.redblack.RedBlackTree.revDir(RedBlackTree.java:375)
	at alda.t9.redblack.RedBlackTree.revDir(RedBlackTree.java:375)
	at alda.t9.redblack.RedBlackTree.revDir(RedBlackTree.java:375)
	at alda.t9.redblack.RedBlackTree.revDir(RedBlackTree.java:375)
	at alda.t9.redblack.RedBlackTree.revDir(RedBlackTree.java:375)
	at alda.t9.redblack.RedBlackTree.revDir(RedBlackTree.java:375)
	at alda.t9.redblack.RedBlackTree.revDir(RedBlackTree.java:375)
	at alda.t9.redblack.RedBlackTree.revDir(RedBlackTree.java:375)
	at alda.t9.redblack.RedBlackTree.revDir(RedBlackTree.java:375)
	at alda.t9.redblack.RedBlackTree.revDir(RedBlackTree.java:375)
	at alda.t9.redblack.RedBlackTree.revDir(RedBlackTree.java:375)
	at alda.t9.redblack.RedBlackTree.revDir(RedBlackTree.java:375)
	at alda.t9.redblack.RedBlackTree.revDir(RedBlackTree.java:375)
	at alda.t9.redblack.RedBlackTree.revDir(RedBlackTree.java:375)
	at alda.t9.redblack.RedBlackTree.revDir(RedBlackTree.java:375)
	at alda.t9.redblack.RedBlackTree.revDir(RedBlackTree.java:375)
	at alda.t9.redblack.RedBlackTree.revDir(RedBlackTree.java:375)
	at alda.t9.redblack.RedBlackTree.revDir(RedBlackTree.java:375)
	at alda.t9.redblack.RedBlackTree.revDir(RedBlackTree.java:375)
	at alda.t9.redblack.RedBlackTree.revDir(RedBlackTree.java:375)
	at alda.t9.redblack.RedBlackTree.revDir(RedBlackTree.java:375)
	at alda.t9.redblack.RedBlackTree.revDir(RedBlackTree.java:375)
	at alda.t9.redblack.RedBlackTree.revDir(RedBlackTree.java:375)
	at alda.t9.redblack.RedBlackTree.revDir(RedBlackTree.java:375)
	at alda.t9.redblack.RedBlackTree.revDir(RedBlackTree.java:375)
	at alda.t9.redblack.RedBlackTree.revDir(RedBlackTree.java:375)
	at alda.t9.redblack.RedBlackTree.revDir(RedBlackTree.java:375)
	at alda.t9.redblack.RedBlackTree.revDir(RedBlackTree.java:375)
	at alda.t9.redblack.RedBlackTree.revDir(RedBlackTree.java:375)
	at alda.t9.redblack.RedBlackTree.revDir(RedBlackTree.java:375)
	at alda.t9.redblack.RedBlackTree.revDir(RedBlackTree.java:375)
	at alda.t9.redblack.RedBlackTree.revDir(RedBlackTree.java:375)
	at alda.t9.redblack.RedBlackTree.revDir(RedBlackTree.java:375)
	at alda.t9.redblack.RedBlackTree.revDir(RedBlackTree.java:375)
	at alda.t9.redblack.RedBlackTree.revDir(RedBlackTree.java:375)
	at alda.t9.redblack.RedBlackTree.revDir(RedBlackTree.java:375)
	at alda.t9.redblack.RedBlackTree.revDir(RedBlackTree.java:375)
	at alda.t9.redblack.RedBlackTree.revDir(RedBlackTree.java:375)
	at alda.t9.redblack.RedBlackTree.revDir(RedBlackTree.java:375)
	at alda.t9.redblack.RedBlackTree.revDir(RedBlackTree.java:375)
	at alda.t9.redblack.RedBlackTree.revDir(RedBlackTree.java:375)
	at alda.t9.redblack.RedBlackTree.revDir(RedBlackTree.java:375)
	at alda.t9.redblack.RedBlackTree.revDir(RedBlackTree.java:375)
	at alda.t9.redblack.RedBlackTree.revDir(RedBlackTree.java:375)
	at alda.t9.redblack.RedBlackTree.revDir(RedBlackTree.java:375)
	at alda.t9.redblack.RedBlackTree.revDir(RedBlackTree.java:375)
	at alda.t9.redblack.RedBlackTree.revDir(RedBlackTree.java:375)
	at alda.t9.redblack.RedBlackTree.revDir(RedBlackTree.java:375)
	at alda.t9.redblack.RedBlackTree.revDir(RedBlackTree.java:375)
	at alda.t9.redblack.RedBlackTree.revDir(RedBlackTree.java:375)
	at alda.t9.redblack.RedBlackTree.revDir(RedBlackTree.java:375)
	at alda.t9.redblack.RedBlackTree.revDir(RedBlackTree.java:375)
	at alda.t9.redblack.RedBlackTree.revDir(RedBlackTree.java:375)
	at alda.t9.redblack.RedBlackTree.revDir(RedBlackTree.java:375)
	at alda.t9.redblack.RedBlackTree.revDir(RedBlackTree.java:375)
	at alda.t9.redblack.RedBlackTree.revDir(RedBlackTree.java:375)
	at alda.t9.redblack.RedBlackTree.revDir(RedBlackTree.java:375)
	at alda.t9.redblack.RedBlackTree.revDir(RedBlackTree.java:375)
	at alda.t9.redblack.RedBlackTree.revDir(RedBlackTree.java:375)
	at alda.t9.redblack.RedBlackTree.revDir(RedBlackTree.java:375)
	at alda.t9.redblack.RedBlackTree.revDir(RedBlackTree.java:375)
	at alda.t9.redblack.RedBlackTree.revDir(RedBlackTree.java:375)
	at alda.t9.redblack.RedBlackTree.revDir(RedBlackTree.java:375)
	at alda.t9.redblack.RedBlackTree.revDir(RedBlackTree.java:375)
	at alda.t9.redblack.RedBlackTree.revDir(RedBlackTree.java:375)
	at alda.t9.redblack.RedBlackTree.revDir(RedBlackTree.java:375)
	at alda.t9.redblack.RedBlackTree.revDir(RedBlackTree.java:375)
	at alda.t9.redblack.RedBlackTree.revDir(RedBlackTree.java:375)
	at alda.t9.redblack.RedBlackTree.revDir(RedBlackTree.java:375)
	at alda.t9.redblack.RedBlackTree.revDir(RedBlackTree.java:375)
	at alda.t9.redblack.RedBlackTree.revDir(RedBlackTree.java:375)
	at alda.t9.redblack.RedBlackTree.revDir(RedBlackTree.java:375)
	at alda.t9.redblack.RedBlackTree.revDir(RedBlackTree.java:375)
	at alda.t9.redblack.RedBlackTree.revDir(RedBlackTree.java:375)
	at alda.t9.redblack.RedBlackTree.revDir(RedBlackTree.java:375)
	at alda.t9.redblack.RedBlackTree.revDir(RedBlackTree.java:375)
	at alda.t9.redblack.RedBlackTree.revDir(RedBlackTree.java:375)
	at alda.t9.redblack.RedBlackTree.revDir(RedBlackTree.java:375)
	at alda.t9.redblack.RedBlackTree.revDir(RedBlackTree.java:375)
	at alda.t9.redblack.RedBlackTree.revDir(RedBlackTree.java:375)
	at alda.t9.redblack.RedBlackTree.revDir(RedBlackTree.java:375)
	at alda.t9.redblack.RedBlackTree.revDir(RedBlackTree.java:375)
	at alda.t9.redblack.RedBlackTree.revDir(RedBlackTree.java:375)
	at alda.t9.redblack.RedBlackTree.revDir(RedBlackTree.java:375)
	at alda.t9.redblack.RedBlackTree.revDir(RedBlackTree.java:375)
	at alda.t9.redblack.RedBlackTree.revDir(RedBlackTree.java:375)
	at alda.t9.redblack.RedBlackTree.revDir(RedBlackTree.java:375)
	at alda.t9.redblack.RedBlackTree.revDir(RedBlackTree.java:375)
	at alda.t9.redblack.RedBlackTree.revDir(RedBlackTree.java:375)
	at alda.t9.redblack.RedBlackTree.revDir(RedBlackTree.java:375)
	at alda.t9.redblack.RedBlackTree.revDir(RedBlackTree.java:375)
	at alda.t9.redblack.RedBlackTree.revDir(RedBlackTree.java:375)
	at alda.t9.redblack.RedBlackTree.revDir(RedBlackTree.java:375)
	at alda.t9.redblack.RedBlackTree.revDir(RedBlackTree.java:375)
	at alda.t9.redblack.RedBlackTree.revDir(RedBlackTree.java:375)
	at alda.t9.redblack.RedBlackTree.revDir(RedBlackTree.java:375)
	at alda.t9.redblack.RedBlackTree.revDir(RedBlackTree.java:375)
	at alda.t9.redblack.RedBlackTree.revDir(RedBlackTree.java:375)
	at alda.t9.redblack.RedBlackTree.revDir(RedBlackTree.java:375)
	at alda.t9.redblack.RedBlackTree.revDir(RedBlackTree.java:375)
	at alda.t9.redblack.RedBlackTree.revDir(RedBlackTree.java:375)
	at alda.t9.redblack.RedBlackTree.revDir(RedBlackTree.java:375)
	at alda.t9.redblack.RedBlackTree.revDir(RedBlackTree.java:375)
	at alda.t9.redblack.RedBlackTree.revDir(RedBlackTree.java:375)
	at alda.t9.redblack.RedBlackTree.revDir(RedBlackTree.java:375)
	at alda.t9.redblack.RedBlackTree.revDir(RedBlackTree.java:375)
	at alda.t9.redblack.RedBlackTree.revDir(RedBlackTree.java:375)
	at alda.t9.redblack.RedBlackTree.revDir(RedBlackTree.java:375)
	at alda.t9.redblack.RedBlackTree.revDir(RedBlackTree.java:375)
	at alda.t9.redblack.RedBlackTree.revDir(RedBlackTree.java:375)
	at alda.t9.redblack.RedBlackTree.revDir(RedBlackTree.java:375)
	at alda.t9.redblack.RedBlackTree.revDir(RedBlackTree.java:375)
	at alda.t9.redblack.RedBlackTree.revDir(RedBlackTree.java:375)
	at alda.t9.redblack.RedBlackTree.revDir(RedBlackTree.java:375)
	at alda.t9.redblack.RedBlackTree.revDir(RedBlackTree.java:375)
	at alda.t9.redblack.RedBlackTree.revDir(RedBlackTree.java:375)
	at alda.t9.redblack.RedBlackTree.revDir(RedBlackTree.java:375)
	at alda.t9.redblack.RedBlackTree.revDir(RedBlackTree.java:375)
	at alda.t9.redblack.RedBlackTree.revDir(RedBlackTree.java:375)
	at alda.t9.redblack.RedBlackTree.revDir(RedBlackTree.java:375)
	at alda.t9.redblack.RedBlackTree.revDir(RedBlackTree.java:375)
	at alda.t9.redblack.RedBlackTree.revDir(RedBlackTree.java:375)
	at alda.t9.redblack.RedBlackTree.revDir(RedBlackTree.java:375)
	at alda.t9.redblack.RedBlackTree.revDir(RedBlackTree.java:375)
	at alda.t9.redblack.RedBlackTree.revDir(RedBlackTree.java:375)
	at alda.t9.redblack.RedBlackTree.revDir(RedBlackTree.java:375)
	at alda.t9.redblack.RedBlackTree.revDir(RedBlackTree.java:375)
	at alda.t9.redblack.RedBlackTree.revDir(RedBlackTree.java:375)
	at alda.t9.redblack.RedBlackTree.revDir(RedBlackTree.java:375)
	at alda.t9.redblack.RedBlackTree.revDir(RedBlackTree.java:375)
	at alda.t9.redblack.RedBlackTree.revDir(RedBlackTree.java:375)
	at alda.t9.redblack.RedBlackTree.revDir(RedBlackTree.java:375)
	at alda.t9.redblack.RedBlackTree.revDir(RedBlackTree.java:375)
	at alda.t9.redblack.RedBlackTree.revDir(RedBlackTree.java:375)
	at alda.t9.redblack.RedBlackTree.revDir(RedBlackTree.java:375)
	at alda.t9.redblack.RedBlackTree.revDir(RedBlackTree.java:375)
	at alda.t9.redblack.RedBlackTree.revDir(RedBlackTree.java:375)
	at alda.t9.redblack.RedBlackTree.revDir(RedBlackTree.java:375)
	at alda.t9.redblack.RedBlackTree.revDir(RedBlackTree.java:375)
	at alda.t9.redblack.RedBlackTree.revDir(RedBlackTree.java:375)
	at alda.t9.redblack.RedBlackTree.revDir(RedBlackTree.java:375)
	at alda.t9.redblack.RedBlackTree.revDir(RedBlackTree.java:375)
	at alda.t9.redblack.RedBlackTree.revDir(RedBlackTree.java:375)
	at alda.t9.redblack.RedBlackTree.revDir(RedBlackTree.java:375)
	at alda.t9.redblack.RedBlackTree.revDir(RedBlackTree.java:375)
	at alda.t9.redblack.RedBlackTree.revDir(RedBlackTree.java:375)
	at alda.t9.redblack.RedBlackTree.revDir(RedBlackTree.java:375)
	at alda.t9.redblack.RedBlackTree.revDir(RedBlackTree.java:375)
	at alda.t9.redblack.RedBlackTree.revDir(RedBlackTree.java:375)
	at alda.t9.redblack.RedBlackTree.revDir(RedBlackTree.java:375)
	at alda.t9.redblack.RedBlackTree.revDir(RedBlackTree.java:375)
	at alda.t9.redblack.RedBlackTree.revDir(RedBlackTree.java:375)
	at alda.t9.redblack.RedBlackTree.revDir(RedBlackTree.java:375)
	at alda.t9.redblack.RedBlackTree.revDir(RedBlackTree.java:375)
	at alda.t9.redblack.RedBlackTree.revDir(RedBlackTree.java:375)
	at alda.t9.redblack.RedBlackTree.revDir(RedBlackTree.java:375)
	at alda.t9.redblack.RedBlackTree.revDir(RedBlackTree.java:375)
	at alda.t9.redblack.RedBlackTree.revDir(RedBlackTree.java:375)
	at alda.t9.redblack.RedBlackTree.revDir(RedBlackTree.java:375)
	at alda.t9.redblack.RedBlackTree.revDir(RedBlackTree.java:375)
	at alda.t9.redblack.RedBlackTree.revDir(RedBlackTree.java:375)
	at alda.t9.redblack.RedBlackTree.revDir(RedBlackTree.java:375)
	at alda.t9.redblack.RedBlackTree.revDir(RedBlackTree.java:375)
	at alda.t9.redblack.RedBlackTree.revDir(RedBlackTree.java:375)
	at alda.t9.redblack.RedBlackTree.revDir(RedBlackTree.java:375)
	at alda.t9.redblack.RedBlackTree.revDir(RedBlackTree.java:375)
	at alda.t9.redblack.RedBlackTree.revDir(RedBlackTree.java:375)
	at alda.t9.redblack.RedBlackTree.revDir(RedBlackTree.java:375)
	at alda.t9.redblack.RedBlackTree.revDir(RedBlackTree.java:375)
	at alda.t9.redblack.RedBlackTree.revDir(RedBlackTree.java:375)
	at alda.t9.redblack.RedBlackTree.revDir(RedBlackTree.java:375)
	at alda.t9.redblack.RedBlackTree.revDir(RedBlackTree.java:375)
	at alda.t9.redblack.RedBlackTree.revDir(RedBlackTree.java:375)
	at alda.t9.redblack.RedBlackTree.revDir(RedBlackTree.java:375)
	at alda.t9.redblack.RedBlackTree.revDir(RedBlackTree.java:375)
	at alda.t9.redblack.RedBlackTree.revDir(RedBlackTree.java:375)
	at alda.t9.redblack.RedBlackTree.revDir(RedBlackTree.java:375)
	at alda.t9.redblack.RedBlackTree.revDir(RedBlackTree.java:375)
	at alda.t9.redblack.RedBlackTree.revDir(RedBlackTree.java:375)
	at alda.t9.redblack.RedBlackTree.revDir(RedBlackTree.java:375)
	at alda.t9.redblack.RedBlackTree.revDir(RedBlackTree.java:375)
	at alda.t9.redblack.RedBlackTree.revDir(RedBlackTree.java:375)
	at alda.t9.redblack.RedBlackTree.revDir(RedBlackTree.java:375)
	at alda.t9.redblack.RedBlackTree.revDir(RedBlackTree.java:375)
	at alda.t9.redblack.RedBlackTree.revDir(RedBlackTree.java:375)
	at alda.t9.redblack.RedBlackTree.revDir(RedBlackTree.java:375)
	at alda.t9.redblack.RedBlackTree.revDir(RedBlackTree.java:375)
	at alda.t9.redblack.RedBlackTree.revDir(RedBlackTree.java:375)
	at alda.t9.redblack.RedBlackTree.revDir(RedBlackTree.java:375)
	at alda.t9.redblack.RedBlackTree.revDir(RedBlackTree.java:375)
	at alda.t9.redblack.RedBlackTree.revDir(RedBlackTree.java:375)
	at alda.t9.redblack.RedBlackTree.revDir(RedBlackTree.java:375)
	at alda.t9.redblack.RedBlackTree.revDir(RedBlackTree.java:375)
	at alda.t9.redblack.RedBlackTree.revDir(RedBlackTree.java:375)
	at alda.t9.redblack.RedBlackTree.revDir(RedBlackTree.java:375)
	at alda.t9.redblack.RedBlackTree.revDir(RedBlackTree.java:375)
	at alda.t9.redblack.RedBlackTree.revDir(RedBlackTree.java:375)
	at alda.t9.redblack.RedBlackTree.revDir(RedBlackTree.java:375)
	at alda.t9.redblack.RedBlackTree.revDir(RedBlackTree.java:375)
	at alda.t9.redblack.RedBlackTree.revDir(RedBlackTree.java:375)
	at alda.t9.redblack.RedBlackTree.revDir(RedBlackTree.java:375)
	at alda.t9.redblack.RedBlackTree.revDir(RedBlackTree.java:375)
	at alda.t9.redblack.RedBlackTree.revDir(RedBlackTree.java:375)
	at alda.t9.redblack.RedBlackTree.revDir(RedBlackTree.java:375)
	at alda.t9.redblack.RedBlackTree.revDir(RedBlackTree.java:375)
	at alda.t9.redblack.RedBlackTree.revDir(RedBlackTree.java:375)
	at alda.t9.redblack.RedBlackTree.revDir(RedBlackTree.java:375)
	at alda.t9.redblack.RedBlackTree.revDir(RedBlackTree.java:375)
	at alda.t9.redblack.RedBlackTree.revDir(RedBlackTree.java:375)
	at alda.t9.redblack.RedBlackTree.revDir(RedBlackTree.java:375)
	at alda.t9.redblack.RedBlackTree.revDir(RedBlackTree.java:375)
	at alda.t9.redblack.RedBlackTree.revDir(RedBlackTree.java:375)
	at alda.t9.redblack.RedBlackTree.revDir(RedBlackTree.java:375)
	at alda.t9.redblack.RedBlackTree.revDir(RedBlackTree.java:375)
	at alda.t9.redblack.RedBlackTree.revDir(RedBlackTree.java:375)
	at alda.t9.redblack.RedBlackTree.revDir(RedBlackTree.java:375)
	at alda.t9.redblack.RedBlackTree.revDir(RedBlackTree.java:375)
	at alda.t9.redblack.RedBlackTree.revDir(RedBlackTree.java:375)
	at alda.t9.redblack.RedBlackTree.revDir(RedBlackTree.java:375)
	at alda.t9.redblack.RedBlackTree.revDir(RedBlackTree.java:375)
	at alda.t9.redblack.RedBlackTree.revDir(RedBlackTree.java:375)
	at alda.t9.redblack.RedBlackTree.revDir(RedBlackTree.java:375)
	at alda.t9.redblack.RedBlackTree.revDir(RedBlackTree.java:375)
	at alda.t9.redblack.RedBlackTree.revDir(RedBlackTree.java:375)
	at alda.t9.redblack.RedBlackTree.revDir(RedBlackTree.java:375)
	at alda.t9.redblack.RedBlackTree.revDir(RedBlackTree.java:375)
	at alda.t9.redblack.RedBlackTree.revDir(RedBlackTree.java:375)
	at alda.t9.redblack.RedBlackTree.revDir(RedBlackTree.java:375)
	at alda.t9.redblack.RedBlackTree.revDir(RedBlackTree.java:375)
	at alda.t9.redblack.RedBlackTree.revDir(RedBlackTree.java:375)
	at alda.t9.redblack.RedBlackTree.revDir(RedBlackTree.java:375)
	at alda.t9.redblack.RedBlackTree.revDir(RedBlackTree.java:375)
	at alda.t9.redblack.RedBlackTree.revDir(RedBlackTree.java:375)
	at alda.t9.redblack.RedBlackTree.revDir(RedBlackTree.java:375)
	at alda.t9.redblack.RedBlackTree.revDir(RedBlackTree.java:375)
	at alda.t9.redblack.RedBlackTree.revDir(RedBlackTree.java:375)
	at alda.t9.redblack.RedBlackTree.revDir(RedBlackTree.java:375)
	at alda.t9.redblack.RedBlackTree.revDir(RedBlackTree.java:375)
	at alda.t9.redblack.RedBlackTree.revDir(RedBlackTree.java:375)
	at alda.t9.redblack.RedBlackTree.revDir(RedBlackTree.java:375)
	at alda.t9.redblack.RedBlackTree.revDir(RedBlackTree.java:375)
	at alda.t9.redblack.RedBlackTree.revDir(RedBlackTree.java:375)
	at alda.t9.redblack.RedBlackTree.revDir(RedBlackTree.java:375)
	at alda.t9.redblack.RedBlackTree.revDir(RedBlackTree.java:375)
	at alda.t9.redblack.RedBlackTree.revDir(RedBlackTree.java:375)
	at alda.t9.redblack.RedBlackTree.revDir(RedBlackTree.java:375)
	at alda.t9.redblack.RedBlackTree.revDir(RedBlackTree.java:375)
	at alda.t9.redblack.RedBlackTree.revDir(RedBlackTree.java:375)
	at alda.t9.redblack.RedBlackTree.revDir(RedBlackTree.java:375)
	at alda.t9.redblack.RedBlackTree.revDir(RedBlackTree.java:375)

