-------------------------------------------------------------------------------
Test set: alda.t9.redblack.RedBlackTreeTest
-------------------------------------------------------------------------------
Tests run: 11, Failures: 5, Errors: 2, Skipped: 0, Time elapsed: 0.266 s <<< FAILURE! -- in alda.t9.redblack.RedBlackTreeTest
alda.t9.redblack.RedBlackTreeTest.test(int)[4] -- Time elapsed: 0.007 s <<< ERROR!
java.lang.StackOverflowError
	at alda.t9.redblack.RedBlackTree.contains(RedBlackTree.java:375)
	at alda.t9.redblack.RedBlackTree.remove(RedBlackTree.java:151)
	at alda.t9.redblack.RedBlackTree.remove(RedBlackTree.java:293)
	at alda.t9.redblack.RedBlackTree.remove(RedBlackTree.java:293)
	at alda.t9.redblack.RedBlackTree.remove(RedBlackTree.java:293)
	at alda.t9.redblack.RedBlackTree.remove(RedBlackTree.java:293)
	at alda.t9.redblack.RedBlackTree.remove(RedBlackTree.java:293)
	at alda.t9.redblack.RedBlackTree.remove(RedBlackTree.java:293)
	at alda.t9.redblack.RedBlackTree.remove(RedBlackTree.java:293)
	at alda.t9.redblack.RedBlackTree.remove(RedBlackTree.java:293)
	at alda.t9.redblack.RedBlackTree.remove(RedBlackTree.java:293)
	at alda.t9.redblack.RedBlackTree.remove(RedBlackTree.java:293)
	at alda.t9.redblack.RedBlackTree.remove(RedBlackTree.java:293)
	at alda.t9.redblack.RedBlackTree.remove(RedBlackTree.java:293)
	at alda.t9.redblack.RedBlackTree.remove(RedBlackTree.java:293)
	at alda.t9.redblack.RedBlackTree.remove(RedBlackTree.java:293)
	at alda.t9.redblack.RedBlackTree.remove(RedBlackTree.java:293)
	at alda.t9.redblack.RedBlackTree.remove(RedBlackTree.java:293)
	at alda.t9.redblack.RedBlackTree.remove(RedBlackTree.java:293)
	at alda.t9.redblack.RedBlackTree.remove(RedBlackTree.java:293)
	at alda.t9.redblack.RedBlackTree.remove(RedBlackTree.java:293)
	at alda.t9.redblack.RedBlackTree.remove(RedBlackTree.java:293)
	at alda.t9.redblack.RedBlackTree.remove(RedBlackTree.java:293)
	at alda.t9.redblack.RedBlackTree.remove(RedBlackTree.java:293)
	at alda.t9.redblack.RedBlackTree.remove(RedBlackTree.java:293)
	at alda.t9.redblack.RedBlackTree.remove(RedBlackTree.java:293)
	at alda.t9.redblack.RedBlackTree.remove(RedBlackTree.java:293)
	at alda.t9.redblack.RedBlackTree.remove(RedBlackTree.java:293)
	at alda.t9.redblack.RedBlackTree.remove(RedBlackTree.java:293)
	at alda.t9.redblack.RedBlackTree.remove(RedBlackTree.java:293)
	at alda.t9.redblack.RedBlackTree.remove(RedBlackTree.java:293)
	at alda.t9.redblack.RedBlackTree.remove(RedBlackTree.java:293)
	at alda.t9.redblack.RedBlackTree.remove(RedBlackTree.java:293)
	at alda.t9.redblack.RedBlackTree.remove(RedBlackTree.java:293)
	at alda.t9.redblack.RedBlackTree.remove(RedBlackTree.java:293)
	at alda.t9.redblack.RedBlackTree.remove(RedBlackTree.java:293)
	at alda.t9.redblack.RedBlackTree.remove(RedBlackTree.java:293)
	at alda.t9.redblack.RedBlackTree.remove(RedBlackTree.java:293)
	at alda.t9.redblack.RedBlackTree.remove(RedBlackTree.java:293)
	at alda.t9.redblack.RedBlackTree.remove(RedBlackTree.java:293)
	at alda.t9.redblack.RedBlackTree.remove(RedBlackTree.java:293)
	at alda.t9.redblack.RedBlackTree.remove(RedBlackTree.java:293)
	at alda.t9.redblack.RedBlackTree.remove(RedBlackTree.java:293)
	at alda.t9.redblack.RedBlackTree.remove(RedBlackTree.java:293)
	at alda.t9.redblack.RedBlackTree.remove(RedBlackTree.java:293)
	at alda.t9.redblack.RedBlackTree.remove(RedBlackTree.java:293)
	at alda.t9.redblack.RedBlackTree.remove(RedBlackTree.java:293)
	at alda.t9.redblack.RedBlackTree.remove(RedBlackTree.java:293)
	at alda.t9.redblack.RedBlackTree.remove(RedBlackTree.java:293)
	at alda.t9.redblack.RedBlackTree.remove(RedBlackTree.java:293)
	at alda.t9.redblack.RedBlackTree.remove(RedBlackTree.java:293)
	at alda.t9.redblack.RedBlackTree.remove(RedBlackTree.java:293)
	at alda.t9.redblack.RedBlackTree.remove(RedBlackTree.java:293)
	at alda.t9.redblack.RedBlackTree.remove(RedBlackTree.java:293)
	at alda.t9.redblack.RedBlackTree.remove(RedBlackTree.java:293)
	at alda.t9.redblack.RedBlackTree.remove(RedBlackTree.java:293)
	at alda.t9.redblack.RedBlackTree.remove(RedBlackTree.java:293)
	at alda.t9.redblack.RedBlackTree.remove(RedBlackTree.java:293)
	at alda.t9.redblack.RedBlackTree.remove(RedBlackTree.java:293)
	at alda.t9.redblack.RedBlackTree.remove(RedBlackTree.java:293)
	at alda.t9.redblack.RedBlackTree.remove(RedBlackTree.java:293)
	at alda.t9.redblack.RedBlackTree.remove(RedBlackTree.java:293)
	at alda.t9.redblack.RedBlackTree.remove(RedBlackTree.java:293)
	at alda.t9.redblack.RedBlackTree.remove(RedBlackTree.java:293)
	at alda.t9.redblack.RedBlackTree.remove(RedBlackTree.java:293)
	at alda.t9.redblack.RedBlackTree.remove(RedBlackTree.java:293)
	at alda.t9.redblack.RedBlackTree.remove(RedBlackTree.java:293)
	at alda.t9.redblack.RedBlackTree.remove(RedBlackTree.java:293)
	at alda.t9.redblack.RedBlackTree.remove(RedBlackTree.java:293)
	at alda.t9.redblack.RedBlackTree.remove(RedBlackTree.java:293)
	at alda.t9.redblack.RedBlackTree.remove(RedBlackTree.java:293)
	at alda.t9.redblack.RedBlackTree.remove(RedBlackTree.java:293)
	at alda.t9.redblack.RedBlackTree.remove(RedBlackTree.java:293)
	at alda.t9.redblack.RedBlackTree.remove(RedBlackTree.java:293)
	at alda.t9.redblack.RedBlackTree.remove(RedBlackTree.java:293)
	at alda.t9.redblack.RedBlackTree.remove(RedBlackTree.java:293)
	at alda.t9.redblack.RedBlackTree.remove(RedBlackTree.java:293)
	at alda.t9.redblack.RedBlackTree.remove(RedBlackTree.java:293)
	at alda.t9.redblack.RedBlackTree.remove(RedBlackTree.java:293)
	at alda.t9.redblack.RedBlackTree.remove(RedBlackTree.java:293)
	at alda.t9.redblack.RedBlackTree.remove(RedBlackTree.java:293)
	at alda.t9.redblack.RedBlackTree.remove(RedBlackTree.java:293)
	at alda.t9.redblack.RedBlackTree.remove(RedBlackTree.java:293)
	at alda.t9.redblack.RedBlackTree.remove(RedBlackTree.java:293)
	at alda.t9.redblack.RedBlackTree.remove(RedBlackTree.java:293)
	at alda.t9.redblack.RedBlackTree.remove(RedBlackTree.java:293)
	at alda.t9.redblack.RedBlackTree.remove(RedBlackTree.java:293)
	at alda.t9.redblack.RedBlackTree.remove(RedBlackTree.java:293)
	at alda.t9.redblack.RedBlackTree.remove(RedBlackTree.java:293)
	at alda.t9.redblack.RedBlackTree.remove(RedBlackTree.java:293)
	at alda.t9.redblack.RedBlackTree.remove(RedBlackTree.java:293)
	at alda.t9.redblack.RedBlackTree.remove(RedBlackTree.java:293)
	at alda.t9.redblack.RedBlackTree.remove(RedBlackTree.java:293)
	at alda.t9.redblack.RedBlackTree.remove(RedBlackTree.java:293)
	at alda.t9.redblack.RedBlackTree.remove(RedBlackTree.java:293)
	at alda.t9.redblack.RedBlackTree.remove(RedBlackTree.java:293)
	at alda.t9.redblack.RedBlackTree.remove(RedBlackTree.java:293)
	at alda.t9.redblack.RedBlackTree.remove(RedBlackTree.java:293)
	at alda.t9.redblack.RedBlackTree.remove(RedBlackTree.java:293)
	at alda.t9.redblack.RedBlackTree.remove(RedBlackTree.java:293)
	at alda.t9.redblack.RedBlackTree.remove(RedBlackTree.java:293)
	at alda.t9.redblack.RedBlackTree.remove(RedBlackTree.java:293)
	at alda.t9.redblack.RedBlackTree.remove(RedBlackTree.java:293)
	at alda.t9.redblack.RedBlackTree.remove(RedBlackTree.java:293)
	at alda.t9.redblack.RedBlackTree.remove(RedBlackTree.java:293)
	at alda.t9.redblack.RedBlackTree.remove(RedBlackTree.java:293)
	at alda.t9.redblack.RedBlackTree.remove(RedBlackTree.java:293)
	at alda.t9.redblack.RedBlackTree.remove(RedBlackTree.java:293)
	at alda.t9.redblack.RedBlackTree.remove(RedBlackTree.java:293)
	at alda.t9.redblack.RedBlackTree.remove(RedBlackTree.java:293)
	at alda.t9.redblack.RedBlackTree.remove(RedBlackTree.java:293)
	at alda.t9.redblack.RedBlackTree.remove(RedBlackTree.java:293)
	at alda.t9.redblack.RedBlackTree.remove(RedBlackTree.java:293)
	at alda.t9.redblack.RedBlackTree.remove(RedBlackTree.java:293)
	at alda.t9.redblack.RedBlackTree.remove(RedBlackTree.java:293)
	at alda.t9.redblack.RedBlackTree.remove(RedBlackTree.java:293)
	at alda.t9.redblack.RedBlackTree.remove(RedBlackTree.java:293)
	at alda.t9.redblack.RedBlackTree.remove(RedBlackTree.java:293)
	at alda.t9.redblack.RedBlackTree.remove(RedBlackTree.java:293)
	at alda.t9.redblack.RedBlackTree.remove(RedBlackTree.java:293)
	at alda.t9.redblack.RedBlackTree.remove(RedBlackTree.java:293)
	at alda.t9.redblack.RedBlackTree.remove(RedBlackTree.java:293)
	at alda.t9.redblack.RedBlackTree.remove(RedBlackTree.java:293)
	at alda.t9.redblack.RedBlackTree.remove(RedBlackTree.java:293)
	at alda.t9.redblack.RedBlackTree.remove(RedBlackTree.java:293)
	at alda.t9.redblack.RedBlackTree.remove(RedBlackTree.java:293)
	at alda.t9.redblack.RedBlackTree.remove(RedBlackTree.java:293)
	at alda.t9.redblack.RedBlackTree.remove(RedBlackTree.java:293)
	at alda.t9.redblack.RedBlackTree.remove(RedBlackTree.java:293)
	at alda.t9.redblack.RedBlackTree.remove(RedBlackTree.java:293)
	at alda.t9.redblack.RedBlackTree.remove(RedBlackTree.java:293)
	at alda.t9.redblack.RedBlackTree.remove(RedBlackTree.java:293)
	at alda.t9.redblack.RedBlackTree.remove(RedBlackTree.java:293)
	at alda.t9.redblack.RedBlackTree.remove(RedBlackTree.java:293)
	at alda.t9.redblack.RedBlackTree.remove(RedBlackTree.java:293)
	at alda.t9.redblack.RedBlackTree.remove(RedBlackTree.java:293)
	at alda.t9.redblack.RedBlackTree.remove(RedBlackTree.java:293)
	at alda.t9.redblack.RedBlackTree.remove(RedBlackTree.java:293)
	at alda.t9.redblack.RedBlackTree.remove(RedBlackTree.java:293)
	at alda.t9.redblack.RedBlackTree.remove(RedBlackTree.java:293)
	at alda.t9.redblack.RedBlackTree.remove(RedBlackTree.java:293)
	at alda.t9.redblack.RedBlackTree.remove(RedBlackTree.java:293)
	at alda.t9.redblack.RedBlackTree.remove(RedBlackTree.java:293)
	at alda.t9.redblack.RedBlackTree.remove(RedBlackTree.java:293)
	at alda.t9.redblack.RedBlackTree.remove(RedBlackTree.java:293)
	at alda.t9.redblack.RedBlackTree.remove(RedBlackTree.java:293)
	at alda.t9.redblack.RedBlackTree.remove(RedBlackTree.java:293)
	at alda.t9.redblack.RedBlackTree.remove(RedBlackTree.java:293)
	at alda.t9.redblack.RedBlackTree.remove(RedBlackTree.java:293)
	at alda.t9.redblack.RedBlackTree.remove(RedBlackTree.java:293)
	at alda.t9.redblack.RedBlackTree.remove(RedBlackTree.java:293)
	at alda.t9.redblack.RedBlackTree.remove(RedBlackTree.java:293)
	at alda.t9.redblack.RedBlackTree.remove(RedBlackTree.java:293)
	at alda.t9.redblack.RedBlackTree.remove(RedBlackTree.java:293)
	at alda.t9.redblack.RedBlackTree.remove(RedBlackTree.java:293)
	at alda.t9.redblack.RedBlackTree.remove(RedBlackTree.java:293)
	at alda.t9.redblack.RedBlackTree.remove(RedBlackTree.java:293)
	at alda.t9.redblack.RedBlackTree.remove(RedBlackTree.java:293)
	at alda.t9.redblack.RedBlackTree.remove(RedBlackTree.java:293)
	at alda.t9.redblack.RedBlackTree.remove(RedBlackTree.java:293)
	at alda.t9.redblack.RedBlackTree.remove(RedBlackTree.java:293)
	at alda.t9.redblack.RedBlackTree.remove(RedBlackTree.java:293)
	at alda.t9.redblack.RedBlackTree.remove(RedBlackTree.java:293)
	at alda.t9.redblack.RedBlackTree.remove(RedBlackTree.java:293)
	at alda.t9.redblack.RedBlackTree.remove(RedBlackTree.java:293)
	at alda.t9.redblack.RedBlackTree.remove(RedBlackTree.java:293)
	at alda.t9.redblack.RedBlackTree.remove(RedBlackTree.java:293)
	at alda.t9.redblack.RedBlackTree.remove(RedBlackTree.java:293)
	at alda.t9.redblack.RedBlackTree.remove(RedBlackTree.java:293)
	at alda.t9.redblack.RedBlackTree.remove(RedBlackTree.java:293)
	at alda.t9.redblack.RedBlackTree.remove(RedBlackTree.java:293)
	at alda.t9.redblack.RedBlackTree.remove(RedBlackTree.java:293)
	at alda.t9.redblack.RedBlackTree.remove(RedBlackTree.java:293)
	at alda.t9.redblack.RedBlackTree.remove(RedBlackTree.java:293)
	at alda.t9.redblack.RedBlackTree.remove(RedBlackTree.java:293)
	at alda.t9.redblack.RedBlackTree.remove(RedBlackTree.java:293)
	at alda.t9.redblack.RedBlackTree.remove(RedBlackTree.java:293)
	at alda.t9.redblack.RedBlackTree.remove(RedBlackTree.java:293)
	at alda.t9.redblack.RedBlackTree.remove(RedBlackTree.java:293)
	at alda.t9.redblack.RedBlackTree.remove(RedBlackTree.java:293)
	at alda.t9.redblack.RedBlackTree.remove(RedBlackTree.java:293)
	at alda.t9.redblack.RedBlackTree.remove(RedBlackTree.java:293)
	at alda.t9.redblack.RedBlackTree.remove(RedBlackTree.java:293)
	at alda.t9.redblack.RedBlackTree.remove(RedBlackTree.java:293)
	at alda.t9.redblack.RedBlackTree.remove(RedBlackTree.java:293)
	at alda.t9.redblack.RedBlackTree.remove(RedBlackTree.java:293)
	at alda.t9.redblack.RedBlackTree.remove(RedBlackTree.java:293)
	at alda.t9.redblack.RedBlackTree.remove(RedBlackTree.java:293)
	at alda.t9.redblack.RedBlackTree.remove(RedBlackTree.java:293)
	at alda.t9.redblack.RedBlackTree.remove(RedBlackTree.java:293)
	at alda.t9.redblack.RedBlackTree.remove(RedBlackTree.java:293)
	at alda.t9.redblack.RedBlackTree.remove(RedBlackTree.java:293)
	at alda.t9.redblack.RedBlackTree.remove(RedBlackTree.java:293)
	at alda.t9.redblack.RedBlackTree.remove(RedBlackTree.java:293)
	at alda.t9.redblack.RedBlackTree.remove(RedBlackTree.java:293)
	at alda.t9.redblack.RedBlackTree.remove(RedBlackTree.java:293)
	at alda.t9.redblack.RedBlackTree.remove(RedBlackTree.java:293)
	at alda.t9.redblack.RedBlackTree.remove(RedBlackTree.java:293)
	at alda.t9.redblack.RedBlackTree.remove(RedBlackTree.java:293)
	at alda.t9.redblack.RedBlackTree.remove(RedBlackTree.java:293)
	at alda.t9.redblack.RedBlackTree.remove(RedBlackTree.java:293)
	at alda.t9.redblack.RedBlackTree.remove(RedBlackTree.java:293)
	at alda.t9.redblack.RedBlackTree.remove(RedBlackTree.java:293)
	at alda.t9.redblack.RedBlackTree.remove(RedBlackTree.java:293)
	at alda.t9.redblack.RedBlackTree.remove(RedBlackTree.java:293)
	at alda.t9.redblack.RedBlackTree.remove(RedBlackTree.java:293)
	at alda.t9.redblack.RedBlackTree.remove(RedBlackTree.java:293)
	at alda.t9.redblack.RedBlackTree.remove(RedBlackTree.java:293)
	at alda.t9.redblack.RedBlackTree.remove(RedBlackTree.java:293)
	at alda.t9.redblack.RedBlackTree.remove(RedBlackTree.java:293)
	at alda.t9.redblack.RedBlackTree.remove(RedBlackTree.java:293)
	at alda.t9.redblack.RedBlackTree.remove(RedBlackTree.java:293)
	at alda.t9.redblack.RedBlackTree.remove(RedBlackTree.java:293)
	at alda.t9.redblack.RedBlackTree.remove(RedBlackTree.java:293)
	at alda.t9.redblack.RedBlackTree.remove(RedBlackTree.java:293)
	at alda.t9.redblack.RedBlackTree.remove(RedBlackTree.java:293)
	at alda.t9.redblack.RedBlackTree.remove(RedBlackTree.java:293)
	at alda.t9.redblack.RedBlackTree.remove(RedBlackTree.java:293)
	at alda.t9.redblack.RedBlackTree.remove(RedBlackTree.java:293)
	at alda.t9.redblack.RedBlackTree.remove(RedBlackTree.java:293)
	at alda.t9.redblack.RedBlackTree.remove(RedBlackTree.java:293)
	at alda.t9.redblack.RedBlackTree.remove(RedBlackTree.java:293)
	at alda.t9.redblack.RedBlackTree.remove(RedBlackTree.java:293)
	at alda.t9.redblack.RedBlackTree.remove(RedBlackTree.java:293)
	at alda.t9.redblack.RedBlackTree.remove(RedBlackTree.java:293)
	at alda.t9.redblack.RedBlackTree.remove(RedBlackTree.java:293)
	at alda.t9.redblack.RedBlackTree.remove(RedBlackTree.java:293)
	at alda.t9.redblack.RedBlackTree.remove(RedBlackTree.java:293)
	at alda.t9.redblack.RedBlackTree.remove(RedBlackTree.java:293)
	at alda.t9.redblack.RedBlackTree.remove(RedBlackTree.java:293)
	at alda.t9.redblack.RedBlackTree.remove(RedBlackTree.java:293)
	at alda.t9.redblack.RedBlackTree.remove(RedBlackTree.java:293)
	at alda.t9.redblack.RedBlackTree.remove(RedBlackTree.java:293)
	at alda.t9.redblack.RedBlackTree.remove(RedBlackTree.java:293)
	at alda.t9.redblack.RedBlackTree.remove(RedBlackTree.java:293)
	at alda.t9.redblack.RedBlackTree.remove(RedBlackTree.java:293)
	at alda.t9.redblack.RedBlackTree.remove(RedBlackTree.java:293)
	at alda.t9.redblack.RedBlackTree.remove(RedBlackTree.java:293)
	at alda.t9.redblack.RedBlackTree.remove(RedBlackTree.java:293)
	at alda.t9.redblack.RedBlackTree.remove(RedBlackTree.java:293)
	at alda.t9.redblack.RedBlackTree.remove(RedBlackTree.java:293)
	at alda.t9.redblack.RedBlackTree.remove(RedBlackTree.java:293)
	at alda.t9.redblack.RedBlackTree.remove(RedBlackTree.java:293)
	at alda.t9.redblack.RedBlackTree.remove(RedBlackTree.java:293)
	at alda.t9.redblack.RedBlackTree.remove(RedBlackTree.java:293)
	at alda.t9.redblack.RedBlackTree.remove(RedBlackTree.java:293)
	at alda.t9.redblack.RedBlackTree.remove(RedBlackTree.java:293)
	at alda.t9.redblack.RedBlackTree.remove(RedBlackTree.java:293)
	at alda.t9.redblack.RedBlackTree.remove(RedBlackTree.java:293)
	at alda.t9.redblack.RedBlackTree.remove(RedBlackTree.java:293)
	at alda.t9.redblack.RedBlackTree.remove(RedBlackTree.java:293)
	at alda.t9.redblack.RedBlackTree.remove(RedBlackTree.java:293)
	at alda.t9.redblack.RedBlackTree.remove(RedBlackTree.java:293)
	at alda.t9.redblack.RedBlackTree.remove(RedBlackTree.java:293)
	at alda.t9.redblack.RedBlackTree.remove(RedBlackTree.java:293)
	at alda.t9.redblack.RedBlackTree.remove(RedBlackTree.java:293)
	at alda.t9.redblack.RedBlackTree.remove(RedBlackTree.java:293)
	at alda.t9.redblack.RedBlackTree.remove(RedBlackTree.java:293)
	at alda.t9.redblack.RedBlackTree.remove(RedBlackTree.java:293)
	at alda.t9.redblack.RedBlackTree.remove(RedBlackTree.java:293)
	at alda.t9.redblack.RedBlackTree.remove(RedBlackTree.java:293)
	at alda.t9.redblack.RedBlackTree.remove(RedBlackTree.java:293)
	at alda.t9.redblack.RedBlackTree.remove(RedBlackTree.java:293)
	at alda.t9.redblack.RedBlackTree.remove(RedBlackTree.java:293)
	at alda.t9.redblack.RedBlackTree.remove(RedBlackTree.java:293)
	at alda.t9.redblack.RedBlackTree.remove(RedBlackTree.java:293)
	at alda.t9.redblack.RedBlackTree.remove(RedBlackTree.java:293)
	at alda.t9.redblack.RedBlackTree.remove(RedBlackTree.java:293)
	at alda.t9.redblack.RedBlackTree.remove(RedBlackTree.java:293)
	at alda.t9.redblack.RedBlackTree.remove(RedBlackTree.java:293)
	at alda.t9.redblack.RedBlackTree.remove(RedBlackTree.java:293)
	at alda.t9.redblack.RedBlackTree.remove(RedBlackTree.java:293)
	at alda.t9.redblack.RedBlackTree.remove(RedBlackTree.java:293)
	at alda.t9.redblack.RedBlackTree.remove(RedBlackTree.java:293)
	at alda.t9.redblack.RedBlackTree.remove(RedBlackTree.java:293)
	at alda.t9.redblack.RedBlackTree.remove(RedBlackTree.java:293)
	at alda.t9.redblack.RedBlackTree.remove(RedBlackTree.java:293)
	at alda.t9.redblack.RedBlackTree.remove(RedBlackTree.java:293)
	at alda.t9.redblack.RedBlackTree.remove(RedBlackTree.java:293)
	at alda.t9.redblack.RedBlackTree.remove(RedBlackTree.java:293)
	at alda.t9.redblack.RedBlackTree.remove(RedBlackTree.java:293)
	at alda.t9.redblack.RedBlackTree.remove(RedBlackTree.java:293)
	at alda.t9.redblack.RedBlackTree.remove(RedBlackTree.java:293)
	at alda.t9.redblack.RedBlackTree.remove(RedBlackTree.java:293)
	at alda.t9.redblack.RedBlackTree.remove(RedBlackTree.java:293)
	at alda.t9.redblack.RedBlackTree.remove(RedBlackTree.java:293)
	at alda.t9.redblack.RedBlackTree.remove(RedBlackTree.java:293)
	at alda.t9.redblack.RedBlackTree.remove(RedBlackTree.java:293)
	at alda.t9.redblack.RedBlackTree.remove(RedBlackTree.java:293)
	at alda.t9.redblack.RedBlackTree.remove(RedBlackTree.java:293)
	at alda.t9.redblack.RedBlackTree.remove(RedBlackTree.java:293)
	at alda.t9.redblack.RedBlackTree.remove(RedBlackTree.java:293)
	at alda.t9.redblack.RedBlackTree.remove(RedBlackTree.java:293)
	at alda.t9.redblack.RedBlackTree.remove(RedBlackTree.java:293)
	at alda.t9.redblack.RedBlackTree.remove(RedBlackTree.java:293)
	at alda.t9.redblack.RedBlackTree.remove(RedBlackTree.java:293)
	at alda.t9.redblack.RedBlackTree.remove(RedBlackTree.java:293)
	at alda.t9.redblack.RedBlackTree.remove(RedBlackTree.java:293)
	at alda.t9.redblack.RedBlackTree.remove(RedBlackTree.java:293)
	at alda.t9.redblack.RedBlackTree.remove(RedBlackTree.java:293)
	at alda.t9.redblack.RedBlackTree.remove(RedBlackTree.java:293)
	at alda.t9.redblack.RedBlackTree.remove(RedBlackTree.java:293)
	at alda.t9.redblack.RedBlackTree.remove(RedBlackTree.java:293)
	at alda.t9.redblack.RedBlackTree.remove(RedBlackTree.java:293)
	at alda.t9.redblack.RedBlackTree.remove(RedBlackTree.java:293)
	at alda.t9.redblack.RedBlackTree.remove(RedBlackTree.java:293)
	at alda.t9.redblack.RedBlackTree.remove(RedBlackTree.java:293)
	at alda.t9.redblack.RedBlackTree.remove(RedBlackTree.java:293)
	at alda.t9.redblack.RedBlackTree.remove(RedBlackTree.java:293)
	at alda.t9.redblack.RedBlackTree.remove(RedBlackTree.java:293)
	at alda.t9.redblack.RedBlackTree.remove(RedBlackTree.java:293)
	at alda.t9.redblack.RedBlackTree.remove(RedBlackTree.java:293)
	at alda.t9.redblack.RedBlackTree.remove(RedBlackTree.java:293)
	at alda.t9.redblack.RedBlackTree.remove(RedBlackTree.java:293)
	at alda.t9.redblack.RedBlackTree.remove(RedBlackTree.java:293)
	at alda.t9.redblack.RedBlackTree.remove(RedBlackTree.java:293)
	at alda.t9.redblack.RedBlackTree.remove(RedBlackTree.java:293)
	at alda.t9.redblack.RedBlackTree.remove(RedBlackTree.java:293)
	at alda.t9.redblack.RedBlackTree.remove(RedBlackTree.java:293)
	at alda.t9.redblack.RedBlackTree.remove(RedBlackTree.java:293)
	at alda.t9.redblack.RedBlackTree.remove(RedBlackTree.java:293)
	at alda.t9.redblack.RedBlackTree.remove(RedBlackTree.java:293)
	at alda.t9.redblack.RedBlackTree.remove(RedBlackTree.java:293)
	at alda.t9.redblack.RedBlackTree.remove(RedBlackTree.java:293)
	at alda.t9.redblack.RedBlackTree.remove(RedBlackTree.java:293)
	at alda.t9.redblack.RedBlackTree.remove(RedBlackTree.java:293)
	at alda.t9.redblack.RedBlackTree.remove(RedBlackTree.java:293)
	at alda.t9.redblack.RedBlackTree.remove(RedBlackTree.java:293)
	at alda.t9.redblack.RedBlackTree.remove(RedBlackTree.java:293)
	at alda.t9.redblack.RedBlackTree.remove(RedBlackTree.java:293)
	at alda.t9.redblack.RedBlackTree.remove(RedBlackTree.java:293)
	at alda.t9.redblack.RedBlackTree.remove(RedBlackTree.java:293)
	at alda.t9.redblack.RedBlackTree.remove(RedBlackTree.java:293)
	at alda.t9.redblack.RedBlackTree.remove(RedBlackTree.java:293)
	at alda.t9.redblack.RedBlackTree.remove(RedBlackTree.java:293)
	at alda.t9.redblack.RedBlackTree.remove(RedBlackTree.java:293)
	at alda.t9.redblack.RedBlackTree.remove(RedBlackTree.java:293)
	at alda.t9.redblack.RedBlackTree.remove(RedBlackTree.java:293)
	at alda.t9.redblack.RedBlackTree.remove(RedBlackTree.java:293)
	at alda.t9.redblack.RedBlackTree.remove(RedBlackTree.java:293)
	at alda.t9.redblack.RedBlackTree.remove(RedBlackTree.java:293)
	at alda.t9.redblack.RedBlackTree.remove(RedBlackTree.java:293)
	at alda.t9.redblack.RedBlackTree.remove(RedBlackTree.java:293)
	at alda.t9.redblack.RedBlackTree.remove(RedBlackTree.java:293)
	at alda.t9.redblack.RedBlackTree.remove(RedBlackTree.java:293)
	at alda.t9.redblack.RedBlackTree.remove(RedBlackTree.java:293)
	at alda.t9.redblack.RedBlackTree.remove(RedBlackTree.java:293)
	at alda.t9.redblack.RedBlackTree.remove(RedBlackTree.java:293)
	at alda.t9.redblack.RedBlackTree.remove(RedBlackTree.java:293)
	at alda.t9.redblack.RedBlackTree.remove(RedBlackTree.java:293)
	at alda.t9.redblack.RedBlackTree.remove(RedBlackTree.java:293)
	at alda.t9.redblack.RedBlackTree.remove(RedBlackTree.java:293)
	at alda.t9.redblack.RedBlackTree.remove(RedBlackTree.java:293)
	at alda.t9.redblack.RedBlackTree.remove(RedBlackTree.java:293)
	at alda.t9.redblack.RedBlackTree.remove(RedBlackTree.java:293)
	at alda.t9.redblack.RedBlackTree.remove(RedBlackTree.java:293)
	at alda.t9.redblack.RedBlackTree.remove(RedBlackTree.java:293)
	at alda.t9.redblack.RedBlackTree.remove(RedBlackTree.java:293)
	at alda.t9.redblack.RedBlackTree.remove(RedBlackTree.java:293)
	at alda.t9.redblack.RedBlackTree.remove(RedBlackTree.java:293)
	at alda.t9.redblack.RedBlackTree.remove(RedBlackTree.java:293)
	at alda.t9.redblack.RedBlackTree.remove(RedBlackTree.java:293)
	at alda.t9.redblack.RedBlackTree.remove(RedBlackTree.java:293)
	at alda.t9.redblack.RedBlackTree.remove(RedBlackTree.java:293)
	at alda.t9.redblack.RedBlackTree.remove(RedBlackTree.java:293)
	at alda.t9.redblack.RedBlackTree.remove(RedBlackTree.java:293)
	at alda.t9.redblack.RedBlackTree.remove(RedBlackTree.java:293)
	at alda.t9.redblack.RedBlackTree.remove(RedBlackTree.java:293)
	at alda.t9.redblack.RedBlackTree.remove(RedBlackTree.java:293)
	at alda.t9.redblack.RedBlackTree.remove(RedBlackTree.java:293)
	at alda.t9.redblack.RedBlackTree.remove(RedBlackTree.java:293)
	at alda.t9.redblack.RedBlackTree.remove(RedBlackTree.java:293)
	at alda.t9.redblack.RedBlackTree.remove(RedBlackTree.java:293)
	at alda.t9.redblack.RedBlackTree.remove(RedBlackTree.java:293)
	at alda.t9.redblack.RedBlackTree.remove(RedBlackTree.java:293)
	at alda.t9.redblack.RedBlackTree.remove(RedBlackTree.java:293)
	at alda.t9.redblack.RedBlackTree.remove(RedBlackTree.java:293)
	at alda.t9.redblack.RedBlackTree.remove(RedBlackTree.java:293)
	at alda.t9.redblack.RedBlackTree.remove(RedBlackTree.java:293)
	at alda.t9.redblack.RedBlackTree.remove(RedBlackTree.java:293)
	at alda.t9.redblack.RedBlackTree.remove(RedBlackTree.java:293)
	at alda.t9.redblack.RedBlackTree.remove(RedBlackTree.java:293)
	at alda.t9.redblack.RedBlackTree.remove(RedBlackTree.java:293)
	at alda.t9.redblack.RedBlackTree.remove(RedBlackTree.java:293)
	at alda.t9.redblack.RedBlackTree.remove(RedBlackTree.java:293)
	at alda.t9.redblack.RedBlackTree.remove(RedBlackTree.java:293)
	at alda.t9.redblack.RedBlackTree.remove(RedBlackTree.java:293)
	at alda.t9.redblack.RedBlackTree.remove(RedBlackTree.java:293)
	at alda.t9.redblack.RedBlackTree.remove(RedBlackTree.java:293)
	at alda.t9.redblack.RedBlackTree.remove(RedBlackTree.java:293)
	at alda.t9.redblack.RedBlackTree.remove(RedBlackTree.java:293)
	at alda.t9.redblack.RedBlackTree.remove(RedBlackTree.java:293)
	at alda.t9.redblack.RedBlackTree.remove(RedBlackTree.java:293)
	at alda.t9.redblack.RedBlackTree.remove(RedBlackTree.java:293)
	at alda.t9.redblack.RedBlackTree.remove(RedBlackTree.java:293)
	at alda.t9.redblack.RedBlackTree.remove(RedBlackTree.java:293)
	at alda.t9.redblack.RedBlackTree.remove(RedBlackTree.java:293)
	at alda.t9.redblack.RedBlackTree.remove(RedBlackTree.java:293)
	at alda.t9.redblack.RedBlackTree.remove(RedBlackTree.java:293)
	at alda.t9.redblack.RedBlackTree.remove(RedBlackTree.java:293)
	at alda.t9.redblack.RedBlackTree.remove(RedBlackTree.java:293)
	at alda.t9.redblack.RedBlackTree.remove(RedBlackTree.java:293)
	at alda.t9.redblack.RedBlackTree.remove(RedBlackTree.java:293)
	at alda.t9.redblack.RedBlackTree.remove(RedBlackTree.java:293)
	at alda.t9.redblack.RedBlackTree.remove(RedBlackTree.java:293)
	at alda.t9.redblack.RedBlackTree.remove(RedBlackTree.java:293)
	at alda.t9.redblack.RedBlackTree.remove(RedBlackTree.java:293)
	at alda.t9.redblack.RedBlackTree.remove(RedBlackTree.java:293)
	at alda.t9.redblack.RedBlackTree.remove(RedBlackTree.java:293)
	at alda.t9.redblack.RedBlackTree.remove(RedBlackTree.java:293)
	at alda.t9.redblack.RedBlackTree.remove(RedBlackTree.java:293)
	at alda.t9.redblack.RedBlackTree.remove(RedBlackTree.java:293)
	at alda.t9.redblack.RedBlackTree.remove(RedBlackTree.java:293)
	at alda.t9.redblack.RedBlackTree.remove(RedBlackTree.java:293)
	at alda.t9.redblack.RedBlackTree.remove(RedBlackTree.java:293)
	at alda.t9.redblack.RedBlackTree.remove(RedBlackTree.java:293)
	at alda.t9.redblack.RedBlackTree.remove(RedBlackTree.java:293)
	at alda.t9.redblack.RedBlackTree.remove(RedBlackTree.java:293)
	at alda.t9.redblack.RedBlackTree.remove(RedBlackTree.java:293)
	at alda.t9.redblack.RedBlackTree.remove(RedBlackTree.java:293)
	at alda.t9.redblack.RedBlackTree.remove(RedBlackTree.java:293)
	at alda.t9.redblack.RedBlackTree.remove(RedBlackTree.java:293)
	at alda.t9.redblack.RedBlackTree.remove(RedBlackTree.java:293)
	at alda.t9.redblack.RedBlackTree.remove(RedBlackTree.java:293)
	at alda.t9.redblack.RedBlackTree.remove(RedBlackTree.java:293)
	at alda.t9.redblack.RedBlackTree.remove(RedBlackTree.java:293)
	at alda.t9.redblack.RedBlackTree.remove(RedBlackTree.java:293)
	at alda.t9.redblack.RedBlackTree.remove(RedBlackTree.java:293)
	at alda.t9.redblack.RedBlackTree.remove(RedBlackTree.java:293)
	at alda.t9.redblack.RedBlackTree.remove(RedBlackTree.java:293)
	at alda.t9.redblack.RedBlackTree.remove(RedBlackTree.java:293)
	at alda.t9.redblack.RedBlackTree.remove(RedBlackTree.java:293)
	at alda.t9.redblack.RedBlackTree.remove(RedBlackTree.java:293)
	at alda.t9.redblack.RedBlackTree.remove(RedBlackTree.java:293)
	at alda.t9.redblack.RedBlackTree.remove(RedBlackTree.java:293)
	at alda.t9.redblack.RedBlackTree.remove(RedBlackTree.java:293)
	at alda.t9.redblack.RedBlackTree.remove(RedBlackTree.java:293)
	at alda.t9.redblack.RedBlackTree.remove(RedBlackTree.java:293)
	at alda.t9.redblack.RedBlackTree.remove(RedBlackTree.java:293)
	at alda.t9.redblack.RedBlackTree.remove(RedBlackTree.java:293)
	at alda.t9.redblack.RedBlackTree.remove(RedBlackTree.java:293)
	at alda.t9.redblack.RedBlackTree.remove(RedBlackTree.java:293)
	at alda.t9.redblack.RedBlackTree.remove(RedBlackTree.java:293)
	at alda.t9.redblack.RedBlackTree.remove(RedBlackTree.java:293)
	at alda.t9.redblack.RedBlackTree.remove(RedBlackTree.java:293)
	at alda.t9.redblack.RedBlackTree.remove(RedBlackTree.java:293)
	at alda.t9.redblack.RedBlackTree.remove(RedBlackTree.java:293)
	at alda.t9.redblack.RedBlackTree.remove(RedBlackTree.java:293)
	at alda.t9.redblack.RedBlackTree.remove(RedBlackTree.java:293)
	at alda.t9.redblack.RedBlackTree.remove(RedBlackTree.java:293)
	at alda.t9.redblack.RedBlackTree.remove(RedBlackTree.java:293)
	at alda.t9.redblack.RedBlackTree.remove(RedBlackTree.java:293)
	at alda.t9.redblack.RedBlackTree.remove(RedBlackTree.java:293)
	at alda.t9.redblack.RedBlackTree.remove(RedBlackTree.java:293)
	at alda.t9.redblack.RedBlackTree.remove(RedBlackTree.java:293)
	at alda.t9.redblack.RedBlackTree.remove(RedBlackTree.java:293)
	at alda.t9.redblack.RedBlackTree.remove(RedBlackTree.java:293)
	at alda.t9.redblack.RedBlackTree.remove(RedBlackTree.java:293)
	at alda.t9.redblack.RedBlackTree.remove(RedBlackTree.java:293)
	at alda.t9.redblack.RedBlackTree.remove(RedBlackTree.java:293)
	at alda.t9.redblack.RedBlackTree.remove(RedBlackTree.java:293)
	at alda.t9.redblack.RedBlackTree.remove(RedBlackTree.java:293)
	at alda.t9.redblack.RedBlackTree.remove(RedBlackTree.java:293)
	at alda.t9.redblack.RedBlackTree.remove(RedBlackTree.java:293)
	at alda.t9.redblack.RedBlackTree.remove(RedBlackTree.java:293)
	at alda.t9.redblack.RedBlackTree.remove(RedBlackTree.java:293)
	at alda.t9.redblack.RedBlackTree.remove(RedBlackTree.java:293)
	at alda.t9.redblack.RedBlackTree.remove(RedBlackTree.java:293)
	at alda.t9.redblack.RedBlackTree.remove(RedBlackTree.java:293)
	at alda.t9.redblack.RedBlackTree.remove(RedBlackTree.java:293)
	at alda.t9.redblack.RedBlackTree.remove(RedBlackTree.java:293)
	at alda.t9.redblack.RedBlackTree.remove(RedBlackTree.java:293)
	at alda.t9.redblack.RedBlackTree.remove(RedBlackTree.java:293)
	at alda.t9.redblack.RedBlackTree.remove(RedBlackTree.java:293)
	at alda.t9.redblack.RedBlackTree.remove(RedBlackTree.java:293)
	at alda.t9.redblack.RedBlackTree.remove(RedBlackTree.java:293)
	at alda.t9.redblack.RedBlackTree.remove(RedBlackTree.java:293)
	at alda.t9.redblack.RedBlackTree.remove(RedBlackTree.java:293)
	at alda.t9.redblack.RedBlackTree.remove(RedBlackTree.java:293)
	at alda.t9.redblack.RedBlackTree.remove(RedBlackTree.java:293)
	at alda.t9.redblack.RedBlackTree.remove(RedBlackTree.java:293)
	at alda.t9.redblack.RedBlackTree.remove(RedBlackTree.java:293)
	at alda.t9.redblack.RedBlackTree.remove(RedBlackTree.java:293)
	at alda.t9.redblack.RedBlackTree.remove(RedBlackTree.java:293)
	at alda.t9.redblack.RedBlackTree.remove(RedBlackTree.java:293)
	at alda.t9.redblack.RedBlackTree.remove(RedBlackTree.java:293)
	at alda.t9.redblack.RedBlackTree.remove(RedBlackTree.java:293)
	at alda.t9.redblack.RedBlackTree.remove(RedBlackTree.java:293)
	at alda.t9.redblack.RedBlackTree.remove(RedBlackTree.java:293)
	at alda.t9.redblack.RedBlackTree.remove(RedBlackTree.java:293)
	at alda.t9.redblack.RedBlackTree.remove(RedBlackTree.java:293)
	at alda.t9.redblack.RedBlackTree.remove(RedBlackTree.java:293)
	at alda.t9.redblack.RedBlackTree.remove(RedBlackTree.java:293)
	at alda.t9.redblack.RedBlackTree.remove(RedBlackTree.java:293)
	at alda.t9.redblack.RedBlackTree.remove(RedBlackTree.java:293)
	at alda.t9.redblack.RedBlackTree.remove(RedBlackTree.java:293)
	at alda.t9.redblack.RedBlackTree.remove(RedBlackTree.java:293)
	at alda.t9.redblack.RedBlackTree.remove(RedBlackTree.java:293)
	at alda.t9.redblack.RedBlackTree.remove(RedBlackTree.java:293)
	at alda.t9.redblack.RedBlackTree.remove(RedBlackTree.java:293)
	at alda.t9.redblack.RedBlackTree.remove(RedBlackTree.java:293)
	at alda.t9.redblack.RedBlackTree.remove(RedBlackTree.java:293)
	at alda.t9.redblack.RedBlackTree.remove(RedBlackTree.java:293)
	at alda.t9.redblack.RedBlackTree.remove(RedBlackTree.java:293)
	at alda.t9.redblack.RedBlackTree.remove(RedBlackTree.java:293)
	at alda.t9.redblack.RedBlackTree.remove(RedBlackTree.java:293)
	at alda.t9.redblack.RedBlackTree.remove(RedBlackTree.java:293)
	at alda.t9.redblack.RedBlackTree.remove(RedBlackTree.java:293)
	at alda.t9.redblack.RedBlackTree.remove(RedBlackTree.java:293)
	at alda.t9.redblack.RedBlackTree.remove(RedBlackTree.java:293)
	at alda.t9.redblack.RedBlackTree.remove(RedBlackTree.java:293)
	at alda.t9.redblack.RedBlackTree.remove(RedBlackTree.java:293)
	at alda.t9.redblack.RedBlackTree.remove(RedBlackTree.java:293)
	at alda.t9.redblack.RedBlackTree.remove(RedBlackTree.java:293)
	at alda.t9.redblack.RedBlackTree.remove(RedBlackTree.java:293)
	at alda.t9.redblack.RedBlackTree.remove(RedBlackTree.java:293)
	at alda.t9.redblack.RedBlackTree.remove(RedBlackTree.java:293)
	at alda.t9.redblack.RedBlackTree.remove(RedBlackTree.java:293)
	at alda.t9.redblack.RedBlackTree.remove(RedBlackTree.java:293)
	at alda.t9.redblack.RedBlackTree.remove(RedBlackTree.java:293)
	at alda.t9.redblack.RedBlackTree.remove(RedBlackTree.java:293)
	at alda.t9.redblack.RedBlackTree.remove(RedBlackTree.java:293)
	at alda.t9.redblack.RedBlackTree.remove(RedBlackTree.java:293)
	at alda.t9.redblack.RedBlackTree.remove(RedBlackTree.java:293)
	at alda.t9.redblack.RedBlackTree.remove(RedBlackTree.java:293)
	at alda.t9.redblack.RedBlackTree.remove(RedBlackTree.java:293)
	at alda.t9.redblack.RedBlackTree.remove(RedBlackTree.java:293)
	at alda.t9.redblack.RedBlackTree.remove(RedBlackTree.java:293)
	at alda.t9.redblack.RedBlackTree.remove(RedBlackTree.java:293)
	at alda.t9.redblack.RedBlackTree.remove(RedBlackTree.java:293)
	at alda.t9.redblack.RedBlackTree.remove(RedBlackTree.java:293)
	at alda.t9.redblack.RedBlackTree.remove(RedBlackTree.java:293)
	at alda.t9.redblack.RedBlackTree.remove(RedBlackTree.java:293)
	at alda.t9.redblack.RedBlackTree.remove(RedBlackTree.java:293)
	at alda.t9.redblack.RedBlackTree.remove(RedBlackTree.java:293)
	at alda.t9.redblack.RedBlackTree.remove(RedBlackTree.java:293)
	at alda.t9.redblack.RedBlackTree.remove(RedBlackTree.java:293)
	at alda.t9.redblack.RedBlackTree.remove(RedBlackTree.java:293)
	at alda.t9.redblack.RedBlackTree.remove(RedBlackTree.java:293)
	at alda.t9.redblack.RedBlackTree.remove(RedBlackTree.java:293)
	at alda.t9.redblack.RedBlackTree.remove(RedBlackTree.java:293)
	at alda.t9.redblack.RedBlackTree.remove(RedBlackTree.java:293)
	at alda.t9.redblack.RedBlackTree.remove(RedBlackTree.java:293)
	at alda.t9.redblack.RedBlackTree.remove(RedBlackTree.java:293)
	at alda.t9.redblack.RedBlackTree.remove(RedBlackTree.java:293)
	at alda.t9.redblack.RedBlackTree.remove(RedBlackTree.java:293)
	at alda.t9.redblack.RedBlackTree.remove(RedBlackTree.java:293)
	at alda.t9.redblack.RedBlackTree.remove(RedBlackTree.java:293)
	at alda.t9.redblack.RedBlackTree.remove(RedBlackTree.java:293)
	at alda.t9.redblack.RedBlackTree.remove(RedBlackTree.java:293)
	at alda.t9.redblack.RedBlackTree.remove(RedBlackTree.java:293)
	at alda.t9.redblack.RedBlackTree.remove(RedBlackTree.java:293)
	at alda.t9.redblack.RedBlackTree.remove(RedBlackTree.java:293)
	at alda.t9.redblack.RedBlackTree.remove(RedBlackTree.java:293)
	at alda.t9.redblack.RedBlackTree.remove(RedBlackTree.java:293)
	at alda.t9.redblack.RedBlackTree.remove(RedBlackTree.java:293)
	at alda.t9.redblack.RedBlackTree.remove(RedBlackTree.java:293)
	at alda.t9.redblack.RedBlackTree.remove(RedBlackTree.java:293)
	at alda.t9.redblack.RedBlackTree.remove(RedBlackTree.java:293)
	at alda.t9.redblack.RedBlackTree.remove(RedBlackTree.java:293)
	at alda.t9.redblack.RedBlackTree.remove(RedBlackTree.java:293)
	at alda.t9.redblack.RedBlackTree.remove(RedBlackTree.java:293)
	at alda.t9.redblack.RedBlackTree.remove(RedBlackTree.java:293)
	at alda.t9.redblack.RedBlackTree.remove(RedBlackTree.java:293)
	at alda.t9.redblack.RedBlackTree.remove(RedBlackTree.java:293)
	at alda.t9.redblack.RedBlackTree.remove(RedBlackTree.java:293)
	at alda.t9.redblack.RedBlackTree.remove(RedBlackTree.java:293)
	at alda.t9.redblack.RedBlackTree.remove(RedBlackTree.java:293)
	at alda.t9.redblack.RedBlackTree.remove(RedBlackTree.java:293)
	at alda.t9.redblack.RedBlackTree.remove(RedBlackTree.java:293)
	at alda.t9.redblack.RedBlackTree.remove(RedBlackTree.java:293)
	at alda.t9.redblack.RedBlackTree.remove(RedBlackTree.java:293)
	at alda.t9.redblack.RedBlackTree.remove(RedBlackTree.java:293)
	at alda.t9.redblack.RedBlackTree.remove(RedBlackTree.java:293)
	at alda.t9.redblack.RedBlackTree.remove(RedBlackTree.java:293)
	at alda.t9.redblack.RedBlackTree.remove(RedBlackTree.java:293)
	at alda.t9.redblack.RedBlackTree.remove(RedBlackTree.java:293)
	at alda.t9.redblack.RedBlackTree.remove(RedBlackTree.java:293)
	at alda.t9.redblack.RedBlackTree.remove(RedBlackTree.java:293)
	at alda.t9.redblack.RedBlackTree.remove(RedBlackTree.java:293)
	at alda.t9.redblack.RedBlackTree.remove(RedBlackTree.java:293)
	at alda.t9.redblack.RedBlackTree.remove(RedBlackTree.java:293)
	at alda.t9.redblack.RedBlackTree.remove(RedBlackTree.java:293)
	at alda.t9.redblack.RedBlackTree.remove(RedBlackTree.java:293)
	at alda.t9.redblack.RedBlackTree.remove(RedBlackTree.java:293)
	at alda.t9.redblack.RedBlackTree.remove(RedBlackTree.java:293)
	at alda.t9.redblack.RedBlackTree.remove(RedBlackTree.java:293)
	at alda.t9.redblack.RedBlackTree.remove(RedBlackTree.java:293)
	at alda.t9.redblack.RedBlackTree.remove(RedBlackTree.java:293)
	at alda.t9.redblack.RedBlackTree.remove(RedBlackTree.java:293)
	at alda.t9.redblack.RedBlackTree.remove(RedBlackTree.java:293)
	at alda.t9.redblack.RedBlackTree.remove(RedBlackTree.java:293)
	at alda.t9.redblack.RedBlackTree.remove(RedBlackTree.java:293)
	at alda.t9.redblack.RedBlackTree.remove(RedBlackTree.java:293)
	at alda.t9.redblack.RedBlackTree.remove(RedBlackTree.java:293)
	at alda.t9.redblack.RedBlackTree.remove(RedBlackTree.java:293)
	at alda.t9.redblack.RedBlackTree.remove(RedBlackTree.java:293)
	at alda.t9.redblack.RedBlackTree.remove(RedBlackTree.java:293)
	at alda.t9.redblack.RedBlackTree.remove(RedBlackTree.java:293)
	at alda.t9.redblack.RedBlackTree.remove(RedBlackTree.java:293)
	at alda.t9.redblack.RedBlackTree.remove(RedBlackTree.java:293)
	at alda.t9.redblack.RedBlackTree.remove(RedBlackTree.java:293)
	at alda.t9.redblack.RedBlackTree.remove(RedBlackTree.java:293)
	at alda.t9.redblack.RedBlackTree.remove(RedBlackTree.java:293)
	at alda.t9.redblack.RedBlackTree.remove(RedBlackTree.java:293)
	at alda.t9.redblack.RedBlackTree.remove(RedBlackTree.java:293)
	at alda.t9.redblack.RedBlackTree.remove(RedBlackTree.java:293)
	at alda.t9.redblack.RedBlackTree.remove(RedBlackTree.java:293)
	at alda.t9.redblack.RedBlackTree.remove(RedBlackTree.java:293)
	at alda.t9.redblack.RedBlackTree.remove(RedBlackTree.java:293)
	at alda.t9.redblack.RedBlackTree.remove(RedBlackTree.java:293)
	at alda.t9.redblack.RedBlackTree.remove(RedBlackTree.java:293)
	at alda.t9.redblack.RedBlackTree.remove(RedBlackTree.java:293)
	at alda.t9.redblack.RedBlackTree.remove(RedBlackTree.java:293)
	at alda.t9.redblack.RedBlackTree.remove(RedBlackTree.java:293)
	at alda.t9.redblack.RedBlackTree.remove(RedBlackTree.java:293)
	at alda.t9.redblack.RedBlackTree.remove(RedBlackTree.java:293)
	at alda.t9.redblack.RedBlackTree.remove(RedBlackTree.java:293)
	at alda.t9.redblack.RedBlackTree.remove(RedBlackTree.java:293)
	at alda.t9.redblack.RedBlackTree.remove(RedBlackTree.java:293)
	at alda.t9.redblack.RedBlackTree.remove(RedBlackTree.java:293)
	at alda.t9.redblack.RedBlackTree.remove(RedBlackTree.java:293)
	at alda.t9.redblack.RedBlackTree.remove(RedBlackTree.java:293)
	at alda.t9.redblack.RedBlackTree.remove(RedBlackTree.java:293)
	at alda.t9.redblack.RedBlackTree.remove(RedBlackTree.java:293)
	at alda.t9.redblack.RedBlackTree.remove(RedBlackTree.java:293)
	at alda.t9.redblack.RedBlackTree.remove(RedBlackTree.java:293)
	at alda.t9.redblack.RedBlackTree.remove(RedBlackTree.java:293)
	at alda.t9.redblack.RedBlackTree.remove(RedBlackTree.java:293)
	at alda.t9.redblack.RedBlackTree.remove(RedBlackTree.java:293)
	at alda.t9.redblack.RedBlackTree.remove(RedBlackTree.java:293)
	at alda.t9.redblack.RedBlackTree.remove(RedBlackTree.java:293)
	at alda.t9.redblack.RedBlackTree.remove(RedBlackTree.java:293)
	at alda.t9.redblack.RedBlackTree.remove(RedBlackTree.java:293)
	at alda.t9.redblack.RedBlackTree.remove(RedBlackTree.java:293)
	at alda.t9.redblack.RedBlackTree.remove(RedBlackTree.java:293)
	at alda.t9.redblack.RedBlackTree.remove(RedBlackTree.java:293)
	at alda.t9.redblack.RedBlackTree.remove(RedBlackTree.java:293)
	at alda.t9.redblack.RedBlackTree.remove(RedBlackTree.java:293)
	at alda.t9.redblack.RedBlackTree.remove(RedBlackTree.java:293)
	at alda.t9.redblack.RedBlackTree.remove(RedBlackTree.java:293)
	at alda.t9.redblack.RedBlackTree.remove(RedBlackTree.java:293)
	at alda.t9.redblack.RedBlackTree.remove(RedBlackTree.java:293)
	at alda.t9.redblack.RedBlackTree.remove(RedBlackTree.java:293)
	at alda.t9.redblack.RedBlackTree.remove(RedBlackTree.java:293)
	at alda.t9.redblack.RedBlackTree.remove(RedBlackTree.java:293)
	at alda.t9.redblack.RedBlackTree.remove(RedBlackTree.java:293)
	at alda.t9.redblack.RedBlackTree.remove(RedBlackTree.java:293)
	at alda.t9.redblack.RedBlackTree.remove(RedBlackTree.java:293)
	at alda.t9.redblack.RedBlackTree.remove(RedBlackTree.java:293)
	at alda.t9.redblack.RedBlackTree.remove(RedBlackTree.java:293)
	at alda.t9.redblack.RedBlackTree.remove(RedBlackTree.java:293)
	at alda.t9.redblack.RedBlackTree.remove(RedBlackTree.java:293)
	at alda.t9.redblack.RedBlackTree.remove(RedBlackTree.java:293)
	at alda.t9.redblack.RedBlackTree.remove(RedBlackTree.java:293)
	at alda.t9.redblack.RedBlackTree.remove(RedBlackTree.java:293)
	at alda.t9.redblack.RedBlackTree.remove(RedBlackTree.java:293)
	at alda.t9.redblack.RedBlackTree.remove(RedBlackTree.java:293)
	at alda.t9.redblack.RedBlackTree.remove(RedBlackTree.java:293)
	at alda.t9.redblack.RedBlackTree.remove(RedBlackTree.java:293)
	at alda.t9.redblack.RedBlackTree.remove(RedBlackTree.java:293)
	at alda.t9.redblack.RedBlackTree.remove(RedBlackTree.java:293)
	at alda.t9.redblack.RedBlackTree.remove(RedBlackTree.java:293)
	at alda.t9.redblack.RedBlackTree.remove(RedBlackTree.java:293)
	at alda.t9.redblack.RedBlackTree.remove(RedBlackTree.java:293)
	at alda.t9.redblack.RedBlackTree.remove(RedBlackTree.java:293)
	at alda.t9.redblack.RedBlackTree.remove(RedBlackTree.java:293)
	at alda.t9.redblack.RedBlackTree.remove(RedBlackTree.java:293)
	at alda.t9.redblack.RedBlackTree.remove(RedBlackTree.java:293)
	at alda.t9.redblack.RedBlackTree.remove(RedBlackTree.java:293)
	at alda.t9.redblack.RedBlackTree.remove(RedBlackTree.java:293)
	at alda.t9.redblack.RedBlackTree.remove(RedBlackTree.java:293)
	at alda.t9.redblack.RedBlackTree.remove(RedBlackTree.java:293)
	at alda.t9.redblack.RedBlackTree.remove(RedBlackTree.java:293)
	at alda.t9.redblack.RedBlackTree.remove(RedBlackTree.java:293)
	at alda.t9.redblack.RedBlackTree.remove(RedBlackTree.java:293)
	at alda.t9.redblack.RedBlackTree.remove(RedBlackTree.java:293)
	at alda.t9.redblack.RedBlackTree.remove(RedBlackTree.java:293)
	at alda.t9.redblack.RedBlackTree.remove(RedBlackTree.java:293)
	at alda.t9.redblack.RedBlackTree.remove(RedBlackTree.java:293)
	at alda.t9.redblack.RedBlackTree.remove(RedBlackTree.java:293)
	at alda.t9.redblack.RedBlackTree.remove(RedBlackTree.java:293)
	at alda.t9.redblack.RedBlackTree.remove(RedBlackTree.java:293)
	at alda.t9.redblack.RedBlackTree.remove(RedBlackTree.java:293)
	at alda.t9.redblack.RedBlackTree.remove(RedBlackTree.java:293)
	at alda.t9.redblack.RedBlackTree.remove(RedBlackTree.java:293)
	at alda.t9.redblack.RedBlackTree.remove(RedBlackTree.java:293)
	at alda.t9.redblack.RedBlackTree.remove(RedBlackTree.java:293)
	at alda.t9.redblack.RedBlackTree.remove(RedBlackTree.java:293)
	at alda.t9.redblack.RedBlackTree.remove(RedBlackTree.java:293)
	at alda.t9.redblack.RedBlackTree.remove(RedBlackTree.java:293)
	at alda.t9.redblack.RedBlackTree.remove(RedBlackTree.java:293)
	at alda.t9.redblack.RedBlackTree.remove(RedBlackTree.java:293)
	at alda.t9.redblack.RedBlackTree.remove(RedBlackTree.java:293)
	at alda.t9.redblack.RedBlackTree.remove(RedBlackTree.java:293)
	at alda.t9.redblack.RedBlackTree.remove(RedBlackTree.java:293)
	at alda.t9.redblack.RedBlackTree.remove(RedBlackTree.java:293)
	at alda.t9.redblack.RedBlackTree.remove(RedBlackTree.java:293)
	at alda.t9.redblack.RedBlackTree.remove(RedBlackTree.java:293)
	at alda.t9.redblack.RedBlackTree.remove(RedBlackTree.java:293)
	at alda.t9.redblack.RedBlackTree.remove(RedBlackTree.java:293)
	at alda.t9.redblack.RedBlackTree.remove(RedBlackTree.java:293)
	at alda.t9.redblack.RedBlackTree.remove(RedBlackTree.java:293)
	at alda.t9.redblack.RedBlackTree.remove(RedBlackTree.java:293)
	at alda.t9.redblack.RedBlackTree.remove(RedBlackTree.java:293)
	at alda.t9.redblack.RedBlackTree.remove(RedBlackTree.java:293)
	at alda.t9.redblack.RedBlackTree.remove(RedBlackTree.java:293)
	at alda.t9.redblack.RedBlackTree.remove(RedBlackTree.java:293)
	at alda.t9.redblack.RedBlackTree.remove(RedBlackTree.java:293)
	at alda.t9.redblack.RedBlackTree.remove(RedBlackTree.java:293)
	at alda.t9.redblack.RedBlackTree.remove(RedBlackTree.java:293)
	at alda.t9.redblack.RedBlackTree.remove(RedBlackTree.java:293)
	at alda.t9.redblack.RedBlackTree.remove(RedBlackTree.java:293)
	at alda.t9.redblack.RedBlackTree.remove(RedBlackTree.java:293)
	at alda.t9.redblack.RedBlackTree.remove(RedBlackTree.java:293)
	at alda.t9.redblack.RedBlackTree.remove(RedBlackTree.java:293)
	at alda.t9.redblack.RedBlackTree.remove(RedBlackTree.java:293)
	at alda.t9.redblack.RedBlackTree.remove(RedBlackTree.java:293)
	at alda.t9.redblack.RedBlackTree.remove(RedBlackTree.java:293)
	at alda.t9.redblack.RedBlackTree.remove(RedBlackTree.java:293)
	at alda.t9.redblack.RedBlackTree.remove(RedBlackTree.java:293)
	at alda.t9.redblack.RedBlackTree.remove(RedBlackTree.java:293)
	at alda.t9.redblack.RedBlackTree.remove(RedBlackTree.java:293)
	at alda.t9.redblack.RedBlackTree.remove(RedBlackTree.java:293)
	at alda.t9.redblack.RedBlackTree.remove(RedBlackTree.java:293)
	at alda.t9.redblack.RedBlackTree.remove(RedBlackTree.java:293)
	at alda.t9.redblack.RedBlackTree.remove(RedBlackTree.java:293)
	at alda.t9.redblack.RedBlackTree.remove(RedBlackTree.java:293)
	at alda.t9.redblack.RedBlackTree.remove(RedBlackTree.java:293)
	at alda.t9.redblack.RedBlackTree.remove(RedBlackTree.java:293)
	at alda.t9.redblack.RedBlackTree.remove(RedBlackTree.java:293)
	at alda.t9.redblack.RedBlackTree.remove(RedBlackTree.java:293)
	at alda.t9.redblack.RedBlackTree.remove(RedBlackTree.java:293)
	at alda.t9.redblack.RedBlackTree.remove(RedBlackTree.java:293)
	at alda.t9.redblack.RedBlackTree.remove(RedBlackTree.java:293)
	at alda.t9.redblack.RedBlackTree.remove(RedBlackTree.java:293)
	at alda.t9.redblack.RedBlackTree.remove(RedBlackTree.java:293)
	at alda.t9.redblack.RedBlackTree.remove(RedBlackTree.java:293)
	at alda.t9.redblack.RedBlackTree.remove(RedBlackTree.java:293)
	at alda.t9.redblack.RedBlackTree.remove(RedBlackTree.java:293)
	at alda.t9.redblack.RedBlackTree.remove(RedBlackTree.java:293)
	at alda.t9.redblack.RedBlackTree.remove(RedBlackTree.java:293)
	at alda.t9.redblack.RedBlackTree.remove(RedBlackTree.java:293)
	at alda.t9.redblack.RedBlackTree.remove(RedBlackTree.java:293)
	at alda.t9.redblack.RedBlackTree.remove(RedBlackTree.java:293)
	at alda.t9.redblack.RedBlackTree.remove(RedBlackTree.java:293)
	at alda.t9.redblack.RedBlackTree.remove(RedBlackTree.java:293)
	at alda.t9.redblack.RedBlackTree.remove(RedBlackTree.java:293)
	at alda.t9.redblack.RedBlackTree.remove(RedBlackTree.java:293)
	at alda.t9.redblack.RedBlackTree.remove(RedBlackTree.java:293)
	at alda.t9.redblack.RedBlackTree.remove(RedBlackTree.java:293)
	at alda.t9.redblack.RedBlackTree.remove(RedBlackTree.java:293)
	at alda.t9.redblack.RedBlackTree.remove(RedBlackTree.java:293)
	at alda.t9.redblack.RedBlackTree.remove(RedBlackTree.java:293)
	at alda.t9.redblack.RedBlackTree.remove(RedBlackTree.java:293)
	at alda.t9.redblack.RedBlackTree.remove(RedBlackTree.java:293)
	at alda.t9.redblack.RedBlackTree.remove(RedBlackTree.java:293)
	at alda.t9.redblack.RedBlackTree.remove(RedBlackTree.java:293)
	at alda.t9.redblack.RedBlackTree.remove(RedBlackTree.java:293)
	at alda.t9.redblack.RedBlackTree.remove(RedBlackTree.java:293)
	at alda.t9.redblack.RedBlackTree.remove(RedBlackTree.java:293)
	at alda.t9.redblack.RedBlackTree.remove(RedBlackTree.java:293)
	at alda.t9.redblack.RedBlackTree.remove(RedBlackTree.java:293)
	at alda.t9.redblack.RedBlackTree.remove(RedBlackTree.java:293)
	at alda.t9.redblack.RedBlackTree.remove(RedBlackTree.java:293)
	at alda.t9.redblack.RedBlackTree.remove(RedBlackTree.java:293)
	at alda.t9.redblack.RedBlackTree.remove(RedBlackTree.java:293)
	at alda.t9.redblack.RedBlackTree.remove(RedBlackTree.java:293)
	at alda.t9.redblack.RedBlackTree.remove(RedBlackTree.java:293)
	at alda.t9.redblack.RedBlackTree.remove(RedBlackTree.java:293)
	at alda.t9.redblack.RedBlackTree.remove(RedBlackTree.java:293)
	at alda.t9.redblack.RedBlackTree.remove(RedBlackTree.java:293)
	at alda.t9.redblack.RedBlackTree.remove(RedBlackTree.java:293)
	at alda.t9.redblack.RedBlackTree.remove(RedBlackTree.java:293)
	at alda.t9.redblack.RedBlackTree.remove(RedBlackTree.java:293)
	at alda.t9.redblack.RedBlackTree.remove(RedBlackTree.java:293)
	at alda.t9.redblack.RedBlackTree.remove(RedBlackTree.java:293)
	at alda.t9.redblack.RedBlackTree.remove(RedBlackTree.java:293)
	at alda.t9.redblack.RedBlackTree.remove(RedBlackTree.java:293)
	at alda.t9.redblack.RedBlackTree.remove(RedBlackTree.java:293)
	at alda.t9.redblack.RedBlackTree.remove(RedBlackTree.java:293)
	at alda.t9.redblack.RedBlackTree.remove(RedBlackTree.java:293)
	at alda.t9.redblack.RedBlackTree.remove(RedBlackTree.java:293)
	at alda.t9.redblack.RedBlackTree.remove(RedBlackTree.java:293)
	at alda.t9.redblack.RedBlackTree.remove(RedBlackTree.java:293)
	at alda.t9.redblack.RedBlackTree.remove(RedBlackTree.java:293)
	at alda.t9.redblack.RedBlackTree.remove(RedBlackTree.java:293)
	at alda.t9.redblack.RedBlackTree.remove(RedBlackTree.java:293)
	at alda.t9.redblack.RedBlackTree.remove(RedBlackTree.java:293)
	at alda.t9.redblack.RedBlackTree.remove(RedBlackTree.java:293)
	at alda.t9.redblack.RedBlackTree.remove(RedBlackTree.java:293)
	at alda.t9.redblack.RedBlackTree.remove(RedBlackTree.java:293)
	at alda.t9.redblack.RedBlackTree.remove(RedBlackTree.java:293)
	at alda.t9.redblack.RedBlackTree.remove(RedBlackTree.java:293)
	at alda.t9.redblack.RedBlackTree.remove(RedBlackTree.java:293)
	at alda.t9.redblack.RedBlackTree.remove(RedBlackTree.java:293)
	at alda.t9.redblack.RedBlackTree.remove(RedBlackTree.java:293)
	at alda.t9.redblack.RedBlackTree.remove(RedBlackTree.java:293)
	at alda.t9.redblack.RedBlackTree.remove(RedBlackTree.java:293)
	at alda.t9.redblack.RedBlackTree.remove(RedBlackTree.java:293)
	at alda.t9.redblack.RedBlackTree.remove(RedBlackTree.java:293)
	at alda.t9.redblack.RedBlackTree.remove(RedBlackTree.java:293)
	at alda.t9.redblack.RedBlackTree.remove(RedBlackTree.java:293)
	at alda.t9.redblack.RedBlackTree.remove(RedBlackTree.java:293)
	at alda.t9.redblack.RedBlackTree.remove(RedBlackTree.java:293)
	at alda.t9.redblack.RedBlackTree.remove(RedBlackTree.java:293)
	at alda.t9.redblack.RedBlackTree.remove(RedBlackTree.java:293)
	at alda.t9.redblack.RedBlackTree.remove(RedBlackTree.java:293)
	at alda.t9.redblack.RedBlackTree.remove(RedBlackTree.java:293)
	at alda.t9.redblack.RedBlackTree.remove(RedBlackTree.java:293)
	at alda.t9.redblack.RedBlackTree.remove(RedBlackTree.java:293)
	at alda.t9.redblack.RedBlackTree.remove(RedBlackTree.java:293)
	at alda.t9.redblack.RedBlackTree.remove(RedBlackTree.java:293)
	at alda.t9.redblack.RedBlackTree.remove(RedBlackTree.java:293)
	at alda.t9.redblack.RedBlackTree.remove(RedBlackTree.java:293)
	at alda.t9.redblack.RedBlackTree.remove(RedBlackTree.java:293)
	at alda.t9.redblack.RedBlackTree.remove(RedBlackTree.java:293)
	at alda.t9.redblack.RedBlackTree.remove(RedBlackTree.java:293)
	at alda.t9.redblack.RedBlackTree.remove(RedBlackTree.java:293)
	at alda.t9.redblack.RedBlackTree.remove(RedBlackTree.java:293)
	at alda.t9.redblack.RedBlackTree.remove(RedBlackTree.java:293)
	at alda.t9.redblack.RedBlackTree.remove(RedBlackTree.java:293)
	at alda.t9.redblack.RedBlackTree.remove(RedBlackTree.java:293)
	at alda.t9.redblack.RedBlackTree.remove(RedBlackTree.java:293)
	at alda.t9.redblack.RedBlackTree.remove(RedBlackTree.java:293)
	at alda.t9.redblack.RedBlackTree.remove(RedBlackTree.java:293)
	at alda.t9.redblack.RedBlackTree.remove(RedBlackTree.java:293)
	at alda.t9.redblack.RedBlackTree.remove(RedBlackTree.java:293)
	at alda.t9.redblack.RedBlackTree.remove(RedBlackTree.java:293)
	at alda.t9.redblack.RedBlackTree.remove(RedBlackTree.java:293)
	at alda.t9.redblack.RedBlackTree.remove(RedBlackTree.java:293)
	at alda.t9.redblack.RedBlackTree.remove(RedBlackTree.java:293)
	at alda.t9.redblack.RedBlackTree.remove(RedBlackTree.java:293)
	at alda.t9.redblack.RedBlackTree.remove(RedBlackTree.java:293)
	at alda.t9.redblack.RedBlackTree.remove(RedBlackTree.java:293)
	at alda.t9.redblack.RedBlackTree.remove(RedBlackTree.java:293)
	at alda.t9.redblack.RedBlackTree.remove(RedBlackTree.java:293)
	at alda.t9.redblack.RedBlackTree.remove(RedBlackTree.java:293)
	at alda.t9.redblack.RedBlackTree.remove(RedBlackTree.java:293)
	at alda.t9.redblack.RedBlackTree.remove(RedBlackTree.java:293)
	at alda.t9.redblack.RedBlackTree.remove(RedBlackTree.java:293)
	at alda.t9.redblack.RedBlackTree.remove(RedBlackTree.java:293)
	at alda.t9.redblack.RedBlackTree.remove(RedBlackTree.java:293)
	at alda.t9.redblack.RedBlackTree.remove(RedBlackTree.java:293)
	at alda.t9.redblack.RedBlackTree.remove(RedBlackTree.java:293)
	at alda.t9.redblack.RedBlackTree.remove(RedBlackTree.java:293)
	at alda.t9.redblack.RedBlackTree.remove(RedBlackTree.java:293)
	at alda.t9.redblack.RedBlackTree.remove(RedBlackTree.java:293)
	at alda.t9.redblack.RedBlackTree.remove(RedBlackTree.java:293)
	at alda.t9.redblack.RedBlackTree.remove(RedBlackTree.java:293)
	at alda.t9.redblack.RedBlackTree.remove(RedBlackTree.java:293)
	at alda.t9.redblack.RedBlackTree.remove(RedBlackTree.java:293)
	at alda.t9.redblack.RedBlackTree.remove(RedBlackTree.java:293)
	at alda.t9.redblack.RedBlackTree.remove(RedBlackTree.java:293)
	at alda.t9.redblack.RedBlackTree.remove(RedBlackTree.java:293)
	at alda.t9.redblack.RedBlackTree.remove(RedBlackTree.java:293)
	at alda.t9.redblack.RedBlackTree.remove(RedBlackTree.java:293)
	at alda.t9.redblack.RedBlackTree.remove(RedBlackTree.java:293)
	at alda.t9.redblack.RedBlackTree.remove(RedBlackTree.java:293)
	at alda.t9.redblack.RedBlackTree.remove(RedBlackTree.java:293)
	at alda.t9.redblack.RedBlackTree.remove(RedBlackTree.java:293)
	at alda.t9.redblack.RedBlackTree.remove(RedBlackTree.java:293)
	at alda.t9.redblack.RedBlackTree.remove(RedBlackTree.java:293)
	at alda.t9.redblack.RedBlackTree.remove(RedBlackTree.java:293)
	at alda.t9.redblack.RedBlackTree.remove(RedBlackTree.java:293)
	at alda.t9.redblack.RedBlackTree.remove(RedBlackTree.java:293)
	at alda.t9.redblack.RedBlackTree.remove(RedBlackTree.java:293)
	at alda.t9.redblack.RedBlackTree.remove(RedBlackTree.java:293)
	at alda.t9.redblack.RedBlackTree.remove(RedBlackTree.java:293)
	at alda.t9.redblack.RedBlackTree.remove(RedBlackTree.java:293)
	at alda.t9.redblack.RedBlackTree.remove(RedBlackTree.java:293)
	at alda.t9.redblack.RedBlackTree.remove(RedBlackTree.java:293)
	at alda.t9.redblack.RedBlackTree.remove(RedBlackTree.java:293)
	at alda.t9.redblack.RedBlackTree.remove(RedBlackTree.java:293)
	at alda.t9.redblack.RedBlackTree.remove(RedBlackTree.java:293)
	at alda.t9.redblack.RedBlackTree.remove(RedBlackTree.java:293)
	at alda.t9.redblack.RedBlackTree.remove(RedBlackTree.java:293)
	at alda.t9.redblack.RedBlackTree.remove(RedBlackTree.java:293)
	at alda.t9.redblack.RedBlackTree.remove(RedBlackTree.java:293)
	at alda.t9.redblack.RedBlackTree.remove(RedBlackTree.java:293)
	at alda.t9.redblack.RedBlackTree.remove(RedBlackTree.java:293)
	at alda.t9.redblack.RedBlackTree.remove(RedBlackTree.java:293)
	at alda.t9.redblack.RedBlackTree.remove(RedBlackTree.java:293)
	at alda.t9.redblack.RedBlackTree.remove(RedBlackTree.java:293)
	at alda.t9.redblack.RedBlackTree.remove(RedBlackTree.java:293)
	at alda.t9.redblack.RedBlackTree.remove(RedBlackTree.java:293)
	at alda.t9.redblack.RedBlackTree.remove(RedBlackTree.java:293)
	at alda.t9.redblack.RedBlackTree.remove(RedBlackTree.java:293)
	at alda.t9.redblack.RedBlackTree.remove(RedBlackTree.java:293)
	at alda.t9.redblack.RedBlackTree.remove(RedBlackTree.java:293)
	at alda.t9.redblack.RedBlackTree.remove(RedBlackTree.java:293)
	at alda.t9.redblack.RedBlackTree.remove(RedBlackTree.java:293)
	at alda.t9.redblack.RedBlackTree.remove(RedBlackTree.java:293)
	at alda.t9.redblack.RedBlackTree.remove(RedBlackTree.java:293)
	at alda.t9.redblack.RedBlackTree.remove(RedBlackTree.java:293)
	at alda.t9.redblack.RedBlackTree.remove(RedBlackTree.java:293)
	at alda.t9.redblack.RedBlackTree.remove(RedBlackTree.java:293)
	at alda.t9.redblack.RedBlackTree.remove(RedBlackTree.java:293)
	at alda.t9.redblack.RedBlackTree.remove(RedBlackTree.java:293)
	at alda.t9.redblack.RedBlackTree.remove(RedBlackTree.java:293)
	at alda.t9.redblack.RedBlackTree.remove(RedBlackTree.java:293)
	at alda.t9.redblack.RedBlackTree.remove(RedBlackTree.java:293)
	at alda.t9.redblack.RedBlackTree.remove(RedBlackTree.java:293)
	at alda.t9.redblack.RedBlackTree.remove(RedBlackTree.java:293)
	at alda.t9.redblack.RedBlackTree.remove(RedBlackTree.java:293)
	at alda.t9.redblack.RedBlackTree.remove(RedBlackTree.java:293)
	at alda.t9.redblack.RedBlackTree.remove(RedBlackTree.java:293)
	at alda.t9.redblack.RedBlackTree.remove(RedBlackTree.java:293)
	at alda.t9.redblack.RedBlackTree.remove(RedBlackTree.java:293)
	at alda.t9.redblack.RedBlackTree.remove(RedBlackTree.java:293)
	at alda.t9.redblack.RedBlackTree.remove(RedBlackTree.java:293)
	at alda.t9.redblack.RedBlackTree.remove(RedBlackTree.java:293)
	at alda.t9.redblack.RedBlackTree.remove(RedBlackTree.java:293)
	at alda.t9.redblack.RedBlackTree.remove(RedBlackTree.java:293)
	at alda.t9.redblack.RedBlackTree.remove(RedBlackTree.java:293)
	at alda.t9.redblack.RedBlackTree.remove(RedBlackTree.java:293)
	at alda.t9.redblack.RedBlackTree.remove(RedBlackTree.java:293)
	at alda.t9.redblack.RedBlackTree.remove(RedBlackTree.java:293)
	at alda.t9.redblack.RedBlackTree.remove(RedBlackTree.java:293)
	at alda.t9.redblack.RedBlackTree.remove(RedBlackTree.java:293)
	at alda.t9.redblack.RedBlackTree.remove(RedBlackTree.java:293)
	at alda.t9.redblack.RedBlackTree.remove(RedBlackTree.java:293)
	at alda.t9.redblack.RedBlackTree.remove(RedBlackTree.java:293)
	at alda.t9.redblack.RedBlackTree.remove(RedBlackTree.java:293)
	at alda.t9.redblack.RedBlackTree.remove(RedBlackTree.java:293)
	at alda.t9.redblack.RedBlackTree.remove(RedBlackTree.java:293)
	at alda.t9.redblack.RedBlackTree.remove(RedBlackTree.java:293)
	at alda.t9.redblack.RedBlackTree.remove(RedBlackTree.java:293)
	at alda.t9.redblack.RedBlackTree.remove(RedBlackTree.java:293)
	at alda.t9.redblack.RedBlackTree.remove(RedBlackTree.java:293)
	at alda.t9.redblack.RedBlackTree.remove(RedBlackTree.java:293)
	at alda.t9.redblack.RedBlackTree.remove(RedBlackTree.java:293)
	at alda.t9.redblack.RedBlackTree.remove(RedBlackTree.java:293)
	at alda.t9.redblack.RedBlackTree.remove(RedBlackTree.java:293)
	at alda.t9.redblack.RedBlackTree.remove(RedBlackTree.java:293)
	at alda.t9.redblack.RedBlackTree.remove(RedBlackTree.java:293)
	at alda.t9.redblack.RedBlackTree.remove(RedBlackTree.java:293)
	at alda.t9.redblack.RedBlackTree.remove(RedBlackTree.java:293)
	at alda.t9.redblack.RedBlackTree.remove(RedBlackTree.java:293)
	at alda.t9.redblack.RedBlackTree.remove(RedBlackTree.java:293)
	at alda.t9.redblack.RedBlackTree.remove(RedBlackTree.java:293)
	at alda.t9.redblack.RedBlackTree.remove(RedBlackTree.java:293)
	at alda.t9.redblack.RedBlackTree.remove(RedBlackTree.java:293)
	at alda.t9.redblack.RedBlackTree.remove(RedBlackTree.java:293)
	at alda.t9.redblack.RedBlackTree.remove(RedBlackTree.java:293)
	at alda.t9.redblack.RedBlackTree.remove(RedBlackTree.java:293)
	at alda.t9.redblack.RedBlackTree.remove(RedBlackTree.java:293)
	at alda.t9.redblack.RedBlackTree.remove(RedBlackTree.java:293)
	at alda.t9.redblack.RedBlackTree.remove(RedBlackTree.java:293)
	at alda.t9.redblack.RedBlackTree.remove(RedBlackTree.java:293)
	at alda.t9.redblack.RedBlackTree.remove(RedBlackTree.java:293)
	at alda.t9.redblack.RedBlackTree.remove(RedBlackTree.java:293)
	at alda.t9.redblack.RedBlackTree.remove(RedBlackTree.java:293)
	at alda.t9.redblack.RedBlackTree.remove(RedBlackTree.java:293)
	at alda.t9.redblack.RedBlackTree.remove(RedBlackTree.java:293)
	at alda.t9.redblack.RedBlackTree.remove(RedBlackTree.java:293)
	at alda.t9.redblack.RedBlackTree.remove(RedBlackTree.java:293)
	at alda.t9.redblack.RedBlackTree.remove(RedBlackTree.java:293)
	at alda.t9.redblack.RedBlackTree.remove(RedBlackTree.java:293)
	at alda.t9.redblack.RedBlackTree.remove(RedBlackTree.java:293)
	at alda.t9.redblack.RedBlackTree.remove(RedBlackTree.java:293)
	at alda.t9.redblack.RedBlackTree.remove(RedBlackTree.java:293)
	at alda.t9.redblack.RedBlackTree.remove(RedBlackTree.java:293)
	at alda.t9.redblack.RedBlackTree.remove(RedBlackTree.java:293)
	at alda.t9.redblack.RedBlackTree.remove(RedBlackTree.java:293)
	at alda.t9.redblack.RedBlackTree.remove(RedBlackTree.java:293)
	at alda.t9.redblack.RedBlackTree.remove(RedBlackTree.java:293)
	at alda.t9.redblack.RedBlackTree.remove(RedBlackTree.java:293)
	at alda.t9.redblack.RedBlackTree.remove(RedBlackTree.java:293)
	at alda.t9.redblack.RedBlackTree.remove(RedBlackTree.java:293)
	at alda.t9.redblack.RedBlackTree.remove(RedBlackTree.java:293)
	at alda.t9.redblack.RedBlackTree.remove(RedBlackTree.java:293)
	at alda.t9.redblack.RedBlackTree.remove(RedBlackTree.java:293)
	at alda.t9.redblack.RedBlackTree.remove(RedBlackTree.java:293)
	at alda.t9.redblack.RedBlackTree.remove(RedBlackTree.java:293)
	at alda.t9.redblack.RedBlackTree.remove(RedBlackTree.java:293)
	at alda.t9.redblack.RedBlackTree.remove(RedBlackTree.java:293)
	at alda.t9.redblack.RedBlackTree.remove(RedBlackTree.java:293)
	at alda.t9.redblack.RedBlackTree.remove(RedBlackTree.java:293)
	at alda.t9.redblack.RedBlackTree.remove(RedBlackTree.java:293)
	at alda.t9.redblack.RedBlackTree.remove(RedBlackTree.java:293)
	at alda.t9.redblack.RedBlackTree.remove(RedBlackTree.java:293)
	at alda.t9.redblack.RedBlackTree.remove(RedBlackTree.java:293)
	at alda.t9.redblack.RedBlackTree.remove(RedBlackTree.java:293)
	at alda.t9.redblack.RedBlackTree.remove(RedBlackTree.java:293)
	at alda.t9.redblack.RedBlackTree.remove(RedBlackTree.java:293)
	at alda.t9.redblack.RedBlackTree.remove(RedBlackTree.java:293)
	at alda.t9.redblack.RedBlackTree.remove(RedBlackTree.java:293)
	at alda.t9.redblack.RedBlackTree.remove(RedBlackTree.java:293)
	at alda.t9.redblack.RedBlackTree.remove(RedBlackTree.java:293)
	at alda.t9.redblack.RedBlackTree.remove(RedBlackTree.java:293)
	at alda.t9.redblack.RedBlackTree.remove(RedBlackTree.java:293)
	at alda.t9.redblack.RedBlackTree.remove(RedBlackTree.java:293)
	at alda.t9.redblack.RedBlackTree.remove(RedBlackTree.java:293)
	at alda.t9.redblack.RedBlackTree.remove(RedBlackTree.java:293)
	at alda.t9.redblack.RedBlackTree.remove(RedBlackTree.java:293)
	at alda.t9.redblack.RedBlackTree.remove(RedBlackTree.java:293)
	at alda.t9.redblack.RedBlackTree.remove(RedBlackTree.java:293)
	at alda.t9.redblack.RedBlackTree.remove(RedBlackTree.java:293)
	at alda.t9.redblack.RedBlackTree.remove(RedBlackTree.java:293)
	at alda.t9.redblack.RedBlackTree.remove(RedBlackTree.java:293)
	at alda.t9.redblack.RedBlackTree.remove(RedBlackTree.java:293)
	at alda.t9.redblack.RedBlackTree.remove(RedBlackTree.java:293)
	at alda.t9.redblack.RedBlackTree.remove(RedBlackTree.java:293)
	at alda.t9.redblack.RedBlackTree.remove(RedBlackTree.java:293)
	at alda.t9.redblack.RedBlackTree.remove(RedBlackTree.java:293)
	at alda.t9.redblack.RedBlackTree.remove(RedBlackTree.java:293)
	at alda.t9.redblack.RedBlackTree.remove(RedBlackTree.java:293)
	at alda.t9.redblack.RedBlackTree.remove(RedBlackTree.java:293)
	at alda.t9.redblack.RedBlackTree.remove(RedBlackTree.java:293)
	at alda.t9.redblack.RedBlackTree.remove(RedBlackTree.java:293)
	at alda.t9.redblack.RedBlackTree.remove(RedBlackTree.java:293)
	at alda.t9.redblack.RedBlackTree.remove(RedBlackTree.java:293)
	at alda.t9.redblack.RedBlackTree.remove(RedBlackTree.java:293)
	at alda.t9.redblack.RedBlackTree.remove(RedBlackTree.java:293)
	at alda.t9.redblack.RedBlackTree.remove(RedBlackTree.java:293)
	at alda.t9.redblack.RedBlackTree.remove(RedBlackTree.java:293)
	at alda.t9.redblack.RedBlackTree.remove(RedBlackTree.java:293)
	at alda.t9.redblack.RedBlackTree.remove(RedBlackTree.java:293)
	at alda.t9.redblack.RedBlackTree.remove(RedBlackTree.java:293)
	at alda.t9.redblack.RedBlackTree.remove(RedBlackTree.java:293)
	at alda.t9.redblack.RedBlackTree.remove(RedBlackTree.java:293)
	at alda.t9.redblack.RedBlackTree.remove(RedBlackTree.java:293)
	at alda.t9.redblack.RedBlackTree.remove(RedBlackTree.java:293)

alda.t9.redblack.RedBlackTreeTest.test(int)[6] -- Time elapsed: 0.003 s <<< FAILURE!
org.opentest4j.AssertionFailedError: Wrong number of black nodes in path ==> expected: <1> but was: <2>
	at org.junit.jupiter.api.AssertionFailureBuilder.build(AssertionFailureBuilder.java:151)
	at org.junit.jupiter.api.AssertionFailureBuilder.buildAndThrow(AssertionFailureBuilder.java:132)
	at org.junit.jupiter.api.AssertEquals.failNotEqual(AssertEquals.java:197)
	at org.junit.jupiter.api.AssertEquals.assertEquals(AssertEquals.java:150)
	at org.junit.jupiter.api.Assertions.assertEquals(Assertions.java:563)
	at alda.t9.redblack.RedBlackTreeTest.assertIsRedBlackTree(RedBlackTreeTest.java:78)
	at alda.t9.redblack.RedBlackTreeTest.assertIsRedBlackTree(RedBlackTreeTest.java:91)
	at alda.t9.redblack.RedBlackTreeTest.assertIsRedBlackTree(RedBlackTreeTest.java:91)
	at alda.t9.redblack.RedBlackTreeTest.assertIsRedBlackTree(RedBlackTreeTest.java:92)
	at alda.t9.redblack.RedBlackTreeTest.assertIsRedBlackTree(RedBlackTreeTest.java:68)
	at alda.t9.redblack.RedBlackTreeTest.test(RedBlackTreeTest.java:40)
	at java.base/java.lang.reflect.Method.invoke(Method.java:565)
	at java.base/java.util.stream.ForEachOps$ForEachOp$OfRef.accept(ForEachOps.java:186)
	at java.base/java.util.stream.ReferencePipeline$3$1.accept(ReferencePipeline.java:214)
	at java.base/java.util.stream.ReferencePipeline$2$1.accept(ReferencePipeline.java:197)
	at java.base/java.util.stream.ReferencePipeline$3$1.accept(ReferencePipeline.java:214)
	at java.base/java.util.stream.ForEachOps$ForEachOp$OfRef.accept(ForEachOps.java:186)
	at java.base/java.util.stream.ReferencePipeline$3$1.accept(ReferencePipeline.java:214)
	at java.base/java.util.stream.ForEachOps$ForEachOp$OfRef.accept(ForEachOps.java:186)
	at java.base/java.util.stream.ForEachOps$ForEachOp$OfRef.accept(ForEachOps.java:186)
	at java.base/java.util.stream.ReferencePipeline$3$1.accept(ReferencePipeline.java:214)
	at java.base/java.util.Spliterators$ArraySpliterator.forEachRemaining(Spliterators.java:1024)
	at java.base/java.util.stream.AbstractPipeline.copyInto(AbstractPipeline.java:570)
	at java.base/java.util.stream.AbstractPipeline.wrapAndCopyInto(AbstractPipeline.java:560)
	at java.base/java.util.stream.ForEachOps$ForEachOp.evaluateSequential(ForEachOps.java:153)
	at java.base/java.util.stream.ForEachOps$ForEachOp$OfRef.evaluateSequential(ForEachOps.java:176)
	at java.base/java.util.stream.AbstractPipeline.evaluate(AbstractPipeline.java:265)
	at java.base/java.util.stream.ReferencePipeline.forEach(ReferencePipeline.java:632)
	at java.base/java.util.stream.ReferencePipeline$7$1FlatMap.accept(ReferencePipeline.java:293)
	at java.base/java.util.ArrayList$ArrayListSpliterator.forEachRemaining(ArrayList.java:1716)
	at java.base/java.util.stream.AbstractPipeline.copyInto(AbstractPipeline.java:570)
	at java.base/java.util.stream.AbstractPipeline.wrapAndCopyInto(AbstractPipeline.java:560)
	at java.base/java.util.stream.ForEachOps$ForEachOp.evaluateSequential(ForEachOps.java:153)
	at java.base/java.util.stream.ForEachOps$ForEachOp$OfRef.evaluateSequential(ForEachOps.java:176)
	at java.base/java.util.stream.AbstractPipeline.evaluate(AbstractPipeline.java:265)
	at java.base/java.util.stream.ReferencePipeline.forEach(ReferencePipeline.java:632)
	at java.base/java.util.stream.ReferencePipeline$7$1FlatMap.accept(ReferencePipeline.java:293)
	at java.base/java.util.stream.ReferencePipeline$3$1.accept(ReferencePipeline.java:214)
	at java.base/java.util.stream.ReferencePipeline$3$1.accept(ReferencePipeline.java:214)
	at java.base/java.util.stream.ReferencePipeline$3$1.accept(ReferencePipeline.java:214)
	at java.base/java.util.ArrayList$ArrayListSpliterator.forEachRemaining(ArrayList.java:1716)
	at java.base/java.util.stream.AbstractPipeline.copyInto(AbstractPipeline.java:570)
	at java.base/java.util.stream.AbstractPipeline.wrapAndCopyInto(AbstractPipeline.java:560)
	at java.base/java.util.stream.ForEachOps$ForEachOp.evaluateSequential(ForEachOps.java:153)
	at java.base/java.util.stream.ForEachOps$ForEachOp$OfRef.evaluateSequential(ForEachOps.java:176)
	at java.base/java.util.stream.AbstractPipeline.evaluate(AbstractPipeline.java:265)
	at java.base/java.util.stream.ReferencePipeline.forEach(ReferencePipeline.java:632)
	at java.base/java.util.stream.ReferencePipeline$7$1FlatMap.accept(ReferencePipeline.java:293)
	at java.base/java.util.ArrayList$ArrayListSpliterator.forEachRemaining(ArrayList.java:1716)
	at java.base/java.util.stream.AbstractPipeline.copyInto(AbstractPipeline.java:570)
	at java.base/java.util.stream.AbstractPipeline.wrapAndCopyInto(AbstractPipeline.java:560)
	at java.base/java.util.stream.ForEachOps$ForEachOp.evaluateSequential(ForEachOps.java:153)
	at java.base/java.util.stream.ForEachOps$ForEachOp$OfRef.evaluateSequential(ForEachOps.java:176)
	at java.base/java.util.stream.AbstractPipeline.evaluate(AbstractPipeline.java:265)
	at java.base/java.util.stream.ReferencePipeline.forEach(ReferencePipeline.java:632)
	at java.base/java.util.ArrayList.forEach(ArrayList.java:1604)
	at java.base/java.util.ArrayList.forEach(ArrayList.java:1604)

alda.t9.redblack.RedBlackTreeTest.test(int)[7] -- Time elapsed: 0.004 s <<< ERROR!
java.lang.StackOverflowError
	at alda.t9.redblack.RedBlackTree.contains(RedBlackTree.java:375)
	at alda.t9.redblack.RedBlackTree.remove(RedBlackTree.java:151)
	at alda.t9.redblack.RedBlackTree.remove(RedBlackTree.java:286)
	at alda.t9.redblack.RedBlackTree.remove(RedBlackTree.java:286)
	at alda.t9.redblack.RedBlackTree.remove(RedBlackTree.java:286)
	at alda.t9.redblack.RedBlackTree.remove(RedBlackTree.java:286)
	at alda.t9.redblack.RedBlackTree.remove(RedBlackTree.java:286)
	at alda.t9.redblack.RedBlackTree.remove(RedBlackTree.java:286)
	at alda.t9.redblack.RedBlackTree.remove(RedBlackTree.java:286)
	at alda.t9.redblack.RedBlackTree.remove(RedBlackTree.java:286)
	at alda.t9.redblack.RedBlackTree.remove(RedBlackTree.java:286)
	at alda.t9.redblack.RedBlackTree.remove(RedBlackTree.java:286)
	at alda.t9.redblack.RedBlackTree.remove(RedBlackTree.java:286)
	at alda.t9.redblack.RedBlackTree.remove(RedBlackTree.java:286)
	at alda.t9.redblack.RedBlackTree.remove(RedBlackTree.java:286)
	at alda.t9.redblack.RedBlackTree.remove(RedBlackTree.java:286)
	at alda.t9.redblack.RedBlackTree.remove(RedBlackTree.java:286)
	at alda.t9.redblack.RedBlackTree.remove(RedBlackTree.java:286)
	at alda.t9.redblack.RedBlackTree.remove(RedBlackTree.java:286)
	at alda.t9.redblack.RedBlackTree.remove(RedBlackTree.java:286)
	at alda.t9.redblack.RedBlackTree.remove(RedBlackTree.java:286)
	at alda.t9.redblack.RedBlackTree.remove(RedBlackTree.java:286)
	at alda.t9.redblack.RedBlackTree.remove(RedBlackTree.java:286)
	at alda.t9.redblack.RedBlackTree.remove(RedBlackTree.java:286)
	at alda.t9.redblack.RedBlackTree.remove(RedBlackTree.java:286)
	at alda.t9.redblack.RedBlackTree.remove(RedBlackTree.java:286)
	at alda.t9.redblack.RedBlackTree.remove(RedBlackTree.java:286)
	at alda.t9.redblack.RedBlackTree.remove(RedBlackTree.java:286)
	at alda.t9.redblack.RedBlackTree.remove(RedBlackTree.java:286)
	at alda.t9.redblack.RedBlackTree.remove(RedBlackTree.java:286)
	at alda.t9.redblack.RedBlackTree.remove(RedBlackTree.java:286)
	at alda.t9.redblack.RedBlackTree.remove(RedBlackTree.java:286)
	at alda.t9.redblack.RedBlackTree.remove(RedBlackTree.java:286)
	at alda.t9.redblack.RedBlackTree.remove(RedBlackTree.java:286)
	at alda.t9.redblack.RedBlackTree.remove(RedBlackTree.java:286)
	at alda.t9.redblack.RedBlackTree.remove(RedBlackTree.java:286)
	at alda.t9.redblack.RedBlackTree.remove(RedBlackTree.java:286)
	at alda.t9.redblack.RedBlackTree.remove(RedBlackTree.java:286)
	at alda.t9.redblack.RedBlackTree.remove(RedBlackTree.java:286)
	at alda.t9.redblack.RedBlackTree.remove(RedBlackTree.java:286)
	at alda.t9.redblack.RedBlackTree.remove(RedBlackTree.java:286)
	at alda.t9.redblack.RedBlackTree.remove(RedBlackTree.java:286)
	at alda.t9.redblack.RedBlackTree.remove(RedBlackTree.java:286)
	at alda.t9.redblack.RedBlackTree.remove(RedBlackTree.java:286)
	at alda.t9.redblack.RedBlackTree.remove(RedBlackTree.java:286)
	at alda.t9.redblack.RedBlackTree.remove(RedBlackTree.java:286)
	at alda.t9.redblack.RedBlackTree.remove(RedBlackTree.java:286)
	at alda.t9.redblack.RedBlackTree.remove(RedBlackTree.java:286)
	at alda.t9.redblack.RedBlackTree.remove(RedBlackTree.java:286)
	at alda.t9.redblack.RedBlackTree.remove(RedBlackTree.java:286)
	at alda.t9.redblack.RedBlackTree.remove(RedBlackTree.java:286)
	at alda.t9.redblack.RedBlackTree.remove(RedBlackTree.java:286)
	at alda.t9.redblack.RedBlackTree.remove(RedBlackTree.java:286)
	at alda.t9.redblack.RedBlackTree.remove(RedBlackTree.java:286)
	at alda.t9.redblack.RedBlackTree.remove(RedBlackTree.java:286)
	at alda.t9.redblack.RedBlackTree.remove(RedBlackTree.java:286)
	at alda.t9.redblack.RedBlackTree.remove(RedBlackTree.java:286)
	at alda.t9.redblack.RedBlackTree.remove(RedBlackTree.java:286)
	at alda.t9.redblack.RedBlackTree.remove(RedBlackTree.java:286)
	at alda.t9.redblack.RedBlackTree.remove(RedBlackTree.java:286)
	at alda.t9.redblack.RedBlackTree.remove(RedBlackTree.java:286)
	at alda.t9.redblack.RedBlackTree.remove(RedBlackTree.java:286)
	at alda.t9.redblack.RedBlackTree.remove(RedBlackTree.java:286)
	at alda.t9.redblack.RedBlackTree.remove(RedBlackTree.java:286)
	at alda.t9.redblack.RedBlackTree.remove(RedBlackTree.java:286)
	at alda.t9.redblack.RedBlackTree.remove(RedBlackTree.java:286)
	at alda.t9.redblack.RedBlackTree.remove(RedBlackTree.java:286)
	at alda.t9.redblack.RedBlackTree.remove(RedBlackTree.java:286)
	at alda.t9.redblack.RedBlackTree.remove(RedBlackTree.java:286)
	at alda.t9.redblack.RedBlackTree.remove(RedBlackTree.java:286)
	at alda.t9.redblack.RedBlackTree.remove(RedBlackTree.java:286)
	at alda.t9.redblack.RedBlackTree.remove(RedBlackTree.java:286)
	at alda.t9.redblack.RedBlackTree.remove(RedBlackTree.java:286)
	at alda.t9.redblack.RedBlackTree.remove(RedBlackTree.java:286)
	at alda.t9.redblack.RedBlackTree.remove(RedBlackTree.java:286)
	at alda.t9.redblack.RedBlackTree.remove(RedBlackTree.java:286)
	at alda.t9.redblack.RedBlackTree.remove(RedBlackTree.java:286)
	at alda.t9.redblack.RedBlackTree.remove(RedBlackTree.java:286)
	at alda.t9.redblack.RedBlackTree.remove(RedBlackTree.java:286)
	at alda.t9.redblack.RedBlackTree.remove(RedBlackTree.java:286)
	at alda.t9.redblack.RedBlackTree.remove(RedBlackTree.java:286)
	at alda.t9.redblack.RedBlackTree.remove(RedBlackTree.java:286)
	at alda.t9.redblack.RedBlackTree.remove(RedBlackTree.java:286)
	at alda.t9.redblack.RedBlackTree.remove(RedBlackTree.java:286)
	at alda.t9.redblack.RedBlackTree.remove(RedBlackTree.java:286)
	at alda.t9.redblack.RedBlackTree.remove(RedBlackTree.java:286)
	at alda.t9.redblack.RedBlackTree.remove(RedBlackTree.java:286)
	at alda.t9.redblack.RedBlackTree.remove(RedBlackTree.java:286)
	at alda.t9.redblack.RedBlackTree.remove(RedBlackTree.java:286)
	at alda.t9.redblack.RedBlackTree.remove(RedBlackTree.java:286)
	at alda.t9.redblack.RedBlackTree.remove(RedBlackTree.java:286)
	at alda.t9.redblack.RedBlackTree.remove(RedBlackTree.java:286)
	at alda.t9.redblack.RedBlackTree.remove(RedBlackTree.java:286)
	at alda.t9.redblack.RedBlackTree.remove(RedBlackTree.java:286)
	at alda.t9.redblack.RedBlackTree.remove(RedBlackTree.java:286)
	at alda.t9.redblack.RedBlackTree.remove(RedBlackTree.java:286)
	at alda.t9.redblack.RedBlackTree.remove(RedBlackTree.java:286)
	at alda.t9.redblack.RedBlackTree.remove(RedBlackTree.java:286)
	at alda.t9.redblack.RedBlackTree.remove(RedBlackTree.java:286)
	at alda.t9.redblack.RedBlackTree.remove(RedBlackTree.java:286)
	at alda.t9.redblack.RedBlackTree.remove(RedBlackTree.java:286)
	at alda.t9.redblack.RedBlackTree.remove(RedBlackTree.java:286)
	at alda.t9.redblack.RedBlackTree.remove(RedBlackTree.java:286)
	at alda.t9.redblack.RedBlackTree.remove(RedBlackTree.java:286)
	at alda.t9.redblack.RedBlackTree.remove(RedBlackTree.java:286)
	at alda.t9.redblack.RedBlackTree.remove(RedBlackTree.java:286)
	at alda.t9.redblack.RedBlackTree.remove(RedBlackTree.java:286)
	at alda.t9.redblack.RedBlackTree.remove(RedBlackTree.java:286)
	at alda.t9.redblack.RedBlackTree.remove(RedBlackTree.java:286)
	at alda.t9.redblack.RedBlackTree.remove(RedBlackTree.java:286)
	at alda.t9.redblack.RedBlackTree.remove(RedBlackTree.java:286)
	at alda.t9.redblack.RedBlackTree.remove(RedBlackTree.java:286)
	at alda.t9.redblack.RedBlackTree.remove(RedBlackTree.java:286)
	at alda.t9.redblack.RedBlackTree.remove(RedBlackTree.java:286)
	at alda.t9.redblack.RedBlackTree.remove(RedBlackTree.java:286)
	at alda.t9.redblack.RedBlackTree.remove(RedBlackTree.java:286)
	at alda.t9.redblack.RedBlackTree.remove(RedBlackTree.java:286)
	at alda.t9.redblack.RedBlackTree.remove(RedBlackTree.java:286)
	at alda.t9.redblack.RedBlackTree.remove(RedBlackTree.java:286)
	at alda.t9.redblack.RedBlackTree.remove(RedBlackTree.java:286)
	at alda.t9.redblack.RedBlackTree.remove(RedBlackTree.java:286)
	at alda.t9.redblack.RedBlackTree.remove(RedBlackTree.java:286)
	at alda.t9.redblack.RedBlackTree.remove(RedBlackTree.java:286)
	at alda.t9.redblack.RedBlackTree.remove(RedBlackTree.java:286)
	at alda.t9.redblack.RedBlackTree.remove(RedBlackTree.java:286)
	at alda.t9.redblack.RedBlackTree.remove(RedBlackTree.java:286)
	at alda.t9.redblack.RedBlackTree.remove(RedBlackTree.java:286)
	at alda.t9.redblack.RedBlackTree.remove(RedBlackTree.java:286)
	at alda.t9.redblack.RedBlackTree.remove(RedBlackTree.java:286)
	at alda.t9.redblack.RedBlackTree.remove(RedBlackTree.java:286)
	at alda.t9.redblack.RedBlackTree.remove(RedBlackTree.java:286)
	at alda.t9.redblack.RedBlackTree.remove(RedBlackTree.java:286)
	at alda.t9.redblack.RedBlackTree.remove(RedBlackTree.java:286)
	at alda.t9.redblack.RedBlackTree.remove(RedBlackTree.java:286)
	at alda.t9.redblack.RedBlackTree.remove(RedBlackTree.java:286)
	at alda.t9.redblack.RedBlackTree.remove(RedBlackTree.java:286)
	at alda.t9.redblack.RedBlackTree.remove(RedBlackTree.java:286)
[...]
	at alda.t9.redblack.RedBlackTreeTest.assertIsRedBlackTree(RedBlackTreeTest.java:92)
	at alda.t9.redblack.RedBlackTreeTest.assertIsRedBlackTree(RedBlackTreeTest.java:92)
	at alda.t9.redblack.RedBlackTreeTest.assertIsRedBlackTree(RedBlackTreeTest.java:68)
	at alda.t9.redblack.RedBlackTreeTest.test(RedBlackTreeTest.java:40)
	at java.base/java.lang.reflect.Method.invoke(Method.java:565)
	at java.base/java.util.stream.ForEachOps$ForEachOp$OfRef.accept(ForEachOps.java:186)
	at java.base/java.util.stream.ReferencePipeline$3$1.accept(ReferencePipeline.java:214)
	at java.base/java.util.stream.ReferencePipeline$2$1.accept(ReferencePipeline.java:197)
	at java.base/java.util.stream.ReferencePipeline$3$1.accept(ReferencePipeline.java:214)
	at java.base/java.util.stream.ForEachOps$ForEachOp$OfRef.accept(ForEachOps.java:186)
	at java.base/java.util.stream.ReferencePipeline$3$1.accept(ReferencePipeline.java:214)
	at java.base/java.util.stream.ForEachOps$ForEachOp$OfRef.accept(ForEachOps.java:186)
	at java.base/java.util.stream.ForEachOps$ForEachOp$OfRef.accept(ForEachOps.java:186)
	at java.base/java.util.stream.ReferencePipeline$3$1.accept(ReferencePipeline.java:214)
	at java.base/java.util.Spliterators$ArraySpliterator.forEachRemaining(Spliterators.java:1024)
	at java.base/java.util.stream.AbstractPipeline.copyInto(AbstractPipeline.java:570)
	at java.base/java.util.stream.AbstractPipeline.wrapAndCopyInto(AbstractPipeline.java:560)
	at java.base/java.util.stream.ForEachOps$ForEachOp.evaluateSequential(ForEachOps.java:153)
	at java.base/java.util.stream.ForEachOps$ForEachOp$OfRef.evaluateSequential(ForEachOps.java:176)
	at java.base/java.util.stream.AbstractPipeline.evaluate(AbstractPipeline.java:265)
	at java.base/java.util.stream.ReferencePipeline.forEach(ReferencePipeline.java:632)
	at java.base/java.util.stream.ReferencePipeline$7$1FlatMap.accept(ReferencePipeline.java:293)
	at java.base/java.util.ArrayList$ArrayListSpliterator.forEachRemaining(ArrayList.java:1716)
	at java.base/java.util.stream.AbstractPipeline.copyInto(AbstractPipeline.java:570)
	at java.base/java.util.stream.AbstractPipeline.wrapAndCopyInto(AbstractPipeline.java:560)
	at java.base/java.util.stream.ForEachOps$ForEachOp.evaluateSequential(ForEachOps.java:153)
	at java.base/java.util.stream.ForEachOps$ForEachOp$OfRef.evaluateSequential(ForEachOps.java:176)
	at java.base/java.util.stream.AbstractPipeline.evaluate(AbstractPipeline.java:265)
	at java.base/java.util.stream.ReferencePipeline.forEach(ReferencePipeline.java:632)
	at java.base/java.util.stream.ReferencePipeline$7$1FlatMap.accept(ReferencePipeline.java:293)
	at java.base/java.util.stream.ReferencePipeline$3$1.accept(ReferencePipeline.java:214)
	at java.base/java.util.stream.ReferencePipeline$3$1.accept(ReferencePipeline.java:214)
	at java.base/java.util.stream.ReferencePipeline$3$1.accept(ReferencePipeline.java:214)
	at java.base/java.util.ArrayList$ArrayListSpliterator.forEachRemaining(ArrayList.java:1716)
	at java.base/java.util.stream.AbstractPipeline.copyInto(AbstractPipeline.java:570)
	at java.base/java.util.stream.AbstractPipeline.wrapAndCopyInto(AbstractPipeline.java:560)
	at java.base/java.util.stream.ForEachOps$ForEachOp.evaluateSequential(ForEachOps.java:153)
	at java.base/java.util.stream.ForEachOps$ForEachOp$OfRef.evaluateSequential(ForEachOps.java:176)
	at java.base/java.util.stream.AbstractPipeline.evaluate(AbstractPipeline.java:265)
	at java.base/java.util.stream.ReferencePipeline.forEach(ReferencePipeline.java:632)
	at java.base/java.util.stream.ReferencePipeline$7$1FlatMap.accept(ReferencePipeline.java:293)
	at java.base/java.util.ArrayList$ArrayListSpliterator.forEachRemaining(ArrayList.java:1716)
	at java.base/java.util.stream.AbstractPipeline.copyInto(AbstractPipeline.java:570)
	at java.base/java.util.stream.AbstractPipeline.wrapAndCopyInto(AbstractPipeline.java:560)
	at java.base/java.util.stream.ForEachOps$ForEachOp.evaluateSequential(ForEachOps.java:153)
	at java.base/java.util.stream.ForEachOps$ForEachOp$OfRef.evaluateSequential(ForEachOps.java:176)
	at java.base/java.util.stream.AbstractPipeline.evaluate(AbstractPipeline.java:265)
	at java.base/java.util.stream.ReferencePipeline.forEach(ReferencePipeline.java:632)
	at java.base/java.util.ArrayList.forEach(ArrayList.java:1604)
	at java.base/java.util.ArrayList.forEach(ArrayList.java:1604)

alda.t9.redblack.RedBlackTreeTest.test(int)[9] -- Time elapsed: 0.001 s <<< FAILURE!
org.opentest4j.AssertionFailedError: Wrong number of black nodes in path ==> expected: <1> but was: <2>
	at org.junit.jupiter.api.AssertionFailureBuilder.build(AssertionFailureBuilder.java:151)
	at org.junit.jupiter.api.AssertionFailureBuilder.buildAndThrow(AssertionFailureBuilder.java:132)
	at org.junit.jupiter.api.AssertEquals.failNotEqual(AssertEquals.java:197)
	at org.junit.jupiter.api.AssertEquals.assertEquals(AssertEquals.java:150)
	at org.junit.jupiter.api.Assertions.assertEquals(Assertions.java:563)
	at alda.t9.redblack.RedBlackTreeTest.assertIsRedBlackTree(RedBlackTreeTest.java:78)
	at alda.t9.redblack.RedBlackTreeTest.assertIsRedBlackTree(RedBlackTreeTest.java:91)
	at alda.t9.redblack.RedBlackTreeTest.assertIsRedBlackTree(RedBlackTreeTest.java:92)
	at alda.t9.redblack.RedBlackTreeTest.assertIsRedBlackTree(RedBlackTreeTest.java:68)
	at alda.t9.redblack.RedBlackTreeTest.test(RedBlackTreeTest.java:40)
	at java.base/java.lang.reflect.Method.invoke(Method.java:565)
	at java.base/java.util.stream.ForEachOps$ForEachOp$OfRef.accept(ForEachOps.java:186)
	at java.base/java.util.stream.ReferencePipeline$3$1.accept(ReferencePipeline.java:214)
	at java.base/java.util.stream.ReferencePipeline$2$1.accept(ReferencePipeline.java:197)
	at java.base/java.util.stream.ReferencePipeline$3$1.accept(ReferencePipeline.java:214)
	at java.base/java.util.stream.ForEachOps$ForEachOp$OfRef.accept(ForEachOps.java:186)
	at java.base/java.util.stream.ReferencePipeline$3$1.accept(ReferencePipeline.java:214)
	at java.base/java.util.stream.ForEachOps$ForEachOp$OfRef.accept(ForEachOps.java:186)
	at java.base/java.util.stream.ForEachOps$ForEachOp$OfRef.accept(ForEachOps.java:186)
	at java.base/java.util.stream.ReferencePipeline$3$1.accept(ReferencePipeline.java:214)
	at java.base/java.util.Spliterators$ArraySpliterator.forEachRemaining(Spliterators.java:1024)
	at java.base/java.util.stream.AbstractPipeline.copyInto(AbstractPipeline.java:570)
	at java.base/java.util.stream.AbstractPipeline.wrapAndCopyInto(AbstractPipeline.java:560)
	at java.base/java.util.stream.ForEachOps$ForEachOp.evaluateSequential(ForEachOps.java:153)
	at java.base/java.util.stream.ForEachOps$ForEachOp$OfRef.evaluateSequential(ForEachOps.java:176)
	at java.base/java.util.stream.AbstractPipeline.evaluate(AbstractPipeline.java:265)
	at java.base/java.util.stream.ReferencePipeline.forEach(ReferencePipeline.java:632)
	at java.base/java.util.stream.ReferencePipeline$7$1FlatMap.accept(ReferencePipeline.java:293)
	at java.base/java.util.ArrayList$ArrayListSpliterator.forEachRemaining(ArrayList.java:1716)
	at java.base/java.util.stream.AbstractPipeline.copyInto(AbstractPipeline.java:570)
	at java.base/java.util.stream.AbstractPipeline.wrapAndCopyInto(AbstractPipeline.java:560)
	at java.base/java.util.stream.ForEachOps$ForEachOp.evaluateSequential(ForEachOps.java:153)
	at java.base/java.util.stream.ForEachOps$ForEachOp$OfRef.evaluateSequential(ForEachOps.java:176)
	at java.base/java.util.stream.AbstractPipeline.evaluate(AbstractPipeline.java:265)
	at java.base/java.util.stream.ReferencePipeline.forEach(ReferencePipeline.java:632)
	at java.base/java.util.stream.ReferencePipeline$7$1FlatMap.accept(ReferencePipeline.java:293)
	at java.base/java.util.stream.ReferencePipeline$3$1.accept(ReferencePipeline.java:214)
	at java.base/java.util.stream.ReferencePipeline$3$1.accept(ReferencePipeline.java:214)
	at java.base/java.util.stream.ReferencePipeline$3$1.accept(ReferencePipeline.java:214)
	at java.base/java.util.ArrayList$ArrayListSpliterator.forEachRemaining(ArrayList.java:1716)
	at java.base/java.util.stream.AbstractPipeline.copyInto(AbstractPipeline.java:570)
	at java.base/java.util.stream.AbstractPipeline.wrapAndCopyInto(AbstractPipeline.java:560)
	at java.base/java.util.stream.ForEachOps$ForEachOp.evaluateSequential(ForEachOps.java:153)
	at java.base/java.util.stream.ForEachOps$ForEachOp$OfRef.evaluateSequential(ForEachOps.java:176)
	at java.base/java.util.stream.AbstractPipeline.evaluate(AbstractPipeline.java:265)
	at java.base/java.util.stream.ReferencePipeline.forEach(ReferencePipeline.java:632)
	at java.base/java.util.stream.ReferencePipeline$7$1FlatMap.accept(ReferencePipeline.java:293)
	at java.base/java.util.ArrayList$ArrayListSpliterator.forEachRemaining(ArrayList.java:1716)
	at java.base/java.util.stream.AbstractPipeline.copyInto(AbstractPipeline.java:570)
	at java.base/java.util.stream.AbstractPipeline.wrapAndCopyInto(AbstractPipeline.java:560)
	at java.base/java.util.stream.ForEachOps$ForEachOp.evaluateSequential(ForEachOps.java:153)
	at java.base/java.util.stream.ForEachOps$ForEachOp$OfRef.evaluateSequential(ForEachOps.java:176)
	at java.base/java.util.stream.AbstractPipeline.evaluate(AbstractPipeline.java:265)
	at java.base/java.util.stream.ReferencePipeline.forEach(ReferencePipeline.java:632)
	at java.base/java.util.ArrayList.forEach(ArrayList.java:1604)
	at java.base/java.util.ArrayList.forEach(ArrayList.java:1604)

alda.t9.redblack.RedBlackTreeTest.test(int)[10] -- Time elapsed: 0.003 s <<< FAILURE!
org.opentest4j.AssertionFailedError: Wrong number of black nodes in path ==> expected: <1> but was: <3>
	at org.junit.jupiter.api.AssertionFailureBuilder.build(AssertionFailureBuilder.java:151)
	at org.junit.jupiter.api.AssertionFailureBuilder.buildAndThrow(AssertionFailureBuilder.java:132)
	at org.junit.jupiter.api.AssertEquals.failNotEqual(AssertEquals.java:197)
	at org.junit.jupiter.api.AssertEquals.assertEquals(AssertEquals.java:150)
	at org.junit.jupiter.api.Assertions.assertEquals(Assertions.java:563)
	at alda.t9.redblack.RedBlackTreeTest.assertIsRedBlackTree(RedBlackTreeTest.java:78)
	at alda.t9.redblack.RedBlackTreeTest.assertIsRedBlackTree(RedBlackTreeTest.java:91)
	at alda.t9.redblack.RedBlackTreeTest.assertIsRedBlackTree(RedBlackTreeTest.java:91)
	at alda.t9.redblack.RedBlackTreeTest.assertIsRedBlackTree(RedBlackTreeTest.java:92)
	at alda.t9.redblack.RedBlackTreeTest.assertIsRedBlackTree(RedBlackTreeTest.java:68)
	at alda.t9.redblack.RedBlackTreeTest.test(RedBlackTreeTest.java:40)
	at java.base/java.lang.reflect.Method.invoke(Method.java:565)
	at java.base/java.util.stream.ForEachOps$ForEachOp$OfRef.accept(ForEachOps.java:186)
	at java.base/java.util.stream.ReferencePipeline$3$1.accept(ReferencePipeline.java:214)
	at java.base/java.util.stream.ReferencePipeline$2$1.accept(ReferencePipeline.java:197)
	at java.base/java.util.stream.ReferencePipeline$3$1.accept(ReferencePipeline.java:214)
	at java.base/java.util.stream.ForEachOps$ForEachOp$OfRef.accept(ForEachOps.java:186)
	at java.base/java.util.stream.ReferencePipeline$3$1.accept(ReferencePipeline.java:214)
	at java.base/java.util.stream.ForEachOps$ForEachOp$OfRef.accept(ForEachOps.java:186)
	at java.base/java.util.stream.ForEachOps$ForEachOp$OfRef.accept(ForEachOps.java:186)
	at java.base/java.util.stream.ReferencePipeline$3$1.accept(ReferencePipeline.java:214)
	at java.base/java.util.Spliterators$ArraySpliterator.forEachRemaining(Spliterators.java:1024)
	at java.base/java.util.stream.AbstractPipeline.copyInto(AbstractPipeline.java:570)
	at java.base/java.util.stream.AbstractPipeline.wrapAndCopyInto(AbstractPipeline.java:560)
	at java.base/java.util.stream.ForEachOps$ForEachOp.evaluateSequential(ForEachOps.java:153)
	at java.base/java.util.stream.ForEachOps$ForEachOp$OfRef.evaluateSequential(ForEachOps.java:176)
	at java.base/java.util.stream.AbstractPipeline.evaluate(AbstractPipeline.java:265)
	at java.base/java.util.stream.ReferencePipeline.forEach(ReferencePipeline.java:632)
	at java.base/java.util.stream.ReferencePipeline$7$1FlatMap.accept(ReferencePipeline.java:293)
	at java.base/java.util.ArrayList$ArrayListSpliterator.forEachRemaining(ArrayList.java:1716)
	at java.base/java.util.stream.AbstractPipeline.copyInto(AbstractPipeline.java:570)
	at java.base/java.util.stream.AbstractPipeline.wrapAndCopyInto(AbstractPipeline.java:560)
	at java.base/java.util.stream.ForEachOps$ForEachOp.evaluateSequential(ForEachOps.java:153)
	at java.base/java.util.stream.ForEachOps$ForEachOp$OfRef.evaluateSequential(ForEachOps.java:176)
	at java.base/java.util.stream.AbstractPipeline.evaluate(AbstractPipeline.java:265)
	at java.base/java.util.stream.ReferencePipeline.forEach(ReferencePipeline.java:632)
	at java.base/java.util.stream.ReferencePipeline$7$1FlatMap.accept(ReferencePipeline.java:293)
	at java.base/java.util.stream.ReferencePipeline$3$1.accept(ReferencePipeline.java:214)
	at java.base/java.util.stream.ReferencePipeline$3$1.accept(ReferencePipeline.java:214)
	at java.base/java.util.stream.ReferencePipeline$3$1.accept(ReferencePipeline.java:214)
	at java.base/java.util.ArrayList$ArrayListSpliterator.forEachRemaining(ArrayList.java:1716)
	at java.base/java.util.stream.AbstractPipeline.copyInto(AbstractPipeline.java:570)
	at java.base/java.util.stream.AbstractPipeline.wrapAndCopyInto(AbstractPipeline.java:560)
	at java.base/java.util.stream.ForEachOps$ForEachOp.evaluateSequential(ForEachOps.java:153)
	at java.base/java.util.stream.ForEachOps$ForEachOp$OfRef.evaluateSequential(ForEachOps.java:176)
	at java.base/java.util.stream.AbstractPipeline.evaluate(AbstractPipeline.java:265)
	at java.base/java.util.stream.ReferencePipeline.forEach(ReferencePipeline.java:632)
	at java.base/java.util.stream.ReferencePipeline$7$1FlatMap.accept(ReferencePipeline.java:293)
	at java.base/java.util.ArrayList$ArrayListSpliterator.forEachRemaining(ArrayList.java:1716)
	at java.base/java.util.stream.AbstractPipeline.copyInto(AbstractPipeline.java:570)
	at java.base/java.util.stream.AbstractPipeline.wrapAndCopyInto(AbstractPipeline.java:560)
	at java.base/java.util.stream.ForEachOps$ForEachOp.evaluateSequential(ForEachOps.java:153)
	at java.base/java.util.stream.ForEachOps$ForEachOp$OfRef.evaluateSequential(ForEachOps.java:176)
	at java.base/java.util.stream.AbstractPipeline.evaluate(AbstractPipeline.java:265)
	at java.base/java.util.stream.ReferencePipeline.forEach(ReferencePipeline.java:632)
	at java.base/java.util.ArrayList.forEach(ArrayList.java:1604)
	at java.base/java.util.ArrayList.forEach(ArrayList.java:1604)

alda.t9.redblack.RedBlackTreeTest.test(int)[11] -- Time elapsed: 0.195 s <<< FAILURE!
org.opentest4j.AssertionFailedError: Wrong result from contains for value 9, sequence of operations was: [+487, -124, -641, +450, +372, +475, +323, -871, -693, +242, +432, -695, +199, +202, -555, +595, +177, +376, +839, +280, +889, +251, -766, +395, -827, +466, -785, +858, +929, +119, -539, +329, +868, +521, +992, +661, +425, -226, +91, -632, -15, -701, -916, +490, -781, +338, +424, +785, +681, +800, +826, -701, -684, +103, +990, -890, +170, -392, +334, +714, +342, +603, +30, -831, -474, -292, -282, +755, +436, +425, +990, +691, +661, +844, +93, +398, -276, +129, -939, +846, +464, -724, +533, +930, -523, -169, +289, +672, -898, -641, +983, +922, +186, -124, +141, +451, -581, +728, -178, +222, -626, -246, +594, +596, +779, +916, +304, +264, +752, -716, -882, -257, -10, +192, +677, -955, +130, -551, +9, -450] ==> expected: <true> but was: <false>
	at org.junit.jupiter.api.AssertionFailureBuilder.build(AssertionFailureBuilder.java:151)
	at org.junit.jupiter.api.AssertionFailureBuilder.buildAndThrow(AssertionFailureBuilder.java:132)
	at org.junit.jupiter.api.AssertEquals.failNotEqual(AssertEquals.java:197)
	at org.junit.jupiter.api.AssertEquals.assertEquals(AssertEquals.java:182)
	at org.junit.jupiter.api.Assertions.assertEquals(Assertions.java:1156)
	at alda.t9.redblack.RedBlackTreeTest.test(RedBlackTreeTest.java:42)
	at java.base/java.lang.reflect.Method.invoke(Method.java:565)
	at java.base/java.util.stream.ForEachOps$ForEachOp$OfRef.accept(ForEachOps.java:186)
	at java.base/java.util.stream.ReferencePipeline$3$1.accept(ReferencePipeline.java:214)
	at java.base/java.util.stream.ReferencePipeline$2$1.accept(ReferencePipeline.java:197)
	at java.base/java.util.stream.ReferencePipeline$3$1.accept(ReferencePipeline.java:214)
	at java.base/java.util.stream.ForEachOps$ForEachOp$OfRef.accept(ForEachOps.java:186)
	at java.base/java.util.stream.ReferencePipeline$3$1.accept(ReferencePipeline.java:214)
	at java.base/java.util.stream.ForEachOps$ForEachOp$OfRef.accept(ForEachOps.java:186)
	at java.base/java.util.stream.ForEachOps$ForEachOp$OfRef.accept(ForEachOps.java:186)
	at java.base/java.util.stream.ReferencePipeline$3$1.accept(ReferencePipeline.java:214)
	at java.base/java.util.Spliterators$ArraySpliterator.forEachRemaining(Spliterators.java:1024)
	at java.base/java.util.stream.AbstractPipeline.copyInto(AbstractPipeline.java:570)
	at java.base/java.util.stream.AbstractPipeline.wrapAndCopyInto(AbstractPipeline.java:560)
	at java.base/java.util.stream.ForEachOps$ForEachOp.evaluateSequential(ForEachOps.java:153)
	at java.base/java.util.stream.ForEachOps$ForEachOp$OfRef.evaluateSequential(ForEachOps.java:176)
	at java.base/java.util.stream.AbstractPipeline.evaluate(AbstractPipeline.java:265)
	at java.base/java.util.stream.ReferencePipeline.forEach(ReferencePipeline.java:632)
	at java.base/java.util.stream.ReferencePipeline$7$1FlatMap.accept(ReferencePipeline.java:293)
	at java.base/java.util.ArrayList$ArrayListSpliterator.forEachRemaining(ArrayList.java:1716)
	at java.base/java.util.stream.AbstractPipeline.copyInto(AbstractPipeline.java:570)
	at java.base/java.util.stream.AbstractPipeline.wrapAndCopyInto(AbstractPipeline.java:560)
	at java.base/java.util.stream.ForEachOps$ForEachOp.evaluateSequential(ForEachOps.java:153)
	at java.base/java.util.stream.ForEachOps$ForEachOp$OfRef.evaluateSequential(ForEachOps.java:176)
	at java.base/java.util.stream.AbstractPipeline.evaluate(AbstractPipeline.java:265)
	at java.base/java.util.stream.ReferencePipeline.forEach(ReferencePipeline.java:632)
	at java.base/java.util.stream.ReferencePipeline$7$1FlatMap.accept(ReferencePipeline.java:293)
	at java.base/java.util.stream.ReferencePipeline$3$1.accept(ReferencePipeline.java:214)
	at java.base/java.util.stream.ReferencePipeline$3$1.accept(ReferencePipeline.java:214)
	at java.base/java.util.stream.ReferencePipeline$3$1.accept(ReferencePipeline.java:214)
	at java.base/java.util.ArrayList$ArrayListSpliterator.forEachRemaining(ArrayList.java:1716)
	at java.base/java.util.stream.AbstractPipeline.copyInto(AbstractPipeline.java:570)
	at java.base/java.util.stream.AbstractPipeline.wrapAndCopyInto(AbstractPipeline.java:560)
	at java.base/java.util.stream.ForEachOps$ForEachOp.evaluateSequential(ForEachOps.java:153)
	at java.base/java.util.stream.ForEachOps$ForEachOp$OfRef.evaluateSequential(ForEachOps.java:176)
	at java.base/java.util.stream.AbstractPipeline.evaluate(AbstractPipeline.java:265)
	at java.base/java.util.stream.ReferencePipeline.forEach(ReferencePipeline.java:632)
	at java.base/java.util.stream.ReferencePipeline$7$1FlatMap.accept(ReferencePipeline.java:293)
	at java.base/java.util.ArrayList$ArrayListSpliterator.forEachRemaining(ArrayList.java:1716)
	at java.base/java.util.stream.AbstractPipeline.copyInto(AbstractPipeline.java:570)
	at java.base/java.util.stream.AbstractPipeline.wrapAndCopyInto(AbstractPipeline.java:560)
	at java.base/java.util.stream.ForEachOps$ForEachOp.evaluateSequential(ForEachOps.java:153)
	at java.base/java.util.stream.ForEachOps$ForEachOp$OfRef.evaluateSequential(ForEachOps.java:176)
	at java.base/java.util.stream.AbstractPipeline.evaluate(AbstractPipeline.java:265)
	at java.base/java.util.stream.ReferencePipeline.forEach(ReferencePipeline.java:632)
	at java.base/java.util.ArrayList.forEach(ArrayList.java:1604)
	at java.base/java.util.ArrayList.forEach(ArrayList.java:1604)

