<?xml version="1.0" encoding="UTF-8"?>
<testsuite xmlns:xsi="http://www.w3.org/2001/XMLSchema-instance" xsi:noNamespaceSchemaLocation="https://maven.apache.org/surefire/maven-surefire-plugin/xsd/surefire-test-report.xsd" version="3.0.1" name="alda.theme5.DHeapTest" time="0.016" tests="8" errors="0" skipped="0" failures="2">
  <properties>
    <property name="java.specification.version" value="25"/>
    <property name="sun.jnu.encoding" value="UTF-8"/>
    <property name="java.class.path" value="/home/durelius/dsv/alda/priority_queue/code/target/test-classes:/home/durelius/dsv/alda/priority_queue/code/target/classes:/home/durelius/.m2/repository/org/junit/jupiter/junit-jupiter-api/5.11.0/junit-jupiter-api-5.11.0.jar:/home/durelius/.m2/repository/org/opentest4j/opentest4j/1.3.0/opentest4j-1.3.0.jar:/home/durelius/.m2/repository/org/junit/platform/junit-platform-commons/1.11.0/junit-platform-commons-1.11.0.jar:/home/durelius/.m2/repository/org/apiguardian/apiguardian-api/1.1.2/apiguardian-api-1.1.2.jar:/home/durelius/.m2/repository/org/junit/jupiter/junit-jupiter-params/5.11.0/junit-jupiter-params-5.11.0.jar:"/>
    <property name="java.vm.vendor" value="Arch Linux"/>
    <property name="sun.arch.data.model" value="64"/>
    <property name="java.vendor.url" value="https://openjdk.org/"/>
    <property name="os.name" value="Linux"/>
    <property name="java.vm.specification.version" value="25"/>
    <property name="sun.java.launcher" value="SUN_STANDARD"/>
    <property name="user.country" value="US"/>
    <property name="sun.boot.library.path" value="/usr/lib/jvm/java-25-openjdk/lib"/>
    <property name="sun.java.command" value="/home/durelius/dsv/alda/priority_queue/code/target/surefire/surefirebooter-20260207025349898_3.jar /home/durelius/dsv/alda/priority_queue/code/target/surefire 2026-02-07T02-53-49_849-jvmRun1 surefire-20260207025349898_1tmp surefire_0-20260207025349898_2tmp"/>
    <property name="jdk.debug" value="release"/>
    <property name="surefire.test.class.path" value="/home/durelius/dsv/alda/priority_queue/code/target/test-classes:/home/durelius/dsv/alda/priority_queue/code/target/classes:/home/durelius/.m2/repository/org/junit/jupiter/junit-jupiter-api/5.11.0/junit-jupiter-api-5.11.0.jar:/home/durelius/.m2/repository/org/opentest4j/opentest4j/1.3.0/opentest4j-1.3.0.jar:/home/durelius/.m2/repository/org/junit/platform/junit-platform-commons/1.11.0/junit-platform-commons-1.11.0.jar:/home/durelius/.m2/repository/org/apiguardian/apiguardian-api/1.1.2/apiguardian-api-1.1.2.jar:/home/durelius/.m2/repository/org/junit/jupiter/junit-jupiter-params/5.11.0/junit-jupiter-params-5.11.0.jar:"/>
    <property name="sun.cpu.endian" value="little"/>
    <property name="user.home" value="/home/durelius"/>
    <property name="user.language" value="en"/>
    <property name="java.specification.vendor" value="Oracle Corporation"/>
    <property name="java.version.date" value="2025-10-21"/>
    <property name="java.home" value="/usr/lib/jvm/java-25-openjdk"/>
    <property name="file.separator" value="/"/>
    <property name="basedir" value="/home/durelius/dsv/alda/priority_queue/code"/>
    <property name="java.vm.compressedOopsMode" value="Zero based"/>
    <property name="line.separator" value="&#10;"/>
    <property name="java.specification.name" value="Java Platform API Specification"/>
    <property name="java.vm.specification.vendor" value="Oracle Corporation"/>
    <property name="surefire.real.class.path" value="/home/durelius/dsv/alda/priority_queue/code/target/surefire/surefirebooter-20260207025349898_3.jar"/>
    <property name="sun.management.compiler" value="HotSpot 64-Bit Tiered Compilers"/>
    <property name="java.runtime.version" value="25.0.1"/>
    <property name="user.name" value="durelius"/>
    <property name="stdout.encoding" value="UTF-8"/>
    <property name="path.separator" value=":"/>
    <property name="os.version" value="6.18.3-arch1-1"/>
    <property name="java.runtime.name" value="OpenJDK Runtime Environment"/>
    <property name="file.encoding" value="UTF-8"/>
    <property name="java.vm.name" value="OpenJDK 64-Bit Server VM"/>
    <property name="localRepository" value="/home/durelius/.m2/repository"/>
    <property name="java.vendor.url.bug" value="https://bugreport.java.com/bugreport/"/>
    <property name="java.io.tmpdir" value="/tmp"/>
    <property name="java.version" value="25.0.1"/>
    <property name="user.dir" value="/home/durelius/dsv/alda/priority_queue/code"/>
    <property name="os.arch" value="amd64"/>
    <property name="java.vm.specification.name" value="Java Virtual Machine Specification"/>
    <property name="native.encoding" value="UTF-8"/>
    <property name="java.library.path" value="/usr/java/packages/lib:/usr/lib64:/lib64:/lib:/usr/lib"/>
    <property name="java.vm.info" value="mixed mode, sharing"/>
    <property name="stderr.encoding" value="UTF-8"/>
    <property name="java.vendor" value="Arch Linux"/>
    <property name="java.vm.version" value="25.0.1"/>
    <property name="stdin.encoding" value="UTF-8"/>
    <property name="sun.io.unicode.encoding" value="UnicodeLittle"/>
    <property name="java.class.version" value="69.0"/>
  </properties>
  <testcase name="testConstructors" classname="alda.theme5.DHeapTest" time="0.001"/>
  <testcase name="testTooSmallD" classname="alda.theme5.DHeapTest" time="0.001"/>
  <testcase name="testFunctionality" classname="alda.theme5.DHeapTest" time="0.005">
    <failure message="expected: &lt;333&gt; but was: &lt;550&gt;" type="org.opentest4j.AssertionFailedError"><![CDATA[org.opentest4j.AssertionFailedError: expected: <333> but was: <550>
	at org.junit.jupiter.api.AssertionFailureBuilder.build(AssertionFailureBuilder.java:151)
	at org.junit.jupiter.api.AssertionFailureBuilder.buildAndThrow(AssertionFailureBuilder.java:132)
	at org.junit.jupiter.api.AssertEquals.failNotEqual(AssertEquals.java:197)
	at org.junit.jupiter.api.AssertEquals.assertEquals(AssertEquals.java:182)
	at org.junit.jupiter.api.AssertEquals.assertEquals(AssertEquals.java:177)
	at org.junit.jupiter.api.Assertions.assertEquals(Assertions.java:555)
	at alda.theme5.DHeapTest.testFunctionality(DHeapTest.java:35)
	at java.base/java.lang.reflect.Method.invoke(Method.java:565)
	at java.base/java.util.ArrayList.forEach(ArrayList.java:1604)
	at java.base/java.util.ArrayList.forEach(ArrayList.java:1604)
]]></failure>
    <system-out><![CDATA[null
null
null
null
null
null
null
null
null
null
null
4
4
null
null
null
null
null
null
null
null
null
699
4
699
null
null
null
null
null
null
null
null
333
4
699
333
null
null
null
null
null
null
null
550
4
699
333
550
null
null
null
null
null
null
679
550
699
333
679
679
null
null
null
null
null
]]></system-out>
  </testcase>
  <testcase name="testTooLowChildIndex" classname="alda.theme5.DHeapTest" time="0.001"/>
  <testcase name="testParentIndex" classname="alda.theme5.DHeapTest" time="0.0"/>
  <testcase name="testContent" classname="alda.theme5.DHeapTest" time="0.002">
    <failure message="expected: &lt;4&gt; but was: &lt;10&gt;" type="org.opentest4j.AssertionFailedError"><![CDATA[org.opentest4j.AssertionFailedError: expected: <4> but was: <10>
	at org.junit.jupiter.api.AssertionFailureBuilder.build(AssertionFailureBuilder.java:151)
	at org.junit.jupiter.api.AssertionFailureBuilder.buildAndThrow(AssertionFailureBuilder.java:132)
	at org.junit.jupiter.api.AssertEquals.failNotEqual(AssertEquals.java:197)
	at org.junit.jupiter.api.AssertEquals.assertEquals(AssertEquals.java:182)
	at org.junit.jupiter.api.AssertEquals.assertEquals(AssertEquals.java:177)
	at org.junit.jupiter.api.Assertions.assertEquals(Assertions.java:555)
	at alda.theme5.DHeapTest.testValues(DHeapTest.java:146)
	at alda.theme5.DHeapTest.testContent(DHeapTest.java:188)
	at java.base/java.lang.reflect.Method.invoke(Method.java:565)
	at java.base/java.util.ArrayList.forEach(ArrayList.java:1604)
	at java.base/java.util.ArrayList.forEach(ArrayList.java:1604)
]]></failure>
    <system-out><![CDATA[null
null
null
null
null
null
null
null
null
null
null
17
17
null
null
null
null
null
null
null
null
null
23
17
23
null
null
null
null
null
null
null
null
5
5
23
17
null
null
null
null
null
null
null
12
5
23
17
12
null
null
null
null
null
null
100
5
23
17
12
100
null
null
null
null
null
51
5
23
17
12
100
51
null
null
null
null
52
5
23
17
12
100
51
52
null
null
null
4
4
5
17
12
100
51
52
23
null
null
70
4
5
17
12
100
51
52
23
70
null
10
4
5
10
12
100
51
52
23
70
17
null
null
null
null
null
null
null
null
null
null
null
null
]]></system-out>
    <system-err><![CDATA[alda.theme5.DHeap@2f7298b
alda.theme5.DHeap@2f7298b
]]></system-err>
  </testcase>
  <testcase name="testFirstChildIndex" classname="alda.theme5.DHeapTest" time="0.0"/>
  <testcase name="testTooLowParentIndex" classname="alda.theme5.DHeapTest" time="0.001"/>
</testsuite>