<?xml version="1.0" encoding="UTF-8"?>
<testsuite xmlns:xsi="http://www.w3.org/2001/XMLSchema-instance" xsi:noNamespaceSchemaLocation="https://maven.apache.org/surefire/maven-surefire-plugin/xsd/surefire-test-report.xsd" version="3.0.1" name="alda.theme5.DHeapTest" time="0.016" tests="8" errors="0" skipped="0" failures="2">
  <properties>
[...]
</properties>
  <testcase name="testConstructors" classname="alda.theme5.DHeapTest" time="0.001"/>
  <testcase name="testTooSmallD" classname="alda.theme5.DHeapTest" time="0.001"/>
  <testcase name="testFunctionality" classname="alda.theme5.DHeapTest" time="0.005">
    <failure message="expected: &lt;333&gt; but was: &lt;550&gt;" type="org.opentest4j.AssertionFailedError"><![CDATA[org.opentest4j.AssertionFailedError: expected: <333> but was: <550>
	at org.junit.jupiter.api.AssertionFailureBuilder.build(AssertionFailureBuilder.java:151)
	at org.junit.jupiter.api.AssertionFailureBuilder.buildAndThrow(AssertionFailureBuilder.java:132)
	at org.junit.jupiter.api.AssertEquals.failNotEqual(AssertEquals.java:197)
	at org.junit.jupiter.api.AssertEquals.assertEquals(AssertEquals.java:182)
	at org.junit.jupiter.api.AssertEquals.assertEquals(AssertEquals.java:177)
	at org.junit.jupiter.api.Assertions.assertEquals(Assertions.java:555)
	at alda.theme5.DHeapTest.testFunctionality(DHeapTest.java:35)
	at java.base/java.lang.reflect.Method.invoke(Method.java:565)
	at java.base/java.util.ArrayList.forEach(ArrayList.java:1604)
	at java.base/java.util.ArrayList.forEach(ArrayList.java:1604)
]]></failure>
    <system-out><![CDATA[null
null
null
null
null
null
null
null
null
null
null
4
4
null
null
null
null
null
null
null
null
null
699
4
699
null
null
null
null
null
null
null
null
333
4
699
333
null
null
null
null
null
null
null
550
4
699
333
550
null
null
null
null
null
null
679
550
699
333
679
679
null
null
null
null
null
]]></system-out>
  </testcase>
  <testcase name="testTooLowChildIndex" classname="alda.theme5.DHeapTest" time="0.001"/>
  <testcase name="testParentIndex" classname="alda.theme5.DHeapTest" time="0.0"/>
  <testcase name="testContent" classname="alda.theme5.DHeapTest" time="0.002">
    <failure message="expected: &lt;4&gt; but was: &lt;10&gt;" type="org.opentest4j.AssertionFailedError"><![CDATA[org.opentest4j.AssertionFailedError: expected: <4> but was: <10>
	at org.junit.jupiter.api.AssertionFailureBuilder.build(AssertionFailureBuilder.java:151)
	at org.junit.jupiter.api.AssertionFailureBuilder.buildAndThrow(AssertionFailureBuilder.java:132)
	at org.junit.jupiter.api.AssertEquals.failNotEqual(AssertEquals.java:197)
	at org.junit.jupiter.api.AssertEquals.assertEquals(AssertEquals.java:182)
	at org.junit.jupiter.api.AssertEquals.assertEquals(AssertEquals.java:177)
	at org.junit.jupiter.api.Assertions.assertEquals(Assertions.java:555)
	at alda.theme5.DHeapTest.testValues(DHeapTest.java:146)
	at alda.theme5.DHeapTest.testContent(DHeapTest.java:188)
	at java.base/java.lang.reflect.Method.invoke(Method.java:565)
	at java.base/java.util.ArrayList.forEach(ArrayList.java:1604)
	at java.base/java.util.ArrayList.forEach(ArrayList.java:1604)
]]></failure>
    <system-out><![CDATA[null
null
null
null
null
null
null
null
null
null
null
17
17
null
null
null
null
null
null
null
null
null
23
17
23
null
null
null
null
null
null
null
null
5
5
23
17
null
null
null
null
null
null
null
12
5
23
17
12
null
null
null
null
null
null
100
5
23
17
12
100
null
null
null
null
null
51
5
23
17
12
100
51
null
null
null
null
52
5
23
17
12
100
51
52
null
null
null
4
4
5
17
12
100
51
52
23
null
null
70
4
5
17
12
100
51
52
23
70
null
10
4
5
10
12
100
51
52
23
70
17
null
null
null
null
null
null
null
null
null
null
null
null
]]></system-out>
    <system-err><![CDATA[alda.theme5.DHeap@2f7298b
alda.theme5.DHeap@2f7298b
]]></system-err>
  </testcase>
  <testcase name="testFirstChildIndex" classname="alda.theme5.DHeapTest" time="0.0"/>
  <testcase name="testTooLowParentIndex" classname="alda.theme5.DHeapTest" time="0.001"/>
</testsuite>