<?xml version="1.0" encoding="UTF-8"?>
<testsuite xmlns:xsi="http://www.w3.org/2001/XMLSchema-instance" xsi:noNamespaceSchemaLocation="https://maven.apache.org/surefire/maven-surefire-plugin/xsd/surefire-test-report.xsd" version="3.0.1" name="alda.theme5.DHeapTest" time="0.02" tests="8" errors="0" skipped="0" failures="2">
  <properties>
[...]
</properties>
  <testcase name="testConstructors" classname="alda.theme5.DHeapTest" time="0.001"/>
  <testcase name="testTooSmallD" classname="alda.theme5.DHeapTest" time="0.001"/>
  <testcase name="testFunctionality" classname="alda.theme5.DHeapTest" time="0.009">
    <failure message="expected: &lt;651&gt; but was: &lt;715&gt;" type="org.opentest4j.AssertionFailedError"><![CDATA[org.opentest4j.AssertionFailedError: expected: <651> but was: <715>
	at org.junit.jupiter.api.AssertionFailureBuilder.build(AssertionFailureBuilder.java:151)
	at org.junit.jupiter.api.AssertionFailureBuilder.buildAndThrow(AssertionFailureBuilder.java:132)
	at org.junit.jupiter.api.AssertEquals.failNotEqual(AssertEquals.java:197)
	at org.junit.jupiter.api.AssertEquals.assertEquals(AssertEquals.java:182)
	at org.junit.jupiter.api.AssertEquals.assertEquals(AssertEquals.java:177)
	at org.junit.jupiter.api.Assertions.assertEquals(Assertions.java:555)
	at alda.theme5.DHeapTest.testFunctionality(DHeapTest.java:35)
	at java.base/java.lang.reflect.Method.invoke(Method.java:565)
	at java.base/java.util.ArrayList.forEach(ArrayList.java:1604)
	at java.base/java.util.ArrayList.forEach(ArrayList.java:1604)
]]></failure>
    <system-out><![CDATA[child amount: 4
tree before insert: 
Index: 0 Value: null
Index: 1 Value: null
Index: 2 Value: null
Index: 3 Value: null
Index: 4 Value: null
Index: 5 Value: null
Index: 6 Value: null
Index: 7 Value: null
Index: 8 Value: null
Index: 9 Value: null
Index: 10 Value: null
tree after insert: 
Index: 0 Value: null
Index: 1 Value: 566
Index: 2 Value: null
Index: 3 Value: null
Index: 4 Value: null
Index: 5 Value: null
Index: 6 Value: null
Index: 7 Value: null
Index: 8 Value: null
Index: 9 Value: null
Index: 10 Value: null
child amount: 4
tree before insert: 
Index: 0 Value: null
Index: 1 Value: 566
Index: 2 Value: null
Index: 3 Value: null
Index: 4 Value: null
Index: 5 Value: null
Index: 6 Value: null
Index: 7 Value: null
Index: 8 Value: null
Index: 9 Value: null
Index: 10 Value: null
tree after insert: 
Index: 0 Value: null
Index: 1 Value: 307
Index: 2 Value: null
Index: 3 Value: null
Index: 4 Value: null
Index: 5 Value: null
Index: 6 Value: null
Index: 7 Value: null
Index: 8 Value: null
Index: 9 Value: null
Index: 10 Value: null
child amount: 4
tree before insert: 
Index: 0 Value: null
Index: 1 Value: 307
Index: 2 Value: null
Index: 3 Value: null
Index: 4 Value: null
Index: 5 Value: null
Index: 6 Value: null
Index: 7 Value: null
Index: 8 Value: null
Index: 9 Value: null
Index: 10 Value: null
tree after insert: 
Index: 0 Value: null
Index: 1 Value: 307
Index: 2 Value: 651
Index: 3 Value: null
Index: 4 Value: null
Index: 5 Value: null
Index: 6 Value: null
Index: 7 Value: null
Index: 8 Value: null
Index: 9 Value: null
Index: 10 Value: null
child amount: 4
tree before insert: 
Index: 0 Value: null
Index: 1 Value: 307
Index: 2 Value: 651
Index: 3 Value: null
Index: 4 Value: null
Index: 5 Value: null
Index: 6 Value: null
Index: 7 Value: null
Index: 8 Value: null
Index: 9 Value: null
Index: 10 Value: null
tree after insert: 
Index: 0 Value: null
Index: 1 Value: 307
Index: 2 Value: 651
Index: 3 Value: 715
Index: 4 Value: null
Index: 5 Value: null
Index: 6 Value: null
Index: 7 Value: null
Index: 8 Value: null
Index: 9 Value: null
Index: 10 Value: null
child amount: 4
tree before insert: 
Index: 0 Value: null
Index: 1 Value: 715
Index: 2 Value: 651
Index: 3 Value: 715
Index: 4 Value: null
Index: 5 Value: null
Index: 6 Value: null
Index: 7 Value: null
Index: 8 Value: null
Index: 9 Value: null
Index: 10 Value: null
Switched up: 575 Swtiched down: 715
tree after insert: 
Index: 0 Value: null
Index: 1 Value: 575
Index: 2 Value: 651
Index: 3 Value: 715
Index: 4 Value: null
Index: 5 Value: null
Index: 6 Value: null
Index: 7 Value: null
Index: 8 Value: null
Index: 9 Value: null
Index: 10 Value: null
child amount: 4
tree before insert: 
Index: 0 Value: null
Index: 1 Value: 715
Index: 2 Value: 651
Index: 3 Value: 715
Index: 4 Value: null
Index: 5 Value: null
Index: 6 Value: null
Index: 7 Value: null
Index: 8 Value: null
Index: 9 Value: null
Index: 10 Value: null
Switched up: 595 Swtiched down: 715
tree after insert: 
Index: 0 Value: null
Index: 1 Value: 595
Index: 2 Value: 651
Index: 3 Value: 715
Index: 4 Value: null
Index: 5 Value: null
Index: 6 Value: null
Index: 7 Value: null
Index: 8 Value: null
Index: 9 Value: null
Index: 10 Value: null
child amount: 4
tree before insert: 
Index: 0 Value: null
Index: 1 Value: 715
Index: 2 Value: 651
Index: 3 Value: 715
Index: 4 Value: null
Index: 5 Value: null
Index: 6 Value: null
Index: 7 Value: null
Index: 8 Value: null
Index: 9 Value: null
Index: 10 Value: null
tree after insert: 
Index: 0 Value: null
Index: 1 Value: 715
Index: 2 Value: 651
Index: 3 Value: 733
Index: 4 Value: null
Index: 5 Value: null
Index: 6 Value: null
Index: 7 Value: null
Index: 8 Value: null
Index: 9 Value: null
Index: 10 Value: null
]]></system-out>
  </testcase>
  <testcase name="testTooLowChildIndex" classname="alda.theme5.DHeapTest" time="0.0"/>
  <testcase name="testParentIndex" classname="alda.theme5.DHeapTest" time="0.0"/>
  <testcase name="testContent" classname="alda.theme5.DHeapTest" time="0.005">
    <failure message="expected: &lt;4&gt; but was: &lt;10&gt;" type="org.opentest4j.AssertionFailedError"><![CDATA[org.opentest4j.AssertionFailedError: expected: <4> but was: <10>
	at org.junit.jupiter.api.AssertionFailureBuilder.build(AssertionFailureBuilder.java:151)
	at org.junit.jupiter.api.AssertionFailureBuilder.buildAndThrow(AssertionFailureBuilder.java:132)
	at org.junit.jupiter.api.AssertEquals.failNotEqual(AssertEquals.java:197)
	at org.junit.jupiter.api.AssertEquals.assertEquals(AssertEquals.java:182)
	at org.junit.jupiter.api.AssertEquals.assertEquals(AssertEquals.java:177)
	at org.junit.jupiter.api.Assertions.assertEquals(Assertions.java:555)
	at alda.theme5.DHeapTest.testValues(DHeapTest.java:146)
	at alda.theme5.DHeapTest.testContent(DHeapTest.java:188)
	at java.base/java.lang.reflect.Method.invoke(Method.java:565)
	at java.base/java.util.ArrayList.forEach(ArrayList.java:1604)
	at java.base/java.util.ArrayList.forEach(ArrayList.java:1604)
]]></failure>
    <system-out><![CDATA[child amount: 4
tree before insert: 
Index: 0 Value: null
Index: 1 Value: null
Index: 2 Value: null
Index: 3 Value: null
Index: 4 Value: null
Index: 5 Value: null
Index: 6 Value: null
Index: 7 Value: null
Index: 8 Value: null
Index: 9 Value: null
Index: 10 Value: null
tree after insert: 
Index: 0 Value: null
Index: 1 Value: 17
Index: 2 Value: null
Index: 3 Value: null
Index: 4 Value: null
Index: 5 Value: null
Index: 6 Value: null
Index: 7 Value: null
Index: 8 Value: null
Index: 9 Value: null
Index: 10 Value: null
child amount: 4
tree before insert: 
Index: 0 Value: null
Index: 1 Value: 17
Index: 2 Value: null
Index: 3 Value: null
Index: 4 Value: null
Index: 5 Value: null
Index: 6 Value: null
Index: 7 Value: null
Index: 8 Value: null
Index: 9 Value: null
Index: 10 Value: null
tree after insert: 
Index: 0 Value: null
Index: 1 Value: 17
Index: 2 Value: 23
Index: 3 Value: null
Index: 4 Value: null
Index: 5 Value: null
Index: 6 Value: null
Index: 7 Value: null
Index: 8 Value: null
Index: 9 Value: null
Index: 10 Value: null
child amount: 4
tree before insert: 
Index: 0 Value: null
Index: 1 Value: 17
Index: 2 Value: 23
Index: 3 Value: null
Index: 4 Value: null
Index: 5 Value: null
Index: 6 Value: null
Index: 7 Value: null
Index: 8 Value: null
Index: 9 Value: null
Index: 10 Value: null
Switched up: 5 Swtiched down: 17
tree after insert: 
Index: 0 Value: null
Index: 1 Value: 5
Index: 2 Value: 23
Index: 3 Value: 17
Index: 4 Value: null
Index: 5 Value: null
Index: 6 Value: null
Index: 7 Value: null
Index: 8 Value: null
Index: 9 Value: null
Index: 10 Value: null
child amount: 4
tree before insert: 
Index: 0 Value: null
Index: 1 Value: 5
Index: 2 Value: 23
Index: 3 Value: 17
Index: 4 Value: null
Index: 5 Value: null
Index: 6 Value: null
Index: 7 Value: null
Index: 8 Value: null
Index: 9 Value: null
Index: 10 Value: null
tree after insert: 
Index: 0 Value: null
Index: 1 Value: 5
Index: 2 Value: 23
Index: 3 Value: 17
Index: 4 Value: 12
Index: 5 Value: null
Index: 6 Value: null
Index: 7 Value: null
Index: 8 Value: null
Index: 9 Value: null
Index: 10 Value: null
child amount: 4
tree before insert: 
Index: 0 Value: null
Index: 1 Value: 5
Index: 2 Value: 23
Index: 3 Value: 17
Index: 4 Value: 12
Index: 5 Value: null
Index: 6 Value: null
Index: 7 Value: null
Index: 8 Value: null
Index: 9 Value: null
Index: 10 Value: null
tree after insert: 
Index: 0 Value: null
Index: 1 Value: 5
Index: 2 Value: 23
Index: 3 Value: 17
Index: 4 Value: 12
Index: 5 Value: 100
Index: 6 Value: null
Index: 7 Value: null
Index: 8 Value: null
Index: 9 Value: null
Index: 10 Value: null
child amount: 4
tree before insert: 
Index: 0 Value: null
Index: 1 Value: 5
Index: 2 Value: 23
Index: 3 Value: 17
Index: 4 Value: 12
Index: 5 Value: 100
Index: 6 Value: null
Index: 7 Value: null
Index: 8 Value: null
Index: 9 Value: null
Index: 10 Value: null
tree after insert: 
Index: 0 Value: null
Index: 1 Value: 5
Index: 2 Value: 23
Index: 3 Value: 17
Index: 4 Value: 12
Index: 5 Value: 100
Index: 6 Value: 51
Index: 7 Value: null
Index: 8 Value: null
Index: 9 Value: null
Index: 10 Value: null
child amount: 4
tree before insert: 
Index: 0 Value: null
Index: 1 Value: 5
Index: 2 Value: 23
Index: 3 Value: 17
Index: 4 Value: 12
Index: 5 Value: 100
Index: 6 Value: 51
Index: 7 Value: null
Index: 8 Value: null
Index: 9 Value: null
Index: 10 Value: null
tree after insert: 
Index: 0 Value: null
Index: 1 Value: 5
Index: 2 Value: 23
Index: 3 Value: 17
Index: 4 Value: 12
Index: 5 Value: 100
Index: 6 Value: 51
Index: 7 Value: 52
Index: 8 Value: null
Index: 9 Value: null
Index: 10 Value: null
child amount: 4
tree before insert: 
Index: 0 Value: null
Index: 1 Value: 5
Index: 2 Value: 23
Index: 3 Value: 17
Index: 4 Value: 12
Index: 5 Value: 100
Index: 6 Value: 51
Index: 7 Value: 52
Index: 8 Value: null
Index: 9 Value: null
Index: 10 Value: null
Switched up: 4 Swtiched down: 23
Switched up: 4 Swtiched down: 5
tree after insert: 
Index: 0 Value: null
Index: 1 Value: 4
Index: 2 Value: 5
Index: 3 Value: 17
Index: 4 Value: 12
Index: 5 Value: 100
Index: 6 Value: 51
Index: 7 Value: 52
Index: 8 Value: 23
Index: 9 Value: null
Index: 10 Value: null
child amount: 4
tree before insert: 
Index: 0 Value: null
Index: 1 Value: 4
Index: 2 Value: 5
Index: 3 Value: 17
Index: 4 Value: 12
Index: 5 Value: 100
Index: 6 Value: 51
Index: 7 Value: 52
Index: 8 Value: 23
Index: 9 Value: null
Index: 10 Value: null
tree after insert: 
Index: 0 Value: null
Index: 1 Value: 4
Index: 2 Value: 5
Index: 3 Value: 17
Index: 4 Value: 12
Index: 5 Value: 100
Index: 6 Value: 51
Index: 7 Value: 52
Index: 8 Value: 23
Index: 9 Value: 70
Index: 10 Value: null
child amount: 4
tree before insert: 
Index: 0 Value: null
Index: 1 Value: 4
Index: 2 Value: 5
Index: 3 Value: 17
Index: 4 Value: 12
Index: 5 Value: 100
Index: 6 Value: 51
Index: 7 Value: 52
Index: 8 Value: 23
Index: 9 Value: 70
Index: 10 Value: null
Switched up: 10 Swtiched down: 17
tree after insert: 
Index: 0 Value: null
Index: 1 Value: 4
Index: 2 Value: 5
Index: 3 Value: 10
Index: 4 Value: 12
Index: 5 Value: 100
Index: 6 Value: 51
Index: 7 Value: 52
Index: 8 Value: 23
Index: 9 Value: 70
Index: 10 Value: 17
child amount: 4
tree before insert: 
Index: 0 Value: null
Index: 1 Value: 4
Index: 2 Value: 5
Index: 3 Value: 10
Index: 4 Value: 12
Index: 5 Value: 100
Index: 6 Value: 51
Index: 7 Value: 52
Index: 8 Value: 23
Index: 9 Value: 70
Index: 10 Value: 17
Index: 11 Value: null
Index: 12 Value: null
Index: 13 Value: null
Index: 14 Value: null
Index: 15 Value: null
Index: 16 Value: null
Index: 17 Value: null
Index: 18 Value: null
Index: 19 Value: null
Index: 20 Value: null
Index: 21 Value: null
Index: 22 Value: null
Switched up: 1 Swtiched down: 10
Switched up: 1 Swtiched down: 4
tree after insert: 
Index: 0 Value: null
Index: 1 Value: 1
Index: 2 Value: 5
Index: 3 Value: 4
Index: 4 Value: 12
Index: 5 Value: 100
Index: 6 Value: 51
Index: 7 Value: 52
Index: 8 Value: 23
Index: 9 Value: 70
Index: 10 Value: 17
Index: 11 Value: 10
Index: 12 Value: null
Index: 13 Value: null
Index: 14 Value: null
Index: 15 Value: null
Index: 16 Value: null
Index: 17 Value: null
Index: 18 Value: null
Index: 19 Value: null
Index: 20 Value: null
Index: 21 Value: null
Index: 22 Value: null
]]></system-out>
    <system-err><![CDATA[alda.theme5.DHeap@7193666c
alda.theme5.DHeap@7193666c
]]></system-err>
  </testcase>
  <testcase name="testFirstChildIndex" classname="alda.theme5.DHeapTest" time="0.001"/>
  <testcase name="testTooLowParentIndex" classname="alda.theme5.DHeapTest" time="0.0"/>
</testsuite>