<?xml version="1.0" encoding="UTF-8"?>
<testsuite xmlns:xsi="http://www.w3.org/2001/XMLSchema-instance" xsi:noNamespaceSchemaLocation="https://maven.apache.org/surefire/maven-surefire-plugin/xsd/surefire-test-report.xsd" version="3.0.1" name="alda.BinarySearchTreeTest" time="0.287" tests="13" errors="0" skipped="0" failures="0">
  <properties>
[...]
</properties>
  <testcase name="testRemoveExistingMiddleItemWithEmptyLeftChild" classname="alda.BinarySearchTreeTest" time="0.011"/>
  <testcase name="testOtherType" classname="alda.BinarySearchTreeTest" time="0.0"/>
  <testcase name="testDepth" classname="alda.BinarySearchTreeTest" time="0.0"/>
  <testcase name="testSize" classname="alda.BinarySearchTreeTest" time="0.001"/>
  <testcase name="testToString" classname="alda.BinarySearchTreeTest" time="0.0"/>
  <testcase name="testEmptyTree" classname="alda.BinarySearchTreeTest" time="0.0"/>
  <testcase name="testRemoveRoot" classname="alda.BinarySearchTreeTest" time="0.001"/>
  <testcase name="testAddDuplicates" classname="alda.BinarySearchTreeTest" time="0.0"/>
  <testcase name="testAddUnique" classname="alda.BinarySearchTreeTest" time="0.001"/>
  <testcase name="testRandomAddAndRemove" classname="alda.BinarySearchTreeTest" time="0.257">
    <system-out><![CDATA[Oracle size: 6
Tree size: 6
Oracle: [1, 2, 3, 4, 5, 6]
Tree: [1, 2, 3, 4, 5, 6]
To remove: 0
Oracle size: 7
Tree size: 7
Oracle: [0, 1, 2, 3, 4, 5, 6]
Tree: [0, 1, 2, 3, 4, 5, 6]
To remove: 6
Oracle size: 7
Tree size: 7
Oracle: [0, 1, 2, 3, 4, 5, 7]
Tree: [0, 1, 2, 3, 4, 5, 7]
To remove: 8
Oracle size: 7
Tree size: 7
Oracle: [0, 1, 2, 3, 4, 5, 7]
Tree: [0, 1, 2, 3, 4, 5, 7]
To remove: 3
Oracle size: 6
Tree size: 6
Oracle: [0, 1, 2, 4, 5, 7]
Tree: [0, 1, 2, 4, 5, 7]
To remove: 8
Oracle size: 6
Tree size: 6
Oracle: [0, 1, 2, 4, 5, 7]
Tree: [0, 1, 2, 4, 5, 7]
To remove: 6
Oracle size: 7
Tree size: 7
Oracle: [0, 1, 2, 3, 4, 5, 7]
Tree: [0, 1, 2, 3, 4, 5, 7]
To remove: 8
Oracle size: 8
Tree size: 8
Oracle: [0, 1, 2, 3, 4, 5, 7, 9]
Tree: [0, 1, 2, 3, 4, 5, 7, 9]
To remove: 5
Oracle size: 8
Tree size: 8
Oracle: [0, 1, 2, 3, 4, 5, 7, 9]
Tree: [0, 1, 2, 3, 4, 5, 7, 9]
To remove: 9
Oracle size: 7
Tree size: 7
Oracle: [0, 1, 2, 3, 4, 5, 7]
Tree: [0, 1, 2, 3, 4, 5, 7]
To remove: 8
Oracle size: 8
Tree size: 8
Oracle: [0, 1, 2, 3, 4, 5, 7, 8]
Tree: [0, 1, 2, 3, 4, 5, 7, 8]
To remove: 2
Oracle size: 8
Tree size: 8
Oracle: [0, 1, 3, 4, 5, 6, 7, 8]
Tree: [0, 1, 3, 4, 5, 6, 7, 8]
To remove: 7
Oracle size: 7
Tree size: 7
Oracle: [0, 1, 3, 4, 5, 6, 8]
Tree: [0, 1, 3, 4, 5, 6, 8]
To remove: 0
Oracle size: 6
Tree size: 6
Oracle: [1, 3, 4, 5, 6, 8]
Tree: [1, 3, 4, 5, 6, 8]
To remove: 9
Oracle size: 7
Tree size: 7
Oracle: [1, 2, 3, 4, 5, 6, 8]
Tree: [1, 2, 3, 4, 5, 6, 8]
To remove: 2
Oracle size: 7
Tree size: 7
Oracle: [1, 3, 4, 5, 6, 8, 9]
Tree: [1, 3, 4, 5, 6, 8, 9]
To remove: 8
Oracle size: 6
Tree size: 6
Oracle: [1, 3, 4, 5, 6, 9]
Tree: [1, 3, 4, 5, 6, 9]
To remove: 3
Oracle size: 5
Tree size: 5
Oracle: [1, 4, 5, 6, 9]
Tree: [1, 4, 5, 6, 9]
To remove: 1
Oracle size: 5
Tree size: 5
Oracle: [1, 4, 5, 6, 9]
Tree: [1, 4, 5, 6, 9]
To remove: 9
Oracle size: 5
Tree size: 5
Oracle: [1, 2, 4, 5, 6]
Tree: [1, 2, 4, 5, 6]
To remove: 8
Oracle size: 6
Tree size: 6
Oracle: [0, 1, 2, 4, 5, 6]
Tree: [0, 1, 2, 4, 5, 6]
To remove: 4
Oracle size: 6
Tree size: 6
Oracle: [0, 1, 2, 5, 6, 9]
Tree: [0, 1, 2, 5, 6, 9]
To remove: 6
Oracle size: 5
Tree size: 5
Oracle: [0, 1, 2, 5, 9]
Tree: [0, 1, 2, 5, 9]
To remove: 5
Oracle size: 5
Tree size: 5
Oracle: [0, 1, 2, 8, 9]
Tree: [0, 1, 2, 8, 9]
To remove: 2
Oracle size: 4
Tree size: 4
Oracle: [0, 1, 8, 9]
Tree: [0, 1, 8, 9]
To remove: 7
Oracle size: 5
Tree size: 5
Oracle: [0, 1, 3, 8, 9]
Tree: [0, 1, 3, 8, 9]
To remove: 3
Oracle size: 4
Tree size: 4
Oracle: [0, 1, 8, 9]
Tree: [0, 1, 8, 9]
To remove: 4
Oracle size: 5
Tree size: 5
Oracle: [0, 1, 2, 8, 9]
Tree: [0, 1, 2, 8, 9]
To remove: 8
Oracle size: 5
Tree size: 5
Oracle: [0, 1, 2, 8, 9]
Tree: [0, 1, 2, 8, 9]
To remove: 1
Oracle size: 4
Tree size: 4
Oracle: [0, 2, 8, 9]
Tree: [0, 2, 8, 9]
To remove: 8
Oracle size: 4
Tree size: 4
Oracle: [0, 2, 7, 9]
Tree: [0, 2, 7, 9]
To remove: 7
Oracle size: 4
Tree size: 4
Oracle: [0, 2, 7, 9]
Tree: [0, 2, 7, 9]
To remove: 6
Oracle size: 5
Tree size: 5
Oracle: [0, 2, 3, 7, 9]
Tree: [0, 2, 3, 7, 9]
To remove: 8
Oracle size: 5
Tree size: 5
Oracle: [0, 2, 3, 7, 9]
Tree: [0, 2, 3, 7, 9]
To remove: 3
Oracle size: 5
Tree size: 5
Oracle: [0, 2, 3, 7, 9]
Tree: [0, 2, 3, 7, 9]
To remove: 2
Oracle size: 5
Tree size: 5
Oracle: [0, 3, 5, 7, 9]
Tree: [0, 3, 5, 7, 9]
To remove: 0
Oracle size: 5
Tree size: 5
Oracle: [1, 3, 5, 7, 9]
Tree: [1, 3, 5, 7, 9]
To remove: 3
Oracle size: 5
Tree size: 5
Oracle: [0, 1, 5, 7, 9]
Tree: [0, 1, 5, 7, 9]
To remove: 4
Oracle size: 5
Tree size: 5
Oracle: [0, 1, 5, 7, 9]
Tree: [0, 1, 5, 7, 9]
To remove: 4
Oracle size: 6
Tree size: 6
Oracle: [0, 1, 5, 6, 7, 9]
Tree: [0, 1, 5, 6, 7, 9]
To remove: 6
Oracle size: 6
Tree size: 6
Oracle: [0, 1, 5, 7, 8, 9]
Tree: [0, 1, 5, 7, 8, 9]
To remove: 2
Oracle size: 6
Tree size: 6
Oracle: [0, 1, 5, 7, 8, 9]
Tree: [0, 1, 5, 7, 8, 9]
To remove: 9
Oracle size: 5
Tree size: 5
Oracle: [0, 1, 5, 7, 8]
Tree: [0, 1, 5, 7, 8]
To remove: 6
Oracle size: 5
Tree size: 5
Oracle: [0, 1, 5, 7, 8]
Tree: [0, 1, 5, 7, 8]
To remove: 4
Oracle size: 6
Tree size: 6
Oracle: [0, 1, 5, 6, 7, 8]
Tree: [0, 1, 5, 6, 7, 8]
To remove: 6
Oracle size: 5
Tree size: 5
Oracle: [0, 1, 5, 7, 8]
Tree: [0, 1, 5, 7, 8]
To remove: 4
Oracle size: 5
Tree size: 5
Oracle: [0, 1, 5, 7, 8]
Tree: [0, 1, 5, 7, 8]
To remove: 1
Oracle size: 5
Tree size: 5
Oracle: [0, 5, 6, 7, 8]
Tree: [0, 5, 6, 7, 8]
To remove: 4
Oracle size: 6
Tree size: 6
Oracle: [0, 4, 5, 6, 7, 8]
Tree: [0, 4, 5, 6, 7, 8]
To remove: 0
Oracle size: 5
Tree size: 5
Oracle: [4, 5, 6, 7, 8]
Tree: [4, 5, 6, 7, 8]
To remove: 8
Oracle size: 4
Tree size: 4
Oracle: [4, 5, 6, 7]
Tree: [4, 5, 6, 7]
To remove: 2
Oracle size: 5
Tree size: 5
Oracle: [1, 4, 5, 6, 7]
Tree: [1, 4, 5, 6, 7]
To remove: 3
Oracle size: 6
Tree size: 6
Oracle: [1, 4, 5, 6, 7, 8]
Tree: [1, 4, 5, 6, 7, 8]
To remove: 9
Oracle size: 6
Tree size: 6
Oracle: [1, 4, 5, 6, 7, 8]
Tree: [1, 4, 5, 6, 7, 8]
To remove: 2
Oracle size: 6
Tree size: 6
Oracle: [1, 4, 5, 6, 7, 8]
Tree: [1, 4, 5, 6, 7, 8]
To remove: 4
Oracle size: 5
Tree size: 5
Oracle: [1, 5, 6, 7, 8]
Tree: [1, 5, 6, 7, 8]
To remove: 7
Oracle size: 4
Tree size: 4
Oracle: [1, 5, 6, 8]
Tree: [1, 5, 6, 8]
To remove: 7
Oracle size: 5
Tree size: 5
Oracle: [1, 3, 5, 6, 8]
Tree: [1, 3, 5, 6, 8]
To remove: 9
Oracle size: 5
Tree size: 5
Oracle: [1, 3, 5, 6, 8]
Tree: [1, 3, 5, 6, 8]
To remove: 8
Oracle size: 4
Tree size: 4
Oracle: [1, 3, 5, 6]
Tree: [1, 3, 5, 6]
To remove: 6
Oracle size: 4
Tree size: 4
Oracle: [0, 1, 3, 5]
Tree: [0, 1, 3, 5]
To remove: 7
Oracle size: 4
Tree size: 4
Oracle: [0, 1, 3, 5]
Tree: [0, 1, 3, 5]
To remove: 0
Oracle size: 3
Tree size: 3
Oracle: [1, 3, 5]
Tree: [1, 3, 5]
To remove: 3
Oracle size: 3
Tree size: 3
Oracle: [1, 4, 5]
Tree: [1, 4, 5]
To remove: 4
Oracle size: 2
Tree size: 2
Oracle: [1, 5]
Tree: [1, 5]
To remove: 2
Oracle size: 3
Tree size: 3
Oracle: [1, 5, 8]
Tree: [1, 5, 8]
To remove: 0
Oracle size: 4
Tree size: 4
Oracle: [1, 5, 7, 8]
Tree: [1, 5, 7, 8]
To remove: 6
Oracle size: 5
Tree size: 5
Oracle: [1, 5, 6, 7, 8]
Tree: [1, 5, 6, 7, 8]
To remove: 0
Oracle size: 6
Tree size: 6
Oracle: [1, 3, 5, 6, 7, 8]
Tree: [1, 3, 5, 6, 7, 8]
To remove: 2
Oracle size: 7
Tree size: 7
Oracle: [1, 3, 5, 6, 7, 8, 9]
Tree: [1, 3, 5, 6, 7, 8, 9]
To remove: 6
Oracle size: 7
Tree size: 7
Oracle: [1, 2, 3, 5, 7, 8, 9]
Tree: [1, 2, 3, 5, 7, 8, 9]
To remove: 0
Oracle size: 8
Tree size: 8
Oracle: [1, 2, 3, 4, 5, 7, 8, 9]
Tree: [1, 2, 3, 4, 5, 7, 8, 9]
To remove: 5
Oracle size: 7
Tree size: 7
Oracle: [1, 2, 3, 4, 7, 8, 9]
Tree: [1, 2, 3, 4, 7, 8, 9]
To remove: 2
Oracle size: 6
Tree size: 6
Oracle: [1, 3, 4, 7, 8, 9]
Tree: [1, 3, 4, 7, 8, 9]
To remove: 3
Oracle size: 6
Tree size: 6
Oracle: [0, 1, 4, 7, 8, 9]
Tree: [0, 1, 4, 7, 8, 9]
To remove: 4
Oracle size: 5
Tree size: 5
Oracle: [0, 1, 7, 8, 9]
Tree: [0, 1, 7, 8, 9]
To remove: 8
Oracle size: 5
Tree size: 5
Oracle: [0, 1, 3, 7, 9]
Tree: [0, 1, 3, 7, 9]
To remove: 4
Oracle size: 5
Tree size: 5
Oracle: [0, 1, 3, 7, 9]
Tree: [0, 1, 3, 7, 9]
To remove: 7
Oracle size: 4
Tree size: 4
Oracle: [0, 1, 3, 9]
Tree: [0, 1, 3, 9]
To remove: 3
Oracle size: 4
Tree size: 4
Oracle: [0, 1, 5, 9]
Tree: [0, 1, 5, 9]
To remove: 4
Oracle size: 5
Tree size: 5
Oracle: [0, 1, 4, 5, 9]
Tree: [0, 1, 4, 5, 9]
To remove: 8
Oracle size: 6
Tree size: 6
Oracle: [0, 1, 4, 5, 7, 9]
Tree: [0, 1, 4, 5, 7, 9]
To remove: 9
Oracle size: 6
Tree size: 6
Oracle: [0, 1, 4, 5, 7, 8]
Tree: [0, 1, 4, 5, 7, 8]
To remove: 4
Oracle size: 6
Tree size: 6
Oracle: [0, 1, 2, 5, 7, 8]
Tree: [0, 1, 2, 5, 7, 8]
To remove: 0
Oracle size: 5
Tree size: 5
Oracle: [1, 2, 5, 7, 8]
Tree: [1, 2, 5, 7, 8]
To remove: 2
Oracle size: 5
Tree size: 5
Oracle: [1, 3, 5, 7, 8]
Tree: [1, 3, 5, 7, 8]
To remove: 3
Oracle size: 5
Tree size: 5
Oracle: [1, 3, 5, 7, 8]
Tree: [1, 3, 5, 7, 8]
To remove: 0
Oracle size: 6
Tree size: 6
Oracle: [1, 3, 5, 6, 7, 8]
Tree: [1, 3, 5, 6, 7, 8]
To remove: 5
Oracle size: 5
Tree size: 5
Oracle: [1, 3, 6, 7, 8]
Tree: [1, 3, 6, 7, 8]
To remove: 4
Oracle size: 6
Tree size: 6
Oracle: [1, 3, 5, 6, 7, 8]
Tree: [1, 3, 5, 6, 7, 8]
To remove: 1
Oracle size: 5
Tree size: 5
Oracle: [3, 5, 6, 7, 8]
Tree: [3, 5, 6, 7, 8]
To remove: 8
Oracle size: 5
Tree size: 5
Oracle: [3, 4, 5, 6, 7]
Tree: [3, 4, 5, 6, 7]
To remove: 9
Oracle size: 6
Tree size: 6
Oracle: [3, 4, 5, 6, 7, 8]
Tree: [3, 4, 5, 6, 7, 8]
To remove: 6
Oracle size: 6
Tree size: 6
Oracle: [1, 3, 4, 5, 7, 8]
Tree: [1, 3, 4, 5, 7, 8]
To remove: 3
Oracle size: 6
Tree size: 6
Oracle: [1, 2, 4, 5, 7, 8]
Tree: [1, 2, 4, 5, 7, 8]
To remove: 2
Oracle size: 5
Tree size: 5
Oracle: [1, 4, 5, 7, 8]
Tree: [1, 4, 5, 7, 8]
To remove: 0
Oracle size: 5
Tree size: 5
Oracle: [1, 4, 5, 7, 8]
Tree: [1, 4, 5, 7, 8]
To remove: 4
Oracle size: 5
Tree size: 5
Oracle: [1, 4, 5, 7, 8]
Tree: [1, 4, 5, 7, 8]
To remove: 3
Oracle size: 5
Tree size: 5
Oracle: [1, 4, 5, 7, 8]
Tree: [1, 4, 5, 7, 8]
To remove: 5
Oracle size: 5
Tree size: 5
Oracle: [0, 1, 4, 7, 8]
Tree: [0, 1, 4, 7, 8]
To remove: 0
Oracle size: 5
Tree size: 5
Oracle: [1, 4, 6, 7, 8]
Tree: [1, 4, 6, 7, 8]
To remove: 1
Oracle size: 4
Tree size: 4
Oracle: [4, 6, 7, 8]
Tree: [4, 6, 7, 8]
To remove: 6
Oracle size: 4
Tree size: 4
Oracle: [0, 4, 7, 8]
Tree: [0, 4, 7, 8]
To remove: 9
Oracle size: 4
Tree size: 4
Oracle: [0, 4, 7, 8]
Tree: [0, 4, 7, 8]
To remove: 7
Oracle size: 4
Tree size: 4
Oracle: [0, 4, 6, 8]
Tree: [0, 4, 6, 8]
To remove: 6
Oracle size: 4
Tree size: 4
Oracle: [0, 4, 7, 8]
Tree: [0, 4, 7, 8]
To remove: 1
Oracle size: 4
Tree size: 4
Oracle: [0, 4, 7, 8]
Tree: [0, 4, 7, 8]
To remove: 7
Oracle size: 4
Tree size: 4
Oracle: [0, 4, 7, 8]
Tree: [0, 4, 7, 8]
To remove: 1
Oracle size: 4
Tree size: 4
Oracle: [0, 4, 7, 8]
Tree: [0, 4, 7, 8]
To remove: 0
Oracle size: 4
Tree size: 4
Oracle: [0, 4, 7, 8]
Tree: [0, 4, 7, 8]
To remove: 5
Oracle size: 5
Tree size: 5
Oracle: [0, 1, 4, 7, 8]
Tree: [0, 1, 4, 7, 8]
To remove: 2
Oracle size: 6
Tree size: 6
Oracle: [0, 1, 4, 6, 7, 8]
Tree: [0, 1, 4, 6, 7, 8]
To remove: 6
Oracle size: 6
Tree size: 6
Oracle: [0, 1, 4, 5, 7, 8]
Tree: [0, 1, 4, 5, 7, 8]
To remove: 2
Oracle size: 6
Tree size: 6
Oracle: [0, 1, 4, 5, 7, 8]
Tree: [0, 1, 4, 5, 7, 8]
To remove: 9
Oracle size: 6
Tree size: 6
Oracle: [0, 1, 4, 5, 7, 8]
Tree: [0, 1, 4, 5, 7, 8]
To remove: 7
Oracle size: 5
Tree size: 5
Oracle: [0, 1, 4, 5, 8]
Tree: [0, 1, 4, 5, 8]
To remove: 4
Oracle size: 5
Tree size: 5
Oracle: [0, 1, 4, 5, 8]
Tree: [0, 1, 4, 5, 8]
To remove: 1
Oracle size: 5
Tree size: 5
Oracle: [0, 4, 5, 8, 9]
Tree: [0, 4, 5, 8, 9]
To remove: 8
Oracle size: 5
Tree size: 5
Oracle: [0, 4, 5, 7, 9]
Tree: [0, 4, 5, 7, 9]
To remove: 1
Oracle size: 6
Tree size: 6
Oracle: [0, 4, 5, 6, 7, 9]
Tree: [0, 4, 5, 6, 7, 9]
To remove: 5
Oracle size: 6
Tree size: 6
Oracle: [0, 2, 4, 6, 7, 9]
Tree: [0, 2, 4, 6, 7, 9]
To remove: 3
Oracle size: 7
Tree size: 7
Oracle: [0, 2, 3, 4, 6, 7, 9]
Tree: [0, 2, 3, 4, 6, 7, 9]
To remove: 0
Oracle size: 6
Tree size: 6
Oracle: [2, 3, 4, 6, 7, 9]
Tree: [2, 3, 4, 6, 7, 9]
To remove: 0
Oracle size: 6
Tree size: 6
Oracle: [2, 3, 4, 6, 7, 9]
Tree: [2, 3, 4, 6, 7, 9]
To remove: 4
Oracle size: 5
Tree size: 5
Oracle: [2, 3, 6, 7, 9]
Tree: [2, 3, 6, 7, 9]
To remove: 8
Oracle size: 6
Tree size: 6
Oracle: [2, 3, 5, 6, 7, 9]
Tree: [2, 3, 5, 6, 7, 9]
To remove: 5
Oracle size: 5
Tree size: 5
Oracle: [2, 3, 6, 7, 9]
Tree: [2, 3, 6, 7, 9]
To remove: 7
Oracle size: 4
Tree size: 4
Oracle: [2, 3, 6, 9]
Tree: [2, 3, 6, 9]
To remove: 6
Oracle size: 4
Tree size: 4
Oracle: [2, 3, 5, 9]
Tree: [2, 3, 5, 9]
To remove: 6
Oracle size: 5
Tree size: 5
Oracle: [2, 3, 5, 8, 9]
Tree: [2, 3, 5, 8, 9]
To remove: 1
Oracle size: 5
Tree size: 5
Oracle: [2, 3, 5, 8, 9]
Tree: [2, 3, 5, 8, 9]
To remove: 4
Oracle size: 5
Tree size: 5
Oracle: [2, 3, 5, 8, 9]
Tree: [2, 3, 5, 8, 9]
To remove: 2
Oracle size: 4
Tree size: 4
Oracle: [3, 5, 8, 9]
Tree: [3, 5, 8, 9]
To remove: 2
Oracle size: 4
Tree size: 4
Oracle: [3, 5, 8, 9]
Tree: [3, 5, 8, 9]
To remove: 8
Oracle size: 3
Tree size: 3
Oracle: [3, 5, 9]
Tree: [3, 5, 9]
To remove: 5
Oracle size: 3
Tree size: 3
Oracle: [3, 5, 9]
Tree: [3, 5, 9]
To remove: 7
Oracle size: 4
Tree size: 4
Oracle: [3, 5, 6, 9]
Tree: [3, 5, 6, 9]
To remove: 1
Oracle size: 4
Tree size: 4
Oracle: [3, 5, 6, 9]
Tree: [3, 5, 6, 9]
To remove: 0
Oracle size: 4
Tree size: 4
Oracle: [3, 5, 6, 9]
Tree: [3, 5, 6, 9]
To remove: 7
Oracle size: 5
Tree size: 5
Oracle: [3, 4, 5, 6, 9]
Tree: [3, 4, 5, 6, 9]
To remove: 6
Oracle size: 5
Tree size: 5
Oracle: [0, 3, 4, 5, 9]
Tree: [0, 3, 4, 5, 9]
To remove: 2
Oracle size: 5
Tree size: 5
Oracle: [0, 3, 4, 5, 9]
Tree: [0, 3, 4, 5, 9]
To remove: 1
Oracle size: 5
Tree size: 5
Oracle: [0, 3, 4, 5, 9]
Tree: [0, 3, 4, 5, 9]
To remove: 1
Oracle size: 5
Tree size: 5
Oracle: [0, 3, 4, 5, 9]
Tree: [0, 3, 4, 5, 9]
To remove: 0
Oracle size: 5
Tree size: 5
Oracle: [3, 4, 5, 7, 9]
Tree: [3, 4, 5, 7, 9]
To remove: 0
Oracle size: 5
Tree size: 5
Oracle: [3, 4, 5, 7, 9]
Tree: [3, 4, 5, 7, 9]
To remove: 0
Oracle size: 6
Tree size: 6
Oracle: [0, 3, 4, 5, 7, 9]
Tree: [0, 3, 4, 5, 7, 9]
To remove: 1
Oracle size: 7
Tree size: 7
Oracle: [0, 3, 4, 5, 7, 8, 9]
Tree: [0, 3, 4, 5, 7, 8, 9]
To remove: 2
Oracle size: 7
Tree size: 7
Oracle: [0, 3, 4, 5, 7, 8, 9]
Tree: [0, 3, 4, 5, 7, 8, 9]
To remove: 3
Oracle size: 6
Tree size: 6
Oracle: [0, 4, 5, 7, 8, 9]
Tree: [0, 4, 5, 7, 8, 9]
To remove: 4
Oracle size: 6
Tree size: 6
Oracle: [0, 3, 5, 7, 8, 9]
Tree: [0, 3, 5, 7, 8, 9]
To remove: 5
Oracle size: 6
Tree size: 6
Oracle: [0, 3, 5, 7, 8, 9]
Tree: [0, 3, 5, 7, 8, 9]
To remove: 8
Oracle size: 6
Tree size: 6
Oracle: [0, 3, 5, 7, 8, 9]
Tree: [0, 3, 5, 7, 8, 9]
To remove: 2
Oracle size: 6
Tree size: 6
Oracle: [0, 3, 5, 7, 8, 9]
Tree: [0, 3, 5, 7, 8, 9]
To remove: 0
Oracle size: 6
Tree size: 6
Oracle: [2, 3, 5, 7, 8, 9]
Tree: [2, 3, 5, 7, 8, 9]
To remove: 9
Oracle size: 6
Tree size: 6
Oracle: [0, 2, 3, 5, 7, 8]
Tree: [0, 2, 3, 5, 7, 8]
To remove: 4
Oracle size: 7
Tree size: 7
Oracle: [0, 2, 3, 5, 6, 7, 8]
Tree: [0, 2, 3, 5, 6, 7, 8]
To remove: 6
Oracle size: 6
Tree size: 6
Oracle: [0, 2, 3, 5, 7, 8]
Tree: [0, 2, 3, 5, 7, 8]
To remove: 6
Oracle size: 6
Tree size: 6
Oracle: [0, 2, 3, 5, 7, 8]
Tree: [0, 2, 3, 5, 7, 8]
To remove: 1
Oracle size: 6
Tree size: 6
Oracle: [0, 2, 3, 5, 7, 8]
Tree: [0, 2, 3, 5, 7, 8]
To remove: 4
Oracle size: 7
Tree size: 7
Oracle: [0, 2, 3, 5, 7, 8, 9]
Tree: [0, 2, 3, 5, 7, 8, 9]
To remove: 7
Oracle size: 6
Tree size: 6
Oracle: [0, 2, 3, 5, 8, 9]
Tree: [0, 2, 3, 5, 8, 9]
To remove: 9
Oracle size: 5
Tree size: 5
Oracle: [0, 2, 3, 5, 8]
Tree: [0, 2, 3, 5, 8]
To remove: 8
Oracle size: 5
Tree size: 5
Oracle: [0, 1, 2, 3, 5]
Tree: [0, 1, 2, 3, 5]
To remove: 8
Oracle size: 6
Tree size: 6
Oracle: [0, 1, 2, 3, 5, 6]
Tree: [0, 1, 2, 3, 5, 6]
To remove: 4
Oracle size: 7
Tree size: 7
Oracle: [0, 1, 2, 3, 5, 6, 8]
Tree: [0, 1, 2, 3, 5, 6, 8]
To remove: 7
Oracle size: 7
Tree size: 7
Oracle: [0, 1, 2, 3, 5, 6, 8]
Tree: [0, 1, 2, 3, 5, 6, 8]
To remove: 6
Oracle size: 6
Tree size: 6
Oracle: [0, 1, 2, 3, 5, 8]
Tree: [0, 1, 2, 3, 5, 8]
To remove: 5
Oracle size: 5
Tree size: 5
Oracle: [0, 1, 2, 3, 8]
Tree: [0, 1, 2, 3, 8]
To remove: 9
Oracle size: 5
Tree size: 5
Oracle: [0, 1, 2, 3, 8]
Tree: [0, 1, 2, 3, 8]
To remove: 3
Oracle size: 4
Tree size: 4
Oracle: [0, 1, 2, 8]
Tree: [0, 1, 2, 8]
To remove: 6
Oracle size: 5
Tree size: 5
Oracle: [0, 1, 2, 5, 8]
Tree: [0, 1, 2, 5, 8]
To remove: 4
Oracle size: 5
Tree size: 5
Oracle: [0, 1, 2, 5, 8]
Tree: [0, 1, 2, 5, 8]
To remove: 6
Oracle size: 5
Tree size: 5
Oracle: [0, 1, 2, 5, 8]
Tree: [0, 1, 2, 5, 8]
To remove: 7
Oracle size: 6
Tree size: 6
Oracle: [0, 1, 2, 4, 5, 8]
Tree: [0, 1, 2, 4, 5, 8]
To remove: 6
Oracle size: 7
Tree size: 7
Oracle: [0, 1, 2, 3, 4, 5, 8]
Tree: [0, 1, 2, 3, 4, 5, 8]
To remove: 9
Oracle size: 8
Tree size: 8
Oracle: [0, 1, 2, 3, 4, 5, 6, 8]
Tree: [0, 1, 2, 3, 4, 5, 6, 8]
To remove: 7
Oracle size: 8
Tree size: 8
Oracle: [0, 1, 2, 3, 4, 5, 6, 8]
Tree: [0, 1, 2, 3, 4, 5, 6, 8]
To remove: 1
Oracle size: 7
Tree size: 7
Oracle: [0, 2, 3, 4, 5, 6, 8]
Tree: [0, 2, 3, 4, 5, 6, 8]
To remove: 2
Oracle size: 6
Tree size: 6
Oracle: [0, 3, 4, 5, 6, 8]
Tree: [0, 3, 4, 5, 6, 8]
To remove: 4
Oracle size: 6
Tree size: 6
Oracle: [0, 2, 3, 5, 6, 8]
Tree: [0, 2, 3, 5, 6, 8]
To remove: 8
Oracle size: 6
Tree size: 6
Oracle: [0, 2, 3, 4, 5, 6]
Tree: [0, 2, 3, 4, 5, 6]
To remove: 7
Oracle size: 6
Tree size: 6
Oracle: [0, 2, 3, 4, 5, 6]
Tree: [0, 2, 3, 4, 5, 6]
To remove: 8
Oracle size: 6
Tree size: 6
Oracle: [0, 2, 3, 4, 5, 6]
Tree: [0, 2, 3, 4, 5, 6]
To remove: 5
Oracle size: 6
Tree size: 6
Oracle: [0, 2, 3, 4, 6, 8]
Tree: [0, 2, 3, 4, 6, 8]
To remove: 9
Oracle size: 6
Tree size: 6
Oracle: [0, 2, 3, 4, 6, 8]
Tree: [0, 2, 3, 4, 6, 8]
To remove: 4
Oracle size: 5
Tree size: 5
Oracle: [0, 2, 3, 6, 8]
Tree: [0, 2, 3, 6, 8]
To remove: 1
Oracle size: 5
Tree size: 5
Oracle: [0, 2, 3, 6, 8]
Tree: [0, 2, 3, 6, 8]
To remove: 1
Oracle size: 5
Tree size: 5
Oracle: [0, 2, 3, 6, 8]
Tree: [0, 2, 3, 6, 8]
To remove: 8
Oracle size: 5
Tree size: 5
Oracle: [0, 2, 3, 4, 6]
Tree: [0, 2, 3, 4, 6]
To remove: 2
Oracle size: 4
Tree size: 4
Oracle: [0, 3, 4, 6]
Tree: [0, 3, 4, 6]
To remove: 1
Oracle size: 4
Tree size: 4
Oracle: [0, 3, 4, 6]
Tree: [0, 3, 4, 6]
To remove: 9
Oracle size: 5
Tree size: 5
Oracle: [0, 1, 3, 4, 6]
Tree: [0, 1, 3, 4, 6]
To remove: 8
Oracle size: 5
Tree size: 5
Oracle: [0, 1, 3, 4, 6]
Tree: [0, 1, 3, 4, 6]
To remove: 4
Oracle size: 5
Tree size: 5
Oracle: [0, 1, 3, 6, 9]
Tree: [0, 1, 3, 6, 9]
To remove: 0
Oracle size: 5
Tree size: 5
Oracle: [0, 1, 3, 6, 9]
Tree: [0, 1, 3, 6, 9]
To remove: 7
Oracle size: 5
Tree size: 5
Oracle: [0, 1, 3, 6, 9]
Tree: [0, 1, 3, 6, 9]
To remove: 9
Oracle size: 5
Tree size: 5
Oracle: [0, 1, 3, 6, 8]
Tree: [0, 1, 3, 6, 8]
To remove: 9
Oracle size: 6
Tree size: 6
Oracle: [0, 1, 3, 4, 6, 8]
Tree: [0, 1, 3, 4, 6, 8]
To remove: 6
Oracle size: 6
Tree size: 6
Oracle: [0, 1, 3, 4, 5, 8]
Tree: [0, 1, 3, 4, 5, 8]
To remove: 3
Oracle size: 6
Tree size: 6
Oracle: [0, 1, 4, 5, 6, 8]
Tree: [0, 1, 4, 5, 6, 8]
To remove: 9
Oracle size: 7
Tree size: 7
Oracle: [0, 1, 4, 5, 6, 8, 9]
Tree: [0, 1, 4, 5, 6, 8, 9]
To remove: 5
Oracle size: 7
Tree size: 7
Oracle: [0, 1, 4, 6, 7, 8, 9]
Tree: [0, 1, 4, 6, 7, 8, 9]
To remove: 0
Oracle size: 6
Tree size: 6
Oracle: [1, 4, 6, 7, 8, 9]
Tree: [1, 4, 6, 7, 8, 9]
To remove: 3
Oracle size: 6
Tree size: 6
Oracle: [1, 4, 6, 7, 8, 9]
Tree: [1, 4, 6, 7, 8, 9]
To remove: 9
Oracle size: 5
Tree size: 5
Oracle: [1, 4, 6, 7, 8]
Tree: [1, 4, 6, 7, 8]
To remove: 0
Oracle size: 6
Tree size: 6
Oracle: [1, 4, 5, 6, 7, 8]
Tree: [1, 4, 5, 6, 7, 8]
To remove: 7
Oracle size: 5
Tree size: 5
Oracle: [1, 4, 5, 6, 8]
Tree: [1, 4, 5, 6, 8]
To remove: 8
Oracle size: 4
Tree size: 4
Oracle: [1, 4, 5, 6]
Tree: [1, 4, 5, 6]
To remove: 2
Oracle size: 5
Tree size: 5
Oracle: [1, 4, 5, 6, 7]
Tree: [1, 4, 5, 6, 7]
To remove: 7
Oracle size: 5
Tree size: 5
Oracle: [1, 4, 5, 6, 9]
Tree: [1, 4, 5, 6, 9]
To remove: 6
Oracle size: 5
Tree size: 5
Oracle: [1, 4, 5, 7, 9]
Tree: [1, 4, 5, 7, 9]
To remove: 2
Oracle size: 6
Tree size: 6
Oracle: [0, 1, 4, 5, 7, 9]
Tree: [0, 1, 4, 5, 7, 9]
To remove: 8
Oracle size: 6
Tree size: 6
Oracle: [0, 1, 4, 5, 7, 9]
Tree: [0, 1, 4, 5, 7, 9]
To remove: 2
Oracle size: 6
Tree size: 6
Oracle: [0, 1, 4, 5, 7, 9]
Tree: [0, 1, 4, 5, 7, 9]
To remove: 3
Oracle size: 6
Tree size: 6
Oracle: [0, 1, 4, 5, 7, 9]
Tree: [0, 1, 4, 5, 7, 9]
To remove: 1
Oracle size: 5
Tree size: 5
Oracle: [0, 4, 5, 7, 9]
Tree: [0, 4, 5, 7, 9]
To remove: 1
Oracle size: 5
Tree size: 5
Oracle: [0, 4, 5, 7, 9]
Tree: [0, 4, 5, 7, 9]
To remove: 2
Oracle size: 6
Tree size: 6
Oracle: [0, 1, 4, 5, 7, 9]
Tree: [0, 1, 4, 5, 7, 9]
To remove: 1
Oracle size: 5
Tree size: 5
Oracle: [0, 4, 5, 7, 9]
Tree: [0, 4, 5, 7, 9]
To remove: 3
Oracle size: 6
Tree size: 6
Oracle: [0, 4, 5, 6, 7, 9]
Tree: [0, 4, 5, 6, 7, 9]
To remove: 4
Oracle size: 6
Tree size: 6
Oracle: [0, 3, 5, 6, 7, 9]
Tree: [0, 3, 5, 6, 7, 9]
To remove: 1
Oracle size: 7
Tree size: 7
Oracle: [0, 3, 4, 5, 6, 7, 9]
Tree: [0, 3, 4, 5, 6, 7, 9]
To remove: 9
Oracle size: 6
Tree size: 6
Oracle: [0, 3, 4, 5, 6, 7]
Tree: [0, 3, 4, 5, 6, 7]
To remove: 8
Oracle size: 6
Tree size: 6
Oracle: [0, 3, 4, 5, 6, 7]
Tree: [0, 3, 4, 5, 6, 7]
To remove: 7
Oracle size: 5
Tree size: 5
Oracle: [0, 3, 4, 5, 6]
Tree: [0, 3, 4, 5, 6]
To remove: 3
Oracle size: 5
Tree size: 5
Oracle: [0, 4, 5, 6, 9]
Tree: [0, 4, 5, 6, 9]
To remove: 9
Oracle size: 4
Tree size: 4
Oracle: [0, 4, 5, 6]
Tree: [0, 4, 5, 6]
To remove: 2
Oracle size: 5
Tree size: 5
Oracle: [0, 1, 4, 5, 6]
Tree: [0, 1, 4, 5, 6]
To remove: 5
Oracle size: 5
Tree size: 5
Oracle: [0, 1, 4, 5, 6]
Tree: [0, 1, 4, 5, 6]
To remove: 5
Oracle size: 4
Tree size: 4
Oracle: [0, 1, 4, 6]
Tree: [0, 1, 4, 6]
To remove: 1
Oracle size: 4
Tree size: 4
Oracle: [0, 3, 4, 6]
Tree: [0, 3, 4, 6]
To remove: 1
Oracle size: 4
Tree size: 4
Oracle: [0, 3, 4, 6]
Tree: [0, 3, 4, 6]
To remove: 9
Oracle size: 4
Tree size: 4
Oracle: [0, 3, 4, 6]
Tree: [0, 3, 4, 6]
To remove: 7
Oracle size: 4
Tree size: 4
Oracle: [0, 3, 4, 6]
Tree: [0, 3, 4, 6]
To remove: 9
Oracle size: 5
Tree size: 5
Oracle: [0, 2, 3, 4, 6]
Tree: [0, 2, 3, 4, 6]
To remove: 1
Oracle size: 5
Tree size: 5
Oracle: [0, 2, 3, 4, 6]
Tree: [0, 2, 3, 4, 6]
To remove: 7
Oracle size: 5
Tree size: 5
Oracle: [0, 2, 3, 4, 6]
Tree: [0, 2, 3, 4, 6]
To remove: 0
Oracle size: 4
Tree size: 4
Oracle: [2, 3, 4, 6]
Tree: [2, 3, 4, 6]
To remove: 0
Oracle size: 4
Tree size: 4
Oracle: [2, 3, 4, 6]
Tree: [2, 3, 4, 6]
To remove: 3
Oracle size: 4
Tree size: 4
Oracle: [2, 4, 5, 6]
Tree: [2, 4, 5, 6]
To remove: 6
Oracle size: 4
Tree size: 4
Oracle: [2, 4, 5, 8]
Tree: [2, 4, 5, 8]
To remove: 5
Oracle size: 4
Tree size: 4
Oracle: [2, 3, 4, 8]
Tree: [2, 3, 4, 8]
To remove: 0
Oracle size: 4
Tree size: 4
Oracle: [2, 3, 4, 8]
Tree: [2, 3, 4, 8]
To remove: 3
Oracle size: 4
Tree size: 4
Oracle: [0, 2, 4, 8]
Tree: [0, 2, 4, 8]
To remove: 3
Oracle size: 5
Tree size: 5
Oracle: [0, 2, 3, 4, 8]
Tree: [0, 2, 3, 4, 8]
To remove: 6
Oracle size: 5
Tree size: 5
Oracle: [0, 2, 3, 4, 8]
Tree: [0, 2, 3, 4, 8]
To remove: 9
Oracle size: 5
Tree size: 5
Oracle: [0, 2, 3, 4, 8]
Tree: [0, 2, 3, 4, 8]
To remove: 7
Oracle size: 6
Tree size: 6
Oracle: [0, 2, 3, 4, 6, 8]
Tree: [0, 2, 3, 4, 6, 8]
To remove: 0
Oracle size: 6
Tree size: 6
Oracle: [0, 2, 3, 4, 6, 8]
Tree: [0, 2, 3, 4, 6, 8]
To remove: 7
Oracle size: 7
Tree size: 7
Oracle: [0, 2, 3, 4, 5, 6, 8]
Tree: [0, 2, 3, 4, 5, 6, 8]
To remove: 7
Oracle size: 8
Tree size: 8
Oracle: [0, 2, 3, 4, 5, 6, 8, 9]
Tree: [0, 2, 3, 4, 5, 6, 8, 9]
To remove: 9
Oracle size: 7
Tree size: 7
Oracle: [0, 2, 3, 4, 5, 6, 8]
Tree: [0, 2, 3, 4, 5, 6, 8]
To remove: 0
Oracle size: 6
Tree size: 6
Oracle: [2, 3, 4, 5, 6, 8]
Tree: [2, 3, 4, 5, 6, 8]
To remove: 1
Oracle size: 7
Tree size: 7
Oracle: [2, 3, 4, 5, 6, 7, 8]
Tree: [2, 3, 4, 5, 6, 7, 8]
To remove: 4
Oracle size: 6
Tree size: 6
Oracle: [2, 3, 5, 6, 7, 8]
Tree: [2, 3, 5, 6, 7, 8]
To remove: 6
Oracle size: 5
Tree size: 5
Oracle: [2, 3, 5, 7, 8]
Tree: [2, 3, 5, 7, 8]
To remove: 4
Oracle size: 6
Tree size: 6
Oracle: [2, 3, 5, 6, 7, 8]
Tree: [2, 3, 5, 6, 7, 8]
To remove: 8
Oracle size: 6
Tree size: 6
Oracle: [2, 3, 5, 6, 7, 8]
Tree: [2, 3, 5, 6, 7, 8]
To remove: 9
Oracle size: 7
Tree size: 7
Oracle: [2, 3, 4, 5, 6, 7, 8]
Tree: [2, 3, 4, 5, 6, 7, 8]
To remove: 5
Oracle size: 6
Tree size: 6
Oracle: [2, 3, 4, 6, 7, 8]
Tree: [2, 3, 4, 6, 7, 8]
To remove: 0
Oracle size: 6
Tree size: 6
Oracle: [2, 3, 4, 6, 7, 8]
Tree: [2, 3, 4, 6, 7, 8]
To remove: 1
Oracle size: 7
Tree size: 7
Oracle: [2, 3, 4, 6, 7, 8, 9]
Tree: [2, 3, 4, 6, 7, 8, 9]
To remove: 8
Oracle size: 7
Tree size: 7
Oracle: [1, 2, 3, 4, 6, 7, 9]
Tree: [1, 2, 3, 4, 6, 7, 9]
To remove: 0
Oracle size: 8
Tree size: 8
Oracle: [0, 1, 2, 3, 4, 6, 7, 9]
Tree: [0, 1, 2, 3, 4, 6, 7, 9]
To remove: 3
Oracle size: 7
Tree size: 7
Oracle: [0, 1, 2, 4, 6, 7, 9]
Tree: [0, 1, 2, 4, 6, 7, 9]
To remove: 1
Oracle size: 6
Tree size: 6
Oracle: [0, 2, 4, 6, 7, 9]
Tree: [0, 2, 4, 6, 7, 9]
To remove: 8
Oracle size: 7
Tree size: 7
Oracle: [0, 1, 2, 4, 6, 7, 9]
Tree: [0, 1, 2, 4, 6, 7, 9]
To remove: 9
Oracle size: 6
Tree size: 6
Oracle: [0, 1, 2, 4, 6, 7]
Tree: [0, 1, 2, 4, 6, 7]
To remove: 4
Oracle size: 6
Tree size: 6
Oracle: [0, 1, 2, 5, 6, 7]
Tree: [0, 1, 2, 5, 6, 7]
To remove: 7
Oracle size: 5
Tree size: 5
Oracle: [0, 1, 2, 5, 6]
Tree: [0, 1, 2, 5, 6]
To remove: 2
Oracle size: 5
Tree size: 5
Oracle: [0, 1, 4, 5, 6]
Tree: [0, 1, 4, 5, 6]
To remove: 2
Oracle size: 5
Tree size: 5
Oracle: [0, 1, 4, 5, 6]
Tree: [0, 1, 4, 5, 6]
To remove: 4
Oracle size: 4
Tree size: 4
Oracle: [0, 1, 5, 6]
Tree: [0, 1, 5, 6]
To remove: 3
Oracle size: 5
Tree size: 5
Oracle: [0, 1, 5, 6, 9]
Tree: [0, 1, 5, 6, 9]
To remove: 7
Oracle size: 6
Tree size: 6
Oracle: [0, 1, 2, 5, 6, 9]
Tree: [0, 1, 2, 5, 6, 9]
To remove: 0
Oracle size: 5
Tree size: 5
Oracle: [1, 2, 5, 6, 9]
Tree: [1, 2, 5, 6, 9]
To remove: 2
Oracle size: 5
Tree size: 5
Oracle: [1, 3, 5, 6, 9]
Tree: [1, 3, 5, 6, 9]
To remove: 7
Oracle size: 5
Tree size: 5
Oracle: [1, 3, 5, 6, 9]
Tree: [1, 3, 5, 6, 9]
To remove: 6
Oracle size: 4
Tree size: 4
Oracle: [1, 3, 5, 9]
Tree: [1, 3, 5, 9]
To remove: 5
Oracle size: 4
Tree size: 4
Oracle: [0, 1, 3, 9]
Tree: [0, 1, 3, 9]
To remove: 9
Oracle size: 4
Tree size: 4
Oracle: [0, 1, 3, 4]
Tree: [0, 1, 3, 4]
To remove: 2
Oracle size: 5
Tree size: 5
Oracle: [0, 1, 2, 3, 4]
Tree: [0, 1, 2, 3, 4]
To remove: 9
Oracle size: 6
Tree size: 6
Oracle: [0, 1, 2, 3, 4, 8]
Tree: [0, 1, 2, 3, 4, 8]
To remove: 0
Oracle size: 6
Tree size: 6
Oracle: [1, 2, 3, 4, 7, 8]
Tree: [1, 2, 3, 4, 7, 8]
To remove: 4
Oracle size: 5
Tree size: 5
Oracle: [1, 2, 3, 7, 8]
Tree: [1, 2, 3, 7, 8]
To remove: 7
Oracle size: 4
Tree size: 4
Oracle: [1, 2, 3, 8]
Tree: [1, 2, 3, 8]
To remove: 3
Oracle size: 4
Tree size: 4
Oracle: [1, 2, 6, 8]
Tree: [1, 2, 6, 8]
To remove: 0
Oracle size: 4
Tree size: 4
Oracle: [1, 2, 6, 8]
Tree: [1, 2, 6, 8]
To remove: 3
Oracle size: 5
Tree size: 5
Oracle: [0, 1, 2, 6, 8]
Tree: [0, 1, 2, 6, 8]
To remove: 1
Oracle size: 5
Tree size: 5
Oracle: [0, 2, 5, 6, 8]
Tree: [0, 2, 5, 6, 8]
To remove: 6
Oracle size: 4
Tree size: 4
Oracle: [0, 2, 5, 8]
Tree: [0, 2, 5, 8]
To remove: 3
Oracle size: 4
Tree size: 4
Oracle: [0, 2, 5, 8]
Tree: [0, 2, 5, 8]
To remove: 1
Oracle size: 4
Tree size: 4
Oracle: [0, 2, 5, 8]
Tree: [0, 2, 5, 8]
To remove: 8
Oracle size: 4
Tree size: 4
Oracle: [0, 2, 5, 7]
Tree: [0, 2, 5, 7]
To remove: 0
Oracle size: 4
Tree size: 4
Oracle: [2, 3, 5, 7]
Tree: [2, 3, 5, 7]
To remove: 8
Oracle size: 4
Tree size: 4
Oracle: [2, 3, 5, 7]
Tree: [2, 3, 5, 7]
To remove: 1
Oracle size: 4
Tree size: 4
Oracle: [2, 3, 5, 7]
Tree: [2, 3, 5, 7]
To remove: 8
Oracle size: 4
Tree size: 4
Oracle: [2, 3, 5, 7]
Tree: [2, 3, 5, 7]
To remove: 0
Oracle size: 5
Tree size: 5
Oracle: [2, 3, 5, 6, 7]
Tree: [2, 3, 5, 6, 7]
To remove: 0
Oracle size: 6
Tree size: 6
Oracle: [2, 3, 5, 6, 7, 9]
Tree: [2, 3, 5, 6, 7, 9]
To remove: 4
Oracle size: 6
Tree size: 6
Oracle: [2, 3, 5, 6, 7, 9]
Tree: [2, 3, 5, 6, 7, 9]
To remove: 3
Oracle size: 5
Tree size: 5
Oracle: [2, 5, 6, 7, 9]
Tree: [2, 5, 6, 7, 9]
To remove: 4
Oracle size: 6
Tree size: 6
Oracle: [2, 4, 5, 6, 7, 9]
Tree: [2, 4, 5, 6, 7, 9]
To remove: 4
Oracle size: 5
Tree size: 5
Oracle: [2, 5, 6, 7, 9]
Tree: [2, 5, 6, 7, 9]
To remove: 9
Oracle size: 5
Tree size: 5
Oracle: [0, 2, 5, 6, 7]
Tree: [0, 2, 5, 6, 7]
To remove: 7
Oracle size: 4
Tree size: 4
Oracle: [0, 2, 5, 6]
Tree: [0, 2, 5, 6]
To remove: 1
Oracle size: 5
Tree size: 5
Oracle: [0, 2, 4, 5, 6]
Tree: [0, 2, 4, 5, 6]
To remove: 9
Oracle size: 6
Tree size: 6
Oracle: [0, 2, 4, 5, 6, 8]
Tree: [0, 2, 4, 5, 6, 8]
To remove: 5
Oracle size: 6
Tree size: 6
Oracle: [0, 2, 4, 6, 7, 8]
Tree: [0, 2, 4, 6, 7, 8]
To remove: 2
Oracle size: 6
Tree size: 6
Oracle: [0, 3, 4, 6, 7, 8]
Tree: [0, 3, 4, 6, 7, 8]
To remove: 7
Oracle size: 5
Tree size: 5
Oracle: [0, 3, 4, 6, 8]
Tree: [0, 3, 4, 6, 8]
To remove: 4
Oracle size: 4
Tree size: 4
Oracle: [0, 3, 6, 8]
Tree: [0, 3, 6, 8]
To remove: 8
Oracle size: 3
Tree size: 3
Oracle: [0, 3, 6]
Tree: [0, 3, 6]
To remove: 6
Oracle size: 3
Tree size: 3
Oracle: [0, 2, 3]
Tree: [0, 2, 3]
To remove: 2
Oracle size: 3
Tree size: 3
Oracle: [0, 3, 9]
Tree: [0, 3, 9]
To remove: 6
Oracle size: 4
Tree size: 4
Oracle: [0, 1, 3, 9]
Tree: [0, 1, 3, 9]
To remove: 2
Oracle size: 5
Tree size: 5
Oracle: [0, 1, 3, 4, 9]
Tree: [0, 1, 3, 4, 9]
To remove: 7
Oracle size: 6
Tree size: 6
Oracle: [0, 1, 3, 4, 7, 9]
Tree: [0, 1, 3, 4, 7, 9]
To remove: 6
Oracle size: 7
Tree size: 7
Oracle: [0, 1, 3, 4, 5, 7, 9]
Tree: [0, 1, 3, 4, 5, 7, 9]
To remove: 6
Oracle size: 7
Tree size: 7
Oracle: [0, 1, 3, 4, 5, 7, 9]
Tree: [0, 1, 3, 4, 5, 7, 9]
To remove: 9
Oracle size: 6
Tree size: 6
Oracle: [0, 1, 3, 4, 5, 7]
Tree: [0, 1, 3, 4, 5, 7]
To remove: 5
Oracle size: 5
Tree size: 5
Oracle: [0, 1, 3, 4, 7]
Tree: [0, 1, 3, 4, 7]
To remove: 1
Oracle size: 5
Tree size: 5
Oracle: [0, 3, 4, 5, 7]
Tree: [0, 3, 4, 5, 7]
To remove: 5
Oracle size: 5
Tree size: 5
Oracle: [0, 3, 4, 6, 7]
Tree: [0, 3, 4, 6, 7]
To remove: 6
Oracle size: 4
Tree size: 4
Oracle: [0, 3, 4, 7]
Tree: [0, 3, 4, 7]
To remove: 4
Oracle size: 4
Tree size: 4
Oracle: [0, 3, 7, 8]
Tree: [0, 3, 7, 8]
To remove: 1
Oracle size: 5
Tree size: 5
Oracle: [0, 3, 4, 7, 8]
Tree: [0, 3, 4, 7, 8]
To remove: 5
Oracle size: 5
Tree size: 5
Oracle: [0, 3, 4, 7, 8]
Tree: [0, 3, 4, 7, 8]
To remove: 6
Oracle size: 5
Tree size: 5
Oracle: [0, 3, 4, 7, 8]
Tree: [0, 3, 4, 7, 8]
To remove: 0
Oracle size: 5
Tree size: 5
Oracle: [1, 3, 4, 7, 8]
Tree: [1, 3, 4, 7, 8]
To remove: 7
Oracle size: 4
Tree size: 4
Oracle: [1, 3, 4, 8]
Tree: [1, 3, 4, 8]
To remove: 4
Oracle size: 3
Tree size: 3
Oracle: [1, 3, 8]
Tree: [1, 3, 8]
To remove: 1
Oracle size: 3
Tree size: 3
Oracle: [1, 3, 8]
Tree: [1, 3, 8]
To remove: 9
Oracle size: 3
Tree size: 3
Oracle: [1, 3, 8]
Tree: [1, 3, 8]
To remove: 1
Oracle size: 3
Tree size: 3
Oracle: [0, 3, 8]
Tree: [0, 3, 8]
To remove: 3
Oracle size: 2
Tree size: 2
Oracle: [0, 8]
Tree: [0, 8]
To remove: 1
Oracle size: 2
Tree size: 2
Oracle: [0, 8]
Tree: [0, 8]
To remove: 6
Oracle size: 3
Tree size: 3
Oracle: [0, 7, 8]
Tree: [0, 7, 8]
To remove: 6
Oracle size: 4
Tree size: 4
Oracle: [0, 2, 7, 8]
Tree: [0, 2, 7, 8]
To remove: 0
Oracle size: 4
Tree size: 4
Oracle: [0, 2, 7, 8]
Tree: [0, 2, 7, 8]
To remove: 1
Oracle size: 4
Tree size: 4
Oracle: [0, 2, 7, 8]
Tree: [0, 2, 7, 8]
To remove: 7
Oracle size: 4
Tree size: 4
Oracle: [0, 2, 5, 8]
Tree: [0, 2, 5, 8]
To remove: 6
Oracle size: 5
Tree size: 5
Oracle: [0, 2, 5, 6, 8]
Tree: [0, 2, 5, 6, 8]
To remove: 6
Oracle size: 5
Tree size: 5
Oracle: [0, 2, 5, 6, 8]
Tree: [0, 2, 5, 6, 8]
To remove: 0
Oracle size: 5
Tree size: 5
Oracle: [2, 4, 5, 6, 8]
Tree: [2, 4, 5, 6, 8]
To remove: 8
Oracle size: 4
Tree size: 4
Oracle: [2, 4, 5, 6]
Tree: [2, 4, 5, 6]
To remove: 2
Oracle size: 4
Tree size: 4
Oracle: [4, 5, 6, 8]
Tree: [4, 5, 6, 8]
To remove: 7
Oracle size: 5
Tree size: 5
Oracle: [4, 5, 6, 7, 8]
Tree: [4, 5, 6, 7, 8]
To remove: 8
Oracle size: 4
Tree size: 4
Oracle: [4, 5, 6, 7]
Tree: [4, 5, 6, 7]
To remove: 8
Oracle size: 5
Tree size: 5
Oracle: [1, 4, 5, 6, 7]
Tree: [1, 4, 5, 6, 7]
To remove: 4
Oracle size: 4
Tree size: 4
Oracle: [1, 5, 6, 7]
Tree: [1, 5, 6, 7]
To remove: 8
Oracle size: 5
Tree size: 5
Oracle: [1, 5, 6, 7, 9]
Tree: [1, 5, 6, 7, 9]
To remove: 9
Oracle size: 5
Tree size: 5
Oracle: [1, 5, 6, 7, 8]
Tree: [1, 5, 6, 7, 8]
To remove: 2
Oracle size: 5
Tree size: 5
Oracle: [1, 5, 6, 7, 8]
Tree: [1, 5, 6, 7, 8]
To remove: 6
Oracle size: 5
Tree size: 5
Oracle: [1, 4, 5, 7, 8]
Tree: [1, 4, 5, 7, 8]
To remove: 3
Oracle size: 6
Tree size: 6
Oracle: [1, 2, 4, 5, 7, 8]
Tree: [1, 2, 4, 5, 7, 8]
To remove: 9
Oracle size: 6
Tree size: 6
Oracle: [1, 2, 4, 5, 7, 8]
Tree: [1, 2, 4, 5, 7, 8]
To remove: 0
Oracle size: 6
Tree size: 6
Oracle: [1, 2, 4, 5, 7, 8]
Tree: [1, 2, 4, 5, 7, 8]
To remove: 0
Oracle size: 6
Tree size: 6
Oracle: [1, 2, 4, 5, 7, 8]
Tree: [1, 2, 4, 5, 7, 8]
To remove: 9
Oracle size: 6
Tree size: 6
Oracle: [1, 2, 4, 5, 7, 8]
Tree: [1, 2, 4, 5, 7, 8]
To remove: 6
Oracle size: 6
Tree size: 6
Oracle: [1, 2, 4, 5, 7, 8]
Tree: [1, 2, 4, 5, 7, 8]
To remove: 4
Oracle size: 5
Tree size: 5
Oracle: [1, 2, 5, 7, 8]
Tree: [1, 2, 5, 7, 8]
To remove: 1
Oracle size: 5
Tree size: 5
Oracle: [2, 4, 5, 7, 8]
Tree: [2, 4, 5, 7, 8]
To remove: 2
Oracle size: 4
Tree size: 4
Oracle: [4, 5, 7, 8]
Tree: [4, 5, 7, 8]
To remove: 4
Oracle size: 4
Tree size: 4
Oracle: [0, 5, 7, 8]
Tree: [0, 5, 7, 8]
To remove: 1
Oracle size: 5
Tree size: 5
Oracle: [0, 5, 7, 8, 9]
Tree: [0, 5, 7, 8, 9]
To remove: 1
Oracle size: 6
Tree size: 6
Oracle: [0, 5, 6, 7, 8, 9]
Tree: [0, 5, 6, 7, 8, 9]
To remove: 3
Oracle size: 6
Tree size: 6
Oracle: [0, 5, 6, 7, 8, 9]
Tree: [0, 5, 6, 7, 8, 9]
To remove: 7
Oracle size: 6
Tree size: 6
Oracle: [0, 3, 5, 6, 8, 9]
Tree: [0, 3, 5, 6, 8, 9]
To remove: 6
Oracle size: 5
Tree size: 5
Oracle: [0, 3, 5, 8, 9]
Tree: [0, 3, 5, 8, 9]
To remove: 2
Oracle size: 5
Tree size: 5
Oracle: [0, 3, 5, 8, 9]
Tree: [0, 3, 5, 8, 9]
To remove: 8
Oracle size: 5
Tree size: 5
Oracle: [0, 3, 5, 8, 9]
Tree: [0, 3, 5, 8, 9]
To remove: 9
Oracle size: 5
Tree size: 5
Oracle: [0, 1, 3, 5, 8]
Tree: [0, 1, 3, 5, 8]
To remove: 6
Oracle size: 5
Tree size: 5
Oracle: [0, 1, 3, 5, 8]
Tree: [0, 1, 3, 5, 8]
To remove: 6
Oracle size: 6
Tree size: 6
Oracle: [0, 1, 3, 5, 7, 8]
Tree: [0, 1, 3, 5, 7, 8]
To remove: 9
Oracle size: 6
Tree size: 6
Oracle: [0, 1, 3, 5, 7, 8]
Tree: [0, 1, 3, 5, 7, 8]
To remove: 4
Oracle size: 6
Tree size: 6
Oracle: [0, 1, 3, 5, 7, 8]
Tree: [0, 1, 3, 5, 7, 8]
To remove: 9
Oracle size: 7
Tree size: 7
Oracle: [0, 1, 3, 5, 6, 7, 8]
Tree: [0, 1, 3, 5, 6, 7, 8]
To remove: 5
Oracle size: 7
Tree size: 7
Oracle: [0, 1, 2, 3, 6, 7, 8]
Tree: [0, 1, 2, 3, 6, 7, 8]
To remove: 0
Oracle size: 7
Tree size: 7
Oracle: [1, 2, 3, 4, 6, 7, 8]
Tree: [1, 2, 3, 4, 6, 7, 8]
To remove: 1
Oracle size: 6
Tree size: 6
Oracle: [2, 3, 4, 6, 7, 8]
Tree: [2, 3, 4, 6, 7, 8]
To remove: 6
Oracle size: 5
Tree size: 5
Oracle: [2, 3, 4, 7, 8]
Tree: [2, 3, 4, 7, 8]
To remove: 2
Oracle size: 5
Tree size: 5
Oracle: [1, 3, 4, 7, 8]
Tree: [1, 3, 4, 7, 8]
To remove: 8
Oracle size: 5
Tree size: 5
Oracle: [1, 2, 3, 4, 7]
Tree: [1, 2, 3, 4, 7]
To remove: 5
Oracle size: 5
Tree size: 5
Oracle: [1, 2, 3, 4, 7]
Tree: [1, 2, 3, 4, 7]
To remove: 3
Oracle size: 4
Tree size: 4
Oracle: [1, 2, 4, 7]
Tree: [1, 2, 4, 7]
To remove: 2
Oracle size: 4
Tree size: 4
Oracle: [1, 4, 7, 9]
Tree: [1, 4, 7, 9]
To remove: 3
Oracle size: 4
Tree size: 4
Oracle: [1, 4, 7, 9]
Tree: [1, 4, 7, 9]
To remove: 6
Oracle size: 4
Tree size: 4
Oracle: [1, 4, 7, 9]
Tree: [1, 4, 7, 9]
To remove: 9
Oracle size: 4
Tree size: 4
Oracle: [0, 1, 4, 7]
Tree: [0, 1, 4, 7]
To remove: 1
Oracle size: 3
Tree size: 3
Oracle: [0, 4, 7]
Tree: [0, 4, 7]
To remove: 0
Oracle size: 2
Tree size: 2
Oracle: [4, 7]
Tree: [4, 7]
To remove: 9
Oracle size: 3
Tree size: 3
Oracle: [3, 4, 7]
Tree: [3, 4, 7]
To remove: 1
Oracle size: 4
Tree size: 4
Oracle: [0, 3, 4, 7]
Tree: [0, 3, 4, 7]
To remove: 2
Oracle size: 4
Tree size: 4
Oracle: [0, 3, 4, 7]
Tree: [0, 3, 4, 7]
To remove: 9
Oracle size: 4
Tree size: 4
Oracle: [0, 3, 4, 7]
Tree: [0, 3, 4, 7]
To remove: 3
Oracle size: 3
Tree size: 3
Oracle: [0, 4, 7]
Tree: [0, 4, 7]
To remove: 2
Oracle size: 4
Tree size: 4
Oracle: [0, 4, 6, 7]
Tree: [0, 4, 6, 7]
To remove: 3
Oracle size: 5
Tree size: 5
Oracle: [0, 2, 4, 6, 7]
Tree: [0, 2, 4, 6, 7]
To remove: 9
Oracle size: 5
Tree size: 5
Oracle: [0, 2, 4, 6, 7]
Tree: [0, 2, 4, 6, 7]
To remove: 9
Oracle size: 5
Tree size: 5
Oracle: [0, 2, 4, 6, 7]
Tree: [0, 2, 4, 6, 7]
To remove: 5
Oracle size: 5
Tree size: 5
Oracle: [0, 2, 4, 6, 7]
Tree: [0, 2, 4, 6, 7]
To remove: 7
Oracle size: 5
Tree size: 5
Oracle: [0, 2, 4, 6, 8]
Tree: [0, 2, 4, 6, 8]
To remove: 8
Oracle size: 5
Tree size: 5
Oracle: [0, 1, 2, 4, 6]
Tree: [0, 1, 2, 4, 6]
To remove: 3
Oracle size: 5
Tree size: 5
Oracle: [0, 1, 2, 4, 6]
Tree: [0, 1, 2, 4, 6]
To remove: 5
Oracle size: 5
Tree size: 5
Oracle: [0, 1, 2, 4, 6]
Tree: [0, 1, 2, 4, 6]
To remove: 4
Oracle size: 4
Tree size: 4
Oracle: [0, 1, 2, 6]
Tree: [0, 1, 2, 6]
To remove: 8
Oracle size: 4
Tree size: 4
Oracle: [0, 1, 2, 6]
Tree: [0, 1, 2, 6]
To remove: 2
Oracle size: 4
Tree size: 4
Oracle: [0, 1, 3, 6]
Tree: [0, 1, 3, 6]
To remove: 8
Oracle size: 4
Tree size: 4
Oracle: [0, 1, 3, 6]
Tree: [0, 1, 3, 6]
To remove: 7
Oracle size: 5
Tree size: 5
Oracle: [0, 1, 3, 4, 6]
Tree: [0, 1, 3, 4, 6]
To remove: 0
Oracle size: 4
Tree size: 4
Oracle: [1, 3, 4, 6]
Tree: [1, 3, 4, 6]
To remove: 3
Oracle size: 3
Tree size: 3
Oracle: [1, 4, 6]
Tree: [1, 4, 6]
To remove: 2
Oracle size: 4
Tree size: 4
Oracle: [1, 4, 6, 7]
Tree: [1, 4, 6, 7]
To remove: 2
Oracle size: 5
Tree size: 5
Oracle: [1, 4, 6, 7, 8]
Tree: [1, 4, 6, 7, 8]
To remove: 4
Oracle size: 4
Tree size: 4
Oracle: [1, 6, 7, 8]
Tree: [1, 6, 7, 8]
To remove: 7
Oracle size: 4
Tree size: 4
Oracle: [1, 5, 6, 8]
Tree: [1, 5, 6, 8]
To remove: 2
Oracle size: 5
Tree size: 5
Oracle: [0, 1, 5, 6, 8]
Tree: [0, 1, 5, 6, 8]
To remove: 5
Oracle size: 5
Tree size: 5
Oracle: [0, 1, 5, 6, 8]
Tree: [0, 1, 5, 6, 8]
To remove: 6
Oracle size: 5
Tree size: 5
Oracle: [0, 1, 2, 5, 8]
Tree: [0, 1, 2, 5, 8]
To remove: 9
Oracle size: 5
Tree size: 5
Oracle: [0, 1, 2, 5, 8]
Tree: [0, 1, 2, 5, 8]
To remove: 1
Oracle size: 4
Tree size: 4
Oracle: [0, 2, 5, 8]
Tree: [0, 2, 5, 8]
To remove: 5
Oracle size: 4
Tree size: 4
Oracle: [0, 2, 3, 8]
Tree: [0, 2, 3, 8]
To remove: 0
Oracle size: 4
Tree size: 4
Oracle: [2, 3, 4, 8]
Tree: [2, 3, 4, 8]
To remove: 9
Oracle size: 5
Tree size: 5
Oracle: [2, 3, 4, 7, 8]
Tree: [2, 3, 4, 7, 8]
To remove: 5
Oracle size: 5
Tree size: 5
Oracle: [2, 3, 4, 7, 8]
Tree: [2, 3, 4, 7, 8]
To remove: 8
Oracle size: 5
Tree size: 5
Oracle: [2, 3, 4, 5, 7]
Tree: [2, 3, 4, 5, 7]
To remove: 9
Oracle size: 6
Tree size: 6
Oracle: [2, 3, 4, 5, 6, 7]
Tree: [2, 3, 4, 5, 6, 7]
To remove: 8
Oracle size: 6
Tree size: 6
Oracle: [2, 3, 4, 5, 6, 7]
Tree: [2, 3, 4, 5, 6, 7]
To remove: 0
Oracle size: 6
Tree size: 6
Oracle: [2, 3, 4, 5, 6, 7]
Tree: [2, 3, 4, 5, 6, 7]
To remove: 0
Oracle size: 7
Tree size: 7
Oracle: [2, 3, 4, 5, 6, 7, 8]
Tree: [2, 3, 4, 5, 6, 7, 8]
To remove: 0
Oracle size: 7
Tree size: 7
Oracle: [2, 3, 4, 5, 6, 7, 8]
Tree: [2, 3, 4, 5, 6, 7, 8]
To remove: 3
Oracle size: 7
Tree size: 7
Oracle: [0, 2, 4, 5, 6, 7, 8]
Tree: [0, 2, 4, 5, 6, 7, 8]
To remove: 3
Oracle size: 7
Tree size: 7
Oracle: [0, 2, 4, 5, 6, 7, 8]
Tree: [0, 2, 4, 5, 6, 7, 8]
To remove: 2
Oracle size: 7
Tree size: 7
Oracle: [0, 2, 4, 5, 6, 7, 8]
Tree: [0, 2, 4, 5, 6, 7, 8]
To remove: 7
Oracle size: 6
Tree size: 6
Oracle: [0, 2, 4, 5, 6, 8]
Tree: [0, 2, 4, 5, 6, 8]
To remove: 9
Oracle size: 6
Tree size: 6
Oracle: [0, 2, 4, 5, 6, 8]
Tree: [0, 2, 4, 5, 6, 8]
To remove: 0
Oracle size: 5
Tree size: 5
Oracle: [2, 4, 5, 6, 8]
Tree: [2, 4, 5, 6, 8]
To remove: 5
Oracle size: 5
Tree size: 5
Oracle: [1, 2, 4, 6, 8]
Tree: [1, 2, 4, 6, 8]
To remove: 3
Oracle size: 6
Tree size: 6
Oracle: [1, 2, 4, 5, 6, 8]
Tree: [1, 2, 4, 5, 6, 8]
To remove: 1
Oracle size: 5
Tree size: 5
Oracle: [2, 4, 5, 6, 8]
Tree: [2, 4, 5, 6, 8]
To remove: 4
Oracle size: 4
Tree size: 4
Oracle: [2, 5, 6, 8]
Tree: [2, 5, 6, 8]
To remove: 5
Oracle size: 4
Tree size: 4
Oracle: [2, 6, 8, 9]
Tree: [2, 6, 8, 9]
To remove: 9
Oracle size: 4
Tree size: 4
Oracle: [0, 2, 6, 8]
Tree: [0, 2, 6, 8]
To remove: 8
Oracle size: 4
Tree size: 4
Oracle: [0, 2, 4, 6]
Tree: [0, 2, 4, 6]
To remove: 6
Oracle size: 4
Tree size: 4
Oracle: [0, 2, 3, 4]
Tree: [0, 2, 3, 4]
To remove: 3
Oracle size: 4
Tree size: 4
Oracle: [0, 1, 2, 4]
Tree: [0, 1, 2, 4]
To remove: 1
Oracle size: 3
Tree size: 3
Oracle: [0, 2, 4]
Tree: [0, 2, 4]
To remove: 4
Oracle size: 3
Tree size: 3
Oracle: [0, 2, 3]
Tree: [0, 2, 3]
To remove: 4
Oracle size: 4
Tree size: 4
Oracle: [0, 2, 3, 9]
Tree: [0, 2, 3, 9]
To remove: 1
Oracle size: 4
Tree size: 4
Oracle: [0, 2, 3, 9]
Tree: [0, 2, 3, 9]
To remove: 3
Oracle size: 3
Tree size: 3
Oracle: [0, 2, 9]
Tree: [0, 2, 9]
To remove: 3
Oracle size: 4
Tree size: 4
Oracle: [0, 2, 3, 9]
Tree: [0, 2, 3, 9]
To remove: 8
Oracle size: 5
Tree size: 5
Oracle: [0, 2, 3, 8, 9]
Tree: [0, 2, 3, 8, 9]
To remove: 7
Oracle size: 5
Tree size: 5
Oracle: [0, 2, 3, 8, 9]
Tree: [0, 2, 3, 8, 9]
To remove: 5
Oracle size: 6
Tree size: 6
Oracle: [0, 2, 3, 7, 8, 9]
Tree: [0, 2, 3, 7, 8, 9]
To remove: 8
Oracle size: 5
Tree size: 5
Oracle: [0, 2, 3, 7, 9]
Tree: [0, 2, 3, 7, 9]
To remove: 3
Oracle size: 5
Tree size: 5
Oracle: [0, 2, 5, 7, 9]
Tree: [0, 2, 5, 7, 9]
To remove: 8
Oracle size: 5
Tree size: 5
Oracle: [0, 2, 5, 7, 9]
Tree: [0, 2, 5, 7, 9]
To remove: 8
Oracle size: 6
Tree size: 6
Oracle: [0, 2, 3, 5, 7, 9]
Tree: [0, 2, 3, 5, 7, 9]
To remove: 9
Oracle size: 6
Tree size: 6
Oracle: [0, 1, 2, 3, 5, 7]
Tree: [0, 1, 2, 3, 5, 7]
To remove: 0
Oracle size: 5
Tree size: 5
Oracle: [1, 2, 3, 5, 7]
Tree: [1, 2, 3, 5, 7]
To remove: 2
Oracle size: 5
Tree size: 5
Oracle: [1, 3, 5, 7, 9]
Tree: [1, 3, 5, 7, 9]
To remove: 4
Oracle size: 5
Tree size: 5
Oracle: [1, 3, 5, 7, 9]
Tree: [1, 3, 5, 7, 9]
To remove: 3
Oracle size: 4
Tree size: 4
Oracle: [1, 5, 7, 9]
Tree: [1, 5, 7, 9]
To remove: 8
Oracle size: 4
Tree size: 4
Oracle: [1, 5, 7, 9]
Tree: [1, 5, 7, 9]
To remove: 3
Oracle size: 5
Tree size: 5
Oracle: [1, 5, 7, 8, 9]
Tree: [1, 5, 7, 8, 9]
To remove: 5
Oracle size: 5
Tree size: 5
Oracle: [1, 3, 7, 8, 9]
Tree: [1, 3, 7, 8, 9]
To remove: 6
Oracle size: 5
Tree size: 5
Oracle: [1, 3, 7, 8, 9]
Tree: [1, 3, 7, 8, 9]
To remove: 1
Oracle size: 4
Tree size: 4
Oracle: [3, 7, 8, 9]
Tree: [3, 7, 8, 9]
To remove: 6
Oracle size: 5
Tree size: 5
Oracle: [3, 6, 7, 8, 9]
Tree: [3, 6, 7, 8, 9]
To remove: 1
Oracle size: 5
Tree size: 5
Oracle: [3, 6, 7, 8, 9]
Tree: [3, 6, 7, 8, 9]
To remove: 2
Oracle size: 5
Tree size: 5
Oracle: [3, 6, 7, 8, 9]
Tree: [3, 6, 7, 8, 9]
To remove: 4
Oracle size: 5
Tree size: 5
Oracle: [3, 6, 7, 8, 9]
Tree: [3, 6, 7, 8, 9]
To remove: 7
Oracle size: 5
Tree size: 5
Oracle: [2, 3, 6, 8, 9]
Tree: [2, 3, 6, 8, 9]
To remove: 0
Oracle size: 5
Tree size: 5
Oracle: [2, 3, 6, 8, 9]
Tree: [2, 3, 6, 8, 9]
To remove: 9
Oracle size: 4
Tree size: 4
Oracle: [2, 3, 6, 8]
Tree: [2, 3, 6, 8]
To remove: 3
Oracle size: 3
Tree size: 3
Oracle: [2, 6, 8]
Tree: [2, 6, 8]
To remove: 2
Oracle size: 3
Tree size: 3
Oracle: [6, 7, 8]
Tree: [6, 7, 8]
To remove: 1
Oracle size: 3
Tree size: 3
Oracle: [6, 7, 8]
Tree: [6, 7, 8]
To remove: 8
Oracle size: 3
Tree size: 3
Oracle: [6, 7, 8]
Tree: [6, 7, 8]
To remove: 7
Oracle size: 3
Tree size: 3
Oracle: [3, 6, 8]
Tree: [3, 6, 8]
To remove: 8
Oracle size: 2
Tree size: 2
Oracle: [3, 6]
Tree: [3, 6]
To remove: 6
Oracle size: 2
Tree size: 2
Oracle: [0, 3]
Tree: [0, 3]
To remove: 6
Oracle size: 3
Tree size: 3
Oracle: [0, 1, 3]
Tree: [0, 1, 3]
To remove: 8
Oracle size: 4
Tree size: 4
Oracle: [0, 1, 3, 5]
Tree: [0, 1, 3, 5]
To remove: 8
Oracle size: 5
Tree size: 5
Oracle: [0, 1, 3, 4, 5]
Tree: [0, 1, 3, 4, 5]
To remove: 6
Oracle size: 5
Tree size: 5
Oracle: [0, 1, 3, 4, 5]
Tree: [0, 1, 3, 4, 5]
To remove: 5
Oracle size: 5
Tree size: 5
Oracle: [0, 1, 3, 4, 9]
Tree: [0, 1, 3, 4, 9]
To remove: 7
Oracle size: 6
Tree size: 6
Oracle: [0, 1, 3, 4, 8, 9]
Tree: [0, 1, 3, 4, 8, 9]
To remove: 0
Oracle size: 5
Tree size: 5
Oracle: [1, 3, 4, 8, 9]
Tree: [1, 3, 4, 8, 9]
To remove: 7
Oracle size: 6
Tree size: 6
Oracle: [1, 3, 4, 6, 8, 9]
Tree: [1, 3, 4, 6, 8, 9]
To remove: 9
Oracle size: 6
Tree size: 6
Oracle: [1, 3, 4, 6, 8, 9]
Tree: [1, 3, 4, 6, 8, 9]
To remove: 2
Oracle size: 6
Tree size: 6
Oracle: [1, 3, 4, 6, 8, 9]
Tree: [1, 3, 4, 6, 8, 9]
To remove: 2
Oracle size: 6
Tree size: 6
Oracle: [1, 3, 4, 6, 8, 9]
Tree: [1, 3, 4, 6, 8, 9]
To remove: 5
Oracle size: 7
Tree size: 7
Oracle: [1, 3, 4, 6, 7, 8, 9]
Tree: [1, 3, 4, 6, 7, 8, 9]
To remove: 3
Oracle size: 7
Tree size: 7
Oracle: [1, 4, 5, 6, 7, 8, 9]
Tree: [1, 4, 5, 6, 7, 8, 9]
To remove: 1
Oracle size: 7
Tree size: 7
Oracle: [1, 4, 5, 6, 7, 8, 9]
Tree: [1, 4, 5, 6, 7, 8, 9]
To remove: 9
Oracle size: 6
Tree size: 6
Oracle: [1, 4, 5, 6, 7, 8]
Tree: [1, 4, 5, 6, 7, 8]
To remove: 2
Oracle size: 7
Tree size: 7
Oracle: [0, 1, 4, 5, 6, 7, 8]
Tree: [0, 1, 4, 5, 6, 7, 8]
To remove: 8
Oracle size: 6
Tree size: 6
Oracle: [0, 1, 4, 5, 6, 7]
Tree: [0, 1, 4, 5, 6, 7]
To remove: 4
Oracle size: 5
Tree size: 5
Oracle: [0, 1, 5, 6, 7]
Tree: [0, 1, 5, 6, 7]
To remove: 5
Oracle size: 5
Tree size: 5
Oracle: [0, 1, 6, 7, 8]
Tree: [0, 1, 6, 7, 8]
To remove: 6
Oracle size: 5
Tree size: 5
Oracle: [0, 1, 5, 7, 8]
Tree: [0, 1, 5, 7, 8]
To remove: 0
Oracle size: 5
Tree size: 5
Oracle: [1, 2, 5, 7, 8]
Tree: [1, 2, 5, 7, 8]
To remove: 9
Oracle size: 6
Tree size: 6
Oracle: [1, 2, 4, 5, 7, 8]
Tree: [1, 2, 4, 5, 7, 8]
To remove: 5
Oracle size: 6
Tree size: 6
Oracle: [1, 2, 4, 5, 7, 8]
Tree: [1, 2, 4, 5, 7, 8]
To remove: 0
Oracle size: 6
Tree size: 6
Oracle: [1, 2, 4, 5, 7, 8]
Tree: [1, 2, 4, 5, 7, 8]
To remove: 7
Oracle size: 6
Tree size: 6
Oracle: [1, 2, 4, 5, 6, 8]
Tree: [1, 2, 4, 5, 6, 8]
To remove: 8
Oracle size: 6
Tree size: 6
Oracle: [1, 2, 3, 4, 5, 6]
Tree: [1, 2, 3, 4, 5, 6]
To remove: 3
Oracle size: 6
Tree size: 6
Oracle: [1, 2, 4, 5, 6, 8]
Tree: [1, 2, 4, 5, 6, 8]
To remove: 2
Oracle size: 6
Tree size: 6
Oracle: [1, 4, 5, 6, 8, 9]
Tree: [1, 4, 5, 6, 8, 9]
To remove: 7
Oracle size: 7
Tree size: 7
Oracle: [1, 2, 4, 5, 6, 8, 9]
Tree: [1, 2, 4, 5, 6, 8, 9]
To remove: 4
Oracle size: 7
Tree size: 7
Oracle: [1, 2, 5, 6, 7, 8, 9]
Tree: [1, 2, 5, 6, 7, 8, 9]
To remove: 6
Oracle size: 6
Tree size: 6
Oracle: [1, 2, 5, 7, 8, 9]
Tree: [1, 2, 5, 7, 8, 9]
To remove: 8
Oracle size: 5
Tree size: 5
Oracle: [1, 2, 5, 7, 9]
Tree: [1, 2, 5, 7, 9]
To remove: 7
Oracle size: 4
Tree size: 4
Oracle: [1, 2, 5, 9]
Tree: [1, 2, 5, 9]
To remove: 3
Oracle size: 5
Tree size: 5
Oracle: [0, 1, 2, 5, 9]
Tree: [0, 1, 2, 5, 9]
To remove: 9
Oracle size: 5
Tree size: 5
Oracle: [0, 1, 2, 5, 7]
Tree: [0, 1, 2, 5, 7]
To remove: 6
Oracle size: 5
Tree size: 5
Oracle: [0, 1, 2, 5, 7]
Tree: [0, 1, 2, 5, 7]
To remove: 8
Oracle size: 5
Tree size: 5
Oracle: [0, 1, 2, 5, 7]
Tree: [0, 1, 2, 5, 7]
To remove: 3
Oracle size: 6
Tree size: 6
Oracle: [0, 1, 2, 5, 7, 8]
Tree: [0, 1, 2, 5, 7, 8]
To remove: 6
Oracle size: 6
Tree size: 6
Oracle: [0, 1, 2, 5, 7, 8]
Tree: [0, 1, 2, 5, 7, 8]
To remove: 5
Oracle size: 5
Tree size: 5
Oracle: [0, 1, 2, 7, 8]
Tree: [0, 1, 2, 7, 8]
To remove: 4
Oracle size: 5
Tree size: 5
Oracle: [0, 1, 2, 7, 8]
Tree: [0, 1, 2, 7, 8]
To remove: 4
Oracle size: 6
Tree size: 6
Oracle: [0, 1, 2, 5, 7, 8]
Tree: [0, 1, 2, 5, 7, 8]
To remove: 3
Oracle size: 7
Tree size: 7
Oracle: [0, 1, 2, 5, 7, 8, 9]
Tree: [0, 1, 2, 5, 7, 8, 9]
To remove: 6
Oracle size: 7
Tree size: 7
Oracle: [0, 1, 2, 5, 7, 8, 9]
Tree: [0, 1, 2, 5, 7, 8, 9]
To remove: 8
Oracle size: 7
Tree size: 7
Oracle: [0, 1, 2, 5, 7, 8, 9]
Tree: [0, 1, 2, 5, 7, 8, 9]
To remove: 4
Oracle size: 7
Tree size: 7
Oracle: [0, 1, 2, 5, 7, 8, 9]
Tree: [0, 1, 2, 5, 7, 8, 9]
To remove: 2
Oracle size: 6
Tree size: 6
Oracle: [0, 1, 5, 7, 8, 9]
Tree: [0, 1, 5, 7, 8, 9]
To remove: 9
Oracle size: 5
Tree size: 5
Oracle: [0, 1, 5, 7, 8]
Tree: [0, 1, 5, 7, 8]
To remove: 3
Oracle size: 6
Tree size: 6
Oracle: [0, 1, 3, 5, 7, 8]
Tree: [0, 1, 3, 5, 7, 8]
To remove: 9
Oracle size: 7
Tree size: 7
Oracle: [0, 1, 3, 4, 5, 7, 8]
Tree: [0, 1, 3, 4, 5, 7, 8]
To remove: 4
Oracle size: 6
Tree size: 6
Oracle: [0, 1, 3, 5, 7, 8]
Tree: [0, 1, 3, 5, 7, 8]
To remove: 2
Oracle size: 6
Tree size: 6
Oracle: [0, 1, 3, 5, 7, 8]
Tree: [0, 1, 3, 5, 7, 8]
To remove: 8
Oracle size: 5
Tree size: 5
Oracle: [0, 1, 3, 5, 7]
Tree: [0, 1, 3, 5, 7]
To remove: 8
Oracle size: 5
Tree size: 5
Oracle: [0, 1, 3, 5, 7]
Tree: [0, 1, 3, 5, 7]
To remove: 6
Oracle size: 5
Tree size: 5
Oracle: [0, 1, 3, 5, 7]
Tree: [0, 1, 3, 5, 7]
To remove: 5
Oracle size: 4
Tree size: 4
Oracle: [0, 1, 3, 7]
Tree: [0, 1, 3, 7]
To remove: 2
Oracle size: 5
Tree size: 5
Oracle: [0, 1, 3, 4, 7]
Tree: [0, 1, 3, 4, 7]
To remove: 5
Oracle size: 5
Tree size: 5
Oracle: [0, 1, 3, 4, 7]
Tree: [0, 1, 3, 4, 7]
To remove: 3
Oracle size: 5
Tree size: 5
Oracle: [0, 1, 4, 7, 8]
Tree: [0, 1, 4, 7, 8]
To remove: 7
Oracle size: 5
Tree size: 5
Oracle: [0, 1, 4, 5, 8]
Tree: [0, 1, 4, 5, 8]
To remove: 2
Oracle size: 5
Tree size: 5
Oracle: [0, 1, 4, 5, 8]
Tree: [0, 1, 4, 5, 8]
To remove: 8
Oracle size: 4
Tree size: 4
Oracle: [0, 1, 4, 5]
Tree: [0, 1, 4, 5]
To remove: 0
Oracle size: 4
Tree size: 4
Oracle: [1, 4, 5, 7]
Tree: [1, 4, 5, 7]
To remove: 8
Oracle size: 5
Tree size: 5
Oracle: [0, 1, 4, 5, 7]
Tree: [0, 1, 4, 5, 7]
To remove: 1
Oracle size: 4
Tree size: 4
Oracle: [0, 4, 5, 7]
Tree: [0, 4, 5, 7]
To remove: 9
Oracle size: 5
Tree size: 5
Oracle: [0, 1, 4, 5, 7]
Tree: [0, 1, 4, 5, 7]
To remove: 0
Oracle size: 5
Tree size: 5
Oracle: [1, 2, 4, 5, 7]
Tree: [1, 2, 4, 5, 7]
To remove: 2
Oracle size: 4
Tree size: 4
Oracle: [1, 4, 5, 7]
Tree: [1, 4, 5, 7]
To remove: 8
Oracle size: 4
Tree size: 4
Oracle: [1, 4, 5, 7]
Tree: [1, 4, 5, 7]
To remove: 8
Oracle size: 4
Tree size: 4
Oracle: [1, 4, 5, 7]
Tree: [1, 4, 5, 7]
To remove: 9
Oracle size: 4
Tree size: 4
Oracle: [1, 4, 5, 7]
Tree: [1, 4, 5, 7]
To remove: 8
Oracle size: 4
Tree size: 4
Oracle: [1, 4, 5, 7]
Tree: [1, 4, 5, 7]
To remove: 5
Oracle size: 4
Tree size: 4
Oracle: [1, 4, 7, 9]
Tree: [1, 4, 7, 9]
To remove: 4
Oracle size: 3
Tree size: 3
Oracle: [1, 7, 9]
Tree: [1, 7, 9]
To remove: 2
Oracle size: 4
Tree size: 4
Oracle: [1, 7, 8, 9]
Tree: [1, 7, 8, 9]
To remove: 5
Oracle size: 5
Tree size: 5
Oracle: [1, 3, 7, 8, 9]
Tree: [1, 3, 7, 8, 9]
To remove: 6
Oracle size: 6
Tree size: 6
Oracle: [1, 3, 6, 7, 8, 9]
Tree: [1, 3, 6, 7, 8, 9]
To remove: 1
Oracle size: 6
Tree size: 6
Oracle: [3, 4, 6, 7, 8, 9]
Tree: [3, 4, 6, 7, 8, 9]
To remove: 4
Oracle size: 6
Tree size: 6
Oracle: [2, 3, 6, 7, 8, 9]
Tree: [2, 3, 6, 7, 8, 9]
To remove: 1
Oracle size: 7
Tree size: 7
Oracle: [1, 2, 3, 6, 7, 8, 9]
Tree: [1, 2, 3, 6, 7, 8, 9]
To remove: 7
Oracle size: 7
Tree size: 7
Oracle: [0, 1, 2, 3, 6, 8, 9]
Tree: [0, 1, 2, 3, 6, 8, 9]
To remove: 8
Oracle size: 7
Tree size: 7
Oracle: [0, 1, 2, 3, 6, 8, 9]
Tree: [0, 1, 2, 3, 6, 8, 9]
To remove: 6
Oracle size: 6
Tree size: 6
Oracle: [0, 1, 2, 3, 8, 9]
Tree: [0, 1, 2, 3, 8, 9]
To remove: 6
Oracle size: 6
Tree size: 6
Oracle: [0, 1, 2, 3, 8, 9]
Tree: [0, 1, 2, 3, 8, 9]
To remove: 0
Oracle size: 6
Tree size: 6
Oracle: [1, 2, 3, 5, 8, 9]
Tree: [1, 2, 3, 5, 8, 9]
To remove: 4
Oracle size: 7
Tree size: 7
Oracle: [1, 2, 3, 5, 7, 8, 9]
Tree: [1, 2, 3, 5, 7, 8, 9]
To remove: 8
Oracle size: 7
Tree size: 7
Oracle: [1, 2, 3, 4, 5, 7, 9]
Tree: [1, 2, 3, 4, 5, 7, 9]
To remove: 9
Oracle size: 6
Tree size: 6
Oracle: [1, 2, 3, 4, 5, 7]
Tree: [1, 2, 3, 4, 5, 7]
To remove: 3
Oracle size: 5
Tree size: 5
Oracle: [1, 2, 4, 5, 7]
Tree: [1, 2, 4, 5, 7]
To remove: 6
Oracle size: 5
Tree size: 5
Oracle: [1, 2, 4, 5, 7]
Tree: [1, 2, 4, 5, 7]
To remove: 1
Oracle size: 5
Tree size: 5
Oracle: [2, 4, 5, 7, 9]
Tree: [2, 4, 5, 7, 9]
To remove: 9
Oracle size: 4
Tree size: 4
Oracle: [2, 4, 5, 7]
Tree: [2, 4, 5, 7]
To remove: 9
Oracle size: 5
Tree size: 5
Oracle: [2, 4, 5, 7, 9]
Tree: [2, 4, 5, 7, 9]
To remove: 8
Oracle size: 6
Tree size: 6
Oracle: [1, 2, 4, 5, 7, 9]
Tree: [1, 2, 4, 5, 7, 9]
To remove: 1
Oracle size: 5
Tree size: 5
Oracle: [2, 4, 5, 7, 9]
Tree: [2, 4, 5, 7, 9]
To remove: 0
Oracle size: 6
Tree size: 6
Oracle: [2, 4, 5, 7, 8, 9]
Tree: [2, 4, 5, 7, 8, 9]
To remove: 9
Oracle size: 6
Tree size: 6
Oracle: [1, 2, 4, 5, 7, 8]
Tree: [1, 2, 4, 5, 7, 8]
To remove: 8
Oracle size: 6
Tree size: 6
Oracle: [1, 2, 4, 5, 7, 8]
Tree: [1, 2, 4, 5, 7, 8]
To remove: 9
Oracle size: 6
Tree size: 6
Oracle: [1, 2, 4, 5, 7, 8]
Tree: [1, 2, 4, 5, 7, 8]
To remove: 7
Oracle size: 5
Tree size: 5
Oracle: [1, 2, 4, 5, 8]
Tree: [1, 2, 4, 5, 8]
To remove: 0
Oracle size: 5
Tree size: 5
Oracle: [1, 2, 4, 5, 8]
Tree: [1, 2, 4, 5, 8]
To remove: 7
Oracle size: 6
Tree size: 6
Oracle: [1, 2, 3, 4, 5, 8]
Tree: [1, 2, 3, 4, 5, 8]
To remove: 9
Oracle size: 7
Tree size: 7
Oracle: [1, 2, 3, 4, 5, 8, 9]
Tree: [1, 2, 3, 4, 5, 8, 9]
To remove: 1
Oracle size: 6
Tree size: 6
Oracle: [2, 3, 4, 5, 8, 9]
Tree: [2, 3, 4, 5, 8, 9]
To remove: 1
Oracle size: 6
Tree size: 6
Oracle: [2, 3, 4, 5, 8, 9]
Tree: [2, 3, 4, 5, 8, 9]
To remove: 6
Oracle size: 6
Tree size: 6
Oracle: [2, 3, 4, 5, 8, 9]
Tree: [2, 3, 4, 5, 8, 9]
To remove: 5
Oracle size: 5
Tree size: 5
Oracle: [2, 3, 4, 8, 9]
Tree: [2, 3, 4, 8, 9]
To remove: 4
Oracle size: 5
Tree size: 5
Oracle: [2, 3, 7, 8, 9]
Tree: [2, 3, 7, 8, 9]
To remove: 5
Oracle size: 6
Tree size: 6
Oracle: [2, 3, 6, 7, 8, 9]
Tree: [2, 3, 6, 7, 8, 9]
To remove: 7
Oracle size: 6
Tree size: 6
Oracle: [0, 2, 3, 6, 8, 9]
Tree: [0, 2, 3, 6, 8, 9]
To remove: 6
Oracle size: 5
Tree size: 5
Oracle: [0, 2, 3, 8, 9]
Tree: [0, 2, 3, 8, 9]
To remove: 9
Oracle size: 4
Tree size: 4
Oracle: [0, 2, 3, 8]
Tree: [0, 2, 3, 8]
To remove: 4
Oracle size: 5
Tree size: 5
Oracle: [0, 2, 3, 6, 8]
Tree: [0, 2, 3, 6, 8]
To remove: 7
Oracle size: 5
Tree size: 5
Oracle: [0, 2, 3, 6, 8]
Tree: [0, 2, 3, 6, 8]
To remove: 0
Oracle size: 5
Tree size: 5
Oracle: [2, 3, 4, 6, 8]
Tree: [2, 3, 4, 6, 8]
To remove: 7
Oracle size: 5
Tree size: 5
Oracle: [2, 3, 4, 6, 8]
Tree: [2, 3, 4, 6, 8]
To remove: 1
Oracle size: 5
Tree size: 5
Oracle: [2, 3, 4, 6, 8]
Tree: [2, 3, 4, 6, 8]
To remove: 6
Oracle size: 4
Tree size: 4
Oracle: [2, 3, 4, 8]
Tree: [2, 3, 4, 8]
To remove: 3
Oracle size: 3
Tree size: 3
Oracle: [2, 4, 8]
Tree: [2, 4, 8]
To remove: 1
Oracle size: 4
Tree size: 4
Oracle: [1, 2, 4, 8]
Tree: [1, 2, 4, 8]
To remove: 2
Oracle size: 4
Tree size: 4
Oracle: [1, 3, 4, 8]
Tree: [1, 3, 4, 8]
To remove: 5
Oracle size: 5
Tree size: 5
Oracle: [0, 1, 3, 4, 8]
Tree: [0, 1, 3, 4, 8]
To remove: 0
Oracle size: 5
Tree size: 5
Oracle: [1, 3, 4, 8, 9]
Tree: [1, 3, 4, 8, 9]
To remove: 6
Oracle size: 6
Tree size: 6
Oracle: [0, 1, 3, 4, 8, 9]
Tree: [0, 1, 3, 4, 8, 9]
To remove: 1
Oracle size: 6
Tree size: 6
Oracle: [0, 3, 4, 6, 8, 9]
Tree: [0, 3, 4, 6, 8, 9]
To remove: 0
Oracle size: 5
Tree size: 5
Oracle: [3, 4, 6, 8, 9]
Tree: [3, 4, 6, 8, 9]
To remove: 7
Oracle size: 6
Tree size: 6
Oracle: [3, 4, 5, 6, 8, 9]
Tree: [3, 4, 5, 6, 8, 9]
To remove: 0
Oracle size: 6
Tree size: 6
Oracle: [3, 4, 5, 6, 8, 9]
Tree: [3, 4, 5, 6, 8, 9]
To remove: 6
Oracle size: 5
Tree size: 5
Oracle: [3, 4, 5, 8, 9]
Tree: [3, 4, 5, 8, 9]
To remove: 5
Oracle size: 5
Tree size: 5
Oracle: [3, 4, 5, 8, 9]
Tree: [3, 4, 5, 8, 9]
To remove: 1
Oracle size: 6
Tree size: 6
Oracle: [3, 4, 5, 6, 8, 9]
Tree: [3, 4, 5, 6, 8, 9]
To remove: 0
Oracle size: 6
Tree size: 6
Oracle: [3, 4, 5, 6, 8, 9]
Tree: [3, 4, 5, 6, 8, 9]
To remove: 1
Oracle size: 7
Tree size: 7
Oracle: [1, 3, 4, 5, 6, 8, 9]
Tree: [1, 3, 4, 5, 6, 8, 9]
To remove: 9
Oracle size: 6
Tree size: 6
Oracle: [1, 3, 4, 5, 6, 8]
Tree: [1, 3, 4, 5, 6, 8]
To remove: 9
Oracle size: 6
Tree size: 6
Oracle: [1, 3, 4, 5, 6, 8]
Tree: [1, 3, 4, 5, 6, 8]
To remove: 5
Oracle size: 5
Tree size: 5
Oracle: [1, 3, 4, 6, 8]
Tree: [1, 3, 4, 6, 8]
To remove: 7
Oracle size: 6
Tree size: 6
Oracle: [1, 3, 4, 5, 6, 8]
Tree: [1, 3, 4, 5, 6, 8]
To remove: 4
Oracle size: 5
Tree size: 5
Oracle: [1, 3, 5, 6, 8]
Tree: [1, 3, 5, 6, 8]
To remove: 2
Oracle size: 5
Tree size: 5
Oracle: [1, 3, 5, 6, 8]
Tree: [1, 3, 5, 6, 8]
To remove: 0
Oracle size: 5
Tree size: 5
Oracle: [1, 3, 5, 6, 8]
Tree: [1, 3, 5, 6, 8]
To remove: 3
Oracle size: 4
Tree size: 4
Oracle: [1, 5, 6, 8]
Tree: [1, 5, 6, 8]
To remove: 6
Oracle size: 4
Tree size: 4
Oracle: [1, 5, 8, 9]
Tree: [1, 5, 8, 9]
To remove: 2
Oracle size: 5
Tree size: 5
Oracle: [0, 1, 5, 8, 9]
Tree: [0, 1, 5, 8, 9]
To remove: 1
Oracle size: 5
Tree size: 5
Oracle: [0, 5, 6, 8, 9]
Tree: [0, 5, 6, 8, 9]
To remove: 4
Oracle size: 5
Tree size: 5
Oracle: [0, 5, 6, 8, 9]
Tree: [0, 5, 6, 8, 9]
To remove: 6
Oracle size: 5
Tree size: 5
Oracle: [0, 3, 5, 8, 9]
Tree: [0, 3, 5, 8, 9]
To remove: 7
Oracle size: 6
Tree size: 6
Oracle: [0, 3, 5, 6, 8, 9]
Tree: [0, 3, 5, 6, 8, 9]
To remove: 9
Oracle size: 5
Tree size: 5
Oracle: [0, 3, 5, 6, 8]
Tree: [0, 3, 5, 6, 8]
To remove: 7
Oracle size: 6
Tree size: 6
Oracle: [0, 1, 3, 5, 6, 8]
Tree: [0, 1, 3, 5, 6, 8]
To remove: 8
Oracle size: 5
Tree size: 5
Oracle: [0, 1, 3, 5, 6]
Tree: [0, 1, 3, 5, 6]
To remove: 2
Oracle size: 6
Tree size: 6
Oracle: [0, 1, 3, 5, 6, 7]
Tree: [0, 1, 3, 5, 6, 7]
To remove: 8
Oracle size: 7
Tree size: 7
Oracle: [0, 1, 2, 3, 5, 6, 7]
Tree: [0, 1, 2, 3, 5, 6, 7]
To remove: 2
Oracle size: 7
Tree size: 7
Oracle: [0, 1, 3, 4, 5, 6, 7]
Tree: [0, 1, 3, 4, 5, 6, 7]
To remove: 8
Oracle size: 7
Tree size: 7
Oracle: [0, 1, 3, 4, 5, 6, 7]
Tree: [0, 1, 3, 4, 5, 6, 7]
To remove: 0
Oracle size: 6
Tree size: 6
Oracle: [1, 3, 4, 5, 6, 7]
Tree: [1, 3, 4, 5, 6, 7]
To remove: 2
Oracle size: 6
Tree size: 6
Oracle: [1, 3, 4, 5, 6, 7]
Tree: [1, 3, 4, 5, 6, 7]
To remove: 4
Oracle size: 6
Tree size: 6
Oracle: [1, 3, 4, 5, 6, 7]
Tree: [1, 3, 4, 5, 6, 7]
To remove: 2
Oracle size: 6
Tree size: 6
Oracle: [1, 3, 4, 5, 6, 7]
Tree: [1, 3, 4, 5, 6, 7]
To remove: 2
Oracle size: 7
Tree size: 7
Oracle: [1, 3, 4, 5, 6, 7, 8]
Tree: [1, 3, 4, 5, 6, 7, 8]
To remove: 7
Oracle size: 6
Tree size: 6
Oracle: [1, 3, 4, 5, 6, 8]
Tree: [1, 3, 4, 5, 6, 8]
To remove: 8
Oracle size: 5
Tree size: 5
Oracle: [1, 3, 4, 5, 6]
Tree: [1, 3, 4, 5, 6]
To remove: 7
Oracle size: 5
Tree size: 5
Oracle: [1, 3, 4, 5, 6]
Tree: [1, 3, 4, 5, 6]
To remove: 5
Oracle size: 5
Tree size: 5
Oracle: [1, 3, 4, 5, 6]
Tree: [1, 3, 4, 5, 6]
To remove: 5
Oracle size: 5
Tree size: 5
Oracle: [1, 3, 4, 5, 6]
Tree: [1, 3, 4, 5, 6]
To remove: 4
Oracle size: 4
Tree size: 4
Oracle: [1, 3, 5, 6]
Tree: [1, 3, 5, 6]
To remove: 1
Oracle size: 4
Tree size: 4
Oracle: [3, 5, 6, 9]
Tree: [3, 5, 6, 9]
To remove: 9
Oracle size: 4
Tree size: 4
Oracle: [3, 4, 5, 6]
Tree: [3, 4, 5, 6]
To remove: 6
Oracle size: 4
Tree size: 4
Oracle: [3, 4, 5, 9]
Tree: [3, 4, 5, 9]
To remove: 8
Oracle size: 5
Tree size: 5
Oracle: [2, 3, 4, 5, 9]
Tree: [2, 3, 4, 5, 9]
To remove: 2
Oracle size: 4
Tree size: 4
Oracle: [3, 4, 5, 9]
Tree: [3, 4, 5, 9]
To remove: 7
Oracle size: 4
Tree size: 4
Oracle: [3, 4, 5, 9]
Tree: [3, 4, 5, 9]
To remove: 8
Oracle size: 5
Tree size: 5
Oracle: [1, 3, 4, 5, 9]
Tree: [1, 3, 4, 5, 9]
To remove: 3
Oracle size: 5
Tree size: 5
Oracle: [0, 1, 4, 5, 9]
Tree: [0, 1, 4, 5, 9]
To remove: 5
Oracle size: 5
Tree size: 5
Oracle: [0, 1, 4, 7, 9]
Tree: [0, 1, 4, 7, 9]
To remove: 4
Oracle size: 4
Tree size: 4
Oracle: [0, 1, 7, 9]
Tree: [0, 1, 7, 9]
To remove: 5
Oracle size: 4
Tree size: 4
Oracle: [0, 1, 7, 9]
Tree: [0, 1, 7, 9]
To remove: 4
Oracle size: 5
Tree size: 5
Oracle: [0, 1, 3, 7, 9]
Tree: [0, 1, 3, 7, 9]
To remove: 5
Oracle size: 6
Tree size: 6
Oracle: [0, 1, 3, 5, 7, 9]
Tree: [0, 1, 3, 5, 7, 9]
To remove: 8
Oracle size: 7
Tree size: 7
Oracle: [0, 1, 2, 3, 5, 7, 9]
Tree: [0, 1, 2, 3, 5, 7, 9]
To remove: 2
Oracle size: 7
Tree size: 7
Oracle: [0, 1, 3, 5, 6, 7, 9]
Tree: [0, 1, 3, 5, 6, 7, 9]
To remove: 0
Oracle size: 7
Tree size: 7
Oracle: [1, 3, 5, 6, 7, 8, 9]
Tree: [1, 3, 5, 6, 7, 8, 9]
To remove: 9
Oracle size: 7
Tree size: 7
Oracle: [1, 2, 3, 5, 6, 7, 8]
Tree: [1, 2, 3, 5, 6, 7, 8]
To remove: 3
Oracle size: 7
Tree size: 7
Oracle: [1, 2, 4, 5, 6, 7, 8]
Tree: [1, 2, 4, 5, 6, 7, 8]
To remove: 0
Oracle size: 7
Tree size: 7
Oracle: [1, 2, 4, 5, 6, 7, 8]
Tree: [1, 2, 4, 5, 6, 7, 8]
To remove: 3
Oracle size: 7
Tree size: 7
Oracle: [1, 2, 4, 5, 6, 7, 8]
Tree: [1, 2, 4, 5, 6, 7, 8]
To remove: 3
Oracle size: 7
Tree size: 7
Oracle: [1, 2, 4, 5, 6, 7, 8]
Tree: [1, 2, 4, 5, 6, 7, 8]
To remove: 6
Oracle size: 7
Tree size: 7
Oracle: [1, 2, 4, 5, 7, 8, 9]
Tree: [1, 2, 4, 5, 7, 8, 9]
To remove: 2
Oracle size: 7
Tree size: 7
Oracle: [1, 3, 4, 5, 7, 8, 9]
Tree: [1, 3, 4, 5, 7, 8, 9]
To remove: 1
Oracle size: 6
Tree size: 6
Oracle: [3, 4, 5, 7, 8, 9]
Tree: [3, 4, 5, 7, 8, 9]
To remove: 6
Oracle size: 6
Tree size: 6
Oracle: [3, 4, 5, 7, 8, 9]
Tree: [3, 4, 5, 7, 8, 9]
To remove: 6
Oracle size: 6
Tree size: 6
Oracle: [3, 4, 5, 7, 8, 9]
Tree: [3, 4, 5, 7, 8, 9]
To remove: 8
Oracle size: 5
Tree size: 5
Oracle: [3, 4, 5, 7, 9]
Tree: [3, 4, 5, 7, 9]
To remove: 8
Oracle size: 5
Tree size: 5
Oracle: [3, 4, 5, 7, 9]
Tree: [3, 4, 5, 7, 9]
To remove: 4
Oracle size: 5
Tree size: 5
Oracle: [3, 5, 7, 8, 9]
Tree: [3, 5, 7, 8, 9]
To remove: 2
Oracle size: 6
Tree size: 6
Oracle: [1, 3, 5, 7, 8, 9]
Tree: [1, 3, 5, 7, 8, 9]
To remove: 1
Oracle size: 6
Tree size: 6
Oracle: [1, 3, 5, 7, 8, 9]
Tree: [1, 3, 5, 7, 8, 9]
To remove: 5
Oracle size: 6
Tree size: 6
Oracle: [1, 3, 5, 7, 8, 9]
Tree: [1, 3, 5, 7, 8, 9]
To remove: 8
Oracle size: 5
Tree size: 5
Oracle: [1, 3, 5, 7, 9]
Tree: [1, 3, 5, 7, 9]
To remove: 3
Oracle size: 4
Tree size: 4
Oracle: [1, 5, 7, 9]
Tree: [1, 5, 7, 9]
To remove: 6
Oracle size: 5
Tree size: 5
Oracle: [1, 5, 7, 8, 9]
Tree: [1, 5, 7, 8, 9]
To remove: 6
Oracle size: 6
Tree size: 6
Oracle: [1, 5, 6, 7, 8, 9]
Tree: [1, 5, 6, 7, 8, 9]
To remove: 0
Oracle size: 6
Tree size: 6
Oracle: [1, 5, 6, 7, 8, 9]
Tree: [1, 5, 6, 7, 8, 9]
To remove: 5
Oracle size: 6
Tree size: 6
Oracle: [1, 3, 6, 7, 8, 9]
Tree: [1, 3, 6, 7, 8, 9]
To remove: 8
Oracle size: 5
Tree size: 5
Oracle: [1, 3, 6, 7, 9]
Tree: [1, 3, 6, 7, 9]
To remove: 5
Oracle size: 6
Tree size: 6
Oracle: [1, 3, 5, 6, 7, 9]
Tree: [1, 3, 5, 6, 7, 9]
To remove: 6
Oracle size: 6
Tree size: 6
Oracle: [0, 1, 3, 5, 7, 9]
Tree: [0, 1, 3, 5, 7, 9]
To remove: 0
Oracle size: 5
Tree size: 5
Oracle: [1, 3, 5, 7, 9]
Tree: [1, 3, 5, 7, 9]
To remove: 8
Oracle size: 6
Tree size: 6
Oracle: [1, 3, 5, 6, 7, 9]
Tree: [1, 3, 5, 6, 7, 9]
To remove: 4
Oracle size: 6
Tree size: 6
Oracle: [1, 3, 5, 6, 7, 9]
Tree: [1, 3, 5, 6, 7, 9]
To remove: 5
Oracle size: 5
Tree size: 5
Oracle: [1, 3, 6, 7, 9]
Tree: [1, 3, 6, 7, 9]
To remove: 3
Oracle size: 5
Tree size: 5
Oracle: [1, 5, 6, 7, 9]
Tree: [1, 5, 6, 7, 9]
To remove: 3
Oracle size: 6
Tree size: 6
Oracle: [1, 3, 5, 6, 7, 9]
Tree: [1, 3, 5, 6, 7, 9]
To remove: 8
Oracle size: 6
Tree size: 6
Oracle: [1, 3, 5, 6, 7, 9]
Tree: [1, 3, 5, 6, 7, 9]
To remove: 6
Oracle size: 5
Tree size: 5
Oracle: [1, 3, 5, 7, 9]
Tree: [1, 3, 5, 7, 9]
To remove: 4
Oracle size: 5
Tree size: 5
Oracle: [1, 3, 5, 7, 9]
Tree: [1, 3, 5, 7, 9]
To remove: 6
Oracle size: 5
Tree size: 5
Oracle: [1, 3, 5, 7, 9]
Tree: [1, 3, 5, 7, 9]
To remove: 6
Oracle size: 5
Tree size: 5
Oracle: [1, 3, 5, 7, 9]
Tree: [1, 3, 5, 7, 9]
To remove: 0
Oracle size: 5
Tree size: 5
Oracle: [1, 3, 5, 7, 9]
Tree: [1, 3, 5, 7, 9]
To remove: 7
Oracle size: 5
Tree size: 5
Oracle: [1, 3, 4, 5, 9]
Tree: [1, 3, 4, 5, 9]
To remove: 0
Oracle size: 6
Tree size: 6
Oracle: [1, 3, 4, 5, 8, 9]
Tree: [1, 3, 4, 5, 8, 9]
To remove: 1
Oracle size: 5
Tree size: 5
Oracle: [3, 4, 5, 8, 9]
Tree: [3, 4, 5, 8, 9]
To remove: 2
Oracle size: 5
Tree size: 5
Oracle: [3, 4, 5, 8, 9]
Tree: [3, 4, 5, 8, 9]
To remove: 5
Oracle size: 5
Tree size: 5
Oracle: [3, 4, 5, 8, 9]
Tree: [3, 4, 5, 8, 9]
To remove: 5
Oracle size: 4
Tree size: 4
Oracle: [3, 4, 8, 9]
Tree: [3, 4, 8, 9]
To remove: 8
Oracle size: 4
Tree size: 4
Oracle: [0, 3, 4, 9]
Tree: [0, 3, 4, 9]
To remove: 5
Oracle size: 5
Tree size: 5
Oracle: [0, 1, 3, 4, 9]
Tree: [0, 1, 3, 4, 9]
To remove: 9
Oracle size: 4
Tree size: 4
Oracle: [0, 1, 3, 4]
Tree: [0, 1, 3, 4]
To remove: 6
Oracle size: 5
Tree size: 5
Oracle: [0, 1, 3, 4, 8]
Tree: [0, 1, 3, 4, 8]
To remove: 7
Oracle size: 5
Tree size: 5
Oracle: [0, 1, 3, 4, 8]
Tree: [0, 1, 3, 4, 8]
To remove: 1
Oracle size: 4
Tree size: 4
Oracle: [0, 3, 4, 8]
Tree: [0, 3, 4, 8]
To remove: 6
Oracle size: 4
Tree size: 4
Oracle: [0, 3, 4, 8]
Tree: [0, 3, 4, 8]
To remove: 4
Oracle size: 4
Tree size: 4
Oracle: [0, 3, 8, 9]
Tree: [0, 3, 8, 9]
To remove: 8
Oracle size: 3
Tree size: 3
Oracle: [0, 3, 9]
Tree: [0, 3, 9]
To remove: 2
Oracle size: 3
Tree size: 3
Oracle: [0, 3, 9]
Tree: [0, 3, 9]
To remove: 2
Oracle size: 4
Tree size: 4
Oracle: [0, 3, 4, 9]
Tree: [0, 3, 4, 9]
To remove: 0
Oracle size: 3
Tree size: 3
Oracle: [3, 4, 9]
Tree: [3, 4, 9]
To remove: 0
Oracle size: 4
Tree size: 4
Oracle: [3, 4, 7, 9]
Tree: [3, 4, 7, 9]
To remove: 8
Oracle size: 4
Tree size: 4
Oracle: [3, 4, 7, 9]
Tree: [3, 4, 7, 9]
To remove: 5
Oracle size: 4
Tree size: 4
Oracle: [3, 4, 7, 9]
Tree: [3, 4, 7, 9]
To remove: 7
Oracle size: 4
Tree size: 4
Oracle: [3, 4, 7, 9]
Tree: [3, 4, 7, 9]
To remove: 8
Oracle size: 5
Tree size: 5
Oracle: [3, 4, 5, 7, 9]
Tree: [3, 4, 5, 7, 9]
To remove: 8
Oracle size: 5
Tree size: 5
Oracle: [3, 4, 5, 7, 9]
Tree: [3, 4, 5, 7, 9]
To remove: 3
Oracle size: 4
Tree size: 4
Oracle: [4, 5, 7, 9]
Tree: [4, 5, 7, 9]
To remove: 4
Oracle size: 4
Tree size: 4
Oracle: [3, 5, 7, 9]
Tree: [3, 5, 7, 9]
To remove: 7
Oracle size: 4
Tree size: 4
Oracle: [2, 3, 5, 9]
Tree: [2, 3, 5, 9]
To remove: 6
Oracle size: 5
Tree size: 5
Oracle: [0, 2, 3, 5, 9]
Tree: [0, 2, 3, 5, 9]
To remove: 0
Oracle size: 5
Tree size: 5
Oracle: [2, 3, 5, 8, 9]
Tree: [2, 3, 5, 8, 9]
To remove: 7
Oracle size: 5
Tree size: 5
Oracle: [2, 3, 5, 8, 9]
Tree: [2, 3, 5, 8, 9]
To remove: 2
Oracle size: 5
Tree size: 5
Oracle: [1, 3, 5, 8, 9]
Tree: [1, 3, 5, 8, 9]
To remove: 6
Oracle size: 6
Tree size: 6
Oracle: [0, 1, 3, 5, 8, 9]
Tree: [0, 1, 3, 5, 8, 9]
To remove: 5
Oracle size: 5
Tree size: 5
Oracle: [0, 1, 3, 8, 9]
Tree: [0, 1, 3, 8, 9]
To remove: 0
Oracle size: 5
Tree size: 5
Oracle: [1, 3, 4, 8, 9]
Tree: [1, 3, 4, 8, 9]
To remove: 0
Oracle size: 5
Tree size: 5
Oracle: [1, 3, 4, 8, 9]
Tree: [1, 3, 4, 8, 9]
To remove: 5
Oracle size: 5
Tree size: 5
Oracle: [1, 3, 4, 8, 9]
Tree: [1, 3, 4, 8, 9]
To remove: 2
Oracle size: 6
Tree size: 6
Oracle: [1, 3, 4, 5, 8, 9]
Tree: [1, 3, 4, 5, 8, 9]
To remove: 1
Oracle size: 5
Tree size: 5
Oracle: [3, 4, 5, 8, 9]
Tree: [3, 4, 5, 8, 9]
To remove: 6
Oracle size: 5
Tree size: 5
Oracle: [3, 4, 5, 8, 9]
Tree: [3, 4, 5, 8, 9]
To remove: 7
Oracle size: 6
Tree size: 6
Oracle: [1, 3, 4, 5, 8, 9]
Tree: [1, 3, 4, 5, 8, 9]
To remove: 2
Oracle size: 6
Tree size: 6
Oracle: [1, 3, 4, 5, 8, 9]
Tree: [1, 3, 4, 5, 8, 9]
To remove: 0
Oracle size: 6
Tree size: 6
Oracle: [1, 3, 4, 5, 8, 9]
Tree: [1, 3, 4, 5, 8, 9]
To remove: 3
Oracle size: 5
Tree size: 5
Oracle: [1, 4, 5, 8, 9]
Tree: [1, 4, 5, 8, 9]
To remove: 1
Oracle size: 5
Tree size: 5
Oracle: [0, 4, 5, 8, 9]
Tree: [0, 4, 5, 8, 9]
To remove: 1
Oracle size: 5
Tree size: 5
Oracle: [0, 4, 5, 8, 9]
Tree: [0, 4, 5, 8, 9]
To remove: 7
Oracle size: 5
Tree size: 5
Oracle: [0, 4, 5, 8, 9]
Tree: [0, 4, 5, 8, 9]
To remove: 4
Oracle size: 4
Tree size: 4
Oracle: [0, 5, 8, 9]
Tree: [0, 5, 8, 9]
To remove: 4
Oracle size: 4
Tree size: 4
Oracle: [0, 5, 8, 9]
Tree: [0, 5, 8, 9]
To remove: 0
Oracle size: 4
Tree size: 4
Oracle: [3, 5, 8, 9]
Tree: [3, 5, 8, 9]
To remove: 5
Oracle size: 4
Tree size: 4
Oracle: [1, 3, 8, 9]
Tree: [1, 3, 8, 9]
To remove: 7
Oracle size: 4
Tree size: 4
Oracle: [1, 3, 8, 9]
Tree: [1, 3, 8, 9]
To remove: 5
Oracle size: 5
Tree size: 5
Oracle: [1, 2, 3, 8, 9]
Tree: [1, 2, 3, 8, 9]
To remove: 9
Oracle size: 5
Tree size: 5
Oracle: [0, 1, 2, 3, 8]
Tree: [0, 1, 2, 3, 8]
To remove: 2
Oracle size: 4
Tree size: 4
Oracle: [0, 1, 3, 8]
Tree: [0, 1, 3, 8]
To remove: 6
Oracle size: 4
Tree size: 4
Oracle: [0, 1, 3, 8]
Tree: [0, 1, 3, 8]
To remove: 5
Oracle size: 4
Tree size: 4
Oracle: [0, 1, 3, 8]
Tree: [0, 1, 3, 8]
To remove: 8
Oracle size: 4
Tree size: 4
Oracle: [0, 1, 3, 9]
Tree: [0, 1, 3, 9]
To remove: 6
Oracle size: 5
Tree size: 5
Oracle: [0, 1, 2, 3, 9]
Tree: [0, 1, 2, 3, 9]
To remove: 6
Oracle size: 5
Tree size: 5
Oracle: [0, 1, 2, 3, 9]
Tree: [0, 1, 2, 3, 9]
To remove: 3
Oracle size: 5
Tree size: 5
Oracle: [0, 1, 2, 7, 9]
Tree: [0, 1, 2, 7, 9]
To remove: 9
Oracle size: 5
Tree size: 5
Oracle: [0, 1, 2, 5, 7]
Tree: [0, 1, 2, 5, 7]
To remove: 9
Oracle size: 5
Tree size: 5
Oracle: [0, 1, 2, 5, 7]
Tree: [0, 1, 2, 5, 7]
To remove: 3
Oracle size: 6
Tree size: 6
Oracle: [0, 1, 2, 4, 5, 7]
Tree: [0, 1, 2, 4, 5, 7]
To remove: 6
Oracle size: 6
Tree size: 6
Oracle: [0, 1, 2, 4, 5, 7]
Tree: [0, 1, 2, 4, 5, 7]
To remove: 2
Oracle size: 5
Tree size: 5
Oracle: [0, 1, 4, 5, 7]
Tree: [0, 1, 4, 5, 7]
To remove: 3
Oracle size: 6
Tree size: 6
Oracle: [0, 1, 4, 5, 7, 9]
Tree: [0, 1, 4, 5, 7, 9]
To remove: 3
Oracle size: 6
Tree size: 6
Oracle: [0, 1, 4, 5, 7, 9]
Tree: [0, 1, 4, 5, 7, 9]
To remove: 4
Oracle size: 5
Tree size: 5
Oracle: [0, 1, 5, 7, 9]
Tree: [0, 1, 5, 7, 9]
To remove: 7
Oracle size: 5
Tree size: 5
Oracle: [0, 1, 5, 7, 9]
Tree: [0, 1, 5, 7, 9]
To remove: 5
Oracle size: 5
Tree size: 5
Oracle: [0, 1, 6, 7, 9]
Tree: [0, 1, 6, 7, 9]
To remove: 0
Oracle size: 5
Tree size: 5
Oracle: [1, 6, 7, 8, 9]
Tree: [1, 6, 7, 8, 9]
To remove: 2
Oracle size: 6
Tree size: 6
Oracle: [0, 1, 6, 7, 8, 9]
Tree: [0, 1, 6, 7, 8, 9]
To remove: 6
Oracle size: 6
Tree size: 6
Oracle: [0, 1, 5, 7, 8, 9]
Tree: [0, 1, 5, 7, 8, 9]
To remove: 2
Oracle size: 6
Tree size: 6
Oracle: [0, 1, 5, 7, 8, 9]
Tree: [0, 1, 5, 7, 8, 9]
To remove: 0
Oracle size: 5
Tree size: 5
Oracle: [1, 5, 7, 8, 9]
Tree: [1, 5, 7, 8, 9]
To remove: 5
Oracle size: 4
Tree size: 4
Oracle: [1, 7, 8, 9]
Tree: [1, 7, 8, 9]
To remove: 9
Oracle size: 3
Tree size: 3
Oracle: [1, 7, 8]
Tree: [1, 7, 8]
To remove: 3
Oracle size: 3
Tree size: 3
Oracle: [1, 7, 8]
Tree: [1, 7, 8]
To remove: 8
Oracle size: 3
Tree size: 3
Oracle: [1, 5, 7]
Tree: [1, 5, 7]
To remove: 6
Oracle size: 4
Tree size: 4
Oracle: [1, 4, 5, 7]
Tree: [1, 4, 5, 7]
To remove: 0
Oracle size: 5
Tree size: 5
Oracle: [1, 4, 5, 7, 9]
Tree: [1, 4, 5, 7, 9]
To remove: 7
Oracle size: 5
Tree size: 5
Oracle: [1, 4, 5, 7, 9]
Tree: [1, 4, 5, 7, 9]
To remove: 1
Oracle size: 4
Tree size: 4
Oracle: [4, 5, 7, 9]
Tree: [4, 5, 7, 9]
To remove: 4
Oracle size: 4
Tree size: 4
Oracle: [2, 5, 7, 9]
Tree: [2, 5, 7, 9]
To remove: 6
Oracle size: 4
Tree size: 4
Oracle: [2, 5, 7, 9]
Tree: [2, 5, 7, 9]
To remove: 9
Oracle size: 4
Tree size: 4
Oracle: [2, 3, 5, 7]
Tree: [2, 3, 5, 7]
To remove: 4
Oracle size: 4
Tree size: 4
Oracle: [2, 3, 5, 7]
Tree: [2, 3, 5, 7]
To remove: 4
Oracle size: 5
Tree size: 5
Oracle: [1, 2, 3, 5, 7]
Tree: [1, 2, 3, 5, 7]
To remove: 5
Oracle size: 4
Tree size: 4
Oracle: [1, 2, 3, 7]
Tree: [1, 2, 3, 7]
To remove: 6
Oracle size: 5
Tree size: 5
Oracle: [0, 1, 2, 3, 7]
Tree: [0, 1, 2, 3, 7]
To remove: 1
Oracle size: 5
Tree size: 5
Oracle: [0, 2, 3, 7, 8]
Tree: [0, 2, 3, 7, 8]
To remove: 4
Oracle size: 5
Tree size: 5
Oracle: [0, 2, 3, 7, 8]
Tree: [0, 2, 3, 7, 8]
To remove: 3
Oracle size: 4
Tree size: 4
Oracle: [0, 2, 7, 8]
Tree: [0, 2, 7, 8]
To remove: 0
Oracle size: 4
Tree size: 4
Oracle: [1, 2, 7, 8]
Tree: [1, 2, 7, 8]
To remove: 5
Oracle size: 4
Tree size: 4
Oracle: [1, 2, 7, 8]
Tree: [1, 2, 7, 8]
To remove: 6
Oracle size: 4
Tree size: 4
Oracle: [1, 2, 7, 8]
Tree: [1, 2, 7, 8]
To remove: 9
Oracle size: 4
Tree size: 4
Oracle: [1, 2, 7, 8]
Tree: [1, 2, 7, 8]
To remove: 0
Oracle size: 5
Tree size: 5
Oracle: [0, 1, 2, 7, 8]
Tree: [0, 1, 2, 7, 8]
To remove: 6
Oracle size: 6
Tree size: 6
Oracle: [0, 1, 2, 5, 7, 8]
Tree: [0, 1, 2, 5, 7, 8]
To remove: 6
Oracle size: 6
Tree size: 6
Oracle: [0, 1, 2, 5, 7, 8]
Tree: [0, 1, 2, 5, 7, 8]
To remove: 1
Oracle size: 5
Tree size: 5
Oracle: [0, 2, 5, 7, 8]
Tree: [0, 2, 5, 7, 8]
To remove: 5
Oracle size: 5
Tree size: 5
Oracle: [0, 1, 2, 7, 8]
Tree: [0, 1, 2, 7, 8]
To remove: 2
Oracle size: 5
Tree size: 5
Oracle: [0, 1, 4, 7, 8]
Tree: [0, 1, 4, 7, 8]
To remove: 7
Oracle size: 4
Tree size: 4
Oracle: [0, 1, 4, 8]
Tree: [0, 1, 4, 8]
To remove: 0
Oracle size: 4
Tree size: 4
Oracle: [1, 4, 5, 8]
Tree: [1, 4, 5, 8]
To remove: 2
Oracle size: 5
Tree size: 5
Oracle: [1, 3, 4, 5, 8]
Tree: [1, 3, 4, 5, 8]
To remove: 3
Oracle size: 5
Tree size: 5
Oracle: [1, 2, 4, 5, 8]
Tree: [1, 2, 4, 5, 8]
To remove: 7
Oracle size: 6
Tree size: 6
Oracle: [1, 2, 3, 4, 5, 8]
Tree: [1, 2, 3, 4, 5, 8]
To remove: 3
Oracle size: 6
Tree size: 6
Oracle: [1, 2, 3, 4, 5, 8]
Tree: [1, 2, 3, 4, 5, 8]
To remove: 1
Oracle size: 6
Tree size: 6
Oracle: [0, 2, 3, 4, 5, 8]
Tree: [0, 2, 3, 4, 5, 8]
To remove: 2
Oracle size: 5
Tree size: 5
Oracle: [0, 3, 4, 5, 8]
Tree: [0, 3, 4, 5, 8]
To remove: 5
Oracle size: 4
Tree size: 4
Oracle: [0, 3, 4, 8]
Tree: [0, 3, 4, 8]
To remove: 5
Oracle size: 5
Tree size: 5
Oracle: [0, 2, 3, 4, 8]
Tree: [0, 2, 3, 4, 8]
To remove: 5
Oracle size: 5
Tree size: 5
Oracle: [0, 2, 3, 4, 8]
Tree: [0, 2, 3, 4, 8]
To remove: 9
Oracle size: 5
Tree size: 5
Oracle: [0, 2, 3, 4, 8]
Tree: [0, 2, 3, 4, 8]
To remove: 8
Oracle size: 5
Tree size: 5
Oracle: [0, 2, 3, 4, 9]
Tree: [0, 2, 3, 4, 9]
To remove: 7
Oracle size: 5
Tree size: 5
Oracle: [0, 2, 3, 4, 9]
Tree: [0, 2, 3, 4, 9]
To remove: 1
Oracle size: 5
Tree size: 5
Oracle: [0, 2, 3, 4, 9]
Tree: [0, 2, 3, 4, 9]
To remove: 7
Oracle size: 6
Tree size: 6
Oracle: [0, 2, 3, 4, 5, 9]
Tree: [0, 2, 3, 4, 5, 9]
To remove: 0
Oracle size: 6
Tree size: 6
Oracle: [2, 3, 4, 5, 6, 9]
Tree: [2, 3, 4, 5, 6, 9]
To remove: 7
Oracle size: 7
Tree size: 7
Oracle: [0, 2, 3, 4, 5, 6, 9]
Tree: [0, 2, 3, 4, 5, 6, 9]
To remove: 7
Oracle size: 7
Tree size: 7
Oracle: [0, 2, 3, 4, 5, 6, 9]
Tree: [0, 2, 3, 4, 5, 6, 9]
To remove: 1
Oracle size: 7
Tree size: 7
Oracle: [0, 2, 3, 4, 5, 6, 9]
Tree: [0, 2, 3, 4, 5, 6, 9]
To remove: 9
Oracle size: 6
Tree size: 6
Oracle: [0, 2, 3, 4, 5, 6]
Tree: [0, 2, 3, 4, 5, 6]
To remove: 6
Oracle size: 6
Tree size: 6
Oracle: [0, 2, 3, 4, 5, 8]
Tree: [0, 2, 3, 4, 5, 8]
To remove: 7
Oracle size: 6
Tree size: 6
Oracle: [0, 2, 3, 4, 5, 8]
Tree: [0, 2, 3, 4, 5, 8]
To remove: 9
Oracle size: 7
Tree size: 7
Oracle: [0, 2, 3, 4, 5, 7, 8]
Tree: [0, 2, 3, 4, 5, 7, 8]
To remove: 5
Oracle size: 7
Tree size: 7
Oracle: [0, 2, 3, 4, 5, 7, 8]
Tree: [0, 2, 3, 4, 5, 7, 8]
To remove: 2
Oracle size: 6
Tree size: 6
Oracle: [0, 3, 4, 5, 7, 8]
Tree: [0, 3, 4, 5, 7, 8]
To remove: 1
Oracle size: 7
Tree size: 7
Oracle: [0, 3, 4, 5, 6, 7, 8]
Tree: [0, 3, 4, 5, 6, 7, 8]
To remove: 9
Oracle size: 8
Tree size: 8
Oracle: [0, 1, 3, 4, 5, 6, 7, 8]
Tree: [0, 1, 3, 4, 5, 6, 7, 8]
To remove: 6
Oracle size: 8
Tree size: 8
Oracle: [0, 1, 3, 4, 5, 6, 7, 8]
Tree: [0, 1, 3, 4, 5, 6, 7, 8]
To remove: 0
Oracle size: 8
Tree size: 8
Oracle: [1, 3, 4, 5, 6, 7, 8, 9]
Tree: [1, 3, 4, 5, 6, 7, 8, 9]
To remove: 3
Oracle size: 7
Tree size: 7
Oracle: [1, 4, 5, 6, 7, 8, 9]
Tree: [1, 4, 5, 6, 7, 8, 9]
To remove: 3
Oracle size: 7
Tree size: 7
Oracle: [1, 4, 5, 6, 7, 8, 9]
Tree: [1, 4, 5, 6, 7, 8, 9]
To remove: 2
Oracle size: 7
Tree size: 7
Oracle: [1, 4, 5, 6, 7, 8, 9]
Tree: [1, 4, 5, 6, 7, 8, 9]
To remove: 4
Oracle size: 7
Tree size: 7
Oracle: [1, 3, 5, 6, 7, 8, 9]
Tree: [1, 3, 5, 6, 7, 8, 9]
To remove: 7
Oracle size: 7
Tree size: 7
Oracle: [1, 3, 4, 5, 6, 8, 9]
Tree: [1, 3, 4, 5, 6, 8, 9]
To remove: 0
Oracle size: 7
Tree size: 7
Oracle: [1, 3, 4, 5, 6, 8, 9]
Tree: [1, 3, 4, 5, 6, 8, 9]
To remove: 7
Oracle size: 7
Tree size: 7
Oracle: [1, 3, 4, 5, 6, 8, 9]
Tree: [1, 3, 4, 5, 6, 8, 9]
To remove: 4
Oracle size: 6
Tree size: 6
Oracle: [1, 3, 5, 6, 8, 9]
Tree: [1, 3, 5, 6, 8, 9]
To remove: 8
Oracle size: 5
Tree size: 5
Oracle: [1, 3, 5, 6, 9]
Tree: [1, 3, 5, 6, 9]
To remove: 5
Oracle size: 5
Tree size: 5
Oracle: [1, 3, 5, 6, 9]
Tree: [1, 3, 5, 6, 9]
To remove: 9
Oracle size: 4
Tree size: 4
Oracle: [1, 3, 5, 6]
Tree: [1, 3, 5, 6]
To remove: 8
Oracle size: 5
Tree size: 5
Oracle: [1, 3, 5, 6, 9]
Tree: [1, 3, 5, 6, 9]
To remove: 5
Oracle size: 4
Tree size: 4
Oracle: [1, 3, 6, 9]
Tree: [1, 3, 6, 9]
To remove: 5
Oracle size: 4
Tree size: 4
Oracle: [1, 3, 6, 9]
Tree: [1, 3, 6, 9]
To remove: 4
Oracle size: 5
Tree size: 5
Oracle: [1, 3, 5, 6, 9]
Tree: [1, 3, 5, 6, 9]
To remove: 2
Oracle size: 6
Tree size: 6
Oracle: [1, 3, 5, 6, 8, 9]
Tree: [1, 3, 5, 6, 8, 9]
To remove: 9
Oracle size: 5
Tree size: 5
Oracle: [1, 3, 5, 6, 8]
Tree: [1, 3, 5, 6, 8]
To remove: 5
Oracle size: 5
Tree size: 5
Oracle: [1, 3, 4, 6, 8]
Tree: [1, 3, 4, 6, 8]
To remove: 1
Oracle size: 5
Tree size: 5
Oracle: [3, 4, 6, 7, 8]
Tree: [3, 4, 6, 7, 8]
To remove: 8
Oracle size: 4
Tree size: 4
Oracle: [3, 4, 6, 7]
Tree: [3, 4, 6, 7]
To remove: 0
Oracle size: 4
Tree size: 4
Oracle: [3, 4, 6, 7]
Tree: [3, 4, 6, 7]
To remove: 3
Oracle size: 4
Tree size: 4
Oracle: [4, 5, 6, 7]
Tree: [4, 5, 6, 7]
To remove: 1
Oracle size: 4
Tree size: 4
Oracle: [4, 5, 6, 7]
Tree: [4, 5, 6, 7]
To remove: 3
Oracle size: 5
Tree size: 5
Oracle: [1, 4, 5, 6, 7]
Tree: [1, 4, 5, 6, 7]
To remove: 5
Oracle size: 5
Tree size: 5
Oracle: [1, 3, 4, 6, 7]
Tree: [1, 3, 4, 6, 7]
To remove: 5
Oracle size: 5
Tree size: 5
Oracle: [1, 3, 4, 6, 7]
Tree: [1, 3, 4, 6, 7]
To remove: 8
Oracle size: 5
Tree size: 5
Oracle: [1, 3, 4, 6, 7]
Tree: [1, 3, 4, 6, 7]
To remove: 5
Oracle size: 5
Tree size: 5
Oracle: [1, 3, 4, 6, 7]
Tree: [1, 3, 4, 6, 7]
To remove: 8
Oracle size: 5
Tree size: 5
Oracle: [1, 3, 4, 6, 7]
Tree: [1, 3, 4, 6, 7]
To remove: 4
Oracle size: 5
Tree size: 5
Oracle: [1, 3, 6, 7, 8]
Tree: [1, 3, 6, 7, 8]
To remove: 1
Oracle size: 5
Tree size: 5
Oracle: [1, 3, 6, 7, 8]
Tree: [1, 3, 6, 7, 8]
To remove: 0
Oracle size: 6
Tree size: 6
Oracle: [1, 3, 6, 7, 8, 9]
Tree: [1, 3, 6, 7, 8, 9]
To remove: 6
Oracle size: 5
Tree size: 5
Oracle: [1, 3, 7, 8, 9]
Tree: [1, 3, 7, 8, 9]
To remove: 7
Oracle size: 4
Tree size: 4
Oracle: [1, 3, 8, 9]
Tree: [1, 3, 8, 9]
To remove: 9
Oracle size: 3
Tree size: 3
Oracle: [1, 3, 8]
Tree: [1, 3, 8]
To remove: 3
Oracle size: 3
Tree size: 3
Oracle: [0, 1, 8]
Tree: [0, 1, 8]
To remove: 4
Oracle size: 4
Tree size: 4
Oracle: [0, 1, 4, 8]
Tree: [0, 1, 4, 8]
To remove: 2
Oracle size: 5
Tree size: 5
Oracle: [0, 1, 3, 4, 8]
Tree: [0, 1, 3, 4, 8]
To remove: 4
Oracle size: 4
Tree size: 4
Oracle: [0, 1, 3, 8]
Tree: [0, 1, 3, 8]
To remove: 1
Oracle size: 3
Tree size: 3
Oracle: [0, 3, 8]
Tree: [0, 3, 8]
To remove: 2
Oracle size: 4
Tree size: 4
Oracle: [0, 3, 7, 8]
Tree: [0, 3, 7, 8]
To remove: 1
Oracle size: 5
Tree size: 5
Oracle: [0, 3, 5, 7, 8]
Tree: [0, 3, 5, 7, 8]
To remove: 1
Oracle size: 5
Tree size: 5
Oracle: [0, 3, 5, 7, 8]
Tree: [0, 3, 5, 7, 8]
To remove: 5
Oracle size: 5
Tree size: 5
Oracle: [0, 2, 3, 7, 8]
Tree: [0, 2, 3, 7, 8]
To remove: 9
Oracle size: 6
Tree size: 6
Oracle: [0, 2, 3, 4, 7, 8]
Tree: [0, 2, 3, 4, 7, 8]
To remove: 8
Oracle size: 6
Tree size: 6
Oracle: [0, 1, 2, 3, 4, 7]
Tree: [0, 1, 2, 3, 4, 7]
To remove: 9
Oracle size: 7
Tree size: 7
Oracle: [0, 1, 2, 3, 4, 5, 7]
Tree: [0, 1, 2, 3, 4, 5, 7]
To remove: 1
Oracle size: 7
Tree size: 7
Oracle: [0, 2, 3, 4, 5, 7, 9]
Tree: [0, 2, 3, 4, 5, 7, 9]
To remove: 3
Oracle size: 6
Tree size: 6
Oracle: [0, 2, 4, 5, 7, 9]
Tree: [0, 2, 4, 5, 7, 9]
To remove: 4
Oracle size: 5
Tree size: 5
Oracle: [0, 2, 5, 7, 9]
Tree: [0, 2, 5, 7, 9]
To remove: 1
Oracle size: 6
Tree size: 6
Oracle: [0, 1, 2, 5, 7, 9]
Tree: [0, 1, 2, 5, 7, 9]
To remove: 8
Oracle size: 6
Tree size: 6
Oracle: [0, 1, 2, 5, 7, 9]
Tree: [0, 1, 2, 5, 7, 9]
To remove: 0
Oracle size: 5
Tree size: 5
Oracle: [1, 2, 5, 7, 9]
Tree: [1, 2, 5, 7, 9]
To remove: 0
Oracle size: 6
Tree size: 6
Oracle: [1, 2, 3, 5, 7, 9]
Tree: [1, 2, 3, 5, 7, 9]
To remove: 7
Oracle size: 5
Tree size: 5
Oracle: [1, 2, 3, 5, 9]
Tree: [1, 2, 3, 5, 9]
To remove: 0
Oracle size: 6
Tree size: 6
Oracle: [1, 2, 3, 5, 6, 9]
Tree: [1, 2, 3, 5, 6, 9]
To remove: 8
Oracle size: 7
Tree size: 7
Oracle: [1, 2, 3, 4, 5, 6, 9]
Tree: [1, 2, 3, 4, 5, 6, 9]
To remove: 6
Oracle size: 6
Tree size: 6
Oracle: [1, 2, 3, 4, 5, 9]
Tree: [1, 2, 3, 4, 5, 9]
To remove: 7
[...]
Oracle size: 5
Tree size: 5
Oracle: [0, 1, 2, 6, 9]
Tree: [0, 1, 2, 6, 9]
To remove: 2
Oracle size: 5
Tree size: 5
Oracle: [0, 1, 4, 6, 9]
Tree: [0, 1, 4, 6, 9]
To remove: 7
Oracle size: 6
Tree size: 6
Oracle: [0, 1, 2, 4, 6, 9]
Tree: [0, 1, 2, 4, 6, 9]
To remove: 4
Oracle size: 5
Tree size: 5
Oracle: [0, 1, 2, 6, 9]
Tree: [0, 1, 2, 6, 9]
To remove: 9
Oracle size: 5
Tree size: 5
Oracle: [0, 1, 2, 3, 6]
Tree: [0, 1, 2, 3, 6]
To remove: 7
Oracle size: 5
Tree size: 5
Oracle: [0, 1, 2, 3, 6]
Tree: [0, 1, 2, 3, 6]
To remove: 4
Oracle size: 5
Tree size: 5
Oracle: [0, 1, 2, 3, 6]
Tree: [0, 1, 2, 3, 6]
To remove: 9
Oracle size: 6
Tree size: 6
Oracle: [0, 1, 2, 3, 6, 7]
Tree: [0, 1, 2, 3, 6, 7]
To remove: 4
Oracle size: 6
Tree size: 6
Oracle: [0, 1, 2, 3, 6, 7]
Tree: [0, 1, 2, 3, 6, 7]
To remove: 1
Oracle size: 6
Tree size: 6
Oracle: [0, 2, 3, 4, 6, 7]
Tree: [0, 2, 3, 4, 6, 7]
To remove: 5
Oracle size: 7
Tree size: 7
Oracle: [0, 2, 3, 4, 5, 6, 7]
Tree: [0, 2, 3, 4, 5, 6, 7]
To remove: 4
Oracle size: 6
Tree size: 6
Oracle: [0, 2, 3, 5, 6, 7]
Tree: [0, 2, 3, 5, 6, 7]
To remove: 6
Oracle size: 5
Tree size: 5
Oracle: [0, 2, 3, 5, 7]
Tree: [0, 2, 3, 5, 7]
To remove: 9
Oracle size: 6
Tree size: 6
Oracle: [0, 2, 3, 4, 5, 7]
Tree: [0, 2, 3, 4, 5, 7]
To remove: 2
Oracle size: 6
Tree size: 6
Oracle: [0, 3, 4, 5, 7, 8]
Tree: [0, 3, 4, 5, 7, 8]
To remove: 5
Oracle size: 5
Tree size: 5
Oracle: [0, 3, 4, 7, 8]
Tree: [0, 3, 4, 7, 8]
To remove: 6
Oracle size: 6
Tree size: 6
Oracle: [0, 3, 4, 6, 7, 8]
Tree: [0, 3, 4, 6, 7, 8]
To remove: 1
Oracle size: 6
Tree size: 6
Oracle: [0, 3, 4, 6, 7, 8]
Tree: [0, 3, 4, 6, 7, 8]
To remove: 5
Oracle size: 6
Tree size: 6
Oracle: [0, 3, 4, 6, 7, 8]
Tree: [0, 3, 4, 6, 7, 8]
To remove: 1
Oracle size: 7
Tree size: 7
Oracle: [0, 2, 3, 4, 6, 7, 8]
Tree: [0, 2, 3, 4, 6, 7, 8]
To remove: 6
Oracle size: 7
Tree size: 7
Oracle: [0, 1, 2, 3, 4, 7, 8]
Tree: [0, 1, 2, 3, 4, 7, 8]
To remove: 9
Oracle size: 7
Tree size: 7
Oracle: [0, 1, 2, 3, 4, 7, 8]
Tree: [0, 1, 2, 3, 4, 7, 8]
To remove: 7
Oracle size: 7
Tree size: 7
Oracle: [0, 1, 2, 3, 4, 5, 8]
Tree: [0, 1, 2, 3, 4, 5, 8]
To remove: 1
Oracle size: 6
Tree size: 6
Oracle: [0, 2, 3, 4, 5, 8]
Tree: [0, 2, 3, 4, 5, 8]
To remove: 8
Oracle size: 6
Tree size: 6
Oracle: [0, 2, 3, 4, 5, 8]
Tree: [0, 2, 3, 4, 5, 8]
To remove: 6
Oracle size: 6
Tree size: 6
Oracle: [0, 2, 3, 4, 5, 8]
Tree: [0, 2, 3, 4, 5, 8]
To remove: 5
Oracle size: 5
Tree size: 5
Oracle: [0, 2, 3, 4, 8]
Tree: [0, 2, 3, 4, 8]
To remove: 5
Oracle size: 5
Tree size: 5
Oracle: [0, 2, 3, 4, 8]
Tree: [0, 2, 3, 4, 8]
To remove: 5
Oracle size: 5
Tree size: 5
Oracle: [0, 2, 3, 4, 8]
Tree: [0, 2, 3, 4, 8]
To remove: 9
Oracle size: 6
Tree size: 6
Oracle: [0, 1, 2, 3, 4, 8]
Tree: [0, 1, 2, 3, 4, 8]
To remove: 2
Oracle size: 6
Tree size: 6
Oracle: [0, 1, 3, 4, 8, 9]
Tree: [0, 1, 3, 4, 8, 9]
To remove: 6
Oracle size: 6
Tree size: 6
Oracle: [0, 1, 3, 4, 8, 9]
Tree: [0, 1, 3, 4, 8, 9]
To remove: 7
Oracle size: 6
Tree size: 6
Oracle: [0, 1, 3, 4, 8, 9]
Tree: [0, 1, 3, 4, 8, 9]
To remove: 7
Oracle size: 6
Tree size: 6
Oracle: [0, 1, 3, 4, 8, 9]
Tree: [0, 1, 3, 4, 8, 9]
To remove: 0
Oracle size: 5
Tree size: 5
Oracle: [1, 3, 4, 8, 9]
Tree: [1, 3, 4, 8, 9]
To remove: 6
Oracle size: 6
Tree size: 6
Oracle: [1, 2, 3, 4, 8, 9]
Tree: [1, 2, 3, 4, 8, 9]
To remove: 7
Oracle size: 7
Tree size: 7
Oracle: [1, 2, 3, 4, 6, 8, 9]
Tree: [1, 2, 3, 4, 6, 8, 9]
To remove: 1
Oracle size: 7
Tree size: 7
Oracle: [0, 2, 3, 4, 6, 8, 9]
Tree: [0, 2, 3, 4, 6, 8, 9]
To remove: 5
Oracle size: 8
Tree size: 8
Oracle: [0, 2, 3, 4, 5, 6, 8, 9]
Tree: [0, 2, 3, 4, 5, 6, 8, 9]
To remove: 2
Oracle size: 7
Tree size: 7
Oracle: [0, 3, 4, 5, 6, 8, 9]
Tree: [0, 3, 4, 5, 6, 8, 9]
To remove: 8
Oracle size: 6
Tree size: 6
Oracle: [0, 3, 4, 5, 6, 9]
Tree: [0, 3, 4, 5, 6, 9]
To remove: 0
Oracle size: 6
Tree size: 6
Oracle: [3, 4, 5, 6, 8, 9]
Tree: [3, 4, 5, 6, 8, 9]
To remove: 7
Oracle size: 6
Tree size: 6
Oracle: [3, 4, 5, 6, 8, 9]
Tree: [3, 4, 5, 6, 8, 9]
To remove: 3
Oracle size: 6
Tree size: 6
Oracle: [4, 5, 6, 7, 8, 9]
Tree: [4, 5, 6, 7, 8, 9]
To remove: 0
Oracle size: 6
Tree size: 6
Oracle: [4, 5, 6, 7, 8, 9]
Tree: [4, 5, 6, 7, 8, 9]
To remove: 1
Oracle size: 7
Tree size: 7
Oracle: [3, 4, 5, 6, 7, 8, 9]
Tree: [3, 4, 5, 6, 7, 8, 9]
To remove: 3
Oracle size: 7
Tree size: 7
Oracle: [3, 4, 5, 6, 7, 8, 9]
Tree: [3, 4, 5, 6, 7, 8, 9]
To remove: 5
Oracle size: 6
Tree size: 6
Oracle: [3, 4, 6, 7, 8, 9]
Tree: [3, 4, 6, 7, 8, 9]
To remove: 1
Oracle size: 6
Tree size: 6
Oracle: [3, 4, 6, 7, 8, 9]
Tree: [3, 4, 6, 7, 8, 9]
To remove: 6
Oracle size: 5
Tree size: 5
Oracle: [3, 4, 7, 8, 9]
Tree: [3, 4, 7, 8, 9]
To remove: 2
Oracle size: 6
Tree size: 6
Oracle: [3, 4, 5, 7, 8, 9]
Tree: [3, 4, 5, 7, 8, 9]
To remove: 5
Oracle size: 5
Tree size: 5
Oracle: [3, 4, 7, 8, 9]
Tree: [3, 4, 7, 8, 9]
To remove: 4
Oracle size: 4
Tree size: 4
Oracle: [3, 7, 8, 9]
Tree: [3, 7, 8, 9]
To remove: 1
Oracle size: 4
Tree size: 4
Oracle: [3, 7, 8, 9]
Tree: [3, 7, 8, 9]
To remove: 6
Oracle size: 4
Tree size: 4
Oracle: [3, 7, 8, 9]
Tree: [3, 7, 8, 9]
To remove: 9
Oracle size: 3
Tree size: 3
Oracle: [3, 7, 8]
Tree: [3, 7, 8]
To remove: 6
Oracle size: 4
Tree size: 4
Oracle: [3, 6, 7, 8]
Tree: [3, 6, 7, 8]
To remove: 5
Oracle size: 4
Tree size: 4
Oracle: [3, 6, 7, 8]
Tree: [3, 6, 7, 8]
To remove: 3
Oracle size: 4
Tree size: 4
Oracle: [1, 6, 7, 8]
Tree: [1, 6, 7, 8]
To remove: 1
Oracle size: 3
Tree size: 3
Oracle: [6, 7, 8]
Tree: [6, 7, 8]
To remove: 0
Oracle size: 3
Tree size: 3
Oracle: [6, 7, 8]
Tree: [6, 7, 8]
To remove: 4
Oracle size: 4
Tree size: 4
Oracle: [6, 7, 8, 9]
Tree: [6, 7, 8, 9]
To remove: 8
Oracle size: 3
Tree size: 3
Oracle: [6, 7, 9]
Tree: [6, 7, 9]
To remove: 7
Oracle size: 3
Tree size: 3
Oracle: [0, 6, 9]
Tree: [0, 6, 9]
To remove: 5
Oracle size: 4
Tree size: 4
Oracle: [0, 1, 6, 9]
Tree: [0, 1, 6, 9]
To remove: 2
Oracle size: 5
Tree size: 5
Oracle: [0, 1, 6, 8, 9]
Tree: [0, 1, 6, 8, 9]
To remove: 1
Oracle size: 4
Tree size: 4
Oracle: [0, 6, 8, 9]
Tree: [0, 6, 8, 9]
To remove: 1
Oracle size: 5
Tree size: 5
Oracle: [0, 6, 7, 8, 9]
Tree: [0, 6, 7, 8, 9]
To remove: 0
Oracle size: 5
Tree size: 5
Oracle: [4, 6, 7, 8, 9]
Tree: [4, 6, 7, 8, 9]
To remove: 9
Oracle size: 5
Tree size: 5
Oracle: [0, 4, 6, 7, 8]
Tree: [0, 4, 6, 7, 8]
To remove: 5
Oracle size: 6
Tree size: 6
Oracle: [0, 2, 4, 6, 7, 8]
Tree: [0, 2, 4, 6, 7, 8]
To remove: 1
Oracle size: 6
Tree size: 6
Oracle: [0, 2, 4, 6, 7, 8]
Tree: [0, 2, 4, 6, 7, 8]
To remove: 0
Oracle size: 5
Tree size: 5
Oracle: [2, 4, 6, 7, 8]
Tree: [2, 4, 6, 7, 8]
To remove: 9
Oracle size: 6
Tree size: 6
Oracle: [0, 2, 4, 6, 7, 8]
Tree: [0, 2, 4, 6, 7, 8]
To remove: 6
Oracle size: 6
Tree size: 6
Oracle: [0, 2, 3, 4, 7, 8]
Tree: [0, 2, 3, 4, 7, 8]
To remove: 3
Oracle size: 5
Tree size: 5
Oracle: [0, 2, 4, 7, 8]
Tree: [0, 2, 4, 7, 8]
To remove: 8
Oracle size: 5
Tree size: 5
Oracle: [0, 2, 4, 7, 8]
Tree: [0, 2, 4, 7, 8]
To remove: 7
Oracle size: 4
Tree size: 4
Oracle: [0, 2, 4, 8]
Tree: [0, 2, 4, 8]
To remove: 7
Oracle size: 4
Tree size: 4
Oracle: [0, 2, 4, 8]
Tree: [0, 2, 4, 8]
To remove: 6
Oracle size: 4
Tree size: 4
Oracle: [0, 2, 4, 8]
Tree: [0, 2, 4, 8]
To remove: 7
Oracle size: 4
Tree size: 4
Oracle: [0, 2, 4, 8]
Tree: [0, 2, 4, 8]
To remove: 1
Oracle size: 5
Tree size: 5
Oracle: [0, 2, 4, 6, 8]
Tree: [0, 2, 4, 6, 8]
To remove: 7
Oracle size: 6
Tree size: 6
Oracle: [0, 2, 4, 6, 7, 8]
Tree: [0, 2, 4, 6, 7, 8]
To remove: 4
Oracle size: 5
Tree size: 5
Oracle: [0, 2, 6, 7, 8]
Tree: [0, 2, 6, 7, 8]
To remove: 2
Oracle size: 4
Tree size: 4
Oracle: [0, 6, 7, 8]
Tree: [0, 6, 7, 8]
To remove: 0
Oracle size: 4
Tree size: 4
Oracle: [5, 6, 7, 8]
Tree: [5, 6, 7, 8]
To remove: 7
Oracle size: 4
Tree size: 4
Oracle: [3, 5, 6, 8]
Tree: [3, 5, 6, 8]
To remove: 9
Oracle size: 4
Tree size: 4
Oracle: [3, 5, 6, 8]
Tree: [3, 5, 6, 8]
To remove: 6
Oracle size: 4
Tree size: 4
Oracle: [3, 5, 7, 8]
Tree: [3, 5, 7, 8]
To remove: 2
Oracle size: 4
Tree size: 4
Oracle: [3, 5, 7, 8]
Tree: [3, 5, 7, 8]
To remove: 8
Oracle size: 3
Tree size: 3
Oracle: [3, 5, 7]
Tree: [3, 5, 7]
To remove: 4
Oracle size: 3
Tree size: 3
Oracle: [3, 5, 7]
Tree: [3, 5, 7]
To remove: 5
Oracle size: 3
Tree size: 3
Oracle: [1, 3, 7]
Tree: [1, 3, 7]
To remove: 9
Oracle size: 4
Tree size: 4
Oracle: [1, 3, 7, 8]
Tree: [1, 3, 7, 8]
To remove: 7
Oracle size: 4
Tree size: 4
Oracle: [1, 3, 7, 8]
Tree: [1, 3, 7, 8]
To remove: 3
Oracle size: 4
Tree size: 4
Oracle: [1, 3, 7, 8]
Tree: [1, 3, 7, 8]
To remove: 6
Oracle size: 4
Tree size: 4
Oracle: [1, 3, 7, 8]
Tree: [1, 3, 7, 8]
To remove: 6
Oracle size: 4
Tree size: 4
Oracle: [1, 3, 7, 8]
Tree: [1, 3, 7, 8]
To remove: 4
Oracle size: 5
Tree size: 5
Oracle: [1, 2, 3, 7, 8]
Tree: [1, 2, 3, 7, 8]
To remove: 7
Oracle size: 5
Tree size: 5
Oracle: [1, 2, 3, 8, 9]
Tree: [1, 2, 3, 8, 9]
To remove: 9
Oracle size: 4
Tree size: 4
Oracle: [1, 2, 3, 8]
Tree: [1, 2, 3, 8]
To remove: 1
Oracle size: 4
Tree size: 4
Oracle: [2, 3, 4, 8]
Tree: [2, 3, 4, 8]
To remove: 3
Oracle size: 4
Tree size: 4
Oracle: [2, 4, 8, 9]
Tree: [2, 4, 8, 9]
To remove: 5
Oracle size: 5
Tree size: 5
Oracle: [2, 3, 4, 8, 9]
Tree: [2, 3, 4, 8, 9]
To remove: 5
Oracle size: 5
Tree size: 5
Oracle: [2, 3, 4, 8, 9]
Tree: [2, 3, 4, 8, 9]
To remove: 7
Oracle size: 6
Tree size: 6
Oracle: [2, 3, 4, 5, 8, 9]
Tree: [2, 3, 4, 5, 8, 9]
To remove: 9
Oracle size: 6
Tree size: 6
Oracle: [2, 3, 4, 5, 8, 9]
Tree: [2, 3, 4, 5, 8, 9]
To remove: 6
Oracle size: 6
Tree size: 6
Oracle: [2, 3, 4, 5, 8, 9]
Tree: [2, 3, 4, 5, 8, 9]
To remove: 5
Oracle size: 6
Tree size: 6
Oracle: [2, 3, 4, 6, 8, 9]
Tree: [2, 3, 4, 6, 8, 9]
To remove: 1
Oracle size: 7
Tree size: 7
Oracle: [1, 2, 3, 4, 6, 8, 9]
Tree: [1, 2, 3, 4, 6, 8, 9]
To remove: 3
Oracle size: 7
Tree size: 7
Oracle: [1, 2, 4, 6, 7, 8, 9]
Tree: [1, 2, 4, 6, 7, 8, 9]
To remove: 8
Oracle size: 7
Tree size: 7
Oracle: [1, 2, 4, 6, 7, 8, 9]
Tree: [1, 2, 4, 6, 7, 8, 9]
To remove: 1
Oracle size: 7
Tree size: 7
Oracle: [2, 3, 4, 6, 7, 8, 9]
Tree: [2, 3, 4, 6, 7, 8, 9]
To remove: 0
Oracle size: 8
Tree size: 8
Oracle: [2, 3, 4, 5, 6, 7, 8, 9]
Tree: [2, 3, 4, 5, 6, 7, 8, 9]
To remove: 7
Oracle size: 8
Tree size: 8
Oracle: [2, 3, 4, 5, 6, 7, 8, 9]
Tree: [2, 3, 4, 5, 6, 7, 8, 9]
To remove: 8
Oracle size: 7
Tree size: 7
Oracle: [2, 3, 4, 5, 6, 7, 9]
Tree: [2, 3, 4, 5, 6, 7, 9]
To remove: 6
Oracle size: 7
Tree size: 7
Oracle: [0, 2, 3, 4, 5, 7, 9]
Tree: [0, 2, 3, 4, 5, 7, 9]
To remove: 4
Oracle size: 6
Tree size: 6
Oracle: [0, 2, 3, 5, 7, 9]
Tree: [0, 2, 3, 5, 7, 9]
To remove: 2
Oracle size: 5
Tree size: 5
Oracle: [0, 3, 5, 7, 9]
Tree: [0, 3, 5, 7, 9]
To remove: 7
Oracle size: 5
Tree size: 5
Oracle: [0, 2, 3, 5, 9]
Tree: [0, 2, 3, 5, 9]
To remove: 6
Oracle size: 5
Tree size: 5
Oracle: [0, 2, 3, 5, 9]
Tree: [0, 2, 3, 5, 9]
To remove: 2
Oracle size: 4
Tree size: 4
Oracle: [0, 3, 5, 9]
Tree: [0, 3, 5, 9]
To remove: 7
Oracle size: 5
Tree size: 5
Oracle: [0, 3, 5, 8, 9]
Tree: [0, 3, 5, 8, 9]
To remove: 1
Oracle size: 6
Tree size: 6
Oracle: [0, 3, 5, 7, 8, 9]
Tree: [0, 3, 5, 7, 8, 9]
To remove: 5
Oracle size: 6
Tree size: 6
Oracle: [0, 2, 3, 7, 8, 9]
Tree: [0, 2, 3, 7, 8, 9]
To remove: 7
Oracle size: 5
Tree size: 5
Oracle: [0, 2, 3, 8, 9]
Tree: [0, 2, 3, 8, 9]
To remove: 0
Oracle size: 5
Tree size: 5
Oracle: [0, 2, 3, 8, 9]
Tree: [0, 2, 3, 8, 9]
To remove: 5
Oracle size: 5
Tree size: 5
Oracle: [0, 2, 3, 8, 9]
Tree: [0, 2, 3, 8, 9]
To remove: 1
Oracle size: 6
Tree size: 6
Oracle: [0, 2, 3, 7, 8, 9]
Tree: [0, 2, 3, 7, 8, 9]
To remove: 3
Oracle size: 5
Tree size: 5
Oracle: [0, 2, 7, 8, 9]
Tree: [0, 2, 7, 8, 9]
To remove: 8
Oracle size: 5
Tree size: 5
Oracle: [0, 2, 7, 8, 9]
Tree: [0, 2, 7, 8, 9]
To remove: 4
Oracle size: 6
Tree size: 6
Oracle: [0, 2, 6, 7, 8, 9]
Tree: [0, 2, 6, 7, 8, 9]
To remove: 8
Oracle size: 6
Tree size: 6
Oracle: [0, 2, 4, 6, 7, 9]
Tree: [0, 2, 4, 6, 7, 9]
To remove: 5
Oracle size: 6
Tree size: 6
Oracle: [0, 2, 4, 6, 7, 9]
Tree: [0, 2, 4, 6, 7, 9]
To remove: 3
Oracle size: 6
Tree size: 6
Oracle: [0, 2, 4, 6, 7, 9]
Tree: [0, 2, 4, 6, 7, 9]
To remove: 9
Oracle size: 6
Tree size: 6
Oracle: [0, 1, 2, 4, 6, 7]
Tree: [0, 1, 2, 4, 6, 7]
To remove: 6
Oracle size: 5
Tree size: 5
Oracle: [0, 1, 2, 4, 7]
Tree: [0, 1, 2, 4, 7]
To remove: 6
Oracle size: 5
Tree size: 5
Oracle: [0, 1, 2, 4, 7]
Tree: [0, 1, 2, 4, 7]
To remove: 4
Oracle size: 4
Tree size: 4
Oracle: [0, 1, 2, 7]
Tree: [0, 1, 2, 7]
To remove: 5
Oracle size: 4
Tree size: 4
Oracle: [0, 1, 2, 7]
Tree: [0, 1, 2, 7]
To remove: 1
Oracle size: 4
Tree size: 4
Oracle: [0, 2, 6, 7]
Tree: [0, 2, 6, 7]
To remove: 3
Oracle size: 5
Tree size: 5
Oracle: [0, 2, 6, 7, 9]
Tree: [0, 2, 6, 7, 9]
To remove: 3
Oracle size: 5
Tree size: 5
Oracle: [0, 2, 6, 7, 9]
Tree: [0, 2, 6, 7, 9]
To remove: 6
Oracle size: 4
Tree size: 4
Oracle: [0, 2, 7, 9]
Tree: [0, 2, 7, 9]
To remove: 2
Oracle size: 4
Tree size: 4
Oracle: [0, 7, 8, 9]
Tree: [0, 7, 8, 9]
To remove: 9
Oracle size: 4
Tree size: 4
Oracle: [0, 5, 7, 8]
Tree: [0, 5, 7, 8]
To remove: 5
Oracle size: 4
Tree size: 4
Oracle: [0, 1, 7, 8]
Tree: [0, 1, 7, 8]
To remove: 3
Oracle size: 4
Tree size: 4
Oracle: [0, 1, 7, 8]
Tree: [0, 1, 7, 8]
To remove: 0
Oracle size: 4
Tree size: 4
Oracle: [1, 7, 8, 9]
Tree: [1, 7, 8, 9]
To remove: 4
Oracle size: 4
Tree size: 4
Oracle: [1, 7, 8, 9]
Tree: [1, 7, 8, 9]
To remove: 4
Oracle size: 4
Tree size: 4
Oracle: [1, 7, 8, 9]
Tree: [1, 7, 8, 9]
To remove: 4
Oracle size: 5
Tree size: 5
Oracle: [1, 3, 7, 8, 9]
Tree: [1, 3, 7, 8, 9]
To remove: 3
Oracle size: 4
Tree size: 4
Oracle: [1, 7, 8, 9]
Tree: [1, 7, 8, 9]
To remove: 4
Oracle size: 5
Tree size: 5
Oracle: [1, 3, 7, 8, 9]
Tree: [1, 3, 7, 8, 9]
To remove: 9
Oracle size: 5
Tree size: 5
Oracle: [1, 3, 7, 8, 9]
Tree: [1, 3, 7, 8, 9]
To remove: 4
Oracle size: 5
Tree size: 5
Oracle: [1, 3, 7, 8, 9]
Tree: [1, 3, 7, 8, 9]
To remove: 8
Oracle size: 5
Tree size: 5
Oracle: [1, 3, 7, 8, 9]
Tree: [1, 3, 7, 8, 9]
To remove: 3
Oracle size: 4
Tree size: 4
Oracle: [1, 7, 8, 9]
Tree: [1, 7, 8, 9]
To remove: 8
Oracle size: 3
Tree size: 3
Oracle: [1, 7, 9]
Tree: [1, 7, 9]
To remove: 9
Oracle size: 2
Tree size: 2
Oracle: [1, 7]
Tree: [1, 7]
To remove: 8
Oracle size: 3
Tree size: 3
Oracle: [1, 2, 7]
Tree: [1, 2, 7]
To remove: 2
Oracle size: 3
Tree size: 3
Oracle: [1, 6, 7]
Tree: [1, 6, 7]
To remove: 9
Oracle size: 4
Tree size: 4
Oracle: [0, 1, 6, 7]
Tree: [0, 1, 6, 7]
To remove: 4
Oracle size: 4
Tree size: 4
Oracle: [0, 1, 6, 7]
Tree: [0, 1, 6, 7]
To remove: 3
Oracle size: 5
Tree size: 5
Oracle: [0, 1, 6, 7, 9]
Tree: [0, 1, 6, 7, 9]
To remove: 7
Oracle size: 5
Tree size: 5
Oracle: [0, 1, 4, 6, 9]
Tree: [0, 1, 4, 6, 9]
To remove: 9
Oracle size: 5
Tree size: 5
Oracle: [0, 1, 3, 4, 6]
Tree: [0, 1, 3, 4, 6]
To remove: 8
Oracle size: 5
Tree size: 5
Oracle: [0, 1, 3, 4, 6]
Tree: [0, 1, 3, 4, 6]
To remove: 2
Oracle size: 6
Tree size: 6
Oracle: [0, 1, 3, 4, 6, 9]
Tree: [0, 1, 3, 4, 6, 9]
To remove: 5
Oracle size: 7
Tree size: 7
Oracle: [0, 1, 2, 3, 4, 6, 9]
Tree: [0, 1, 2, 3, 4, 6, 9]
To remove: 5
Oracle size: 8
Tree size: 8
Oracle: [0, 1, 2, 3, 4, 6, 7, 9]
Tree: [0, 1, 2, 3, 4, 6, 7, 9]
To remove: 3
Oracle size: 7
Tree size: 7
Oracle: [0, 1, 2, 4, 6, 7, 9]
Tree: [0, 1, 2, 4, 6, 7, 9]
To remove: 9
Oracle size: 6
Tree size: 6
Oracle: [0, 1, 2, 4, 6, 7]
Tree: [0, 1, 2, 4, 6, 7]
To remove: 1
Oracle size: 6
Tree size: 6
Oracle: [0, 2, 3, 4, 6, 7]
Tree: [0, 2, 3, 4, 6, 7]
To remove: 6
Oracle size: 5
Tree size: 5
Oracle: [0, 2, 3, 4, 7]
Tree: [0, 2, 3, 4, 7]
To remove: 3
Oracle size: 4
Tree size: 4
Oracle: [0, 2, 4, 7]
Tree: [0, 2, 4, 7]
To remove: 6
Oracle size: 5
Tree size: 5
Oracle: [0, 2, 3, 4, 7]
Tree: [0, 2, 3, 4, 7]
To remove: 3
Oracle size: 5
Tree size: 5
Oracle: [0, 2, 3, 4, 7]
Tree: [0, 2, 3, 4, 7]
To remove: 5
Oracle size: 5
Tree size: 5
Oracle: [0, 2, 3, 4, 7]
Tree: [0, 2, 3, 4, 7]
To remove: 7
Oracle size: 5
Tree size: 5
Oracle: [0, 2, 3, 4, 7]
Tree: [0, 2, 3, 4, 7]
To remove: 6
Oracle size: 6
Tree size: 6
Oracle: [0, 2, 3, 4, 7, 8]
Tree: [0, 2, 3, 4, 7, 8]
To remove: 4
Oracle size: 5
Tree size: 5
Oracle: [0, 2, 3, 7, 8]
Tree: [0, 2, 3, 7, 8]
To remove: 9
Oracle size: 6
Tree size: 6
Oracle: [0, 2, 3, 6, 7, 8]
Tree: [0, 2, 3, 6, 7, 8]
To remove: 7
Oracle size: 6
Tree size: 6
Oracle: [0, 2, 3, 4, 6, 8]
Tree: [0, 2, 3, 4, 6, 8]
To remove: 4
Oracle size: 5
Tree size: 5
Oracle: [0, 2, 3, 6, 8]
Tree: [0, 2, 3, 6, 8]
To remove: 5
Oracle size: 5
Tree size: 5
Oracle: [0, 2, 3, 6, 8]
Tree: [0, 2, 3, 6, 8]
To remove: 6
Oracle size: 4
Tree size: 4
Oracle: [0, 2, 3, 8]
Tree: [0, 2, 3, 8]
To remove: 6
Oracle size: 5
Tree size: 5
Oracle: [0, 2, 3, 6, 8]
Tree: [0, 2, 3, 6, 8]
To remove: 9
Oracle size: 6
Tree size: 6
Oracle: [0, 1, 2, 3, 6, 8]
Tree: [0, 1, 2, 3, 6, 8]
To remove: 3
Oracle size: 5
Tree size: 5
Oracle: [0, 1, 2, 6, 8]
Tree: [0, 1, 2, 6, 8]
To remove: 3
Oracle size: 5
Tree size: 5
Oracle: [0, 1, 2, 6, 8]
Tree: [0, 1, 2, 6, 8]
To remove: 9
Oracle size: 5
Tree size: 5
Oracle: [0, 1, 2, 6, 8]
Tree: [0, 1, 2, 6, 8]
To remove: 7
Oracle size: 6
Tree size: 6
Oracle: [0, 1, 2, 6, 7, 8]
Tree: [0, 1, 2, 6, 7, 8]
To remove: 5
Oracle size: 6
Tree size: 6
Oracle: [0, 1, 2, 6, 7, 8]
Tree: [0, 1, 2, 6, 7, 8]
To remove: 7
Oracle size: 6
Tree size: 6
Oracle: [0, 1, 2, 6, 8, 9]
Tree: [0, 1, 2, 6, 8, 9]
To remove: 4
Oracle size: 6
Tree size: 6
Oracle: [0, 1, 2, 6, 8, 9]
Tree: [0, 1, 2, 6, 8, 9]
To remove: 2
Oracle size: 6
Tree size: 6
Oracle: [0, 1, 4, 6, 8, 9]
Tree: [0, 1, 4, 6, 8, 9]
To remove: 8
Oracle size: 6
Tree size: 6
Oracle: [0, 1, 4, 6, 7, 9]
Tree: [0, 1, 4, 6, 7, 9]
To remove: 8
Oracle size: 6
Tree size: 6
Oracle: [0, 1, 4, 6, 7, 9]
Tree: [0, 1, 4, 6, 7, 9]
To remove: 0
Oracle size: 6
Tree size: 6
Oracle: [0, 1, 4, 6, 7, 9]
Tree: [0, 1, 4, 6, 7, 9]
To remove: 4
Oracle size: 6
Tree size: 6
Oracle: [0, 1, 2, 6, 7, 9]
Tree: [0, 1, 2, 6, 7, 9]
To remove: 0
Oracle size: 6
Tree size: 6
Oracle: [1, 2, 4, 6, 7, 9]
Tree: [1, 2, 4, 6, 7, 9]
To remove: 1
Oracle size: 5
Tree size: 5
Oracle: [2, 4, 6, 7, 9]
Tree: [2, 4, 6, 7, 9]
To remove: 2
Oracle size: 5
Tree size: 5
Oracle: [2, 4, 6, 7, 9]
Tree: [2, 4, 6, 7, 9]
To remove: 0
Oracle size: 5
Tree size: 5
Oracle: [2, 4, 6, 7, 9]
Tree: [2, 4, 6, 7, 9]
To remove: 7
Oracle size: 5
Tree size: 5
Oracle: [1, 2, 4, 6, 9]
Tree: [1, 2, 4, 6, 9]
To remove: 1
Oracle size: 4
Tree size: 4
Oracle: [2, 4, 6, 9]
Tree: [2, 4, 6, 9]
To remove: 5
Oracle size: 5
Tree size: 5
Oracle: [2, 3, 4, 6, 9]
Tree: [2, 3, 4, 6, 9]
To remove: 2
Oracle size: 4
Tree size: 4
Oracle: [3, 4, 6, 9]
Tree: [3, 4, 6, 9]
To remove: 5
Oracle size: 4
Tree size: 4
Oracle: [3, 4, 6, 9]
Tree: [3, 4, 6, 9]
To remove: 1
Oracle size: 4
Tree size: 4
Oracle: [3, 4, 6, 9]
Tree: [3, 4, 6, 9]
To remove: 2
Oracle size: 5
Tree size: 5
Oracle: [3, 4, 6, 7, 9]
Tree: [3, 4, 6, 7, 9]
To remove: 4
Oracle size: 5
Tree size: 5
Oracle: [3, 4, 6, 7, 9]
Tree: [3, 4, 6, 7, 9]
To remove: 9
Oracle size: 4
Tree size: 4
Oracle: [3, 4, 6, 7]
Tree: [3, 4, 6, 7]
To remove: 5
Oracle size: 5
Tree size: 5
Oracle: [3, 4, 6, 7, 9]
Tree: [3, 4, 6, 7, 9]
To remove: 8
Oracle size: 6
Tree size: 6
Oracle: [2, 3, 4, 6, 7, 9]
Tree: [2, 3, 4, 6, 7, 9]
To remove: 6
Oracle size: 6
Tree size: 6
Oracle: [2, 3, 4, 5, 7, 9]
Tree: [2, 3, 4, 5, 7, 9]
To remove: 2
Oracle size: 5
Tree size: 5
Oracle: [3, 4, 5, 7, 9]
Tree: [3, 4, 5, 7, 9]
To remove: 0
Oracle size: 6
Tree size: 6
Oracle: [3, 4, 5, 6, 7, 9]
Tree: [3, 4, 5, 6, 7, 9]
To remove: 5
Oracle size: 5
Tree size: 5
Oracle: [3, 4, 6, 7, 9]
Tree: [3, 4, 6, 7, 9]
To remove: 2
Oracle size: 5
Tree size: 5
Oracle: [3, 4, 6, 7, 9]
Tree: [3, 4, 6, 7, 9]
To remove: 3
Oracle size: 5
Tree size: 5
Oracle: [2, 4, 6, 7, 9]
Tree: [2, 4, 6, 7, 9]
To remove: 0
Oracle size: 5
Tree size: 5
Oracle: [2, 4, 6, 7, 9]
Tree: [2, 4, 6, 7, 9]
To remove: 7
]]></system-out>
  </testcase>
  <testcase name="testRemoveExistingLeaf" classname="alda.BinarySearchTreeTest" time="0.0"/>
  <testcase name="testRemoveExistingMiddleItemWithTwoChildren" classname="alda.BinarySearchTreeTest" time="0.0"/>
  <testcase name="testRemoveExistingMiddleItemWithEmptyRightChild" classname="alda.BinarySearchTreeTest" time="0.0"/>
</testsuite>