<?xml version="1.0" encoding="UTF-8"?>
<testsuite xmlns:xsi="http://www.w3.org/2001/XMLSchema-instance" xsi:noNamespaceSchemaLocation="https://maven.apache.org/surefire/maven-surefire-plugin/xsd/surefire-test-report.xsd" version="3.0.1" name="alda.AppTest" time="1.559" tests="1" errors="0" skipped="0" failures="0">
  <properties>
[...]
</properties>
  <testcase name="shouldAnswerWithTrue" classname="alda.AppTest" time="1.548">
    <system-out><![CDATA[Generating 20000 book instances...

663697415
-1500098819
1632027273
-1478575599
1781493867
1604050920
-1112273252
1986430282
527826514
1947525740
-585532372
-1198126585
-1736831341
1853491803
-1459609003
1521305481
-642515052
-1805356256
-620991832
-1655889662
-439626362
1691520401
528679197
1713134190
678170090
715974628
-2000440113
1098329691
-360274077
1059449448
1105384356
1898000751
-348205082
-1120437650
1008206920
592618510
-495988535
-1705288418
668376968
817412418
-1206321005
372165280
-824032212
2012331316
-862936754
1385763848
-1330626594
1768143210
309539442
1729238668
-361745216
1216807339
20609847
-1437993921
-18204126
97786849
890403244
-1355826888
-2128059456
585114
-485101334
-1573708379
1511868465
-409342876
-260307426
2080958215
-635456526
-1831654018
1004800079
-1870534261
308044004
1886687128
690423366
-768180402
651518824
-1369367022
209185533
-986987660
1849375868
-1025892202
-979932995
-187316600
1861420564
1089187996
-1077134730
-1492632571
1713661410
504270958
-1416964682
-1267929232
1003238371
-1713176370
1385593434
-73010334
1346713191
-699553503
878999052
-317198440
-1775802208
-356012413
1266253312
-1450161429
1648608375
190004607
1609794402
1725785377
-1776565524
272171640
-500060928
1628583642
1142897194
54290149
-1155100303
1218655652
1367691102
-586010553
992542002
-203655490
-1662168689
-242535733
1936042532
-780281640
-1976545402
859818126
-2015449944
258631506
1837184061
641010868
-817592900
602106326
648065533
1440681928
-805548204
-1577780772
550863798
135365957
-953307358
2132269486
211033846
360069296
-1663730397
-85177842
-1281375334
1554988194
-1320255577
928445025
-1787969716
1310800088
-147803680
1271986115
-819088338
759464217
-436642706
-1895312744
-475613518
-359556273
433060122
-1813170010
1709589017
-456733709
-942444456
-2031027202
1054549642
-866685998
-717650548
1623615093
-1092709079
2005994455
547390687
1967089913
-149274819
1429277736
233080244
-1225523524
194175702
-1826685845
-248133290
-1444330782
1392032746
-1483235324
-1437276117
-644659722
1404077442
631935443
-1534453553
-1950041963
1256318288
46927836
-1874307804
-1725248055
545895249
2124447804
928274611
-530329157
889370069
-1156896625
421655930
-774450993
2061846265
-813421805
1467431622
-696388911
-1859139546
-674841392
-1709739222
-1887182169
-308629614
-1504827106
1331560721
-1543707349
-2090341808
1592055574
1053350818
348706666
1330573156
16496045
-2147233919
984825903
-2125776969
1134292497
-1944411499
186735264
-976105940
208258484
-826639346
-788810509
789742046
-406455446
-1865059214
-445359988
-399400781
393215614
-1853014518
1669810779
-496578217
-912166627
-2000773672
1084803172
-836432468
-687372719
1583770585
-1132644156
1966149947
507546179
1927245405
-119021289
1459531266
263424343
-1195245695
224453531
-1866464083
-287977798
-1484175290
1352188238
-1523079832
-1407022587
-614381893
1434355271
662122703
-1504200023
-1989886471
1216473780
7083328
-1914152312
-1765026293
576173078
-2140241663
958528141
-500075627
919623599
-1196741133
381811422
-814386070
2022001757
-853266313
1420815137
-1295599604
1803170200
344657001
1764289957
1810224865
-1692035467
356635427
-415597141
1713047429
1297459019
208851974
-1000514179
1373217477
1522252927
-501546766
1077005789
-119191703
-1577795471
-158096245
2090694926
-625786085
-1821983577
1014379951
-1860888119
-828588739
749897546
-446299946
-1904903714
-485204488
-369147243
423493451
-1822736681
1699998047
-466324679
-952011127
-2040618172
1044958672
-876276968
-727150949
1614048422
-1102366319
1996403485
537799717
1957498943
-158865789
1419686766
223489274
-1235090195
184609031
-1836276815
-257724260
-1453921752
1382532345
-1492801995
-1446867087
-654160123
1394510771
622278203
-1544044523
-1959632933
1246727318
37361165
-1883874475
-1734839025
536328578
2114881133
918683641
-539920127
879779099
-1166397026
412089259
-784108233
2052255295
-823012775
1380970637
-1335444104
1763325700
304721932
1724445457
1840502702
-1661848199
386888965
-385343603
1743391536
1257614519
169007474
-1040292409
1333372977
1482408427
-471293228
1107259327
-88938165
-1547517634
-127818408
2050759857
-665630585
-1861828077
974535451
-1900732619
373348831
1951991955
755728193
-702875575
716823651
762782858
1555399253
-690830879
-1463063447
665581123
250017012
-838590033
-2047980485
325751171
474786621
-1549013072
29539483
-1166658009
1669796088
-1205538252
1043162350
-1673252391
1425517413
-33086355
1386637170
-627476699
1503670064
340828860
1525193284
490319753
312876806
1891429361
695231869
-763371899
656417896
109717167
-502877046
-1041491233
-1746201655
-764335165
-2078412276
52734487
-1110106717
74282006
-960615824
255623177
-1908173057
1223953035
-1886649837
1373419629
1411224167
-1305100005
1793603529
334999761
1754698987
1800658194
-1701692707
347044457
-425188111
1703456459
1287892348
199285303
-1010105149
1363626507
1512661957
-511137736
1067414819
-128782673
-1587295872
-167662916
2081037686
-635377055
-1831574547
1004788981
-1870454790
333504323
1912056878
715883685
-742720083
676979143
793036388
1585652783
-660486780
-1432785618
695858952
210238774
-878434541
-2087824993
285906663
434942113
-1518759542
59817312
-1136380180
1699983348
-1175284722
1003317842
-1713096899
1385672905
-72930863
1346858932
-674093184
904459371
-291738121
-1750341889
-330642663
-284683456
507932939
-1738297193
1784461834
-381860892
-797449302
-1886056347
1199520497
-721624574
-572655394
1698487910
-1017836262
2080867272
622263504
2041962730
-4303964
1574248591
378075398
-1080528370
339170856
-255901192
1322651363
126478170
-1332125598
87573628
203630873
996247268
-1249892295
-2022191133
106453437
1929352603
840679288
-368711164
2005020492
-2140911354
200354287
1778931141
582733649
-875870119
543829107
-1572535625
6016930
-1190180562
1646182966
-1228994535
1045020645
-1671394096
1427375708
-31228060
1388471166
1434430373
-2067920528
-19183364
-791391633
1337252937
921664527
-166942518
-1376332970
997489255
1146458435
-877365557
701277567
-494986195
-1953589963
-533890737
1714809865
-1001604876
2097189227
638585459
2058284685
-32699199
1545853356
349655864
-1108947904
310751322
426899136
1219449261
-1026780871
-1799013439
329631131
-156055317
-1244662362
1840914482
-80321158
68738591
-1884963064
-306410509
-1502608001
1333755527
-1541421974
637090021
-2079324720
1019535653
-439134385
980564841
-1040321005
538231550
-657965942
-2116545411
-696846185
-650911277
141729417
-2104500715
1418234013
-748088713
-1163677123
2042773697
833316975
-1087918665
-938883215
1332284388
-1384130353
1714639451
256035683
1675734909
-370507486
1208045069
11847577
-1446756191
-27056965
-1451023351
680123412
-482717792
701646632
-333251198
-510603576
1067882709
-128314783
-1586918551
-167219325
-713829485
-1326423698
-1865128454
1725194690
-1587881817
1393008368
-770812165
-1933653369
-749288945
-1784096206
-567923475
1563223288
400472653
1584770807
549872977
587677515
-2128737226
970032578
-488546891
931152335
977087243
1769727937
-476502195
-1248734763
879909807
464321397
-624195079
-1833651801
540079855
689115305
-1334684388
243868167
-952329325
1884034203
-991233867
1257491034
-1458923707
1639846097
181242329
1600941555
-490042329
1088510226
-107687266
-1566200465
-146567509
-30510264
762106131
-1484124001
2038610727
-127687700
-613398447
-1702005492
1383595651
-537639989
-388604539
1952661102
-763753639
-1959860562
876436696
-1998831374
179837460
1758323745
562126253
-896477515
523221711
-1497664135
80912719
-1115284773
1721078755
-1154189315
-1108230108
-315613713
1733123451
960890883
-1205341274
-1620995954
1585364297
375973845
-1545261795
-1396226345
874941258
-1841473483
1257296321
-201283148
1218416078
-827850616
750701939
-445495553
-1904008752
-484375796
547833015
2126385570
930188078
-528325121
891307835
1007365080
1799981475
-446248657
-1218481225
910187644
424476897
-664130148
-1873496301
500235355
649270805
-1304430850
274121705
-921985218
1914312040
-960956030
1217712804
-1498768207
1600001597
141397829
1561097055
-459788791
1118788063
-77409429
-1536013197
-116313971
-70354764
722261631
-1523968501
1998766227
-167465930
-583120610
-1671727655
1413849189
-507386451
-358351001
1912816602
-803598139
-1999795631
836592196
-2038675874
210024728
1788577283
592379791
-866133408
553499548
-1537508635
41134489
-1155129273
1681234255
-1194033815
-1077976570
-285360175
1763401288
991168720
-1175154006
-1660840454
1545519797
336129345
-1585106295
-1436070845
905285365
-1811195646
1287574158
-171029610
1248669616
-867695116
710857439
-485340053
-1943943821
-524220296
1749861154
-966553587
2132216217
673612449
2093402244
2139270882
-1363080019
685747714
-86551124
2042093446
1626505036
537897991
-671492461
1702263494
1851298944
-172525048
1406051806
209854314
-1248749454
170949772
-1875316922
-296673798
-1492937560
1343425968
-1531842102
749011325
-1414718639
1717341183
-1393261689
1866807777
1689364830
-1027049911
2071744192
613140424
2032839650
1486229490
873635277
334930521
-369713631
612152859
-701833683
1429246810
266405606
1450770030
415872200
1632135500
-531685033
-1694526237
-510161813
-1545035344
-1507230806
71321749
-1124875743
1711487785
-1163689716
-1117821078
-325204683
1723623050
951324212
-1214998514
-1630586924
1575773327
366382875
-1554828466
-1405793016
865350288
-1851040154
1247729650
-210874118
1208825108
-837441586
741201538
-455062224
-1913665992
-493966766
1710016646
-1006398095
2092371709
633767941
2053467167
-2125418585
-1332802190
715934974
-56297594
2072346976
1586660528
498053483
-711336969
1662485256
1811454436
-142247219
1436305336
240107844
-1218495924
201227601
-1915161430
-336608875
-1532782068
1303581460
-1571686610
702394840
-2014019901
1084840472
-373829566
1045869660
1091895137
1884445262
-361784870
-1134017438
994627132
579038722
-509544024
-1718934476
654797180
803832630
-1219967063
358585492
-837612000
1998751528
-876425973
1372208359
-1344206382
1754563422
295959654
1715658880
-1547075306
31477249
-1164720243
1671643285
-1203624785
-1087543241
-294926846
1753810318
981577750
-1184744976
-1670431424
1535928827
326538375
-1594606696
-1445637516
895628125
-1820786616
1277983188
-180620580
1239102945
-877286086
701266469
-494906724
-1953510492
-533811266
1740270184
-976144557
2122715816
664045778
2083745004
2129770481
-1372646690
676090474
-96142094
2032502476
1616914066
528331320
-681059132
1692672524
1841707974
-182091719
1396460836
200263344
-1258340424
161449371
-1884883593
-306331038
-1502528530
1333834998
-1541433072
662550340
-2053864401
1044905403
-413674066
1006025160
1122082405
1914698800
-331531332
-1103673331
1024904969
539194222
-549322254
-1758778976
614952680
763988130
-1189713525
388839030
-807334163
2029029365
-846238705
1332363859
-1384050882
1714718922
256115154
1675814380
-344980897
1233505388
37307896
-1421295872
-1596646
44362561
836978956
-1409251176
2113483552
-52814875
-468403285
-1557010330
1528566514
-392669126
-243543107
2027533927
-688880814
-1884987737
951309521
-1923958549
324742053
1903294608
707097116
-751482353
668216873
-1591198738
539948025
-622893179
561471245
-473402286
-650845233
927707322
-268490170
-1727093938
-307304143
1454514472
841920259
303306072
-401404350
580462140
-733614971
1397531792
234690588
1419079311
384181481
1600420482
-563375752
-1726216956
-541852532
-1576750362
-1538945824
39697300
-1156566462
1679797066
-1195471004
-1149511797
-356895402
1691841762
919609194
-1246713532
-1662277643
1544082608
334692156
-1586543484
-1437508034
833659569
-1882755172
1216014632
-242498567
1177134389
-869132305
709420250
-486777242
-1945381010
-525657485
1678301628
-1038113113
2060680990
602077222
2021776448
2137833693
-1364517208
684310525
-87988313
2040656257
1555036079
466362764
-743027688
1630703968
1779739418
-173962237
1404614617
208417125
-1250186643
169512583
-1946852149
-368299594
-1564497086
1271866442
-1603311059
670704121
-2045710620
1053059184
-405544584
1014154642
1060113849
1852730244
-393499888
-1165708157
962936413
547348003
-541259042
-1750649494
623172731
772141911
-1251682081
326961043
-869302719
1967060809
-908207261
1340493341
-1375921400
1722872703
264268935
1683968161
-988667140
589885415
-606287778
-2064891546
-645192320
-529135075
263481320
-1982658243
1540010215
-626312511
-1111932689
2094361292
884970840
-1036264800
-887229350
1454036291
-1262354151
1836415653
377811885
1797511111
-318853621
1259698934
63501442
-1395102326
24687469
-1996264647
-417712092
-1613909584
1222453944
-1652814126
-1606854919
-814238524
1234498640
462290371
-1704032355
-2119620765
1086739486
-122650966
-2043796037
-1894826857
376316447
1954959571
758695809
-699907959
719791267
-1326475427
252077128
-944096065
1892267463
-983000607
1220982805
-1495431936
1603337868
144734100
1564433326
1680581140
-1821836031
226901133
-545331435
1583313135
1097626687
9019642
-1200370810
1173360846
1322420595
-631281060
947271495
-248925997
-1707529765
-287739970
1890772025
-825642716
-2021749639
814547619
-2060720451
213360999
1791913554
595716062
-862863407
556835819
602770727
1395411421
-850818711
-1623051279
505593291
90004881
-998511595
2086998979
165763339
314798789
-1709000904
-130448349
-1326645841
1509717687
-1365550383
883174518
-1833240223
1265529581
-193074187
1226625039
-787464531
1343682232
180841028
1365205452
330307622
152955244
1731441529
535244037
-923359731
496339495
-50270665
-662864878
-1201569634
-1906213786
-924322997
2056567188
-107253345
-1270094549
-85730125
-1120537386
95635345
-2068185188
1064031473
-2046637669
1213431797
1251236335
-1465178406
1633591398
175011929
1594711155
1640646063
-1861680539
187056625
-585175943
1543468627
1127880217
39363741
-1170092981
1203638675
1352674125
-671125568
907426987
-288770505
-1747374273
-327675047
1921049854
-795364887
-1991562379
844801149
-2030466921
173516491
1752069046
555871554
-902641645
516991311
633048556
1425664951
-820565181
-1592797749
535871120
50160373
-1038446672
2047154471
125918831
274954281
-1678747374
-100194819
-1296301742
1539995516
-1335272554
843396280
-1873084731
1225685073
-232918695
1186780531
-834105315
744471539
-451725953
-1910329721
-490630495
-444671288
347945107
-1898285025
1624449703
-541782454
-957437134
-2046044179
1039532665
-881702975
-732667525
1538500078
-1177914663
1920855141
462275672
1881974898
-164291796
1414260759
218063267
-1240449932
179183024
1211391835
-1505022906
1593746898
135233699
1554866655
1670923900
-1831427001
217310163
-554922405
1573746464
1088035717
-571328
-1209937481
1163794175
1312829625
-640872030
937680525
-258426398
-1717096436
-297397210
1881271624
-835209387
-2031406879
804956649
-2070311421
203770029
1782346883
586149391
-872454377
547244849
593204056
1385820451
-860409681
-1632642249
496092890
80438210
-1008168835
2077408009
156172369
305207819
-1718591874
-140039319
-1336236811
1500151016
-1375117054
873583548
-1842831193
1255938611
-202574588
1217058368
-873949815
704693309
-491570453
-1950174221
-530474995
-414417750
378198645
-1868007188
1654727540
-511595186
-997281634
-2085888679
999688165
-921547475
-772512025
1568844185
-1147636826
1951132978
492529210
1912228436
-204136296
1374416259
178218767
-1280385001
139338524
-1881547322
-302994767
-1499192259
1337171269
-1538006232
-1492137594
-699521199
1349306534
577007696
-1589315030
-2004903440
1201456811
-7933641
-1929144982
-1780109532
491033772
2069610626
873413134
-585190634
834508592
-1211758102
366885022
-829378740
2006984788
-868283282
1412570145
-751159819
-1914067293
-729702869
-1764600699
-1942043646
-363491091
-1559664284
1276699244
-1598568826
-2145178986
1537194097
998489341
293845189
1275711679
-38274863
2092805630
929964426
2114328850
1079431020
-1999272976
131873787
-1030967417
153397007
-881476524
-843671986
734880569
-461316923
-1919920691
-500130896
-454262258
338354137
-1907785426
1614883032
-551439694
-967028104
-2055635149
1029941695
-891269646
-742234196
1528909108
-1187481334
1911288470
452684702
1872383928
-173882766
1404760358
208496596
-1250107172
169592054
-1921391830
-342839275
-1539036767
1297326761
-1577941309
-1461859765
-669243370
1379493794
607261226
-1559061500
-2044747948
1161612303
-47778149
-1968923220
-1819954040
521311601
2099864156
903666664
-554937104
864786421
-1251602610
326949945
-869223248
1967140280
-908127790
1365953660
-1350461081
1748399292
289729254
1709428480
1755453957
-1746963214
301773950
-470458618
1658185952
1242597542
154014796
-1055375656
1318356000
1467391450
-556408243
1022144312
-174053180
-1632656948
-212867153
2035767179
-680647562
-1876845054
959518474
-1915749596
1784169951
-932244790
-2128442282
707921246
2127620472
-2051265280
-1258648885
790088279
17855711
2146500281
-325634119
-1414241164
1671335680
-249809391
-100840211
-2054541866
-475989311
-1672186803
1164176725
-1711067046
467511219
2046063774
849890581
-608713187
810986039
-1209899807
368652748
-827454175
2008843083
-866424987
-820399510
-27849385
2020887779
1248655211
-917667515
-1333255925
1873128625
663738173
-1257497467
-1108462017
1162705586
-1553709155
1545060649
86456881
1506246676
-540086288
1038466267
-157731225
-1616334993
-196635767
2007347645
-709067096
-1905264588
931123239
-1944144831
-1828087586
-1035471191
1013265973
241123974
-1925265022
1883991527
795475051
-413981671
1959749985
2108785435
155083780
1733636335
537463142
-921140626
498558600
-1617806132
-39253577
-1235451069
1600912459
-1274355611
999816408
-1716664603
1382105201
-76498567
1343200659
1389159866
-2113191035
-64453871
-836686439
1291982430
876394020
-212213025
-1421603477
952128179
1101254198
-922636064
655916491
-540190432
-1998860470
-579161244
1669539358
-1046875383
2051894421
593314952
2013014178
589023493
-1574797040
1557329052
-1553249521
1706819945
1529376998
-1187037743
1911732061
453218862
1872851818
1326217359
713713715
174942689
-529701463
452165027
-861912084
1269234679
106417774
1290782198
255884368
1472147668
-691672865
-1854514069
-670149645
-1705047475
-1667152368
-88666083
-1284863575
1551499953
-1323768117
-1277808910
-485192515
1563544649
791312081
-1374986346
-1790574756
1415785495
206395043
-1714840597
-1565714578
705362456
-2011052285
1087808088
-370861950
1048837276
-997429418
581123137
-615074355
-2073653824
-653954598
1550004515
-1166385927
1932383877
473780109
1893479335
2009536580
-1492723752
555947142
-216285426
1912359144
1426672696
338065651
-871324801
1502406855
1651442305
-302235051
1276317504
80120012
-1378483756
41215470
-2075149262
-496596707
-1692794199
1143659898
-1731674442
542407008
2120959563
924762071
-533841697
885881828
931816736
1724433131
-521772702
-1294005270
834639300
419050890
-669556155
-1878856038
494809348
643844798
-1379888625
198597660
-997599832
1838763696
-1036504374
1212196228
-1504194214
1594575590
135971822
1555671048
-1707087437
-128510583
-1324708075
1511655453
-1363612617
-1247555372
-454848408
1593822486
821589918
-1344732808
-1830419256
1375940995
166550543
-1754685097
-1605649647
735640293
-1980774448
1117995356
-340608412
1079090814
-1037273918
541278637
-654918855
-2113432054
-693799098
1580282352
-1136132389
1962637415
504033647
1923757172
1969692080
-1532658821
516102642
-256129926
1872514644
1456926234
368319189
-840980694
1532684692
1681720142
-342013281
1236473004
40275512
-1418328256
1370970
-2044895724
-466318870
-1662516362
1173847166
-1701420904
502562508
2081115063
884917571
-573686197
846103598
962094573
1754710968
-491519164
-1263751732
864892838
379206390
-709400655
-1918791107
454964848
604000298
-1349701357
228851198
-967346294
1869107803
-1006226537
1172351728
-1543972444
1554731090
96127322
1515826548
-505059298
1073493257
-122679936
-1581283704
-161584478
-115625271
676991124
-1569239008
1953495720
-212827006
-628324847
-1716998162
1368578682
-552656958
-403621508
1867546095
-848868646
-2045066138
791297390
-2083946381
164754221
1743306776
547109284
-911494484
508295311
-1505884828
625261935
-537579269
646785155
-388022106
-565531323
1013021232
-183176260
-1641780028
-222080802
-768690962
-1381285175
-1919989931
1670357512
-1642743294
1338146891
-825673642
-1988514846
-804059853
-1839023953
-622784952
1508452380
345544906
1529909330
495011500
532816038
2111368593
915195400
-543408368
876290858
922250065
1714866460
-531363672
-1303596240
825048330
409550489
-679122826
-1888513278
485218378
634253828
-1389545865
189006690
-1007190802
1829172726
-1046071045
1202629557
-1513785184
1584984620
126380852
1546170647
-544903806
1033648749
-162458174
-1621128212
-201428986
-85371741
707244654
-1538985478
1983773549
-182549177
-668259924
-1756842670
1328734174
-592501466
-443466016
1897799625
-818524547
-2014788309
821575219
-2053692851
124909713
1703462268
507264776
-951338992
468360234
-1552501313
26051242
-1170146250
1666217278
-1209050792
-1163091585
-370475190
1678261974
906119975
-1260269021
-1675857431
1530502820
321112368
-1600123272
-1451063523
820079781
-1896334960
1202459143
-256144625
1163554601
-882712093
695840462
-500266461
-1958936499
-539237273
492971538
2071524093
875417170
-583252868
836446358
952503603
1745119998
-501110134
-1273318403
855326167
369615420
-718967326
-1928357778
445373878
594409328
-1359292327
219350797
-976912965
1859450563
-1015817507
1162785057
-1553629684
1545140120
86536352
1506235578
-514625969
1063926586
-132270906
-1590874674
-171175448
-125216241
667400154
-1578829978
1943995319
-222393677
-637982087
-1726589132
1358987712
-562247928
-413188179
1857955125
-858459616
-2054632809
781730719
-2093537351
155163251
1733715806
537608883
-921061155
498638071
-1592279543
-13793258
-1209990750
1626372778
-1248895292
-1132838047
-340197353
1708539811
936307243
-1230015483
-1715701931
1490658320
281267868
-1639967772
-1490841753
850357618
-1866057123
1232712681
-225891087
1193808139
-922556593
655995962
-540201530
-1998780999
-579081773
1694999677
-1021415064
2077354740
618841541
2038474497
2084409405
-1417850927
630819967
-141412601
1987231969
1571643559
483036514
-726329639
1647402017
1796437467
-227362226
1351190329
154992837
-1303610931
116088295
-1930087830
-351601545
-1547799037
1288564491
-1586703579
448848106
-1714881858
1417177964
-1693424908
1566644558
1389201611
-1327213130
1771580973
312977205
1732676431
-800381681
-1412975894
-1951680650
1638642494
-1674458312
1306522442
-857364361
-2020205565
-835841141
-1870738971
-654475671
1476671092
313829888
1498194312
463320781
501125319
2079677874
883480382
-575123386
844666409
890535047
1683151442
-562988121
-1335286959
793357611
377769201
-710837844
-1920228296
453527659
602563109
-1421260883
157315971
-1038881521
1797482007
-1077786063
1170914539
-1545409633
1553293901
94690133
1514389359
-576594525
1001958030
-194239462
-1652843230
-233144004
-117062460
675553935
-1570676197
1952058531
-214264195
-699950643
-1788557688
1297019156
-624125915
-475156735
1866108906
-850305835
-2046503327
789860201
-2085383570
93194695
1671747250
475574057
-983029711
436669515
-1584216331
-5663776
-1201770699
1634526559
-1240741511
-1194716034
-402165909
1646571255
874338687
-1291984039
-1707572449
1498812101
289421649
-1631813991
-1482778541
788389062
-1928025679
1170744125
-287859643
1131930152
-914402812
664149743
-532047749
-1990651517
-570952291
1051404003
-1665010738
1433759066
-24844702
1394854524
1510936068
-1991414833
57322331
-714910237
1413734333
928047885
-160559160
-1369949612
1003872613
1152841793
-800859862
777692693
-418504799
-1877108567
-457385042
1721193223
-995221518
2103572585
644968817
2064668043
43782197
1622334752
426227829
-1032442209
387257017
433282494
1225832619
-1020397513
-1792630081
336014489
-79573921
-1168156667
1917420177
-3815463
145219987
-1878579706
-300027151
-1496224643
1340138885
-1535038616
713595716
-2002819025
1095950779
-362652989
1057046237
-1033937647
544614908
-651582584
-2110162053
-690462827
-574405582
218210813
-2028019319
1494805978
-671583018
-1157293765
2049157055
839700333
-1081535307
-932499857
1408765784
-1307648957
1791145146
332541378
1752240604
-364124128
1214428427
18230935
-1440372833
-20673607
-2041468884
-462982599
-1659180091
1177183437
-1698084633
-1652125426
-859509031
1189228133
416995565
-1749302862
2130076024
1041468979
-167921473
-2089157113
-1940031094
331045940
1909598495
713491572
-745178466
674520760
-1371745934
206806621
-989390871
1846996956
-1028271114
1252582313
-911238220
-2074079424
-889690701
-1924588531
-2102031478
-523478923
-1719676415
1116777682
-1758556658
1989776179
1377272535
838501509
133857357
1115723847
-198353264
1932793499
769976594
1954341018
919443188
2135706488
-28114045
-1190955249
-6590825
-1041488655
-1003593548
574892737
-621304755
-2079908523
-660209297
-614250090
178366305
-2067863827
1454870901
-711427526
-1127015936
2079344315
869953863
-1051281777
-902155758
1368921276
-1347493465
1751366908
292696870
1712396096
-333870598
1244681957
48484465
-1410095004
9604222
-2081403961
-502827107
-1699024599
1137338929
-1737929141
-1621871896
-829164932
1219505962
447273394
-1719049332
2090231516
1001624471
-207765981
-2129001621
-1979966171
361323769
1939876324
743678832
-714924936
704774290
-1411590442
166962113
-1029235379
1807218718
-1068115622
1205965828
-1510448913
1588320891
129717123
1549440648
1595375556
-1906975345
141786118
-630446450
1498198120
1082609710
-5997335
-1215297218
1158368168
1307403618
-716329805
862156480
-334041012
-1792644780
-372945554
1875755048
-840635394
-2036832886
799530642
-2075737428
-1043528617
535048237
-661149255
-2119753023
-700053797
-583996552
208710412
-2037585990
1485148738
-681173988
-1166860436
2039499815
830109363
-1091126277
-942090827
1399199113
-1317215628
1781554176
322950408
1742649634
-373715098
1204837457
8639965
-1449873234
-30240278
-2051126124
-472573569
-1668771061
1167592467
-1707651304
-1661716396
-869100001
1179661462
407428894
-1758893832
2120485054
1031878009
-177421874
-2098723784
-1949688334
321545539
1900031824
703834332
-754769436
664929790
-1381336904
197239950
-998957542
1837405986
-1037862084
1166121328
-1550293413
1548476391
89872623
1509662418
1625653393
-1876697508
172039656
-600192912
1528451658
1042765210
-45841835
-1255232287
1118523668
1267559118
-686142537
892410018
-303787474
-1762300673
-342667717
1835910548
-880413624
-2076677386
759686142
-2115581928
158499522
1737052077
540878884
-917724884
501974342
547933549
1340549944
-905680188
-1677912756
450731814
35233973
-1053439342
2032137502
110901862
259937312
-1763862381
-185309826
-1381507318
1454856210
-1420387561
828313041
-1888101700
1210668104
-247935664
1171854131
-842326008
1288820755
125979551
1310343975
275536714
98027497
1676580052
480382560
-978221208
441478018
-105132142
-717726355
-1256431111
-1961050964
-979184474
2001705711
-162114822
-1324956026
-140501033
-1175465133
40773868
-2122956096
1009103726
-2101499146
1158570320
1196374858
-1520039883
1578754220
120150452
1539849678
1585808885
-1916542016
132195148
-640037420
1488607150
1073109309
-15564006
-1224954458
1148777198
1297812648
-725987045
852565510
-343631982
-1802235750
-382512225
1866188377
-850226364
-2046423856
789939672
-2085237829
118655014
1697207569
501100646
-957569392
462129834
578187079
1370803474
-875426658
-1647634927
481009643
-4701104
-1093283850
1992292994
71057354
220092804
-1733608851
-154965727
-1351229489
1485134039
-1390134031
788468533
-1927946208
1170823596
-287780172
1131919054
-888942493
689610062
-506587430
-1965191198
-545491972
-499532765
293083630
-1953146502
1569678795
-596710201
-1012298611
-2100905656
984671188
-936564452
-787504703
1483638601
-1232776140
1866017963
407414195
1827113421
-219153273
1359399282
163292359
-1295377679
124321547
-470750501
1107802054
-88304869
-1546974907
-127275681
-11218436
781397959
-1464832173
2057926854
-108395872
1714412725
625829979
-583560473
1790171183
1939206633
-14495022
1564148102
367884340
-1090719428
328979798
-1787384934
-208832379
-1405029871
1431333657
-1443934413
830171336
-1886243405
1212526399
-246077369
1173621857
1219581064
2012197459
-234032673
-1006174672
1122403628
706815218
-381791827
-1591182279
782549377
931609126
-1092214866
486337689
-709835504
2126528024
-748740046
1499960556
-1216454185
1882406188
423736150
1843435376
-247482238
1331004047
134806555
-1323797213
95902013
211959258
1004599952
-1241630180
-2013862748
114781822
-370904626
-1459511671
1626065173
-295170467
-146044448
-2099812373
-521259818
-1717457310
1118906218
-1756361852
422240712
2000793267
804595775
-653983694
765715532
-1255170314
323382241
-872815251
1963638846
-911695494
-865760586
-73053622
1975617272
1203384704
-962938022
-1378526432
1827833819
618467666
-1302767974
-1153732524
1117435079
-1598979662
1499790142
41186374
1460885600
-585290525
993195760
-203001732
-1661605500
-241906274
-1665806390
465274103
-697567101
486797323
-548100507
-725543454
853033400
-343164092
-1801767860
-382068634
-928678794
-1541273007
-2079977763
1510345381
-1802664856
1178159059
-985661474
2146464618
-964138254
-1999036084
-782772784
1348373979
185532775
1369921498
335023668
372828206
1951380761
755183269
-703329930
716303026
762237934
1554944898
-691351504
-1463584072
665060498
249472088
-839134957
-2048501110
325230546
474265996
-1549533697
29018858
-1167178634
1669184894
-1206083176
1042707995
-1673773016
1424996788
-33606980
1386092246
-704891638
873660917
-322536575
-1781140343
-361416818
-245359573
547256822
-1698973310
1823761418
-342470739
-828247756
-1916854801
1168812612
-752489298
-603453848
1737811793
-978602948
2120166856
661587387
2081286613
-35102418
1543474436
347276944
-1111326824
308372402
-1712513444
-133870320
-1330134082
1506229446
-1369038624
-1323079417
-530463022
1518274142
746041574
-1420281152
-1835845263
1370514988
161124536
-1760111104
-1611075654
660091949
-2056322792
1042447012
-416066187
1003566769
-1042699925
535852630
-660344862
-2118948630
-699225105
332983706
1911536261
715338769
-743264999
676458526
792515771
1585132166
-661097966
-1433330534
695404605
209627588
-878979457
-2088279340
285386046
434421496
-1519280159
59272396
-1136925096
1699462731
-1175805339
1002772926
-1713617516
1385152288
-73451480
1346247746
-674638100
904005024
-292258738
-1750862506
-331163280
-285204073
507412322
-1738817810
1783916918
-382405808
-797969919
-1886576964
1198999880
-722235760
-573200310
1697967293
-1018447448
2080322356
621809157
2041442113
-4824581
1573727974
377530482
-1081073286
338650239
-1752357944
-173805389
-1369978582
1466384946
-1408883124
-1292825879
-500209484
1548618249
776319411
-1390003315
-1875623493
1330670488
121280036
-1799955604
-1650920154
690345487
-2026044955
1072724849
-385878919
1033820307
-1082544425
496008130
-700189362
2136174166
-739003335
1535011845
-1181402896
1917366908
458763140
1878462366
1924421573
-1577929328
470807836
-301400433
1827244137
1411655727
323048682
-886341770
1487480455
1636449635
-387374357
1191268767
-4994995
-1463598763
-43899537
-2090166231
-511613676
-1707786869
1128576659
-1746691411
534162016
-1629658517
1502491874
-1608110998
1651958468
1474515521
-1241899220
1856961153
398291115
1817990341
1271446451
658785968
120081212
-584562940
397303550
-916773561
1214397501
51556297
1235920721
201022891
1417286191
-746534342
-1909375546
-725011122
-1759818383
-1722080115
-143527560
-1339725052
1496638476
-1378629594
-1332670387
-540053992
1508683172
736474903
-1429847823
-1845436233
1360924018
151533566
-1769611505
-1620642325
650500979
-2065823193
1032880341
-425723427
993975799
-1052290895
526261660
-669911533
-2128515301
-708816075
1495167337
-1221247404
1877522400
418918632
1838617858
1954765672
-1547651499
501085665
-271146903
1857497667
1371811219
283204174
-926186278
1447545378
1596605127
-357096528
1221456027
25258535
-1433345233
-13555438
-2130010739
-551458184
-1747565107
1088732151
-1786535919
487545531
2066098086
869900594
-588678875
831020351
876955259
1669595953
-576634179
-1348866747
779777823
364189413
-724327063
-1933783785
439947871
588983321
-1434816372
143736183
-1052461309
1783902219
-1091365851
1157359050
-1559055691
1539714113
81110345
1500809571
-1761924615
-183372060
-1379569552
1456793976
-1418474094
-1302326280
-509776155
1538961009
766728441
-1399594285
-1885280733
1321079518
111689066
-1809546574
-1660486825
680778816
-2035635925
1063133879
-395469889
1024319906
-1092135395
486417160
-709689763
2126607495
-748660575
1525420875
-1190993866
1907775938
449196469
1868895695
1914830603
-1587495999
461241165
-310991403
1817653167
1402064757
313548281
-895908441
1477823215
1626858665
-396941028
1181611527
-14585965
-1473189733
-53490507
-2099732902
-521180347
-1717377839
1118985689
-1756282381
447701031
2026253586
830056094
-628457105
791175851
907233096
1699849491
-546380641
-1318613209
810055660
324344913
-764262132
-1973628285
400103371
549138821
-1404562834
173989721
-1022117202
1814180056
-1061088014
1117580820
-1598900191
1499869613
41265845
1460965071
-559920775
1018656079
-177541413
-1636145181
-216445955
-170486748
622129647
-1624100485
1898634243
-267597914
-683252594
-1771859639
1313717205
-607518435
-458482985
1812684618
-903730123
-2099927615
736460212
-2138807858
109892744
1688445299
492247807
-966265392
453367564
-1806048047
325098716
-837742488
346621936
-688185325
-865694542
712858013
-483339479
-1941943247
-522244021
1239665163
627070950
88366194
-616253659
365612831
-948464280
1182682483
19841279
1204296272
169332172
1385571173
-778158791
-1941066265
-756701841
-1791599671
-1753795133
-175242578
-1371415771
1464947757
-1410320313
-1364361106
-571744711
1476992453
704759885
-1461562841
-1877060682
1329233299
119842847
-1801392793
-1652357343
618810260
-2097604481
1001165323
-457438445
962285080
-1083981614
494570941
-701626551
2134736977
-740440524
1463452319
-1252962422
1845897951
387227913
1806927139
1922984384
-1579366517
469370647
-302837622
1825806948
1340096201
251513455
-957876997
1415854659
1564890109
-388811546
1189831578
-6432184
-1465035952
-45336726
2133265838
-583148903
-1779346395
1057017133
-1818250937
455854812
2034407367
838209875
-620393893
799305333
845264540
1637880935
-608349197
-1380491196
748087104
332498694
-756108351
-1965498803
408232853
557292602
-1466531390
112021165
-1084152028
1752211500
-1123056570
1125644032
-1590770709
1508089664
49419626
1469118852
-1203516449
375036106
-821070817
2015226441
-860041629
-743984384
48632011
2097369175
1325160906
-841161820
-1326872567
1879511983
670121531
-1251114109
-1102078659
1239186982
-1477137190
1621566344
162962576
1582661802
-533702930
1044849625
-151347867
-1609951635
-190252409
2083853340
-632561401
-1828758893
1007604635
-1867663435
-1821704228
-1029087833
1019649331
247507332
-1918881664
1960497222
871890177
-337500275
2036231381
-2109676166
161467138
1740019693
543846500
-914757268
504941958
-1541324736
37227819
-1158879104
1677418154
-1197849916
1006199766
-1710281245
1388488559
-70115209
1349584017
1465641262
-2036685340
12051824
-760180744
1368463826
882777378
-205829667
-1415220119
958511537
1107637556
-846130369
732422186
-463775306
-1922379074
-502679848
1675922716
-1040492025
2058277779
599698310
2019397536
-1488310
1577064245
380866753
-1077646446
341986510
387921418
1180628382
-1065668020
-1837900588
290743982
-124844428
-1213451473
1872149670
-49085970
99949480
-1923850213
-345297658
-1541495150
1294868378
-1580399692
668391479
-2048089532
1050680272
-407923496
1011775730
-1002247570
1128832923
-34008281
1150356143
115458313
-61984634
1516592220
320394728
-1138209040
281490186
-265119974
-877714187
-1416418943
-2121063095
-1139106036
1841717879
-322102654
-1484943858
-300579434
-1335477264
-119213964
2011932799
849091595
2033480318
998582488
1036387026
-1680027715
1418742089
-39771110
1379861846
1425796754
-2076463578
-27792684
-800025252
1328619318
913030908
-175576137
-1384942290
988789366
1137824816
-885974877
692577678
-503619814
-1962223582
-542524356
1706266815
-1010214196
2088555608
629951840
2049651066
-41332818
1537219737
341022245
-1117581523
302142002
418199247
1210815642
-1035414490
-1807647058
321088081
-164688936
-1253295981
1832371432
-88930478
60104972
-1893596683
-315044128
-1511241620
1325146207
-1550121863
628456402
-2087934040
1010835764
-447768004
971931222
-1048954624
529688500
-666575262
-2125179030
-705479804
-659520597
133095798
-2113134334
1409600394
-756722332
-1172286443
2034073808
824683356
-1096552284
-947516834
1323650769
-1392763972
1706005832
247492633
1667125589
-379141105
1199411450
3213958
-1455389810
-35666285
996542526
-1719872215
1378897589
-79706179
1340017346
1456074591
-2046276310
2460854
-769771714
1358963425
873186408
-215420637
-1424720520
948944866
1097980316
-855721339
722831216
-473366276
-1931945745
-512246519
1666331746
-1050058696
2048711108
590107340
2009806566
-11079280
1567563844
371300082
-1087303686
332395540
378354747
1170971142
-1075258990
-1847491558
281153012
-134411099
-1223018144
1862558700
-58676940
90358510
-1933441183
-354888628
-1551086120
1285367977
-1589966363
658734239
-2057680502
1041089302
-417514466
1002209059
-1088799124
489753431
-706419762
2129943766
-745324304
-629267059
163349336
-2082790227
1439878231
-726444495
-1212064673
1994229308
784838856
-1136396784
-987361334
1353904307
-1362486135
1736283669
277679901
1697379127
-418985605
1159566950
-36630542
-1495234310
-75444515
-2096396631
-517844076
-1714041568
1122321960
-1752946110
-1706986903
-914370508
1134366656
362158387
-1804164339
2075214547
986607502
-222782950
-2143928021
-1994958841
276184463
1854827587
658563825
-800039943
619659283
-1426607411
151945144
-1044228049
1792135479
-1083132591
1197720836
-966099697
-2128916602
-944552178
-1979450008
2138074341
-578340400
-1774447323
1061849935
-1813418135
1935005271
1322344788
783640032
78995880
1060862370
-253214741
1877956321
715115117
1899479541
864581711
2080845011
-82975522
-1245816726
-61452302
-1096259563
-1058521295
520031260
-676166232
-2134770000
-715070774
-669111567
123504828
-2122725304
1400033723
-766289003
-1181877413
2024482838
815092386
-1106052685
-957083505
1314059799
-1402264373
1696439161
237835393
1657534619
-388732075
1189820480
-6352713
-1464956481
-45257255
-2136241139
-557688584
-1753886076
1082477452
-1792790618
-1676642804
-884092679
1164644485
392411917
-1773910809
2035370039
946762994
-262627458
2111104198
-2034803349
306462292
1885014847
688817355
-769786413
650003382
-1466451919
112100636
-1084006287
1752290971
-1122977099
1151104351
-1565310390
1533459414
74879945
1494579171
1540514079
-1961812523
86924641
-685307927
1443336643
1027748233
-60768243
-1270224965
1103506691
1252542141
-771257552
807295003
-388902489
-1847506257
-427807031
1820917870
-895496871
-2091694363
744669165
-2130598905
1569320642
-1147094099
1951675705
493071937
1912771163
2028918977
-1473498194
575238970
-196993598
1931650972
-540483428
-1629090473
1456486371
-464749269
-315689520
2025576121
-690838620
-1887036112
949327416
-1925850085
252661910
1831214465
635107542
-823562496
596136730
-1424749116
153803439
-1042394053
1793993774
-1081274296
-1035339388
-242698694
1806038470
1033805902
-1132516824
-1548105234
1658345586
448888864
-1472346776
-1323311326
947856277
-1768558464
1330211340
-128392428
1291306798
-754935597
823616958
-372580534
-1831184302
-411485076
1792498336
-923916405
-2120113897
716340200
2135973156
-2042936895
-1250320500
798416664
26184096
-2140114331
1669142218
580535173
-628830980
1744900676
1893936126
-59765529
1518787026
322680103
-1135989935
283709291
-1832589171
-254102886
-1450300378
1386063150
-1489204920
784876530
-1931513912
1167255892
-291347876
1128351350
1174310557
1966926952
-279303180
-1051535748
1077199391
661544711
-427062334
-1636452786
737278870
886314320
-1137485373
441067182
-755130310
2081257517
-794010553
1454690049
-1261724692
1837045112
378531913
1798164869
374174184
-1789646349
1342479743
-1768032560
1491970636
1314527689
-1401887052
1696882752
238278984
1658002509
1111368050
498773837
-39906620
-744550772
237315718
-1076761393
1054385370
-108365265
1075932889
41035059
1257364629
-906522174
-2069363378
-884998954
-1919896784
-1882092246
-303515392
-1499712884
1336650644
-1538617426
-1492658219
-700041824
1348695340
576462772
-1589769385
-2005424065
1200936186
-8454266
-1929689906
-1780654456
490513147
2069065702
872868210
-585711259
833987967
-1212278727
366273828
-829923664
2006530433
-868803907
1335155206
-1381168966
1717534568
258930800
1678630026
1794687271
-1707663630
341097833
-431134735
1697509835
1211823387
123216342
-1086174110
1287557546
1436592996
-517018090
1061468195
-134729297
-1593333065
-173633839
2004968725
-711446016
-1907643508
928720020
-1946523751
327557699
1906110254
709912762
-748691006
671098789
716967427
1509583822
-736555741
-1508854579
619789991
204201581
-884405464
-2093795916
279960039
428995489
-1594828503
-16251649
-1212449141
1623914387
-1251353683
997346919
-1718977253
1379726281
-78877487
1340821739
-1921936746
-343293622
-1539557384
1296806144
-1578461926
-1462404681
-669788286
1378973177
606740609
-1559582117
-2045268565
1161091686
-48298766
-1969534406
-1820498956
520857254
2099343539
903146047
-555457721
864241505
-1252123227
326429328
-869768164
1966595364
-908648407
1365433043
-1350981698
1747788106
289184338
1708974133
1754842771
-1747508130
301319603
-470979235
1657665335
1242076925
153469880
-1055920572
1317835383
1466870833
-556953159
1021623695
-174573797
-1633177565
-213478339
2035222263
-681101909
-1877365671
958997857
-1916270213
287713199
1866265754
670068262
-788535506
631163720
747245264
1539861659
-706368473
-1478601041
650043529
164357081
-924249964
-2133640416
240181809
389150989
-1564550666
14001889
-1182195603
1654167925
-1221075846
957502419
-1758912322
1339881781
-118721987
1300977239
-719908607
858643948
-337462975
-1796133013
-376433787
-330408310
462141815
-1784088317
1738646411
-427676315
-843264725
-1931847471
1153729373
-767506267
-618470817
1652696786
-1063717955
2035051849
576448081
1996237876
-50095088
1528457467
332259975
-1126343793
293355433
-1720734137
410412626
-752428578
431935846
-602961984
-780380632
798171923
-398025569
-1856629337
-436930111
-983540271
-1596134484
-2134839240
1455574473
-1857592603
1123297582
-1040522951
2091603141
-1018999731
-2053873262
-837634261
1293512502
130695597
1315060021
280162191
317966729
1896519284
700412361
-758257677
661441549
707467026
1500017151
-746212981
-1518445549
610199021
194610611
-893972135
-2103362587
270369069
419404519
-1604395174
-25842619
-1222040111
1614323417
-1260854084
987780248
-1728634493
1370135311
-88468457
1331230769
-759753115
818799440
-377398052
-1835977521
-416278295
-300221050
492395345
-1753834787
1768990510
-397398486
-883109233
-1971625709
1113884865
-807350775
-658315325
1682950316
-1033464425
2065329678
606725910
2026425136
-89939596
1488612959
292415467
-1166188301
253510925
-1767284352
-188798067
-1384995559
1451367969
-1423900101
-1377940894
-585324499
1463412665
691180097
-1475118330
-1890706740
1315653511
106263059
-1814972581
-1665846562
605230472
-2111184269
987676104
-470993934
948705292
-1097561402
480991153
-715206339
2121181488
-754086582
278122229
1856674784
660477292
-798102177
621597049
737654294
1530270689
-715959443
-1488101442
640476858
154766111
-933750365
-2143207087
230524569
379560019
-1574141636
4410919
-1191762274
1644601254
-1230666816
947935748
-1768478993
1330290811
-128312957
1291386269
-729409008
849077277
-347120215
-1805723983
-386024757
-340065550
452550845
-1793679287
1729055441
-437242986
-852831396
-1941438441
1144138403
-777097237
-627971218
1643105816
-1073308925
2025551448
566881410
1986580636
-59686058
1518866497
322669005
-1135910464
283788762
-1807219421
-228642567
-1424840059
1411523469
-1463744601
-1347687356
-554980392
1493690502
721457934
-1444864792
-1930551240
1275809011
66418559
-1854817081
-1705781631
635508309
-2080906432
1017863372
-440740396
978958830
-1137405902
441146653
-755050839
2081403258
-793931082
1480150368
-1236264373
1862505431
403901663
1823625188
1869560096
-1632790805
415970658
-356261910
1772382660
1356794250
268187205
-941112678
1432552708
1581588158
-442145265
1136341020
-59856472
-1518460240
-98761014
-2145027708
-566450854
-1762648346
1073715182
-1801552888
233998797
-1929821736
1202328655
-1908274217
1351795249
1174352302
-1542062439
1556797934
98127896
1517827122
-1015164720
-1627825203
2128437337
1423793185
-1889307621
1091582564
-1072213670
2059912422
-1050690450
-2085588280
-869324980
1261821783
98980579
1283345003
248537742
286276010
1864828565
668631073
-789972695
629726531
675685738
1468302133
-777927999
-1550136268
578508302
162919892
-925687153
-2135077605
238744620
387713800
-1636110192
-57467068
-1253730830
1582632698
-1292635372
956065230
-1760349511
1338444592
-120159176
1299540050
-791443834
787108721
-409088771
-1867692539
-447993313
-331845499
460704626
-1785525506
1737209222
-429113504
-914799952
-2003406997
1082169847
-839065793
-690006044
1651259597
-1065155144
2033614660
575010892
1994800687
-121654614
1456897941
260791018
-1197879020
221820206
-1799065640
-220513085
-1416710577
1419677250
-1455590820
-1409655912
-617015218
1431721946
659489378
-1506833348
-1922421758
1284029062
74572340
-1846663300
-1697627850
573539753
-2142874988
955894816
-502708952
916990274
-1129252121
449300434
-746897058
2089466470
-785801600
836554694
-1879860047
1218909757
-239694011
1180005215
1296153029
2088703154
-157526978
-929759546
1198885024
713198576
-375408469
-1584798921
788932735
937992484
-1015709171
562843384
-633354108
-2091957876
-672168081
1506343914
-1210070827
1888789546
430119508
1849818734
-171067112
1407485443
211287951
-1247291518
172407708
218342616
1010983310
-1235246822
-2007479390
121165180
-294423230
-1382939706
1702570868
-218664772
-69629322
-2093429015
-514876460
-1711073952
1125289576
-1749978494
498746407
2077298962
881101470
-577502298
842196928
-1248786956
329765599
-866431893
1970022204
-905312136
-789254891
3361504
2052098668
1279866100
-886432327
-1372143074
1834217177
624851024
-1296384616
-1147349166
1193916475
-1522498266
1576362107
117692069
1537391295
-578907167
999579118
-196618374
-1655222142
-235522916
2038558534
-677831908
-1874029400
962334128
-1912933942
-1866974735
-1074358340
974378824
202146256
-1964085901
1915226715
826619670
-382770782
1990960874
2139996324
116196631
1694749186
498551694
-960027775
459671451
-1586595243
-8042688
-1204240180
1632213917
-1243120423
1037733004
-1126087529
2006038563
-1104473740
-2139437840
1978086509
-738328232
-1934525724
901837804
-1973405967
1774926870
1162332657
623652200
-80991952
900874538
-413202573
1717944190
555193555
1739491709
704593879
1920923449
-242963354
-1405804558
-221440134
-1256337964
-1218533426
360043428
-836154064
2000209464
-875058606
-829099399
-36483004
2012254160
1240021592
-926210565
-1341865245
1864495006
655104554
-1266131086
-1117095636
1154071967
-1562342774
1536427030
77847561
1497546787
-548719907
1029832648
-166364844
-1624878043
-205245087
1998714026
-717610146
-1913873908
922489620
-1952778450
-1836721205
-1044104810
1004656653
232424085
-1933898641
1875382207
786775162
-422615290
1951116366
2100151816
146540730
1725027015
528829523
-929774245
489924981
-1626439751
-47887196
-1244084688
1592278840
-1282964931
991116519
-1725298222
1373471582
-85132186
1334657609
1380526247
-2121824654
-72996921
-845295759
1283348811
867760401
-220846644
-1430237096
943518859
1092554309
-931269683
647307171
-548890321
-2007494089
-587794863
1660905739
-1055418433
2043285101
584681333
2004380559
-1258377926
320265198
-875998564
1960364964
-914903106
-798845861
-6229466
2042531997
1270299429
-896023297
-1381709745
1824650506
615260054
-1305975586
-1156940136
1184416074
-1532064937
1566704867
108101099
1527800325
-588564407
989988148
-206209344
-1664813112
-245089587
2028991863
-687422878
-1883620370
952743158
-1922434343
-1876565705
-1083949310
964878423
192579585
-1973743141
1905635745
817028700
-392361752
1981394203
2130429653
106605661
1685182515
488985023
-969618745
450080481
-1596186213
-17543089
-1213806851
1622556677
-1252711393
951272019
-1765142722
1333627082
-124976686
1294722540
1410804084
-2091546817
-42809653
-815042221
1313602349
827915901
-260691144
-1470081596
903740629
1052709809
-900991846
677560709
-518636783
-1977240551
-557517026
1621061239
-1095353502
2003440601
544836833
1964536059
-56349787
1522202768
326095845
-1132574193
287125033
333150510
1125700635
-1120529497
-1892762065
235882505
-179705905
-1268288651
1817288193
-103947447
45088003
-1978711690
-400159135
-1596356627
1240006901
-1635170600
613463732
-2102951009
995818795
-462784973
956914253
-1057175317
1073971446
-88869758
1095494666
60596836
-116821812
1461730743
265533251
-1193070517
226628709
-319981451
-932575664
-1471280420
2119133293
-1194033783
1786856402
-376964131
-1539805335
-355440911
-1390314442
-174075441
1957071322
794254417
1978618841
943721011
981525549
-1734889192
1363971181
-94698857
1325000369
1371025846
-2131391325
-82654161
-854886729
1273757841
858169431
-230413315
-1439803767
933927889
1082963339
-940836354
637716201
-558481291
-2017085059
-597295264
1651339068
-1065075673
2033694131
575090363
1994789589
-96194295
1482358260
286160768
-1172418701
247280525
363337770
1155954165
-1090275967
-1862417966
266160334
-219550413
-1308066889
1777443685
-143791955
5243495
-1948458160
-369905605
-1566078798
1270284730
-1604983340
573619224
-2142795517
955974287
-502629481
917069745
-1103725532
474760753
-721436739
2114926789
-760341281
-714382074
78234321
2126971485
1354738917
-811559510
-1227147920
1979212331
769821879
-1151413761
-1002287742
1268789292
-1447625449
1651234924
192564886
1612264112
-434002582
1144549973
-51647519
-1510226988
-90527762
-685599810
892952745
-303244747
-1761824216
-342124990
-226067745
566548650
-1679681482
1843143815
-323245181
1499563416
411046940
-798409782
1575321874
1724357324
-229344331
1349208224
153035031
-1305568737
114130489
-2002234243
-423681688
-1619879180
1216484348
-1658783722
615388297
-2101092714
997677090
-460926678
958772548
1004731755
1797348150
-448881982
-1221114550
907554319
491965909
-596641136
-1806031588
567700068
716826087
-1307064175
271488380
-924618543
1911678715
-963589355
1285111247
-1431303494
1667466310
208886841
1628586067
-462422116
1116154738
-80042754
-1538646522
-118947296
-2890051
789816913
-1456479489
2066255239
-100067487
-585753935
-1674360980
1411215864
-510019776
-360984326
1980305614
-736109127
-1932306619
904056909
-1971211161
207391403
1785943958
589746466
-868766733
550866223
-1470019623
108532932
-1087664560
1748698968
-1126544803
-1080609895
-287993500
1760767963
988535395
-1177787331
-1593375741
1612984510
403684627
-1517617283
-1368581833
902652040
-1813828971
1284940833
-173662935
1246036291
-800230403
778346451
-417851041
-1876454809
-456755583
-1880746268
250424794
-912416410
271948014
-762949816
-940392763
638250361
-558013401
-2016617169
-596917943
-1143528103
-1756122316
2000140224
1295496072
-2017604734
963309750
-1200510783
1931615309
-1178987563
2081081903
-997622093
1133524670
-29316534
1155138459
120174359
157978897
1736531452
540333960
-918269808
501453717
547388625
1340005020
-906200813
-1678433381
450211189
34622779
-1053984266
2031683147
110381237
259416687
-1764316736
-185830451
-1382027943
1454335585
-1420932485
827768117
-1888622325
1210147479
-248456289
1171242937
-919740947
658811608
-537385884
-1995989652
-576199857
-460208882
332407513
-1913822619
1608912109
-557410617
-1043097065
-2131704110
953872734
-967338607
-818303157
1522962484
-1193452257
1905317547
446804348
1866437304
-249951727
1328691397
132427635
-1326176133
93523093
-1927362753
-348810198
-1544983391
1291380137
-1583887933
-1537928726
-745312331
1303424833
531192265
-1635130461
-2050628302
1155665679
-53724773
-1974960413
-1825924963
445242640
2023795195
827597703
-631006065
788717460
-1257549234
321003321
-875194171
1961169357
-914008144
118134397
1696686952
500489460
-958114308
461675487
577666462
1370282857
-875947275
-1648179843
480464727
-5221721
-1093828766
1991748078
70536737
219572187
-1734129468
-155576913
-1351774405
1484679692
-1390654648
787923617
-1928400555
1170302979
-288300789
1131398437
-889487409
689065146
-507108047
-1965711815
-546012589
-500053382
292563013
-1953667119
1569067609
-597255117
-1012752958
-2101426273
984150571
-937085069
-788049619
1483117984
-1233296757
1865473047
406869279
1826592804
-219673890
1358878665
162681173
-1295922595
123867200
-1967207253
-388654698
-1584761621
1251535637
-1623732433
-1507675188
-715058793
1333678371
561470102
-1604852624
-2090563371
1115821179
-93569273
-2014804913
-1865769463
475496178
2054139302
857875540
-600728228
818970998
-1297393734
281158821
-915038671
1921324857
-953943213
1320162536
-1396252205
1702517599
243913831
1663613057
1709572264
-1792778637
255958527
-516183472
1612394828
1196806418
108199373
-1101191079
1272540577
1421600326
-602223666
976328889
-219844304
-1678448072
-258748846
1989951756
-726462985
-1922569908
913727350
-1961540720
319312707
-1844507826
1287708835
-1822960307
1437109159
1259666212
-1456748529
1642021275
183441806
1603141032
1056506573
443936659
-94768097
-799412249
182454241
-1131622870
999614462
-163293012
1021071412
-13826418
1202436882
-961383651
-2124224855
-939860431
-1974758261
-1936929424
-358376869
-1554574361
1281789167
-1593478903
-1547519696
-754903301
1293833863
521691864
-1644697132
-2060285542
1146074709
-63315743
-1984551383
-1835491634
435651670
2014204225
818031032
-640572736
779126490
-1267140204
311412351
-884694572
1951602686
-923665384
1280384298
-1436096713
1662673091
204069323
1623768549
1739825794
-1762500808
286236356
-485996212
1642648358
1156961910
68354865
-1141035587
1232696069
1381822088
-571945837
1006606718
-189590774
-1648194542
-228495316
1950107248
-766307493
-1962504985
873882842
-2001385228
272696222
1851248777
655051285
-803461914
616171042
662105950
1454812914
-791483488
-1563716056
564928514
149340104
-939266941
2146334202
225098562
374134012
-1649665681
-71113126
-1267310618
1569052910
-1306215160
942576011
-1773905000
1324864804
-133738964
1285960262
-1976707654
-398221369
-1594418861
1241944667
-1633323403
-1517266158
-724625464
1324111700
551879132
-1614443594
-2100130042
1106230209
-103160243
-2024395883
-1875269864
465929507
2044482062
848284570
-610319198
809380028
-1306984704
271567851
-924629641
1911758186
-963509884
1310571566
-1405843175
1692926629
234413430
1654046386
1699981294
-1802279038
246391856
-525840712
1602803858
1187215448
98608403
-1110757750
1262973906
1412009356
-611790337
966762218
-229435274
-1688039042
-268339816
1980451355
-736029656
-1932227148
904136380
-1971131690
232851722
1811404277
615206785
-843396983
576326542
692383787
1485000182
-761229950
-1533462518
595272621
109495604
-979111441
2106555972
185254062
334289512
-1619412143
-40859588
-1237057080
1599330747
-1275937323
902640942
-1813749500
1285020304
-173583464
1246115762
-774770084
803873040
-392390722
-1850994490
-431295264
-385336057
407280338
-1838949794
1683784934
-482537792
-898101903
-1986708948
1098867896
-822367744
-673332294
1597835309
-1118579432
1980190372
521677173
1941310129
-104956565
1473595990
277398498
-1181205270
238518255
-2020897356
110249407
-1052591797
131772627
-903125203
-1080543851
498008704
-698188788
2138174740
-737093330
1024815854
412221641
-126483115
-831036698
150763522
-1163313589
967833174
-195008030
989356394
-45517137
1170721864
-993098669
2139051722
-971551150
-2006448980
-1968644442
-390091887
-1586198810
1250098448
-1625169622
-1579144145
-786594020
1262143144
489910576
-1676412150
-2092000560
1114383990
-95006462
-2016242102
-1867206652
403960951
1982513506
786316014
-672287754
747502041
-1298830923
279721632
-916475860
1919887668
-955380402
1248603010
-1467811731
1630958073
172378604
1592077830
1708135075
-1794215826
254521338
-517620661
1610957639
1125246892
36730416
-1172726306
1201005350
1350040800
-603660855
974891700
-221281493
-1679885261
-260186035
1918416529
-797998212
-1994195704
842167824
-2033100246
241071773
1819558058
623360566
-835243202
584456024
630415231
1423031626
-823198506
-1595431074
533237795
117649385
-970957660
2114619184
193383544
342509563
-1681380699
-102828144
-1298935067
1537362191
-1337905879
910794723
-1805620018
1293149786
-165429683
1254269543
-1418365758
160186797
-1036010695
1800377132
-1074890938
-958833693
-166217298
1882519866
1110377867
-1056011129
-1541721876
1664728944
455272222
-1465963418
-1316927968
1024337673
-1692077068
1406717035
-51886733
1367812493
-748552239
830000316
-366197176
-1824800944
-405101718
1869070301
-847410710
-2043608202
792755326
-2082512744
-2036553537
-1243937142
804800022
32567454
-2133730973
1745647913
657040868
-552349584
1821382072
1970508091
-53382171
1525170384
329063461
-1129606577
290092649
-1756174045
-177621490
-1373818982
1462568845
-1412699225
791259888
-1925130554
1173639250
-284964518
1134734708
1250791953
2043498917
-202797485
-975030053
1153614517
667928069
-420678976
-1630069428
743662228
892697678
-1060979678
517572877
-678624615
-2137228383
-717529157
1461073407
-1255341334
1843428470
384915271
1804548227
-216337619
1362214936
166017444
-1292586324
127137201
173072109
965688504
-1280517329
-2052749897
75894673
-339693737
-1428300782
1657366631
-263935279
-114899829
-2138633252
-560146967
-1756344459
1080019069
-1795249001
453451601
2032028455
835830963
-622772805
796926421
-1217187448
913983614
-248857590
935506834
-99390996
-276833943
1301809181
105545419
-1353058349
66640877
-479969283
-1092563496
-1631268252
1959054892
-1354045914
1626868570
-536951963
-1699793167
-515428743
-1550326573
-334063273
1797083490
634242286
1818697279
783733179
821537717
-1894877024
1203892780
-254710988
1165012537
1210947445
2003563840
-242641993
-1014874561
1113770009
698181599
-390425446
-1599725329
773940057
922975507
-1100757916
477728369
-718469123
2117894405
-757373665
1491326937
-1225063505
1873706299
415102531
1834801757
-256182127
1322370428
126172936
-1332430832
87358963
203349938
995966333
-1250263799
-2022496367
106148203
-379538245
-1468145290
1617431554
-303779787
-154744337
-2108445992
-529893437
-1726090929
1110363168
-1764971172
413607093
1992250217
795986455
-662617313
757081913
-1263803933
314748622
-881424571
1954938957
-920329113
-874369906
-81753511
1966983653
1194751085
-971571641
-1387069482
1819224499
609834047
-1311401593
-1162366143
1108801460
-1607613281
1491156523
32552755
1452276280
-593990414
984562141
-211635351
-1670239119
-250449324
781693217
-1934721524
1164048280
-294555488
1125234307
1241225282
2033841677
-212388455
-984621023
1144023547
658337099
-430269946
-1639660398
734095557
883131007
-1070570648
507981907
-688215585
-2146728784
-727095828
1451482437
-1264841735
1833861799
375258031
1794957257
-225928589
1352623966
156450773
-1302152995
117546231
163505438
956121833
-1290108299
-2062340867
66303703
-349194138
-1437867453
1647709391
-273526249
-124490799
2146676804
-569737937
-1765935429
1070428099
-1804815672
443884930
2022437485
826239993
-632363775
787426020
-1303648433
274904122
-921202801
1915094457
-960173613
-844116368
-51499973
1997237191
1225028922
-941293804
-1427004551
1779379999
569989547
-1351246093
-1202210643
1139054998
-1577269174
1521434360
62830592
1482529818
-633834914
944717641
-251479851
-1710083619
-290384393
1983721356
-732693385
-1928890877
907472651
-1967795419
-1921836212
-1129219817
919517347
147375348
-2019013648
1860365238
771758193
-437632259
1936099397
2085159146
61335154
1639887709
443714516
-1014889252
404809974
-1641456720
-62904165
-1259011088
1577286170
-1297981900
982871527
-1180949006
1951267655
-1159401487
2100667979
1923225032
-793189709
-1989387201
847000626
-2028267444
1720065393
1107495479
568790723
-135853429
846013061
-468064050
1663173282
500265808
1684630232
649732402
1865995702
-297824831
-1460666035
-276301611
-1311199441
-1273370604
305181951
-891015541
1945347987
-929920083
-883960876
-91344481
1957392683
1185250684
-981138312
-1396726722
1809633529
600243077
-1320992563
-1171932814
1099210490
-1617204251
1481589852
22986084
1442685310
-603581384
974971171
-221135752
-1679805790
-260106564
1943943118
-772537893
-1968735385
867628143
-2007639927
-1891582682
-1098941988
949795176
177562608
-1988760118
1820520730
731913685
-477476767
1896254889
2045380908
91612983
1670165538
473968046
-984635722
435063504
-1681301228
-102748673
-1298946165
1537441662
-1337826408
936255042
-1780159699
1318610105
-139903094
1279729862
1325664770
2118371734
-127924668
-900157236
1228487334
812898924
-275708121
-1485074274
888657382
1037692832
-986106861
592445694
-603751798
-2062355566
-642656340
1606134831
-1110346180
1988423624
529819856
1949519082
1354537603
-1361943408
1736826396
278222628
1697921854
1813979099
-1688347503
360389661
-411842907
1716801663
-755332737
-1843939782
1241637062
-679598578
-530472559
1810726812
-905687929
-2101885421
734478107
-2140789963
37812601
1616365156
420167664
-1038411805
381287421
-1639598425
-61045870
-1257243362
1579210735
-1296123605
-1250188697
-457481733
1591189161
818956593
-1347366133
-1762954543
1443405708
234039555
-1687196085
-1538160635
733006968
-1983407773
1115362031
-343241737
1076457489
-969718636
608767649
-587429843
-2046033611
-626334385
1577649027
-1138765714
1960004090
501400322
1921123847
2037181092
-1465169809
583567355
-188665213
1940069926
1454292909
365685864
-843614019
1530051367
1679086817
-274614838
1303937717
107740225
-1350839244
68859982
-2047529049
-468952195
-1665149687
1171213841
-1704054229
570027221
-2146296951
952406583
-506197185
913502041
959461248
1752077643
-494152489
-1266385057
862259513
446695402
-641911643
-1851302095
522429561
671465011
-1352334682
226217873
-969979619
1866474478
-1008859862
1239840740
-1476574001
1622195803
163592035
1583315560
159324875
-2004495658
1127630434
-1982972438
1277121327
1099678380
-1616736361
1482033443
23429675
1443219470
896518741
283924528
-254689659
-959400081
22466409
-1291610702
839536061
-323305143
861083580
-173814250
1042424751
-1121371483
2010754609
-1099848263
-2134746093
-2096941555
-518298431
-1714562193
1121801335
-1753466735
-1707507528
-914891133
1133846031
361613463
-1804709263
2074693922
986086877
-223303575
-2144539215
-1995503765
275663838
1854216393
658018901
-800494298
619138658
-1427128036
151424519
-1044772973
1791590555
-1083653216
1120305897
-1596108844
1502685259
44081491
1463780717
1579837962
-1922512939
126314794
-645984044
1482660526
997040348
-91632967
-1301023419
1072708237
1221743687
-731957968
846618886
-349578606
-1808182374
-388483148
1790119416
-926295325
-2122492817
713870711
2133660506
112708390
1691260945
495063453
-963540315
456158911
502118118
1294734513
-951495619
-1723703888
404940682
-10647728
-1099254773
1986322071
65177000
214146180
-1809677812
-231034688
-1427298450
1409065078
-1466202992
782497610
-1933917131
1164876972
-293726796
1125972430
-2136786055
-558233500
-1754406693
1081956835
-1793311235
-1677253990
-884637595
1164190138
391891300
-1774431426
2034915692
946242377
-263148075
2110583581
-2035348265
305917376
1884494230
688296738
-770307030
649392196
-1466972536
111580019
-1084617473
1751746055
-1123431446
1150583734
-1565831007
1532938797
74335029
1494034255
1539993462
-1962357439
86379725
-685828544
1442816026
1027227616
-61379429
-1270769881
1103052344
1252021524
-771802468
806840656
-389423106
-1848026874
-428327648
1820372954
-896041787
-2092214980
744148548
-2131119522
72863890
1651416445
455218953
-1003384815
416314411
532462225
1325012350
-921217782
-1693450350
435194220
-50492228
-1139099273
1946477571
25241931
174301680
-1779399975
-200847420
-1397044912
1439318616
-1435858885
742653110
-1973761631
1125098742
-333571296
1086127930
-934757916
643794639
-552402853
-2010982322
-591283096
-545348188
247292506
-1998937626
1523797102
-642525624
-1058114034
-2146630510
938880064
-982355576
-833320126
1437847477
-1278567264
1820202540
361598772
1781297998
-264944397
1313608158
117410666
-1341193102
78506124
-1935583446
195563317
-967277887
217086537
-817811293
-995163671
583322614
-612874878
-2071478646
-651779420
-1198389580
-1810983793
1945278747
1240634595
-2072441912
908448273
-1255372260
1876753832
-1233849040
2026310995
-1052483570
1078663193
-84087442
1100210712
65312882
103117420
1681669975
485472483
-973106986
446592240
492527148
1285167842
-961062290
-1733294858
395349712
-20238698
-1108755174
1976755400
55519760
204555210
-1819244483
-240691928
-1436889420
1399474108
-1475793962
772930939
-1943483802
1155286002
-303317766
1116381460
-974602424
603950131
-592247361
-2050760560
-631127604
-515070359
277546036
-1968684096
1554050632
-612247795
-1097958542
2108401709
899035556
-1022200084
-873164634
1468101007
-1248313734
1850546639
391876601
1811575827
-304722635
1273763650
77566158
-1381037610
38661616
-1982224230
-403647376
-1599844868
1236518660
-1638749410
-1592790203
-800173808
1248563356
476330788
-1689901369
-2105556049
1100804202
-108586250
-2029821890
-1880786440
390381163
1968933718
772736226
-685843243
733855983
-1312410711
266141844
-930055648
1906398449
-968935891
63272920
1641825475
445627983
-1012885216
406747740
522804985
1315421380
-930808752
-1703041320
425627549
-60083198
-1148690243
1936910900
15675260
164710710
-1788990945
-210438390
-1406545313
1429751945
-1445516125
733152709
-1983328302
1115441502
-343162266
1076536960
-944348886
634227968
-561969524
-2020573292
-600874066
-554914859
237701536
-2008528596
1514206132
-652026025
-1067680705
2138679546
929289094
-991946546
-842911096
1428256507
-1288158234
1810611570
352032101
1771731327
-274535367
1304017188
107819696
-1350693503
68939453
-2022068730
-443425606
-1639689368
1196674160
-1678593910
-1562536665
-769920270
1278841193
506608625
-1659714101
-2145400549
1060959702
-148430750
-2069666390
-1920630940
420725270
1999211555
803014063
-655589705
764109521
-1352255211
226297344
-969900148
1866463380
-1008780391
1265301059
-1451113682
1647656122
189052354
1608842149
1654710787
-1847640114
201187619
-571111219
1557533351
1141944941
53337896
-1156052556
1217703399
1366738849
-657085143
921491711
-274705781
-1733309549
-313610323
1935090279
-781233893
-1977497655
858865873
-2016402197
19149488
-2144671045
987545616
-2123123526
1136945940
959502993
-1756911748
1341858056
-116721413
1302977813
-1230104598
-1842674512
1913588028
1208943876
-2104156930
876733255
-1286996709
1845063113
-1265539759
1994529707
-1084174289
1046972474
-115868730
1068495694
33597864
71426701
1649979256
453781764
-1004822004
414877222
460836429
1253452824
-992777308
-1764919307
363658993
-51929417
-1140536462
1945040382
23804742
172864491
-1850959501
-272406946
-1468580139
1367783389
-1507484681
741215921
-1975198820
1123661553
-335008485
1084690741
-1006226873
572259412
-623938080
-2082541848
-662842622
-546785377
245855317
-2000374815
1522359913
-643962813
-1129649261
2076710990
867320538
-1053915102
-904789083
1436410288
-1280004453
1818765351
360161583
1779860809
-336503923
1242048632
45851140
-1412728329
6970897
-2013914949
-435362394
-1631559886
1204894211
-1670440129
-1624505221
-831798257
1216872637
444640069
-1721682657
-2137271067
1069089184
-140276969
-2061512609
-1912477159
358690444
1937242999
741045507
-717558261
702140965
-1344035160
234451125
-961746367
1874617161
-1000650909
621771655
-2094709356
1004060448
-454543320
965155906
1081213151
1873853845
-372376287
-1144608855
984035715
498349267
-590257778
-1799648230
574083426
723209445
-1230558480
347994075
-848203417
1988160111
-887107959
1291494605
-1424920136
1673849668
215270199
1634969425
-385916421
1192636134
-3561358
-1462074557
-42441601
3493307
796200271
-1450096131
2072638597
-93684129
-509272539
-1597879584
1487721559
-433514081
-284478631
1986688972
-729725769
-1925923261
910440267
-1964827803
283963368
1862449653
666252161
-792351607
627347619
-1463636265
114916290
-1081281202
1755082326
-1120161445
-1004104200
-211487805
1837249359
1065016791
-1101215366
-1586992383
1619367868
410067985
-1511233925
-1362198475
979067166
-1737347575
1361422229
-97157240
1322541986
-793847045
784729809
-411467683
-1870071451
-450372225
1823709225
-892614947
-2088878709
747484819
-2127783251
-2081824044
-1289207649
759529515
-12703053
2115941517
1700377406
611770361
-597620091
1776111565
1925147015
-98652678
1479899877
283702385
-1174810814
244822142
-1801444552
-222891997
-1419089489
1417274039
-1457969732
822883695
-1340936838
1791189254
-1319413618
1940680147
1763237200
-953177541
2145592263
686988495
2106778290
1560077561
947483348
408869161
-295841261
686025229
-628051882
1503094881
340253677
1524642400
489744570
1705983571
-457812663
-1620653867
-436289443
-1471187273
-1433382735
145260389
-1051003373
1785360155
-1089907915
-1043948708
-251332313
1797404851
1025172283
-1141150443
-1556714554
1649645697
440255245
-1480980395
-1331944945
939222658
-1777192083
1321577721
-136935478
1282697478
-763569216
814983339
-381214153
-1839817921
-420094396
1783864717
-932550024
-2128723217
707640311
2127339537
-2051570514
-1258954119
789873614
17574776
2146219346
1660599168
571925853
-637464599
1736267057
1885302507
-68399148
1510177706
313980214
-1144623554
275075672
-1841289060
-262736505
-1458933997
1377429531
-1497747970
776267210
-1940147531
1158622273
-299981495
1119717731
1165676938
1958293333
-287936799
-1060145068
1068499502
652911092
-435695953
-1645086405
728735820
877705000
-1146118992
432524132
-763739630
2072623898
-802644172
1446056430
-1270358311
1828435792
369832024
1789531250
-1473227235
105325320
-1090847873
1745515655
-1129752415
-1013695170
-221078775
1827748958
1055450120
-1110872606
-1596492784
1609801197
400410745
-1520824895
-1371789445
969476196
-1746914246
1351855558
-106748210
1312951016
-803413716
775138839
-421058653
-1879662421
-459872626
1814142554
-902272187
-2098469679
737893849
-2137374221
-2091415014
-1298798619
749938545
-22269724
2106374846
1690786436
602179391
-607211061
1766611164
1915580344
-108243648
1470399476
274135714
-1184468054
235231172
-1811035522
-232482967
-1428656160
1407707368
-1467560702
736422710
-1979992031
1118777773
-339825995
1079873231
1196021045
1988571170
-257658962
-1029891530
1098753040
613066592
-475540453
-1684930905
688800751
837860500
-1115841155
462711400
-733486092
2102877436
-772300065
1406211930
-1310202811
1788657562
329987524
1749686750
-271199096
1307353459
111155967
-1347423502
72275724
118210632
910851326
-1335378806
-2107611374
21033196
-394555214
-1483071690
1602438884
-318796756
-169761306
2101406297
-615008444
-1811205936
1025157592
-1850110478
398614423
1977166978
780969486
-677634282
742064944
-1272024626
859122137
-303719067
880645357
-154252473
-331604851
1246881434
50683942
-1407919826
11779400
-534830760
-1147424973
-1686129729
1904193415
-1408883092
1572007093
-591813440
-1754654644
-570290220
-1605097481
-388924750
1742222013
579471378
1763769532
728871702
766676240
-1949738501
1149031303
-309548166
1110151060
1156085968
1948726662
-297503470
-1069736038
1058908532
643320122
-445196354
-1654653076
719078580
868114030
-1155685663
422866892
-773330600
2063032928
-812235142
1436489759
-1279924982
1818844822
360241054
1779940280
-311043604
1267508951
71311459
-1387201740
32431216
148488461
941104856
-1305125276
-2077357844
51311025
-434399722
-1523006767
1562594376
-358641264
-209605814
2131659827
-584754914
-1780861837
1055435421
-1819832649
358836185
1937322470
741124978
-717478790
702220436
-1318665410
259911444
-936286048
1900077480
-975190590
-929231383
-136614988
1912122176
1139889608
-1026342549
-1441997229
1764363022
554972570
-1366263070
-1217227620
1053939983
-1662474758
1436295046
-22284423
1397414803
-648851891
929700664
-266496828
-1725010027
-305377071
-900449119
678103436
-518094056
-1976607255
-556974299
-440917054
351699341
-1894530791
1628203937
-538094490
1284714107
196107062
-1013259091
1360472565
1509508015
-444193640
1134358915
-61748008
-1520418046
-100718820
2077950014
-638530997
-1834728489
1001635039
-1873633031
400448419
1979025273
782827781
-675775987
743923239
789882446
1582498841
-663731291
-1435963859
692771280
277116600
-811490445
-2020880897
352850759
501886209
-1521913484
56639071
-1139558421
1696829406
-1178438664
1070261938
-1646152803
1452617001
-5896198
1413736758
-677271425
901371699
-294892063
-1753495831
-333796605
-217739360
574877035
-1671328798
1851405930
-314916796
-800603244
-1889210289
1196366555
-724869085
-575833635
1765522575
-950958436
-2147155928
689207600
2108906826
-7457906
1571094649
374897157
-1083706611
336016914
-1684868932
-106316377
-1302513869
1533849659
-1341327842
-1295459204
-502842809
1545984924
773686086
-1392636640
-1808225050
1398135201
188744749
-1732466592
-1583431142
687712162
-2028678280
1070091524
-388512244
1031186982
-1015079712
563563412
-632700350
-2091304118
-671604892
-2095595577
35641755
-1127265719
57098705
-977799125
-1155242072
423310483
-772862710
2063500818
-811767252
-1358377412
-1970971625
1785290915
1080646763
2062513253
748526711
-1415360092
1716766000
-1393836872
1866232594
-1212471402
918675361
-244165843
940198581
-94674950
-56870412
1521682143
325484651
-1133119117
286670678
332539316
1125155711
-1120983852
-1893282690
235361880
-180226530
-1268833575
1816743269
-104468072
44567378
-1979256614
-400679760
-1596877252
1239486276
-1635781794
612918808
-2103405364
995298170
-463305598
956393628
-1134590256
443962299
-752235193
2084128335
-791139735
-675058191
117558204
-2128671928
1394062800
-772259926
-1257946374
1948413877
739023425
-1182121646
-1033152466
1308113175
-1408301566
1690468238
231864470
1651587995
-464801036
1113751519
-82421674
-1541025442
-121326216
-2142212062
-563659507
-1759766430
1076530828
-1798737242
-1752711765
-960161640
1088575524
316342956
-1849979770
2029399116
940816370
-268574082
2105157574
-2040774272
230393331
1808945886
612748394
-845855374
573934421
-1472398543
106154012
-1090043480
1746320048
-1128948022
-96714912
1481837643
285640151
-1172963617
246735609
362817153
1155433548
-1090796584
-1863029152
265615418
-220071030
-1308678075
1776898769
-144246302
4722878
-1948978777
-370426222
-1566623714
1269739814
-1605503957
573074308
-2143340433
955453670
-503150098
916549128
-1104336718
474215837
-721891086
2114406172
-760861898
-714836421
77713704
2126450868
1354218300
-812104426
-1227692836
1978691714
769301262
-1151934378
-1002898928
1268268675
-1448146066
1650623738
192019970
1611809765
-434523199
1144029356
-52168136
-1510771904
-91072678
2112910734
-603504007
-1799701499
1036686328
-1838581742
-1722524497
-929908102
1118829062
346687063
-1819701933
1989554616
901038140
-308418582
2065313074
-2080618772
260646869
1839199424
643026231
-815577537
604121689
-1512243043
66309512
-1129887980
1706475548
-1168792522
1105379497
-1611101514
1487668290
29064522
1448763748
1494722955
-2007627946
41109218
-731123350
1397545519
981957109
-106649936
-1316040388
1057691268
1206817287
-817072975
761479580
-434627343
-1893297381
-473598155
1775102447
-941312294
-2137509786
698878041
2118577267
104463398
-2059357135
1072768957
-2037809616
1222259850
1044816903
-1671597838
1427171966
-31341233
1388291723
841657264
229153620
-309617406
-1014261558
-32395068
-1346472179
784674584
-378142321
806222103
-228675727
987587573
-1176232960
1955893132
-1154709740
2105359726
2143254833
-573226178
-1769423670
1066939858
-1808328212
-1762369005
-969752610
1078984554
306751986
-1859546441
2019832445
931225400
-278165052
2095566604
-2050274673
220802361
1799354916
603247993
-855422045
564277181
-1481989513
96563042
-1099634450
1736753377
-1138514693
1065444420
-1650946022
1447823782
-10779986
1408919240
1524976485
-1977283847
71387047
-700845521
1427799049
942112601
-146494444
-1355884896
1017846760
1166882210
-786795146
791757409
-404440083
-1863043851
-443344625
1735257939
-981156802
2117613002
659099803
2078732759
57846913
1636399468
440201976
-1018401792
401321733
447256641
1239873036
-1006332797
-1778565365
350079205
-65509205
-1154116250
1931551163
10249253
159284703
-1864448720
-285962435
-1482159927
1354203601
-1521064469
727636133
-1988754309
1110015495
-348588273
1071110953
2103319764
-613070678
-1809268170
1027095358
-1848172712
-1732115467
-939408503
1109262391
337029823
-1829292903
1979987945
891380900
-318009552
2055722104
-2090209742
251080198
1829632753
633435261
-825168507
594530719
-1521834013
56718542
-1139478950
1696975147
-1178359193
1095722257
-1620692484
1478077320
19473552
1439197077
1485131985
-2017218916
31542547
-740690021
1387954549
972366139
-116240906
-1325540789
1048124597
1197160047
-826573376
751912909
-444284583
-1902888351
-483189125
1765511477
-950878965
-2147076457
689287071
2108986297
18002413
1596554968
400357476
-1058246292
361543503
477534478
1270150873
-976079259
-1748311827
380332743
-105353705
-1193960750
1891616094
-29595247
119440203
-1834261452
-255708897
-1451906389
1384547708
-1490786632
687791633
-2028532539
1070170995
-388432773
1031266453
-989619393
588933162
-607240031
-2065843799
-646144573
-600185366
192431029
-2053799103
1468935625
-697387101
-1112884942
2093409039
884018587
-1037217053
-888181603
1382986000
-1333428741
1765341063
306737295
1726460820
-319805874
1258746681
62549189
-1396054579
23735216
2059220631
-104599902
-1267441106
-83076682
-1117974512
-1295326890
283159395
-913038097
1923325431
-951942639
809966545
197372332
-341332424
-1045976576
-64085787
-1378162898
752983865
-409857339
774507085
-260300176
955872555
-1207947978
1924268683
-1186400459
2073669007
2111473545
-604941196
-1801138688
1035249139
-1840018931
-1794084023
-1001443329
1047293835
275061267
-1891261459
1988117427
899600951
-309855771
2063875885
-2082055961
189111642
1767664197
571466705
-887137063
532562163
-1513680232
64872323
-1131325169
1705038359
-1170229711
1033753701
-1682661040
1416108764
-42404435
1377228521
1493285766
-2009065135
39672029
-732560539
1396108330
910397583
-178209462
-1387575615
986156041
1135191491
-818510164
760042391
-436064532
-1894734570
-475035344
1703633490
-1012847521
2085922283
627318515
2047017741
26131895
1604708749
408511257
-1050092511
369606715
415565922
1208182317
-1038047815
-1810280383
318454756
-97199924
-1185806969
1899769875
-21465765
127569685
-1896230008
-317677453
-1513874945
1322512882
-1552755188
695945414
-2020469327
1078300477
-380212722
1039420234
-1633215067
-54662512
-1250860004
1585594093
-1289740247
-1173683002
-381066607
1667670557
895437989
-1270860438
-1756571185
1449789066
240422913
-1680812727
-1531777277
809488364
-1906926377
1191933996
-266736042
1152963184
-963335278
615151007
-581046485
-2039650253
-619951027
1654130423
-1062260019
2036509785
577906017
1997605243
2043564450
-1458786451
589950713
-182281855
1946453284
1530798604
442191559
-767198893
1606532763
1755568213
-268231480
1310321075
114123583
-1344455886
75243340
-1971023354
-392470799
-1588668291
1247785806
-1627548534
576410579
-2139913593
958789941
-499813827
919885399
1035942644
1828559039
-417646794
-1189879362
938765208
453078760
-635528285
-1844918737
528812919
677848369
-1275762717
302723568
-893473924
1942889604
-932378466
1246224098
-1470190643
1628579161
169975393
1589698918
-431186928
1147365627
-48831865
-1507435633
-87645838
-41777200
750839195
-1495300368
2027368090
-138954636
-554543046
-1643150091
1442426753
-478784588
-329749138
1941394166
-774996276
-1971193768
865169760
-2010098310
238602292
1817245416
620981654
-837622114
582077112
-1432036757
699200575
-463706899
720657525
-314240305
-491683252
1086869303
-109303890
-1567907658
-148208432
-694818592
-1307412805
-1846117561
1744205583
-1568895223
1412085531
-751801272
-1914642476
-730278052
-1765175882
-548912582
1582234181
419392977
1603757401
568883870
606688408
-2109726333
989043471
-469560297
950229498
996098136
1788714531
-457425032
-1229723870
898920700
483332290
-605274755
[...]
-127275681
-127275681
-11218436
-11218436
781397959
781397959
-1464832173
-1464832173
2057926854
2057926854
-108395872
-108395872
1714412725
1714412725
625829979
625829979
-583560473
-583560473
1790171183
1790171183
1939206633
1939206633
-14495022
-14495022
1564148102
1564148102
367884340
367884340
-1090719428
-1090719428
328979798
328979798
-1787384934
-1787384934
-208832379
-208832379
-1405029871
-1405029871
1431333657
1431333657
-1443934413
-1443934413
830171336
830171336
-1886243405
-1886243405
1212526399
1212526399
-246077369
-246077369
1173621857
1173621857
1219581064
1219581064
2012197459
2012197459
-234032673
-234032673
-1006174672
-1006174672
1122403628
1122403628
706815218
706815218
-381791827
-381791827
-1591182279
-1591182279
782549377
782549377
931609126
931609126
-1092214866
-1092214866
486337689
486337689
-709835504
-709835504
2126528024
2126528024
-748740046
-748740046
1499960556
1499960556
-1216454185
-1216454185
1882406188
1882406188
423736150
423736150
1843435376
1843435376
-247482238
-247482238
1331004047
1331004047
134806555
134806555
-1323797213
-1323797213
95902013
95902013
211959258
211959258
1004599952
1004599952
-1241630180
-1241630180
-2013862748
-2013862748
114781822
114781822
-370904626
-370904626
-1459511671
-1459511671
1626065173
1626065173
-295170467
-295170467
-146044448
-146044448
-2099812373
-2099812373
-521259818
-521259818
-1717457310
-1717457310
1118906218
1118906218
-1756361852
-1756361852
422240712
422240712
2000793267
2000793267
804595775
804595775
-653983694
-653983694
765715532
765715532
-1255170314
-1255170314
323382241
323382241
-872815251
-872815251
1963638846
1963638846
-911695494
-911695494
-865760586
-865760586
-73053622
-73053622
1975617272
1975617272
1203384704
1203384704
-962938022
-962938022
-1378526432
-1378526432
1827833819
1827833819
618467666
618467666
-1302767974
-1302767974
-1153732524
-1153732524
1117435079
1117435079
-1598979662
-1598979662
1499790142
1499790142
41186374
41186374
1460885600
1460885600
-585290525
-585290525
993195760
993195760
-203001732
-203001732
-1661605500
-1661605500
-241906274
-241906274
-1665806390
-1665806390
465274103
465274103
-697567101
-697567101
486797323
486797323
-548100507
-548100507
-725543454
-725543454
853033400
853033400
-343164092
-343164092
-1801767860
-1801767860
-382068634
-382068634
-928678794
-928678794
-1541273007
-1541273007
-2079977763
-2079977763
1510345381
1510345381
-1802664856
-1802664856
1178159059
1178159059
-985661474
-985661474
2146464618
2146464618
-964138254
-964138254
-1999036084
-1999036084
-782772784
-782772784
1348373979
1348373979
185532775
185532775
1369921498
1369921498
335023668
335023668
372828206
372828206
1951380761
1951380761
755183269
755183269
-703329930
-703329930
716303026
716303026
762237934
762237934
1554944898
1554944898
-691351504
-691351504
-1463584072
-1463584072
665060498
665060498
249472088
249472088
-839134957
-839134957
-2048501110
-2048501110
325230546
325230546
474265996
474265996
-1549533697
-1549533697
29018858
29018858
-1167178634
-1167178634
1669184894
1669184894
-1206083176
-1206083176
1042707995
1042707995
-1673773016
-1673773016
1424996788
1424996788
-33606980
-33606980
1386092246
1386092246
-704891638
-704891638
873660917
873660917
-322536575
-322536575
-1781140343
-1781140343
-361416818
-361416818
-245359573
-245359573
547256822
547256822
-1698973310
-1698973310
1823761418
1823761418
-342470739
-342470739
-828247756
-828247756
-1916854801
-1916854801
1168812612
1168812612
-752489298
-752489298
-603453848
-603453848
1737811793
1737811793
-978602948
-978602948
2120166856
2120166856
661587387
661587387
2081286613
2081286613
-35102418
-35102418
1543474436
1543474436
347276944
347276944
-1111326824
-1111326824
308372402
308372402
-1712513444
-1712513444
-133870320
-133870320
-1330134082
-1330134082
1506229446
1506229446
-1369038624
-1369038624
-1323079417
-1323079417
-530463022
-530463022
1518274142
1518274142
746041574
746041574
-1420281152
-1420281152
-1835845263
-1835845263
1370514988
1370514988
161124536
161124536
-1760111104
-1760111104
-1611075654
-1611075654
660091949
660091949
-2056322792
-2056322792
1042447012
1042447012
-416066187
-416066187
1003566769
1003566769
-1042699925
-1042699925
535852630
535852630
-660344862
-660344862
-2118948630
-2118948630
-699225105
-699225105
332983706
332983706
1911536261
1911536261
715338769
715338769
-743264999
-743264999
676458526
676458526
792515771
792515771
1585132166
1585132166
-661097966
-661097966
-1433330534
-1433330534
695404605
695404605
209627588
209627588
-878979457
-878979457
-2088279340
-2088279340
285386046
285386046
434421496
434421496
-1519280159
-1519280159
59272396
59272396
-1136925096
-1136925096
1699462731
1699462731
-1175805339
-1175805339
1002772926
1002772926
-1713617516
-1713617516
1385152288
1385152288
-73451480
-73451480
1346247746
1346247746
-674638100
-674638100
904005024
904005024
-292258738
-292258738
-1750862506
-1750862506
-331163280
-331163280
-285204073
-285204073
507412322
507412322
-1738817810
-1738817810
1783916918
1783916918
-382405808
-382405808
-797969919
-797969919
-1886576964
-1886576964
1198999880
1198999880
-722235760
-722235760
-573200310
-573200310
1697967293
1697967293
-1018447448
-1018447448
2080322356
2080322356
621809157
621809157
2041442113
2041442113
-4824581
-4824581
1573727974
1573727974
377530482
377530482
-1081073286
-1081073286
338650239
338650239
-1752357944
-1752357944
-173805389
-173805389
-1369978582
-1369978582
1466384946
1466384946
-1408883124
-1408883124
-1292825879
-1292825879
-500209484
-500209484
1548618249
1548618249
776319411
776319411
-1390003315
-1390003315
-1875623493
-1875623493
1330670488
1330670488
121280036
121280036
-1799955604
-1799955604
-1650920154
-1650920154
690345487
690345487
-2026044955
-2026044955
1072724849
1072724849
-385878919
-385878919
1033820307
1033820307
-1082544425
-1082544425
496008130
496008130
-700189362
-700189362
2136174166
2136174166
-739003335
-739003335
1535011845
1535011845
-1181402896
-1181402896
1917366908
1917366908
458763140
458763140
1878462366
1878462366
1924421573
1924421573
-1577929328
-1577929328
470807836
470807836
-301400433
-301400433
1827244137
1827244137
1411655727
1411655727
323048682
323048682
-886341770
-886341770
1487480455
1487480455
1636449635
1636449635
-387374357
-387374357
1191268767
1191268767
-4994995
-4994995
-1463598763
-1463598763
-43899537
-43899537
-2090166231
-2090166231
-511613676
-511613676
-1707786869
-1707786869
1128576659
1128576659
-1746691411
-1746691411
534162016
534162016
-1629658517
-1629658517
1502491874
1502491874
-1608110998
-1608110998
1651958468
1651958468
1474515521
1474515521
-1241899220
-1241899220
1856961153
1856961153
398291115
398291115
1817990341
1817990341
1271446451
1271446451
658785968
658785968
120081212
120081212
-584562940
-584562940
397303550
397303550
-916773561
-916773561
1214397501
1214397501
51556297
51556297
1235920721
1235920721
201022891
201022891
1417286191
1417286191
-746534342
-746534342
-1909375546
-1909375546
-725011122
-725011122
-1759818383
-1759818383
-1722080115
-1722080115
-143527560
-143527560
-1339725052
-1339725052
1496638476
1496638476
-1378629594
-1378629594
-1332670387
-1332670387
-540053992
-540053992
1508683172
1508683172
736474903
736474903
-1429847823
-1429847823
-1845436233
-1845436233
1360924018
1360924018
151533566
151533566
-1769611505
-1769611505
-1620642325
-1620642325
650500979
650500979
-2065823193
-2065823193
1032880341
1032880341
-425723427
-425723427
993975799
993975799
-1052290895
-1052290895
526261660
526261660
-669911533
-669911533
-2128515301
-2128515301
-708816075
-708816075
1495167337
1495167337
-1221247404
-1221247404
1877522400
1877522400
418918632
418918632
1838617858
1838617858
1954765672
1954765672
-1547651499
-1547651499
501085665
501085665
-271146903
-271146903
1857497667
1857497667
1371811219
1371811219
283204174
283204174
-926186278
-926186278
1447545378
1447545378
1596605127
1596605127
-357096528
-357096528
1221456027
1221456027
25258535
25258535
-1433345233
-1433345233
-13555438
-13555438
-2130010739
-2130010739
-551458184
-551458184
-1747565107
-1747565107
1088732151
1088732151
-1786535919
-1786535919
487545531
487545531
2066098086
2066098086
869900594
869900594
-588678875
-588678875
831020351
831020351
876955259
876955259
1669595953
1669595953
-576634179
-576634179
-1348866747
-1348866747
779777823
779777823
364189413
364189413
-724327063
-724327063
-1933783785
-1933783785
439947871
439947871
588983321
588983321
-1434816372
-1434816372
143736183
143736183
-1052461309
-1052461309
1783902219
1783902219
-1091365851
-1091365851
1157359050
1157359050
-1559055691
-1559055691
1539714113
1539714113
81110345
81110345
1500809571
1500809571
-1761924615
-1761924615
-183372060
-183372060
-1379569552
-1379569552
1456793976
1456793976
-1418474094
-1418474094
-1302326280
-1302326280
-509776155
-509776155
1538961009
1538961009
766728441
766728441
-1399594285
-1399594285
-1885280733
-1885280733
1321079518
1321079518
111689066
111689066
-1809546574
-1809546574
-1660486825
-1660486825
680778816
680778816
-2035635925
-2035635925
1063133879
1063133879
-395469889
-395469889
1024319906
1024319906
-1092135395
-1092135395
486417160
486417160
-709689763
-709689763
2126607495
2126607495
-748660575
-748660575
1525420875
1525420875
-1190993866
-1190993866
1907775938
1907775938
449196469
449196469
1868895695
1868895695
1914830603
1914830603
-1587495999
-1587495999
461241165
461241165
-310991403
-310991403
1817653167
1817653167
1402064757
1402064757
313548281
313548281
-895908441
-895908441
1477823215
1477823215
1626858665
1626858665
-396941028
-396941028
1181611527
1181611527
-14585965
-14585965
-1473189733
-1473189733
-53490507
-53490507
-2099732902
-2099732902
-521180347
-521180347
-1717377839
-1717377839
1118985689
1118985689
-1756282381
-1756282381
447701031
447701031
2026253586
2026253586
830056094
830056094
-628457105
-628457105
791175851
791175851
907233096
907233096
1699849491
1699849491
-546380641
-546380641
-1318613209
-1318613209
810055660
810055660
324344913
324344913
-764262132
-764262132
-1973628285
-1973628285
400103371
400103371
549138821
549138821
-1404562834
-1404562834
173989721
173989721
-1022117202
-1022117202
1814180056
1814180056
-1061088014
-1061088014
1117580820
1117580820
-1598900191
-1598900191
1499869613
1499869613
41265845
41265845
1460965071
1460965071
-559920775
-559920775
1018656079
1018656079
-177541413
-177541413
-1636145181
-1636145181
-216445955
-216445955
-170486748
-170486748
622129647
622129647
-1624100485
-1624100485
1898634243
1898634243
-267597914
-267597914
-683252594
-683252594
-1771859639
-1771859639
1313717205
1313717205
-607518435
-607518435
-458482985
-458482985
1812684618
1812684618
-903730123
-903730123
-2099927615
-2099927615
736460212
736460212
-2138807858
-2138807858
109892744
109892744
1688445299
1688445299
492247807
492247807
-966265392
-966265392
453367564
453367564
Equal pairs found      : 3000
Contract violations    : 0
Result                 : ✓ PASS - Contract upheld!

╔════════════════════════════════════════════╗
║        COLLISION ANALYSIS                  ║
╚════════════════════════════════════════════╝
Total books            : 20000
Unique hash codes      : 17000
Total collisions       : 3000
Collision rate         : 15.00%
Max bucket size        : 2
Load factor (ideal=1)  : 1.18

Bucket size distribution:
  Size  1: 14000 buckets
  Size  2:  3000 buckets (3000 collisions)

╔════════════════════════════════════════════╗
║        DISTRIBUTION UNIFORMITY             ║
╚════════════════════════════════════════════╝
Expected per bucket    : 200.0
Actual range           : 164 - 231
Standard deviation     : 13.87
Coefficient of var.    : 6.93% (lower is better)

Distribution graph (each bucket = 100 slots):
  0 │======================================================       (209)
  1 │=================================================            (192)
  2 │==================================================           (194)
  3 │===================================================          (200)
  4 │======================================================       (209)
  5 │=============================================                (177)
  6 │=================================================            (192)
  7 │====================================================         (204)
  8 │================================================             (187)
  9 │======================================================       (211)
 10 │==================================================           (196)
 11 │=================================================            (192)
 12 │======================================================       (210)
 13 │======================================================       (208)
 14 │===============================================              (184)
 15 │=========================================================    (222)
 16 │===================================================          (198)
 17 │=================================================            (192)
 18 │==========================================================   (225)
 19 │======================================================       (208)
 20 │=======================================================      (212)
 21 │========================================================     (216)
 22 │=====================================================        (205)
 23 │******************************************                   (164)
 24 │================================================             (188)
 25 │=======================================================      (213)
 26 │=================================================            (190)
 27 │==========================================================   (224)
 28 │====================================================         (204)
 29 │===================================================          (197)
 30 │=======================================================      (215)
 31 │=================================================            (192)
 32 │================================================             (187)
 33 │=================================================            (190)
 34 │=================================================            (189)
 35 │===================================================          (199)
 36 │=========================================================    (220)
 37 │==================================================           (193)
 38 │===================================================          (199)
 39 │===========================================================  (229)
 40 │==============================================               (179)
 41 │==================================================           (193)
 42 │=====================================================        (206)
 43 │================================================             (185)
 44 │================================================             (185)
 45 │=======================================================      (215)
 46 │====================================================         (203)
 47 │================================================             (186)
 48 │==========================================================   (226)
 49 │====================================================         (203)
 50 │================================================             (187)
 51 │==================================================           (196)
 52 │=================================================            (189)
 53 │==============================================               (180)
 54 │====================================================         (201)
 55 │====================================================         (202)
 56 │======================================================       (210)
 57 │==========================================================   (225)
 58 │===================================================          (199)
 59 │========================================================     (219)
 60 │===============================================              (182)
 61 │===============================================              (184)
 62 │==================================================           (195)
 63 │==============================================               (180)
 64 │=============================================                (175)
 65 │====================================================         (204)
 66 │========================================================     (217)
 67 │===========================================================  (230)
 68 │************************************************************ (231)
 69 │========================================================     (216)
 70 │===============================================              (181)
 71 │====================================================         (201)
 72 │================================================             (187)
 73 │==================================================           (196)
 74 │=======================================================      (215)
 75 │========================================================     (216)
 76 │====================================================         (204)
 77 │===================================================          (199)
 78 │=====================================================        (205)
 79 │====================================================         (201)
 80 │====================================================         (204)
 81 │======================================================       (211)
 82 │==================================================           (193)
 83 │==================================================           (195)
 84 │===================================================          (199)
 85 │=================================================            (192)
 86 │=================================================            (191)
 87 │===================================================          (199)
 88 │===================================================          (199)
 89 │=======================================================      (212)
 90 │=====================================================        (205)
 91 │====================================================         (202)
 92 │=================================================            (189)
 93 │=================================================            (189)
 94 │===============================================              (182)
 95 │======================================================       (210)
 96 │=================================================            (189)
 97 │=================================================            (189)
 98 │==========================================================   (227)
 99 │==============================================               (179)

╔════════════════════════════════════════════╗
║        CHI-SQUARED UNIFORMITY TEST         ║
╚════════════════════════════════════════════╝
Chi-squared statistic  : 96.15
Degrees of freedom     : 99
Expected (if uniform)  : ~99.0
Result                 : GOOD - Distribution is uniform

╔════════════════════════════════════════════╗
║        WORST COLLISION EXAMPLES            ║
╚════════════════════════════════════════════╝

Collision #1: Hash -368711164 (2 books)
  Book 1: The Book of 12 Chapters by Robert Williams 4 (ISBN: 0000005126)
  Book 2: The Book of 12 Chapters by Robert Williams 4 (ISBN: 0000005126)

Collision #2: Hash -576594525 (2 books)
  Book 1: The Book of 50 Chapters by John Smith 2 (ISBN: 0000020508)
  Book 2: The Book of 50 Chapters by John Smith 2 (ISBN: 0000020508)

Collision #3: Hash 1733715806 (2 books)
  Book 1: The Book of 446 Chapters by Jane Jones 5 (ISBN: 0000019461)
  Book 2: The Book of 446 Chapters by Jane Jones 5 (ISBN: 0000019461)
]]></system-out>
  </testcase>
</testsuite>